------------------------------------------------------------------------------------------------------------------------

[2013-03-08 00:34:15 #1 store] 
Database 'D:\Dropbox\Thesis\GitHub\Web-Services-Indexing-In-P2P\database\objectdb\web_services_clusterer.odb' is opened by 852@Billakos-PC

[2013-03-08 00:34:16 #2 type] 
Type FunctionWord is not enhanced.

[2013-03-08 00:34:16 #3 type] 
Type GeneralComputingWord is not enhanced.

[2013-03-08 00:34:16 #4 type] 
Type WordHits is not enhanced.

[2013-03-08 00:34:16 #5 type] 
Type QualityFactor is not enhanced.

[2013-03-08 00:34:16 #6 type] 
Type WebServicesCluster is not enhanced.

[2013-03-08 00:34:16 #7 type] 
Type WSDLDocument is not enhanced.

[2013-03-08 00:34:16 #8 type] 
Type DecompressedMatrix is not enhanced.

[2013-03-08 00:34:16 #9 type] 
Type DocumentWordVector is not enhanced.

[2013-03-08 00:34:16 #10 type] 
Type WSDLCategory is not enhanced.

[2013-03-08 00:34:16 #11 type] 
Type WebServicesClusters is not enhanced.

------------------------------------------------------------------------------------------------------------------------

[2013-03-08 00:34:49 #1 store] 
Database 'D:\Dropbox\Thesis\GitHub\Web-Services-Indexing-In-P2P\database\objectdb\web_services_clusterer.odb' is opened by 3432@Billakos-PC

[2013-03-08 00:34:49 #2 type] 
Type FunctionWord is not enhanced.

[2013-03-08 00:34:49 #3 type] 
Type GeneralComputingWord is not enhanced.

[2013-03-08 00:34:49 #4 type] 
Type WordHits is not enhanced.

[2013-03-08 00:34:49 #5 type] 
Type QualityFactor is not enhanced.

[2013-03-08 00:34:49 #6 type] 
Type WebServicesCluster is not enhanced.

[2013-03-08 00:34:49 #7 type] 
Type WSDLDocument is not enhanced.

[2013-03-08 00:34:49 #8 type] 
Type DecompressedMatrix is not enhanced.

[2013-03-08 00:34:49 #9 type] 
Type DocumentWordVector is not enhanced.

[2013-03-08 00:34:49 #10 type] 
Type WSDLCategory is not enhanced.

[2013-03-08 00:34:49 #11 type] 
Type WebServicesClusters is not enhanced.

------------------------------------------------------------------------------------------------------------------------

[2013-03-08 00:35:28 #1 store] 
Database 'D:\Dropbox\Thesis\GitHub\Web-Services-Indexing-In-P2P\database\objectdb\web_services_clusterer.odb' has been recovered (tr. 99641-99702)

[2013-03-08 00:35:28 #2 store] 
Database 'D:\Dropbox\Thesis\GitHub\Web-Services-Indexing-In-P2P\database\objectdb\web_services_clusterer.odb' is opened by 4592@Billakos-PC

[2013-03-08 00:35:28 #3 type] 
Type FunctionWord is not enhanced.

[2013-03-08 00:35:28 #4 type] 
Type GeneralComputingWord is not enhanced.

[2013-03-08 00:35:28 #5 type] 
Type WordHits is not enhanced.

[2013-03-08 00:35:28 #6 type] 
Type QualityFactor is not enhanced.

[2013-03-08 00:35:28 #7 type] 
Type WebServicesCluster is not enhanced.

[2013-03-08 00:35:28 #8 type] 
Type WSDLDocument is not enhanced.

[2013-03-08 00:35:28 #9 type] 
Type DecompressedMatrix is not enhanced.

[2013-03-08 00:35:28 #10 type] 
Type DocumentWordVector is not enhanced.

[2013-03-08 00:35:28 #11 type] 
Type WSDLCategory is not enhanced.

[2013-03-08 00:35:28 #12 type] 
Type WebServicesClusters is not enhanced.

------------------------------------------------------------------------------------------------------------------------

[2013-03-08 00:37:28 #1 store] 
Database 'D:\Dropbox\Thesis\GitHub\Web-Services-Indexing-In-P2P\database\objectdb\web_services_clusterer.odb' is opened by 5220@Billakos-PC

[2013-03-08 00:37:28 #2 type] 
Type FunctionWord is not enhanced.

[2013-03-08 00:37:28 #3 type] 
Type GeneralComputingWord is not enhanced.

[2013-03-08 00:37:28 #4 type] 
Type WordHits is not enhanced.

[2013-03-08 00:37:28 #5 type] 
Type QualityFactor is not enhanced.

[2013-03-08 00:37:28 #6 type] 
Type WebServicesCluster is not enhanced.

[2013-03-08 00:37:28 #7 type] 
Type WSDLDocument is not enhanced.

[2013-03-08 00:37:28 #8 type] 
Type DecompressedMatrix is not enhanced.

[2013-03-08 00:37:28 #9 type] 
Type DocumentWordVector is not enhanced.

[2013-03-08 00:37:28 #10 type] 
Type WSDLCategory is not enhanced.

[2013-03-08 00:37:28 #11 type] 
Type WebServicesClusters is not enhanced.

------------------------------------------------------------------------------------------------------------------------

[2013-03-08 00:43:54 #1 store] 
Database 'D:\Dropbox\Thesis\GitHub\Web-Services-Indexing-In-P2P\database\objectdb\web_services_clusterer.odb' is opened by 2536@Billakos-PC

[2013-03-08 00:43:54 #2 type] 
Type FunctionWord is not enhanced.

[2013-03-08 00:43:54 #3 type] 
Type GeneralComputingWord is not enhanced.

[2013-03-08 00:43:54 #4 type] 
Type WordHits is not enhanced.

[2013-03-08 00:43:54 #5 type] 
Type QualityFactor is not enhanced.

[2013-03-08 00:43:54 #6 type] 
Type WebServicesCluster is not enhanced.

[2013-03-08 00:43:54 #7 type] 
Type WSDLDocument is not enhanced.

[2013-03-08 00:43:54 #8 type] 
Type DecompressedMatrix is not enhanced.

[2013-03-08 00:43:54 #9 type] 
Type DocumentWordVector is not enhanced.

[2013-03-08 00:43:54 #10 type] 
Type WSDLCategory is not enhanced.

[2013-03-08 00:43:54 #11 type] 
Type WebServicesClusters is not enhanced.

------------------------------------------------------------------------------------------------------------------------

[2013-03-08 00:48:17 #1 store] 
Database 'D:\Dropbox\Thesis\GitHub\Web-Services-Indexing-In-P2P\database\objectdb\web_services_clusterer.odb' is opened by 5936@Billakos-PC

[2013-03-08 00:48:17 #2 type] 
Type FunctionWord is not enhanced.

[2013-03-08 00:48:17 #3 type] 
Type GeneralComputingWord is not enhanced.

[2013-03-08 00:48:17 #4 type] 
Type WordHits is not enhanced.

[2013-03-08 00:48:17 #5 type] 
Type QualityFactor is not enhanced.

[2013-03-08 00:48:17 #6 type] 
Type WebServicesCluster is not enhanced.

[2013-03-08 00:48:17 #7 type] 
Type WSDLDocument is not enhanced.

[2013-03-08 00:48:17 #8 type] 
Type DecompressedMatrix is not enhanced.

[2013-03-08 00:48:17 #9 type] 
Type DocumentWordVector is not enhanced.

[2013-03-08 00:48:17 #10 type] 
Type WSDLCategory is not enhanced.

[2013-03-08 00:48:17 #11 type] 
Type WebServicesClusters is not enhanced.

------------------------------------------------------------------------------------------------------------------------

[2013-03-08 00:49:45 #1 store] 
Database 'D:\Dropbox\Thesis\GitHub\Web-Services-Indexing-In-P2P\database\objectdb\web_services_clusterer.odb' has been recovered (tr. 99703-99768)

[2013-03-08 00:49:45 #2 store] 
Database 'D:\Dropbox\Thesis\GitHub\Web-Services-Indexing-In-P2P\database\objectdb\web_services_clusterer.odb' is opened by 4460@Billakos-PC

[2013-03-08 00:49:45 #3 type] 
Type FunctionWord is not enhanced.

[2013-03-08 00:49:45 #4 type] 
Type GeneralComputingWord is not enhanced.

[2013-03-08 00:49:45 #5 type] 
Type WordHits is not enhanced.

[2013-03-08 00:49:45 #6 type] 
Type QualityFactor is not enhanced.

[2013-03-08 00:49:45 #7 type] 
Type WebServicesCluster is not enhanced.

[2013-03-08 00:49:45 #8 type] 
Type WSDLDocument is not enhanced.

[2013-03-08 00:49:45 #9 type] 
Type DecompressedMatrix is not enhanced.

[2013-03-08 00:49:45 #10 type] 
Type DocumentWordVector is not enhanced.

[2013-03-08 00:49:45 #11 type] 
Type WSDLCategory is not enhanced.

[2013-03-08 00:49:45 #12 type] 
Type WebServicesClusters is not enhanced.

------------------------------------------------------------------------------------------------------------------------

[2013-03-08 00:50:46 #1 store] 
Database 'D:\Dropbox\Thesis\GitHub\Web-Services-Indexing-In-P2P\database\objectdb\web_services_clusterer.odb' has been recovered (tr. 99769-99832)

[2013-03-08 00:50:46 #2 store] 
Database 'D:\Dropbox\Thesis\GitHub\Web-Services-Indexing-In-P2P\database\objectdb\web_services_clusterer.odb' is opened by 5268@Billakos-PC

[2013-03-08 00:50:46 #3 type] 
Type FunctionWord is not enhanced.

[2013-03-08 00:50:46 #4 type] 
Type GeneralComputingWord is not enhanced.

[2013-03-08 00:50:46 #5 type] 
Type WordHits is not enhanced.

[2013-03-08 00:50:46 #6 type] 
Type QualityFactor is not enhanced.

[2013-03-08 00:50:46 #7 type] 
Type WebServicesCluster is not enhanced.

[2013-03-08 00:50:46 #8 type] 
Type WSDLDocument is not enhanced.

[2013-03-08 00:50:46 #9 type] 
Type DecompressedMatrix is not enhanced.

[2013-03-08 00:50:46 #10 type] 
Type DocumentWordVector is not enhanced.

[2013-03-08 00:50:46 #11 type] 
Type WSDLCategory is not enhanced.

[2013-03-08 00:50:46 #12 type] 
Type WebServicesClusters is not enhanced.

------------------------------------------------------------------------------------------------------------------------

[2013-03-08 00:50:53 #1 store] 
Database 'D:\Dropbox\Thesis\GitHub\Web-Services-Indexing-In-P2P\database\objectdb\web_services_clusterer.odb' is opened by 1392@Billakos-PC

[2013-03-08 00:50:53 #2 type] 
Type FunctionWord is not enhanced.

[2013-03-08 00:50:53 #3 type] 
Type GeneralComputingWord is not enhanced.

[2013-03-08 00:50:53 #4 type] 
Type WordHits is not enhanced.

[2013-03-08 00:50:53 #5 type] 
Type QualityFactor is not enhanced.

[2013-03-08 00:50:53 #6 type] 
Type WebServicesCluster is not enhanced.

[2013-03-08 00:50:53 #7 type] 
Type WSDLDocument is not enhanced.

[2013-03-08 00:50:53 #8 type] 
Type DecompressedMatrix is not enhanced.

[2013-03-08 00:50:53 #9 type] 
Type DocumentWordVector is not enhanced.

[2013-03-08 00:50:53 #10 type] 
Type WSDLCategory is not enhanced.

[2013-03-08 00:50:53 #11 type] 
Type WebServicesClusters is not enhanced.

------------------------------------------------------------------------------------------------------------------------

[2013-03-08 00:51:08 #1 store] 
Database 'D:\Dropbox\Thesis\GitHub\Web-Services-Indexing-In-P2P\database\objectdb\web_services_clusterer.odb' has been recovered (tr. 99833-99893)

[2013-03-08 00:51:08 #2 store] 
Database 'D:\Dropbox\Thesis\GitHub\Web-Services-Indexing-In-P2P\database\objectdb\web_services_clusterer.odb' is opened by 5828@Billakos-PC

[2013-03-08 00:51:09 #3 type] 
Type FunctionWord is not enhanced.

[2013-03-08 00:51:09 #4 type] 
Type GeneralComputingWord is not enhanced.

[2013-03-08 00:51:09 #5 type] 
Type WordHits is not enhanced.

[2013-03-08 00:51:09 #6 type] 
Type QualityFactor is not enhanced.

[2013-03-08 00:51:09 #7 type] 
Type WebServicesCluster is not enhanced.

[2013-03-08 00:51:09 #8 type] 
Type WSDLDocument is not enhanced.

[2013-03-08 00:51:09 #9 type] 
Type DecompressedMatrix is not enhanced.

[2013-03-08 00:51:09 #10 type] 
Type DocumentWordVector is not enhanced.

[2013-03-08 00:51:09 #11 type] 
Type WSDLCategory is not enhanced.

[2013-03-08 00:51:09 #12 type] 
Type WebServicesClusters is not enhanced.

------------------------------------------------------------------------------------------------------------------------

[2013-03-08 00:53:40 #1 store] 
Database 'D:\Dropbox\Thesis\GitHub\Web-Services-Indexing-In-P2P\database\objectdb\web_services_clusterer.odb' is opened by 6664@Billakos-PC

[2013-03-08 00:53:40 #2 type] 
Type FunctionWord is not enhanced.

[2013-03-08 00:53:40 #3 type] 
Type GeneralComputingWord is not enhanced.

[2013-03-08 00:53:40 #4 type] 
Type WordHits is not enhanced.

[2013-03-08 00:53:40 #5 type] 
Type QualityFactor is not enhanced.

[2013-03-08 00:53:40 #6 type] 
Type WebServicesCluster is not enhanced.

[2013-03-08 00:53:40 #7 type] 
Type WSDLDocument is not enhanced.

[2013-03-08 00:53:40 #8 type] 
Type DecompressedMatrix is not enhanced.

[2013-03-08 00:53:40 #9 type] 
Type DocumentWordVector is not enhanced.

[2013-03-08 00:53:40 #10 type] 
Type WSDLCategory is not enhanced.

[2013-03-08 00:53:40 #11 type] 
Type WebServicesClusters is not enhanced.

------------------------------------------------------------------------------------------------------------------------

[2013-03-08 00:54:22 #1 store] 
Database 'D:\Dropbox\Thesis\GitHub\Web-Services-Indexing-In-P2P\database\objectdb\web_services_clusterer.odb' is opened by 7096@Billakos-PC

[2013-03-08 00:54:22 #2 type] 
Type FunctionWord is not enhanced.

[2013-03-08 00:54:22 #3 type] 
Type GeneralComputingWord is not enhanced.

[2013-03-08 00:54:22 #4 type] 
Type WordHits is not enhanced.

[2013-03-08 00:54:22 #5 type] 
Type QualityFactor is not enhanced.

[2013-03-08 00:54:22 #6 type] 
Type WebServicesCluster is not enhanced.

[2013-03-08 00:54:22 #7 type] 
Type WSDLDocument is not enhanced.

[2013-03-08 00:54:22 #8 type] 
Type DecompressedMatrix is not enhanced.

[2013-03-08 00:54:22 #9 type] 
Type DocumentWordVector is not enhanced.

[2013-03-08 00:54:22 #10 type] 
Type WSDLCategory is not enhanced.

[2013-03-08 00:54:22 #11 type] 
Type WebServicesClusters is not enhanced.

------------------------------------------------------------------------------------------------------------------------

[2013-03-08 00:58:32 #1 store] 
Database 'D:\Dropbox\Thesis\GitHub\Web-Services-Indexing-In-P2P\database\objectdb\web_services_clusterer.odb' is opened by 7104@Billakos-PC

[2013-03-08 00:58:32 #2 type] 
Type FunctionWord is not enhanced.

[2013-03-08 00:58:32 #3 type] 
Type GeneralComputingWord is not enhanced.

[2013-03-08 00:58:32 #4 type] 
Type WordHits is not enhanced.

[2013-03-08 00:58:32 #5 type] 
Type QualityFactor is not enhanced.

[2013-03-08 00:58:32 #6 type] 
Type WebServicesCluster is not enhanced.

[2013-03-08 00:58:32 #7 type] 
Type WSDLDocument is not enhanced.

[2013-03-08 00:58:32 #8 type] 
Type DecompressedMatrix is not enhanced.

[2013-03-08 00:58:32 #9 type] 
Type DocumentWordVector is not enhanced.

[2013-03-08 00:58:32 #10 type] 
Type WSDLCategory is not enhanced.

[2013-03-08 00:58:32 #11 type] 
Type WebServicesClusters is not enhanced.

------------------------------------------------------------------------------------------------------------------------

[2013-03-08 00:59:13 #1 store] 
Database 'D:\Dropbox\Thesis\GitHub\Web-Services-Indexing-In-P2P\database\objectdb\web_services_clusterer.odb' is opened by 7040@Billakos-PC

[2013-03-08 00:59:13 #2 type] 
Type FunctionWord is not enhanced.

[2013-03-08 00:59:13 #3 type] 
Type GeneralComputingWord is not enhanced.

[2013-03-08 00:59:13 #4 type] 
Type WordHits is not enhanced.

[2013-03-08 00:59:13 #5 type] 
Type QualityFactor is not enhanced.

[2013-03-08 00:59:13 #6 type] 
Type WebServicesCluster is not enhanced.

[2013-03-08 00:59:13 #7 type] 
Type WSDLDocument is not enhanced.

[2013-03-08 00:59:13 #8 type] 
Type DecompressedMatrix is not enhanced.

[2013-03-08 00:59:13 #9 type] 
Type DocumentWordVector is not enhanced.

[2013-03-08 00:59:13 #10 type] 
Type WSDLCategory is not enhanced.

[2013-03-08 00:59:13 #11 type] 
Type WebServicesClusters is not enhanced.

------------------------------------------------------------------------------------------------------------------------

[2013-03-08 00:59:40 #1 explorer] 
[ObjectDB 2.4.6_01] javax.persistence.PersistenceException
Attempt to open a database file 'D:\Dropbox\Thesis\GitHub\Web-Services-Indexing-In-P2P\database\objectdb\web_services_clusterer.odb' that is currently in use by another process (error 141)
	at com.objectdb.Explorer$1.run(Explorer.java:56)
	at java.awt.event.InvocationEvent.dispatch(Unknown Source)
	at java.awt.EventQueue.dispatchEventImpl(Unknown Source)
	at java.awt.EventQueue.access$200(Unknown Source)
	at java.awt.EventQueue$3.run(Unknown Source)
	at java.awt.EventQueue$3.run(Unknown Source)
	at java.security.AccessController.doPrivileged(Native Method)
	at java.security.ProtectionDomain$1.doIntersectionPrivilege(Unknown Source)
	at java.awt.EventQueue.dispatchEvent(Unknown Source)
	at java.awt.EventDispatchThread.pumpOneEventForFilters(Unknown Source)
	at java.awt.EventDispatchThread.pumpEventsForFilter(Unknown Source)
	at java.awt.EventDispatchThread.pumpEventsForHierarchy(Unknown Source)
	at java.awt.EventDispatchThread.pumpEvents(Unknown Source)
	at java.awt.EventDispatchThread.pumpEvents(Unknown Source)
	at java.awt.EventDispatchThread.run(Unknown Source)
Caused by: com.objectdb.o.UserException: Attempt to open a database file 'D:\Dropbox\Thesis\GitHub\Web-Services-Indexing-In-P2P\database\objectdb\web_services_clusterer.odb' that is currently in use by another process
	at com.objectdb.o.MSG.d(MSG.java:61)
	at com.objectdb.o.LFL.O(LFL.java:913)
	at com.objectdb.o.LFL.I(LFL.java:859)
	at com.objectdb.o.LFL.I(LFL.java:769)
	at com.objectdb.o.SFL.<init>(SFL.java:226)
	at com.objectdb.o.MST.<init>(MST.java:109)
	at com.objectdb.o.MST.aI(MST.java:94)
	at com.objectdb.o.MSF.UK(MSF.java:178)
	at com.objectdb.o.OMF.am(OMF.java:758)
	at com.objectdb.jpa.EMF.am(EMF.java:232)
	at com.objectdb.o.OMF.al(OMF.java:699)
	at com.objectdb.jpa.EMF.createEntityManager(EMF.java:250)
	... 17 more

------------------------------------------------------------------------------------------------------------------------

[2013-03-08 00:59:42 #1 store] 
Database 'D:\Dropbox\Thesis\GitHub\Web-Services-Indexing-In-P2P\database\objectdb\web_services_clusterer.odb' is opened by 6284@Billakos-PC

[2013-03-08 00:59:42 #2 type] 
Type FunctionWord is not enhanced.

[2013-03-08 00:59:42 #3 type] 
Type GeneralComputingWord is not enhanced.

[2013-03-08 00:59:42 #4 type] 
Type WordHits is not enhanced.

[2013-03-08 00:59:42 #5 type] 
Type QualityFactor is not enhanced.

[2013-03-08 00:59:42 #6 type] 
Type WebServicesCluster is not enhanced.

[2013-03-08 00:59:42 #7 type] 
Type WSDLDocument is not enhanced.

[2013-03-08 00:59:42 #8 type] 
Type DecompressedMatrix is not enhanced.

[2013-03-08 00:59:42 #9 type] 
Type DocumentWordVector is not enhanced.

[2013-03-08 00:59:42 #10 type] 
Type WSDLCategory is not enhanced.

[2013-03-08 00:59:42 #11 type] 
Type WebServicesClusters is not enhanced.

[2013-03-08 00:59:46 #2 store] 
Database 'D:\Dropbox\Thesis\GitHub\Web-Services-Indexing-In-P2P\database\objectdb\web_services_clusterer.odb' is opened by 6344@Billakos-PC

------------------------------------------------------------------------------------------------------------------------

[2013-03-08 01:00:34 #1 store] 
Database 'D:\Dropbox\Thesis\GitHub\Web-Services-Indexing-In-P2P\database\objectdb\web_services_clusterer.odb' is opened by 6744@Billakos-PC

[2013-03-08 01:00:35 #2 type] 
Type FunctionWord is not enhanced.

[2013-03-08 01:00:35 #3 type] 
Type GeneralComputingWord is not enhanced.

[2013-03-08 01:00:35 #4 type] 
Type WordHits is not enhanced.

[2013-03-08 01:00:35 #5 type] 
Type QualityFactor is not enhanced.

[2013-03-08 01:00:35 #6 type] 
Type WebServicesCluster is not enhanced.

[2013-03-08 01:00:35 #7 type] 
Type WSDLDocument is not enhanced.

[2013-03-08 01:00:35 #8 type] 
Type DecompressedMatrix is not enhanced.

[2013-03-08 01:00:35 #9 type] 
Type DocumentWordVector is not enhanced.

[2013-03-08 01:00:35 #10 type] 
Type WSDLCategory is not enhanced.

[2013-03-08 01:00:35 #11 type] 
Type WebServicesClusters is not enhanced.

------------------------------------------------------------------------------------------------------------------------

[2013-03-08 01:01:51 #1 store] 
Database 'D:\Dropbox\Thesis\GitHub\Web-Services-Indexing-In-P2P\database\objectdb\web_services_clusterer.odb' is opened by 6864@Billakos-PC

[2013-03-08 01:01:51 #2 type] 
Type FunctionWord is not enhanced.

[2013-03-08 01:01:51 #3 type] 
Type GeneralComputingWord is not enhanced.

[2013-03-08 01:01:51 #4 type] 
Type WordHits is not enhanced.

[2013-03-08 01:01:51 #5 type] 
Type QualityFactor is not enhanced.

[2013-03-08 01:01:51 #6 type] 
Type WebServicesCluster is not enhanced.

[2013-03-08 01:01:51 #7 type] 
Type WSDLDocument is not enhanced.

[2013-03-08 01:01:51 #8 type] 
Type DecompressedMatrix is not enhanced.

[2013-03-08 01:01:51 #9 type] 
Type DocumentWordVector is not enhanced.

[2013-03-08 01:01:51 #10 type] 
Type WSDLCategory is not enhanced.

[2013-03-08 01:01:51 #11 type] 
Type WebServicesClusters is not enhanced.

------------------------------------------------------------------------------------------------------------------------

[2013-03-08 01:03:20 #1 store] 
Database 'D:\Dropbox\Thesis\GitHub\Web-Services-Indexing-In-P2P\database\objectdb\web_services_clusterer.odb' is opened by 4488@Billakos-PC

[2013-03-08 01:04:24 #2 store] 
Database 'D:\Dropbox\Thesis\GitHub\Web-Services-Indexing-In-P2P\database\objectdb\web_services_clusterer.odb' is closed by 4488@Billakos-PC

------------------------------------------------------------------------------------------------------------------------

[2013-03-08 01:04:31 #1 store] 
Database 'D:\Dropbox\Thesis\GitHub\Web-Services-Indexing-In-P2P\database\objectdb\web_services_clusterer.odb' is opened by 6960@Billakos-PC

[2013-03-08 01:04:31 #2 type] 
Type FunctionWord is not enhanced.

[2013-03-08 01:04:31 #3 type] 
Type GeneralComputingWord is not enhanced.

[2013-03-08 01:04:31 #4 type] 
Type WordHits is not enhanced.

[2013-03-08 01:04:31 #5 type] 
Type QualityFactor is not enhanced.

[2013-03-08 01:04:31 #6 type] 
Type WebServicesCluster is not enhanced.

[2013-03-08 01:04:31 #7 type] 
Type WSDLDocument is not enhanced.

[2013-03-08 01:04:31 #8 type] 
Type DecompressedMatrix is not enhanced.

[2013-03-08 01:04:31 #9 type] 
Type DocumentWordVector is not enhanced.

[2013-03-08 01:04:31 #10 type] 
Type WSDLCategory is not enhanced.

[2013-03-08 01:04:31 #11 type] 
Type WebServicesClusters is not enhanced.

------------------------------------------------------------------------------------------------------------------------

[2013-03-08 01:05:07 #1 store] 
Database 'D:\Dropbox\Thesis\GitHub\Web-Services-Indexing-In-P2P\database\objectdb\web_services_clusterer.odb' is opened by 7116@Billakos-PC

[2013-03-08 01:05:07 #2 type] 
Type FunctionWord is not enhanced.

[2013-03-08 01:05:07 #3 type] 
Type GeneralComputingWord is not enhanced.

[2013-03-08 01:05:07 #4 type] 
Type WordHits is not enhanced.

[2013-03-08 01:05:07 #5 type] 
Type QualityFactor is not enhanced.

[2013-03-08 01:05:07 #6 type] 
Type WebServicesCluster is not enhanced.

[2013-03-08 01:05:07 #7 type] 
Type WSDLDocument is not enhanced.

[2013-03-08 01:05:07 #8 type] 
Type DecompressedMatrix is not enhanced.

[2013-03-08 01:05:07 #9 type] 
Type DocumentWordVector is not enhanced.

[2013-03-08 01:05:07 #10 type] 
Type WSDLCategory is not enhanced.

[2013-03-08 01:05:07 #11 type] 
Type WebServicesClusters is not enhanced.

------------------------------------------------------------------------------------------------------------------------

[2013-03-08 01:07:15 #1 store] 
Database 'D:\Dropbox\Thesis\GitHub\Web-Services-Indexing-In-P2P\database\objectdb\web_services_clusterer.odb' is opened by 6600@Billakos-PC

[2013-03-08 01:07:15 #2 type] 
Type FunctionWord is not enhanced.

[2013-03-08 01:07:15 #3 type] 
Type GeneralComputingWord is not enhanced.

[2013-03-08 01:07:15 #4 type] 
Type WordHits is not enhanced.

[2013-03-08 01:07:15 #5 type] 
Type QualityFactor is not enhanced.

[2013-03-08 01:07:15 #6 type] 
Type WebServicesCluster is not enhanced.

[2013-03-08 01:07:15 #7 type] 
Type WSDLDocument is not enhanced.

[2013-03-08 01:07:15 #8 type] 
Type DecompressedMatrix is not enhanced.

[2013-03-08 01:07:15 #9 type] 
Type DocumentWordVector is not enhanced.

[2013-03-08 01:07:15 #10 type] 
Type WSDLCategory is not enhanced.

[2013-03-08 01:07:15 #11 type] 
Type WebServicesClusters is not enhanced.

------------------------------------------------------------------------------------------------------------------------

[2013-03-08 01:09:19 #1 store] 
Database 'D:\Dropbox\Thesis\GitHub\Web-Services-Indexing-In-P2P\database\objectdb\web_services_clusterer.odb' is opened by 7024@Billakos-PC

[2013-03-08 01:09:19 #2 type] 
Type FunctionWord is not enhanced.

[2013-03-08 01:09:19 #3 type] 
Type GeneralComputingWord is not enhanced.

[2013-03-08 01:09:19 #4 type] 
Type WordHits is not enhanced.

[2013-03-08 01:09:19 #5 type] 
Type QualityFactor is not enhanced.

[2013-03-08 01:09:19 #6 type] 
Type WebServicesCluster is not enhanced.

[2013-03-08 01:09:19 #7 type] 
Type WSDLDocument is not enhanced.

[2013-03-08 01:09:19 #8 type] 
Type DecompressedMatrix is not enhanced.

[2013-03-08 01:09:19 #9 type] 
Type DocumentWordVector is not enhanced.

[2013-03-08 01:09:19 #10 type] 
Type WSDLCategory is not enhanced.

[2013-03-08 01:09:19 #11 type] 
Type WebServicesClusters is not enhanced.

------------------------------------------------------------------------------------------------------------------------

[2013-03-08 01:12:32 #1 store] 
Database 'D:\Dropbox\Thesis\GitHub\Web-Services-Indexing-In-P2P\database\objectdb\web_services_clusterer.odb' is opened by 2316@Billakos-PC

[2013-03-08 01:12:32 #2 type] 
Type FunctionWord is not enhanced.

[2013-03-08 01:12:32 #3 type] 
Type GeneralComputingWord is not enhanced.

[2013-03-08 01:12:32 #4 type] 
Type WordHits is not enhanced.

[2013-03-08 01:12:32 #5 type] 
Type QualityFactor is not enhanced.

[2013-03-08 01:12:32 #6 type] 
Type WebServicesCluster is not enhanced.

[2013-03-08 01:12:32 #7 type] 
Type WSDLDocument is not enhanced.

[2013-03-08 01:12:32 #8 type] 
Type DecompressedMatrix is not enhanced.

[2013-03-08 01:12:32 #9 type] 
Type DocumentWordVector is not enhanced.

[2013-03-08 01:12:32 #10 type] 
Type WSDLCategory is not enhanced.

[2013-03-08 01:12:32 #11 type] 
Type WebServicesClusters is not enhanced.

------------------------------------------------------------------------------------------------------------------------

[2013-03-08 01:32:43 #1 store] 
Database 'D:\Dropbox\Thesis\GitHub\Web-Services-Indexing-In-P2P\database\objectdb\web_services_clusterer.odb' has been recovered (tr. 99894-99894)

[2013-03-08 01:32:43 #2 store] 
Database 'D:\Dropbox\Thesis\GitHub\Web-Services-Indexing-In-P2P\database\objectdb\web_services_clusterer.odb' is opened by 3656@Billakos-PC

[2013-03-08 01:32:43 #3 type] 
Type FunctionWord is not enhanced.

[2013-03-08 01:32:43 #4 type] 
Type GeneralComputingWord is not enhanced.

[2013-03-08 01:32:43 #5 type] 
Type WordHits is not enhanced.

[2013-03-08 01:32:43 #6 type] 
Type QualityFactor is not enhanced.

[2013-03-08 01:32:43 #7 type] 
Type WebServicesCluster is not enhanced.

[2013-03-08 01:32:43 #8 type] 
Type WSDLDocument is not enhanced.

[2013-03-08 01:32:43 #9 type] 
Type DecompressedMatrix is not enhanced.

[2013-03-08 01:32:43 #10 type] 
Type DocumentWordVector is not enhanced.

[2013-03-08 01:32:43 #11 type] 
Type WSDLCategory is not enhanced.

[2013-03-08 01:32:43 #12 type] 
Type WebServicesClusters is not enhanced.

------------------------------------------------------------------------------------------------------------------------

[2013-03-08 01:34:02 #1 store] 
Database 'D:\Dropbox\Thesis\GitHub\Web-Services-Indexing-In-P2P\database\objectdb\web_services_clusterer.odb' has been recovered (tr. 99896-99896)

[2013-03-08 01:34:02 #2 store] 
Database 'D:\Dropbox\Thesis\GitHub\Web-Services-Indexing-In-P2P\database\objectdb\web_services_clusterer.odb' is opened by 6972@Billakos-PC

[2013-03-08 01:34:02 #3 type] 
Type FunctionWord is not enhanced.

[2013-03-08 01:34:02 #4 type] 
Type GeneralComputingWord is not enhanced.

[2013-03-08 01:34:02 #5 type] 
Type WordHits is not enhanced.

[2013-03-08 01:34:02 #6 type] 
Type QualityFactor is not enhanced.

[2013-03-08 01:34:02 #7 type] 
Type WebServicesCluster is not enhanced.

[2013-03-08 01:34:02 #8 type] 
Type WSDLDocument is not enhanced.

[2013-03-08 01:34:02 #9 type] 
Type DecompressedMatrix is not enhanced.

[2013-03-08 01:34:02 #10 type] 
Type DocumentWordVector is not enhanced.

[2013-03-08 01:34:02 #11 type] 
Type WSDLCategory is not enhanced.

[2013-03-08 01:34:02 #12 type] 
Type WebServicesClusters is not enhanced.

------------------------------------------------------------------------------------------------------------------------

[2013-03-08 01:36:18 #1 store] 
Database 'D:\Dropbox\Thesis\GitHub\Web-Services-Indexing-In-P2P\database\objectdb\web_services_clusterer.odb' is opened by 7040@Billakos-PC

[2013-03-08 01:36:18 #2 type] 
Type FunctionWord is not enhanced.

[2013-03-08 01:36:18 #3 type] 
Type GeneralComputingWord is not enhanced.

[2013-03-08 01:36:18 #4 type] 
Type WordHits is not enhanced.

[2013-03-08 01:36:18 #5 type] 
Type QualityFactor is not enhanced.

[2013-03-08 01:36:18 #6 type] 
Type WebServicesCluster is not enhanced.

[2013-03-08 01:36:18 #7 type] 
Type WSDLDocument is not enhanced.

[2013-03-08 01:36:18 #8 type] 
Type DecompressedMatrix is not enhanced.

[2013-03-08 01:36:18 #9 type] 
Type DocumentWordVector is not enhanced.

[2013-03-08 01:36:18 #10 type] 
Type WSDLCategory is not enhanced.

[2013-03-08 01:36:18 #11 type] 
Type WebServicesClusters is not enhanced.

------------------------------------------------------------------------------------------------------------------------

[2013-03-08 01:38:46 #1 store] 
Database 'D:\Dropbox\Thesis\GitHub\Web-Services-Indexing-In-P2P\database\objectdb\web_services_clusterer.odb' is opened by 2448@Billakos-PC

[2013-03-08 01:38:46 #2 type] 
Type FunctionWord is not enhanced.

[2013-03-08 01:38:46 #3 type] 
Type GeneralComputingWord is not enhanced.

[2013-03-08 01:38:46 #4 type] 
Type WordHits is not enhanced.

[2013-03-08 01:38:46 #5 type] 
Type QualityFactor is not enhanced.

[2013-03-08 01:38:46 #6 type] 
Type WebServicesCluster is not enhanced.

[2013-03-08 01:38:46 #7 type] 
Type WSDLDocument is not enhanced.

[2013-03-08 01:38:46 #8 type] 
Type DecompressedMatrix is not enhanced.

[2013-03-08 01:38:46 #9 type] 
Type DocumentWordVector is not enhanced.

[2013-03-08 01:38:46 #10 type] 
Type WSDLCategory is not enhanced.

[2013-03-08 01:38:46 #11 type] 
Type WebServicesClusters is not enhanced.

[2013-03-08 01:53:40 #12 store] 
Database 'D:\Dropbox\Thesis\GitHub\Web-Services-Indexing-In-P2P\database\objectdb\web_services_clusterer.odb' is closed by 2448@Billakos-PC

------------------------------------------------------------------------------------------------------------------------

[2013-03-08 01:55:12 #1 store] 
Database 'D:\Dropbox\Thesis\GitHub\Web-Services-Indexing-In-P2P\database\objectdb\web_services_clusterer.odb' is opened by 3884@Billakos-PC

[2013-03-08 01:55:12 #2 type] 
Type FunctionWord is not enhanced.

[2013-03-08 01:55:12 #3 type] 
Type GeneralComputingWord is not enhanced.

[2013-03-08 01:55:12 #4 type] 
Type WordHits is not enhanced.

[2013-03-08 01:55:12 #5 type] 
Type QualityFactor is not enhanced.

[2013-03-08 01:55:12 #6 type] 
Type WebServicesCluster is not enhanced.

[2013-03-08 01:55:12 #7 type] 
Type WSDLDocument is not enhanced.

[2013-03-08 01:55:12 #8 type] 
Type DecompressedMatrix is not enhanced.

[2013-03-08 01:55:12 #9 type] 
Type DocumentWordVector is not enhanced.

[2013-03-08 01:55:12 #10 type] 
Type WSDLCategory is not enhanced.

[2013-03-08 01:55:12 #11 type] 
Type WebServicesClusters is not enhanced.

[2013-03-08 01:57:25 #12 store] 
Database 'D:\Dropbox\Thesis\GitHub\Web-Services-Indexing-In-P2P\database\objectdb\web_services_clusterer.odb' is closed by 3884@Billakos-PC

------------------------------------------------------------------------------------------------------------------------

[2013-03-08 16:33:14 #1 store] 
Database 'C:\Users\Billly\Dropbox\Thesis\GitHub\Web-Services-Indexing-In-P2P\database\objectdb\web_services_clusterer.odb' is opened by 2188@Lab-PC

[2013-03-08 16:55:31 #2 store] 
Database 'C:\Users\Billly\Dropbox\Thesis\GitHub\Web-Services-Indexing-In-P2P\database\objectdb\web_services_clusterer.odb' is closed by 2188@Lab-PC

------------------------------------------------------------------------------------------------------------------------

[2013-03-08 19:36:09 #1 store] 
Database 'D:\Dropbox\Thesis\GitHub\Web-Services-Indexing-In-P2P\database\objectdb\web_services_clusterer.odb' is opened by 2304@Billakos-PC

[2013-03-08 19:36:12 #2 store] 
Database 'D:\Dropbox\Thesis\GitHub\Web-Services-Indexing-In-P2P\database\objectdb\web_services_clusterer.odb' is closed by 2304@Billakos-PC

[2013-03-08 19:36:15 #3 store] 
Database 'D:\Dropbox\Thesis\GitHub\Web-Services-Indexing-In-P2P\database\objectdb\web_services_clusterer.odb' is opened by 2304@Billakos-PC

[2013-03-08 23:39:21 #4 store] 
Database 'D:\Dropbox\Thesis\GitHub\Web-Services-Indexing-In-P2P\database\objectdb\web_services_clusterer.odb' is closed by 2304@Billakos-PC

------------------------------------------------------------------------------------------------------------------------

[2013-03-08 23:39:49 #1 store] 
Database 'D:\Dropbox\Thesis\GitHub\Web-Services-Indexing-In-P2P\database\objectdb\web_services_clusterer.odb' is opened by 4580@Billakos-PC

[2013-03-08 23:39:49 #2 type] 
Type FunctionWord is not enhanced.

[2013-03-08 23:39:49 #3 type] 
Type GeneralComputingWord is not enhanced.

[2013-03-08 23:39:49 #4 type] 
Type WordHits is not enhanced.

[2013-03-08 23:39:49 #5 type] 
Type QualityFactor is not enhanced.

[2013-03-08 23:39:49 #6 type] 
Type WebServicesCluster is not enhanced.

[2013-03-08 23:39:49 #7 type] 
Type WSDLDocument is not enhanced.

[2013-03-08 23:39:49 #8 type] 
Type DecompressedMatrix is not enhanced.

[2013-03-08 23:39:49 #9 type] 
Type DocumentWordVector is not enhanced.

[2013-03-08 23:39:49 #10 type] 
Type WSDLCategory is not enhanced.

[2013-03-08 23:39:49 #11 type] 
Type WebServicesClusters is not enhanced.

[2013-03-08 23:39:49 #12 store] 
Database 'D:\Dropbox\Thesis\GitHub\Web-Services-Indexing-In-P2P\database\objectdb\web_services_clusterer.odb' is closed by 4580@Billakos-PC

[2013-03-08 23:39:54 #5 store] 
Database 'D:\Dropbox\Thesis\GitHub\Web-Services-Indexing-In-P2P\database\objectdb\web_services_clusterer.odb' is opened by 2304@Billakos-PC

[2013-03-08 23:43:57 #6 store] 
Database 'D:\Dropbox\Thesis\GitHub\Web-Services-Indexing-In-P2P\database\objectdb\web_services_clusterer.odb' is closed by 2304@Billakos-PC

------------------------------------------------------------------------------------------------------------------------

[2013-03-08 23:44:13 #1 store] 
Database 'D:\Dropbox\Thesis\GitHub\Web-Services-Indexing-In-P2P\database\objectdb\web_services_clusterer.odb' is opened by 5332@Billakos-PC

[2013-03-08 23:44:14 #2 type] 
Type FunctionWord is not enhanced.

[2013-03-08 23:44:14 #3 type] 
Type GeneralComputingWord is not enhanced.

[2013-03-08 23:44:14 #4 type] 
Type WordHits is not enhanced.

[2013-03-08 23:44:14 #5 type] 
Type QualityFactor is not enhanced.

[2013-03-08 23:44:14 #6 type] 
Type WebServicesCluster is not enhanced.

[2013-03-08 23:44:14 #7 type] 
Type WSDLDocument is not enhanced.

[2013-03-08 23:44:14 #8 type] 
Type DecompressedMatrix is not enhanced.

[2013-03-08 23:44:14 #9 type] 
Type DocumentWordVector is not enhanced.

[2013-03-08 23:44:14 #10 type] 
Type WSDLCategory is not enhanced.

[2013-03-08 23:44:14 #11 type] 
Type WebServicesClusters is not enhanced.

[2013-03-08 23:44:14 #12 store] 
Database 'D:\Dropbox\Thesis\GitHub\Web-Services-Indexing-In-P2P\database\objectdb\web_services_clusterer.odb' is closed by 5332@Billakos-PC

[2013-03-08 23:44:19 #7 store] 
Database 'D:\Dropbox\Thesis\GitHub\Web-Services-Indexing-In-P2P\database\objectdb\web_services_clusterer.odb' is opened by 2304@Billakos-PC

[2013-03-08 23:48:15 #8 store] 
Database 'D:\Dropbox\Thesis\GitHub\Web-Services-Indexing-In-P2P\database\objectdb\web_services_clusterer.odb' is closed by 2304@Billakos-PC

------------------------------------------------------------------------------------------------------------------------

[2013-03-08 23:48:38 #1 store] 
Database 'D:\Dropbox\Thesis\GitHub\Web-Services-Indexing-In-P2P\database\objectdb\web_services_clusterer.odb' is opened by 5480@Billakos-PC

[2013-03-08 23:48:38 #2 type] 
Type FunctionWord is not enhanced.

[2013-03-08 23:48:38 #3 type] 
Type GeneralComputingWord is not enhanced.

[2013-03-08 23:48:38 #4 type] 
Type WordHits is not enhanced.

[2013-03-08 23:48:38 #5 type] 
Type QualityFactor is not enhanced.

[2013-03-08 23:48:38 #6 type] 
Type WebServicesCluster is not enhanced.

[2013-03-08 23:48:38 #7 type] 
Type WSDLDocument is not enhanced.

[2013-03-08 23:48:38 #8 type] 
Type DecompressedMatrix is not enhanced.

[2013-03-08 23:48:38 #9 type] 
Type DocumentWordVector is not enhanced.

[2013-03-08 23:48:38 #10 type] 
Type WSDLCategory is not enhanced.

[2013-03-08 23:48:38 #11 type] 
Type WebServicesClusters is not enhanced.

[2013-03-08 23:48:39 #12 store] 
Database 'D:\Dropbox\Thesis\GitHub\Web-Services-Indexing-In-P2P\database\objectdb\web_services_clusterer.odb' is closed by 5480@Billakos-PC

------------------------------------------------------------------------------------------------------------------------

[2013-03-08 23:49:10 #1 store] 
Database 'D:\Dropbox\Thesis\GitHub\Web-Services-Indexing-In-P2P\database\objectdb\web_services_clusterer.odb' is opened by 5900@Billakos-PC

[2013-03-08 23:49:10 #2 type] 
Type FunctionWord is not enhanced.

[2013-03-08 23:49:10 #3 type] 
Type GeneralComputingWord is not enhanced.

[2013-03-08 23:49:10 #4 type] 
Type WordHits is not enhanced.

[2013-03-08 23:49:10 #5 type] 
Type QualityFactor is not enhanced.

[2013-03-08 23:49:10 #6 type] 
Type WebServicesCluster is not enhanced.

[2013-03-08 23:49:10 #7 type] 
Type WSDLDocument is not enhanced.

[2013-03-08 23:49:10 #8 type] 
Type DecompressedMatrix is not enhanced.

[2013-03-08 23:49:10 #9 type] 
Type DocumentWordVector is not enhanced.

[2013-03-08 23:49:10 #10 type] 
Type WSDLCategory is not enhanced.

[2013-03-08 23:49:10 #11 type] 
Type WebServicesClusters is not enhanced.

[2013-03-08 23:49:10 #12 store] 
Database 'D:\Dropbox\Thesis\GitHub\Web-Services-Indexing-In-P2P\database\objectdb\web_services_clusterer.odb' is closed by 5900@Billakos-PC

[2013-03-08 23:49:18 #9 store] 
Database 'D:\Dropbox\Thesis\GitHub\Web-Services-Indexing-In-P2P\database\objectdb\web_services_clusterer.odb' is opened by 2304@Billakos-PC

[2013-03-09 00:05:01 #10 store] 
Database 'D:\Dropbox\Thesis\GitHub\Web-Services-Indexing-In-P2P\database\objectdb\web_services_clusterer.odb' is closed by 2304@Billakos-PC

