------------------------------------------------------------------------------------------------------------------------

[2013-02-09 13:29:15 #1 store] 
Database 'D:\Dropbox\Thesis\GitHub\Web-Services-Indexing-In-P2P\database\objectdb\web_services_clusterer.odb' is opened by 6288@Billakos-PC

[2013-02-09 13:29:15 #2 type] 
Type FunctionWord is not enhanced.

[2013-02-09 13:29:15 #3 type] 
Type GeneralComputingWord is not enhanced.

[2013-02-09 13:29:15 #4 type] 
Type WordHits is not enhanced.

[2013-02-09 13:29:15 #5 type] 
Type QualityFactor is not enhanced.

[2013-02-09 13:29:15 #6 type] 
Type WebServicesCluster is not enhanced.

------------------------------------------------------------------------------------------------------------------------

[2013-02-09 13:31:03 #1 store] 
Database 'D:\Dropbox\Thesis\GitHub\Web-Services-Indexing-In-P2P\database\objectdb\web_services_clusterer.odb' is opened by 5588@Billakos-PC

[2013-02-09 13:31:03 #2 type] 
Type FunctionWord is not enhanced.

[2013-02-09 13:31:03 #3 type] 
Type GeneralComputingWord is not enhanced.

[2013-02-09 13:31:03 #4 type] 
Type WordHits is not enhanced.

[2013-02-09 13:31:03 #5 type] 
Type QualityFactor is not enhanced.

[2013-02-09 13:31:03 #6 type] 
Type WebServicesCluster is not enhanced.

------------------------------------------------------------------------------------------------------------------------

[2013-02-09 13:34:17 #1 store] 
Database 'D:\Dropbox\Thesis\GitHub\Web-Services-Indexing-In-P2P\database\objectdb\web_services_clusterer.odb' is opened by 3772@Billakos-PC

[2013-02-09 13:34:17 #2 type] 
Type FunctionWord is not enhanced.

[2013-02-09 13:34:17 #3 type] 
Type GeneralComputingWord is not enhanced.

[2013-02-09 13:34:17 #4 type] 
Type WordHits is not enhanced.

[2013-02-09 13:34:17 #5 type] 
Type QualityFactor is not enhanced.

[2013-02-09 13:34:17 #6 type] 
Type WebServicesCluster is not enhanced.

------------------------------------------------------------------------------------------------------------------------

[2013-02-09 13:34:53 #1 store] 
Database 'D:\Dropbox\Thesis\GitHub\Web-Services-Indexing-In-P2P\database\objectdb\web_services_clusterer.odb' is opened by 5580@Billakos-PC

[2013-02-09 13:34:54 #2 type] 
Type FunctionWord is not enhanced.

[2013-02-09 13:34:54 #3 type] 
Type GeneralComputingWord is not enhanced.

[2013-02-09 13:34:54 #4 type] 
Type WordHits is not enhanced.

[2013-02-09 13:34:54 #5 type] 
Type QualityFactor is not enhanced.

[2013-02-09 13:34:54 #6 type] 
Type WebServicesCluster is not enhanced.

------------------------------------------------------------------------------------------------------------------------

[2013-02-09 13:35:31 #1 store] 
Database 'D:\Dropbox\Thesis\GitHub\Web-Services-Indexing-In-P2P\database\objectdb\web_services_clusterer.odb' is opened by 6432@Billakos-PC

[2013-02-09 13:35:32 #2 type] 
Type FunctionWord is not enhanced.

[2013-02-09 13:35:32 #3 type] 
Type GeneralComputingWord is not enhanced.

[2013-02-09 13:35:32 #4 type] 
Type WordHits is not enhanced.

[2013-02-09 13:35:32 #5 type] 
Type QualityFactor is not enhanced.

[2013-02-09 13:35:32 #6 type] 
Type WebServicesCluster is not enhanced.

------------------------------------------------------------------------------------------------------------------------

[2013-02-09 13:38:03 #1 store] 
Database 'D:\Dropbox\Thesis\GitHub\Web-Services-Indexing-In-P2P\database\objectdb\web_services_clusterer.odb' is opened by 6600@Billakos-PC

[2013-02-09 13:38:03 #2 type] 
Type FunctionWord is not enhanced.

[2013-02-09 13:38:03 #3 type] 
Type GeneralComputingWord is not enhanced.

[2013-02-09 13:38:03 #4 type] 
Type WordHits is not enhanced.

[2013-02-09 13:38:03 #5 type] 
Type QualityFactor is not enhanced.

[2013-02-09 13:38:03 #6 type] 
Type WebServicesCluster is not enhanced.

------------------------------------------------------------------------------------------------------------------------

[2013-02-09 13:43:46 #1 store] 
Database 'D:\Dropbox\Thesis\GitHub\Web-Services-Indexing-In-P2P\database\objectdb\web_services_clusterer.odb' is opened by 3968@Billakos-PC

[2013-02-09 13:43:47 #2 type] 
Type FunctionWord is not enhanced.

[2013-02-09 13:43:47 #3 type] 
Type GeneralComputingWord is not enhanced.

[2013-02-09 13:43:47 #4 type] 
Type WordHits is not enhanced.

[2013-02-09 13:43:47 #5 type] 
Type QualityFactor is not enhanced.

[2013-02-09 13:43:47 #6 type] 
Type WebServicesCluster is not enhanced.

------------------------------------------------------------------------------------------------------------------------

[2013-02-09 16:47:36 #1 store] 
Database 'D:\Dropbox\Thesis\GitHub\Web-Services-Indexing-In-P2P\database\objectdb\web_services_clusterer.odb' is opened by 5788@Billakos-PC

[2013-02-09 16:47:36 #2 type] 
Type FunctionWord is not enhanced.

[2013-02-09 16:47:36 #3 type] 
Type GeneralComputingWord is not enhanced.

[2013-02-09 16:47:36 #4 type] 
Type WordHits is not enhanced.

[2013-02-09 16:47:36 #5 type] 
Type QualityFactor is not enhanced.

[2013-02-09 16:47:36 #6 type] 
Type WebServicesCluster is not enhanced.

------------------------------------------------------------------------------------------------------------------------

[2013-02-09 17:01:05 #1 store] 
Database 'D:\Dropbox\Thesis\GitHub\Web-Services-Indexing-In-P2P\database\objectdb\web_services_clusterer.odb' is opened by 6760@Billakos-PC

[2013-02-09 17:01:05 #2 type] 
Type FunctionWord is not enhanced.

[2013-02-09 17:01:05 #3 type] 
Type GeneralComputingWord is not enhanced.

[2013-02-09 17:01:05 #4 type] 
Type WordHits is not enhanced.

[2013-02-09 17:01:05 #5 type] 
Type QualityFactor is not enhanced.

[2013-02-09 17:01:05 #6 type] 
Type WebServicesCluster is not enhanced.

------------------------------------------------------------------------------------------------------------------------

[2013-02-09 17:02:17 #1 store] 
Database 'D:\Dropbox\Thesis\GitHub\Web-Services-Indexing-In-P2P\database\objectdb\web_services_clusterer.odb' is opened by 2100@Billakos-PC

[2013-02-09 17:02:17 #2 type] 
Type FunctionWord is not enhanced.

[2013-02-09 17:02:17 #3 type] 
Type GeneralComputingWord is not enhanced.

[2013-02-09 17:02:17 #4 type] 
Type WordHits is not enhanced.

[2013-02-09 17:02:17 #5 type] 
Type QualityFactor is not enhanced.

[2013-02-09 17:02:17 #6 type] 
Type WebServicesCluster is not enhanced.

------------------------------------------------------------------------------------------------------------------------

[2013-02-09 17:04:18 #1 store] 
Database 'D:\Dropbox\Thesis\GitHub\Web-Services-Indexing-In-P2P\database\objectdb\web_services_clusterer.odb' is opened by 7160@Billakos-PC

[2013-02-09 17:04:18 #2 type] 
Type FunctionWord is not enhanced.

[2013-02-09 17:04:18 #3 type] 
Type GeneralComputingWord is not enhanced.

[2013-02-09 17:04:18 #4 type] 
Type WordHits is not enhanced.

[2013-02-09 17:04:18 #5 type] 
Type QualityFactor is not enhanced.

[2013-02-09 17:04:18 #6 type] 
Type WebServicesCluster is not enhanced.

------------------------------------------------------------------------------------------------------------------------

[2013-02-09 17:06:47 #1 store] 
Database 'D:\Dropbox\Thesis\GitHub\Web-Services-Indexing-In-P2P\database\objectdb\web_services_clusterer.odb' is opened by 5496@Billakos-PC

[2013-02-09 17:06:47 #2 type] 
Type FunctionWord is not enhanced.

[2013-02-09 17:06:47 #3 type] 
Type GeneralComputingWord is not enhanced.

[2013-02-09 17:06:47 #4 type] 
Type WordHits is not enhanced.

[2013-02-09 17:06:47 #5 type] 
Type QualityFactor is not enhanced.

[2013-02-09 17:06:47 #6 type] 
Type WebServicesCluster is not enhanced.

------------------------------------------------------------------------------------------------------------------------

[2013-02-09 17:08:02 #1 store] 
Database 'D:\Dropbox\Thesis\GitHub\Web-Services-Indexing-In-P2P\database\objectdb\web_services_clusterer.odb' is opened by 6076@Billakos-PC

[2013-02-09 17:08:03 #2 type] 
Type FunctionWord is not enhanced.

[2013-02-09 17:08:03 #3 type] 
Type GeneralComputingWord is not enhanced.

[2013-02-09 17:08:03 #4 type] 
Type WordHits is not enhanced.

[2013-02-09 17:08:03 #5 type] 
Type QualityFactor is not enhanced.

[2013-02-09 17:08:03 #6 type] 
Type WebServicesCluster is not enhanced.

------------------------------------------------------------------------------------------------------------------------

[2013-02-09 17:25:05 #1 store] 
Database 'D:\Dropbox\Thesis\GitHub\Web-Services-Indexing-In-P2P\database\objectdb\web_services_clusterer.odb' is opened by 5872@Billakos-PC

[2013-02-09 17:25:05 #2 type] 
Type FunctionWord is not enhanced.

[2013-02-09 17:25:05 #3 type] 
Type GeneralComputingWord is not enhanced.

[2013-02-09 17:25:05 #4 type] 
Type WordHits is not enhanced.

[2013-02-09 17:25:05 #5 type] 
Type QualityFactor is not enhanced.

[2013-02-09 17:25:05 #6 type] 
Type WebServicesCluster is not enhanced.

------------------------------------------------------------------------------------------------------------------------

[2013-02-09 18:40:57 #1 store] 
Database 'D:\Dropbox\Thesis\GitHub\Web-Services-Indexing-In-P2P\database\objectdb\web_services_clusterer.odb' is opened by 5520@Billakos-PC

[2013-02-09 18:40:57 #2 type] 
Type FunctionWord is not enhanced.

[2013-02-09 18:40:57 #3 type] 
Type GeneralComputingWord is not enhanced.

[2013-02-09 18:40:57 #4 type] 
Type WordHits is not enhanced.

[2013-02-09 18:40:57 #5 type] 
Type QualityFactor is not enhanced.

[2013-02-09 18:40:57 #6 type] 
Type WebServicesCluster is not enhanced.

------------------------------------------------------------------------------------------------------------------------

[2013-02-09 18:49:26 #1 store] 
Database 'D:\Dropbox\Thesis\GitHub\Web-Services-Indexing-In-P2P\database\objectdb\web_services_clusterer.odb' is opened by 5448@Billakos-PC

[2013-02-09 18:49:26 #2 type] 
Type FunctionWord is not enhanced.

[2013-02-09 18:49:26 #3 type] 
Type GeneralComputingWord is not enhanced.

[2013-02-09 18:49:26 #4 type] 
Type WordHits is not enhanced.

[2013-02-09 18:49:26 #5 type] 
Type QualityFactor is not enhanced.

[2013-02-09 18:49:26 #6 type] 
Type WebServicesCluster is not enhanced.

------------------------------------------------------------------------------------------------------------------------

[2013-02-09 18:51:35 #1 store] 
Database 'D:\Dropbox\Thesis\GitHub\Web-Services-Indexing-In-P2P\database\objectdb\web_services_clusterer.odb' is opened by 6608@Billakos-PC

[2013-02-09 18:51:35 #2 type] 
Type FunctionWord is not enhanced.

[2013-02-09 18:51:35 #3 type] 
Type GeneralComputingWord is not enhanced.

[2013-02-09 18:51:35 #4 type] 
Type WordHits is not enhanced.

[2013-02-09 18:51:35 #5 type] 
Type QualityFactor is not enhanced.

[2013-02-09 18:51:35 #6 type] 
Type WebServicesCluster is not enhanced.

------------------------------------------------------------------------------------------------------------------------

[2013-02-09 18:52:08 #1 store] 
Database 'D:\Dropbox\Thesis\GitHub\Web-Services-Indexing-In-P2P\database\objectdb\web_services_clusterer.odb' is opened by 2304@Billakos-PC

[2013-02-09 18:52:08 #2 type] 
Type FunctionWord is not enhanced.

[2013-02-09 18:52:08 #3 type] 
Type GeneralComputingWord is not enhanced.

[2013-02-09 18:52:08 #4 type] 
Type WordHits is not enhanced.

[2013-02-09 18:52:08 #5 type] 
Type QualityFactor is not enhanced.

[2013-02-09 18:52:08 #6 type] 
Type WebServicesCluster is not enhanced.

------------------------------------------------------------------------------------------------------------------------

[2013-02-09 18:55:49 #1 store] 
Database 'D:\Dropbox\Thesis\GitHub\Web-Services-Indexing-In-P2P\database\objectdb\web_services_clusterer.odb' is opened by 7164@Billakos-PC

[2013-02-09 18:55:49 #2 type] 
Type FunctionWord is not enhanced.

[2013-02-09 18:55:49 #3 type] 
Type GeneralComputingWord is not enhanced.

[2013-02-09 18:55:49 #4 type] 
Type WordHits is not enhanced.

[2013-02-09 18:55:49 #5 type] 
Type QualityFactor is not enhanced.

[2013-02-09 18:55:49 #6 type] 
Type WebServicesCluster is not enhanced.

------------------------------------------------------------------------------------------------------------------------

[2013-02-09 18:59:38 #1 store] 
Database 'D:\Dropbox\Thesis\GitHub\Web-Services-Indexing-In-P2P\database\objectdb\web_services_clusterer.odb' is opened by 6088@Billakos-PC

[2013-02-09 18:59:38 #2 type] 
Type FunctionWord is not enhanced.

[2013-02-09 18:59:38 #3 type] 
Type GeneralComputingWord is not enhanced.

[2013-02-09 18:59:38 #4 type] 
Type WordHits is not enhanced.

[2013-02-09 18:59:38 #5 type] 
Type QualityFactor is not enhanced.

[2013-02-09 18:59:38 #6 type] 
Type WebServicesCluster is not enhanced.

------------------------------------------------------------------------------------------------------------------------

[2013-02-09 19:00:27 #1 store] 
Database 'D:\Dropbox\Thesis\GitHub\Web-Services-Indexing-In-P2P\database\objectdb\web_services_clusterer.odb' is opened by 7148@Billakos-PC

[2013-02-09 19:00:27 #2 type] 
Type FunctionWord is not enhanced.

[2013-02-09 19:00:27 #3 type] 
Type GeneralComputingWord is not enhanced.

[2013-02-09 19:00:27 #4 type] 
Type WordHits is not enhanced.

[2013-02-09 19:00:27 #5 type] 
Type QualityFactor is not enhanced.

[2013-02-09 19:00:27 #6 type] 
Type WebServicesCluster is not enhanced.

------------------------------------------------------------------------------------------------------------------------

[2013-02-09 19:01:48 #1 store] 
Database 'D:\Dropbox\Thesis\GitHub\Web-Services-Indexing-In-P2P\database\objectdb\web_services_clusterer.odb' is opened by 3828@Billakos-PC

[2013-02-09 19:01:48 #2 type] 
Type FunctionWord is not enhanced.

[2013-02-09 19:01:48 #3 type] 
Type GeneralComputingWord is not enhanced.

[2013-02-09 19:01:48 #4 type] 
Type WordHits is not enhanced.

[2013-02-09 19:01:48 #5 type] 
Type QualityFactor is not enhanced.

[2013-02-09 19:01:48 #6 type] 
Type WebServicesCluster is not enhanced.

------------------------------------------------------------------------------------------------------------------------

[2013-02-09 19:07:21 #1 store] 
Database 'D:\Dropbox\Thesis\GitHub\Web-Services-Indexing-In-P2P\database\objectdb\web_services_clusterer.odb' is opened by 5960@Billakos-PC

[2013-02-09 19:07:21 #2 type] 
Type FunctionWord is not enhanced.

[2013-02-09 19:07:21 #3 type] 
Type GeneralComputingWord is not enhanced.

[2013-02-09 19:07:21 #4 type] 
Type WordHits is not enhanced.

[2013-02-09 19:07:21 #5 type] 
Type QualityFactor is not enhanced.

[2013-02-09 19:07:21 #6 type] 
Type WebServicesCluster is not enhanced.

------------------------------------------------------------------------------------------------------------------------

[2013-02-09 19:13:17 #1 store] 
Database 'D:\Dropbox\Thesis\GitHub\Web-Services-Indexing-In-P2P\database\objectdb\web_services_clusterer.odb' is opened by 5524@Billakos-PC

[2013-02-09 19:13:17 #2 type] 
Type FunctionWord is not enhanced.

[2013-02-09 19:13:17 #3 type] 
Type GeneralComputingWord is not enhanced.

[2013-02-09 19:13:17 #4 type] 
Type WordHits is not enhanced.

[2013-02-09 19:13:17 #5 type] 
Type QualityFactor is not enhanced.

[2013-02-09 19:13:17 #6 type] 
Type WebServicesCluster is not enhanced.

------------------------------------------------------------------------------------------------------------------------

[2013-02-09 19:15:30 #1 store] 
Database 'D:\Dropbox\Thesis\GitHub\Web-Services-Indexing-In-P2P\database\objectdb\web_services_clusterer.odb' is opened by 5976@Billakos-PC

[2013-02-09 19:15:30 #2 type] 
Type FunctionWord is not enhanced.

[2013-02-09 19:15:30 #3 type] 
Type GeneralComputingWord is not enhanced.

[2013-02-09 19:15:30 #4 type] 
Type WordHits is not enhanced.

[2013-02-09 19:15:30 #5 type] 
Type QualityFactor is not enhanced.

[2013-02-09 19:15:30 #6 type] 
Type WebServicesCluster is not enhanced.

------------------------------------------------------------------------------------------------------------------------

[2013-02-09 19:16:42 #1 store] 
Database 'D:\Dropbox\Thesis\GitHub\Web-Services-Indexing-In-P2P\database\objectdb\web_services_clusterer.odb' is opened by 6320@Billakos-PC

[2013-02-09 19:16:43 #2 type] 
Type FunctionWord is not enhanced.

[2013-02-09 19:16:43 #3 type] 
Type GeneralComputingWord is not enhanced.

[2013-02-09 19:16:43 #4 type] 
Type WordHits is not enhanced.

[2013-02-09 19:16:43 #5 type] 
Type QualityFactor is not enhanced.

[2013-02-09 19:16:43 #6 type] 
Type WebServicesCluster is not enhanced.

------------------------------------------------------------------------------------------------------------------------

[2013-02-09 19:18:12 #1 store] 
Database 'D:\Dropbox\Thesis\GitHub\Web-Services-Indexing-In-P2P\database\objectdb\web_services_clusterer.odb' is opened by 6440@Billakos-PC

[2013-02-09 19:18:12 #2 type] 
Type FunctionWord is not enhanced.

[2013-02-09 19:18:12 #3 type] 
Type GeneralComputingWord is not enhanced.

[2013-02-09 19:18:12 #4 type] 
Type WordHits is not enhanced.

[2013-02-09 19:18:12 #5 type] 
Type QualityFactor is not enhanced.

[2013-02-09 19:18:12 #6 type] 
Type WebServicesCluster is not enhanced.

------------------------------------------------------------------------------------------------------------------------

[2013-02-09 19:23:48 #1 store] 
Database 'D:\Dropbox\Thesis\GitHub\Web-Services-Indexing-In-P2P\database\objectdb\web_services_clusterer.odb' is opened by 6560@Billakos-PC

[2013-02-09 19:23:48 #2 type] 
Type FunctionWord is not enhanced.

[2013-02-09 19:23:48 #3 type] 
Type GeneralComputingWord is not enhanced.

[2013-02-09 19:23:48 #4 type] 
Type WordHits is not enhanced.

[2013-02-09 19:23:48 #5 type] 
Type QualityFactor is not enhanced.

[2013-02-09 19:23:48 #6 type] 
Type WebServicesCluster is not enhanced.

------------------------------------------------------------------------------------------------------------------------

[2013-02-09 19:33:16 #1 store] 
Database 'D:\Dropbox\Thesis\GitHub\Web-Services-Indexing-In-P2P\database\objectdb\web_services_clusterer.odb' is opened by 4312@Billakos-PC

[2013-02-09 19:33:16 #2 type] 
Type FunctionWord is not enhanced.

[2013-02-09 19:33:16 #3 type] 
Type GeneralComputingWord is not enhanced.

[2013-02-09 19:33:16 #4 type] 
Type WordHits is not enhanced.

[2013-02-09 19:33:16 #5 type] 
Type QualityFactor is not enhanced.

[2013-02-09 19:33:16 #6 type] 
Type WebServicesCluster is not enhanced.

------------------------------------------------------------------------------------------------------------------------

[2013-02-09 19:34:17 #1 store] 
Database 'D:\Dropbox\Thesis\GitHub\Web-Services-Indexing-In-P2P\database\objectdb\web_services_clusterer.odb' is opened by 6556@Billakos-PC

[2013-02-09 19:34:18 #2 type] 
Type FunctionWord is not enhanced.

[2013-02-09 19:34:18 #3 type] 
Type GeneralComputingWord is not enhanced.

[2013-02-09 19:34:18 #4 type] 
Type WordHits is not enhanced.

[2013-02-09 19:34:18 #5 type] 
Type QualityFactor is not enhanced.

[2013-02-09 19:34:18 #6 type] 
Type WebServicesCluster is not enhanced.

------------------------------------------------------------------------------------------------------------------------

[2013-02-09 19:37:56 #1 store] 
Database 'D:\Dropbox\Thesis\GitHub\Web-Services-Indexing-In-P2P\database\objectdb\web_services_clusterer.odb' is opened by 5612@Billakos-PC

[2013-02-09 19:37:56 #2 type] 
Type FunctionWord is not enhanced.

[2013-02-09 19:37:56 #3 type] 
Type GeneralComputingWord is not enhanced.

[2013-02-09 19:37:56 #4 type] 
Type WordHits is not enhanced.

[2013-02-09 19:37:56 #5 type] 
Type QualityFactor is not enhanced.

[2013-02-09 19:37:56 #6 type] 
Type WebServicesCluster is not enhanced.

------------------------------------------------------------------------------------------------------------------------

[2013-02-09 21:05:21 #1 store] 
Database 'D:\Dropbox\Thesis\GitHub\Web-Services-Indexing-In-P2P\database\objectdb\web_services_clusterer.odb' is opened by 5964@Billakos-PC

[2013-02-09 21:05:21 #2 type] 
Type FunctionWord is not enhanced.

[2013-02-09 21:05:21 #3 type] 
Type GeneralComputingWord is not enhanced.

[2013-02-09 21:05:21 #4 type] 
Type WordHits is not enhanced.

[2013-02-09 21:05:21 #5 type] 
Type QualityFactor is not enhanced.

[2013-02-09 21:05:21 #6 type] 
Type WebServicesCluster is not enhanced.

------------------------------------------------------------------------------------------------------------------------

[2013-02-09 21:07:14 #1 store] 
Database 'D:\Dropbox\Thesis\GitHub\Web-Services-Indexing-In-P2P\database\objectdb\web_services_clusterer.odb' is opened by 4312@Billakos-PC

[2013-02-09 21:07:14 #2 type] 
Type FunctionWord is not enhanced.

[2013-02-09 21:07:14 #3 type] 
Type GeneralComputingWord is not enhanced.

[2013-02-09 21:07:14 #4 type] 
Type WordHits is not enhanced.

[2013-02-09 21:07:14 #5 type] 
Type QualityFactor is not enhanced.

[2013-02-09 21:07:14 #6 type] 
Type WebServicesCluster is not enhanced.

------------------------------------------------------------------------------------------------------------------------

[2013-02-09 21:07:53 #1 store] 
Database 'D:\Dropbox\Thesis\GitHub\Web-Services-Indexing-In-P2P\database\objectdb\web_services_clusterer.odb' is opened by 5180@Billakos-PC

[2013-02-09 21:07:53 #2 type] 
Type FunctionWord is not enhanced.

[2013-02-09 21:07:54 #3 type] 
Type GeneralComputingWord is not enhanced.

[2013-02-09 21:07:54 #4 type] 
Type WordHits is not enhanced.

[2013-02-09 21:07:54 #5 type] 
Type QualityFactor is not enhanced.

[2013-02-09 21:07:54 #6 type] 
Type WebServicesCluster is not enhanced.

------------------------------------------------------------------------------------------------------------------------

[2013-02-09 21:09:32 #1 store] 
Database 'D:\Dropbox\Thesis\GitHub\Web-Services-Indexing-In-P2P\database\objectdb\web_services_clusterer.odb' is opened by 6476@Billakos-PC

[2013-02-09 21:09:32 #2 type] 
Type FunctionWord is not enhanced.

[2013-02-09 21:09:32 #3 type] 
Type GeneralComputingWord is not enhanced.

[2013-02-09 21:09:32 #4 type] 
Type WordHits is not enhanced.

[2013-02-09 21:09:32 #5 type] 
Type QualityFactor is not enhanced.

[2013-02-09 21:09:32 #6 type] 
Type WebServicesCluster is not enhanced.

------------------------------------------------------------------------------------------------------------------------

[2013-02-09 21:10:19 #1 store] 
Database 'D:\Dropbox\Thesis\GitHub\Web-Services-Indexing-In-P2P\database\objectdb\web_services_clusterer.odb' is opened by 6608@Billakos-PC

[2013-02-09 21:10:19 #2 type] 
Type FunctionWord is not enhanced.

[2013-02-09 21:10:19 #3 type] 
Type GeneralComputingWord is not enhanced.

[2013-02-09 21:10:19 #4 type] 
Type WordHits is not enhanced.

[2013-02-09 21:10:19 #5 type] 
Type QualityFactor is not enhanced.

[2013-02-09 21:10:19 #6 type] 
Type WebServicesCluster is not enhanced.

------------------------------------------------------------------------------------------------------------------------

[2013-02-09 21:14:28 #1 store] 
Database 'D:\Dropbox\Thesis\GitHub\Web-Services-Indexing-In-P2P\database\objectdb\web_services_clusterer.odb' is opened by 3772@Billakos-PC

[2013-02-09 21:14:28 #2 type] 
Type FunctionWord is not enhanced.

[2013-02-09 21:14:28 #3 type] 
Type GeneralComputingWord is not enhanced.

[2013-02-09 21:14:28 #4 type] 
Type WordHits is not enhanced.

[2013-02-09 21:14:28 #5 type] 
Type QualityFactor is not enhanced.

[2013-02-09 21:14:28 #6 type] 
Type WebServicesCluster is not enhanced.

------------------------------------------------------------------------------------------------------------------------

[2013-02-09 21:17:02 #1 store] 
Database 'D:\Dropbox\Thesis\GitHub\Web-Services-Indexing-In-P2P\database\objectdb\web_services_clusterer.odb' is opened by 5184@Billakos-PC

[2013-02-09 21:17:02 #2 type] 
Type FunctionWord is not enhanced.

[2013-02-09 21:17:02 #3 type] 
Type GeneralComputingWord is not enhanced.

[2013-02-09 21:17:02 #4 type] 
Type WordHits is not enhanced.

[2013-02-09 21:17:02 #5 type] 
Type QualityFactor is not enhanced.

[2013-02-09 21:17:02 #6 type] 
Type WebServicesCluster is not enhanced.

------------------------------------------------------------------------------------------------------------------------

[2013-02-09 21:17:51 #1 store] 
Database 'D:\Dropbox\Thesis\GitHub\Web-Services-Indexing-In-P2P\database\objectdb\web_services_clusterer.odb' is opened by 6452@Billakos-PC

[2013-02-09 21:17:51 #2 type] 
Type FunctionWord is not enhanced.

[2013-02-09 21:17:51 #3 type] 
Type GeneralComputingWord is not enhanced.

[2013-02-09 21:17:51 #4 type] 
Type WordHits is not enhanced.

[2013-02-09 21:17:51 #5 type] 
Type QualityFactor is not enhanced.

[2013-02-09 21:17:51 #6 type] 
Type WebServicesCluster is not enhanced.

