------------------------------------------------------------------------------------------------------------------------

[2013-02-08 21:20:35 #1 store] 
Database 'D:\Dropbox\Thesis\GitHub\Web-Services-Indexing-In-P2P\database\objectdb\web_services_clusterer.odb' has been recovered (tr. 782-783)

[2013-02-08 21:20:35 #2 store] 
Database 'D:\Dropbox\Thesis\GitHub\Web-Services-Indexing-In-P2P\database\objectdb\web_services_clusterer.odb' is opened by 6724@Billakos-PC

[2013-02-08 21:20:35 #3 type] 
Type FunctionWord is not enhanced.

[2013-02-08 21:20:35 #4 type] 
Type GeneralComputingWord is not enhanced.

[2013-02-08 21:20:35 #5 type] 
Type WordHits is not enhanced.

[2013-02-08 21:20:35 #6 type] 
Type QualityFactor is not enhanced.

[2013-02-08 21:20:35 #7 type] 
Type WebServicesCluster is not enhanced.

------------------------------------------------------------------------------------------------------------------------

[2013-02-08 21:23:41 #1 store] 
Database 'D:\Dropbox\Thesis\GitHub\Web-Services-Indexing-In-P2P\database\objectdb\web_services_clusterer.odb' is opened by 6044@Billakos-PC

[2013-02-08 21:23:41 #2 type] 
Type FunctionWord is not enhanced.

[2013-02-08 21:23:41 #3 type] 
Type GeneralComputingWord is not enhanced.

[2013-02-08 21:23:41 #4 type] 
Type WordHits is not enhanced.

[2013-02-08 21:23:41 #5 type] 
Type QualityFactor is not enhanced.

[2013-02-08 21:23:41 #6 type] 
Type WebServicesCluster is not enhanced.

------------------------------------------------------------------------------------------------------------------------

[2013-02-08 21:25:06 #1 store] 
Database 'D:\Dropbox\Thesis\GitHub\Web-Services-Indexing-In-P2P\database\objectdb\web_services_clusterer.odb' is opened by 4624@Billakos-PC

[2013-02-08 21:25:06 #2 type] 
Type FunctionWord is not enhanced.

[2013-02-08 21:25:06 #3 type] 
Type GeneralComputingWord is not enhanced.

[2013-02-08 21:25:06 #4 type] 
Type WordHits is not enhanced.

[2013-02-08 21:25:06 #5 type] 
Type QualityFactor is not enhanced.

[2013-02-08 21:25:06 #6 type] 
Type WebServicesCluster is not enhanced.

------------------------------------------------------------------------------------------------------------------------

[2013-02-08 21:28:14 #1 store] 
Database 'D:\Dropbox\Thesis\GitHub\Web-Services-Indexing-In-P2P\database\objectdb\web_services_clusterer.odb' is opened by 5736@Billakos-PC

[2013-02-08 21:28:14 #2 type] 
Type FunctionWord is not enhanced.

[2013-02-08 21:28:14 #3 type] 
Type GeneralComputingWord is not enhanced.

[2013-02-08 21:28:14 #4 type] 
Type WordHits is not enhanced.

[2013-02-08 21:28:14 #5 type] 
Type QualityFactor is not enhanced.

[2013-02-08 21:28:14 #6 type] 
Type WebServicesCluster is not enhanced.

------------------------------------------------------------------------------------------------------------------------

[2013-02-08 21:28:39 #1 store] 
Database 'D:\Dropbox\Thesis\GitHub\Web-Services-Indexing-In-P2P\database\objectdb\web_services_clusterer.odb' is opened by 5400@Billakos-PC

[2013-02-08 21:28:39 #2 type] 
Type FunctionWord is not enhanced.

[2013-02-08 21:28:39 #3 type] 
Type GeneralComputingWord is not enhanced.

[2013-02-08 21:28:39 #4 type] 
Type WordHits is not enhanced.

[2013-02-08 21:28:39 #5 type] 
Type QualityFactor is not enhanced.

[2013-02-08 21:28:39 #6 type] 
Type WebServicesCluster is not enhanced.

------------------------------------------------------------------------------------------------------------------------

[2013-02-08 21:31:38 #1 store] 
Database 'D:\Dropbox\Thesis\GitHub\Web-Services-Indexing-In-P2P\database\objectdb\web_services_clusterer.odb' is opened by 5196@Billakos-PC

[2013-02-08 21:31:38 #2 type] 
Type FunctionWord is not enhanced.

[2013-02-08 21:31:38 #3 type] 
Type GeneralComputingWord is not enhanced.

[2013-02-08 21:31:38 #4 type] 
Type WordHits is not enhanced.

[2013-02-08 21:31:38 #5 type] 
Type QualityFactor is not enhanced.

[2013-02-08 21:31:38 #6 type] 
Type WebServicesCluster is not enhanced.

------------------------------------------------------------------------------------------------------------------------

[2013-02-08 21:32:04 #1 store] 
Database 'D:\Dropbox\Thesis\GitHub\Web-Services-Indexing-In-P2P\database\objectdb\web_services_clusterer.odb' is opened by 6920@Billakos-PC

[2013-02-08 21:32:04 #2 type] 
Type FunctionWord is not enhanced.

[2013-02-08 21:32:04 #3 type] 
Type GeneralComputingWord is not enhanced.

[2013-02-08 21:32:04 #4 type] 
Type WordHits is not enhanced.

[2013-02-08 21:32:04 #5 type] 
Type QualityFactor is not enhanced.

[2013-02-08 21:32:04 #6 type] 
Type WebServicesCluster is not enhanced.

------------------------------------------------------------------------------------------------------------------------

[2013-02-08 21:33:01 #1 store] 
Database 'D:\Dropbox\Thesis\GitHub\Web-Services-Indexing-In-P2P\database\objectdb\web_services_clusterer.odb' is opened by 6748@Billakos-PC

[2013-02-08 21:33:01 #2 type] 
Type FunctionWord is not enhanced.

[2013-02-08 21:33:01 #3 type] 
Type GeneralComputingWord is not enhanced.

[2013-02-08 21:33:01 #4 type] 
Type WordHits is not enhanced.

[2013-02-08 21:33:01 #5 type] 
Type QualityFactor is not enhanced.

[2013-02-08 21:33:01 #6 type] 
Type WebServicesCluster is not enhanced.

------------------------------------------------------------------------------------------------------------------------

[2013-02-08 21:34:39 #1 store] 
Database 'D:\Dropbox\Thesis\GitHub\Web-Services-Indexing-In-P2P\database\objectdb\web_services_clusterer.odb' is opened by 6804@Billakos-PC

[2013-02-08 21:34:39 #2 type] 
Type FunctionWord is not enhanced.

[2013-02-08 21:34:39 #3 type] 
Type GeneralComputingWord is not enhanced.

[2013-02-08 21:34:39 #4 type] 
Type WordHits is not enhanced.

[2013-02-08 21:34:39 #5 type] 
Type QualityFactor is not enhanced.

[2013-02-08 21:34:39 #6 type] 
Type WebServicesCluster is not enhanced.

------------------------------------------------------------------------------------------------------------------------

[2013-02-08 21:35:04 #1 store] 
Database 'D:\Dropbox\Thesis\GitHub\Web-Services-Indexing-In-P2P\database\objectdb\web_services_clusterer.odb' is opened by 5800@Billakos-PC

[2013-02-08 21:35:04 #2 type] 
Type FunctionWord is not enhanced.

[2013-02-08 21:35:04 #3 type] 
Type GeneralComputingWord is not enhanced.

[2013-02-08 21:35:04 #4 type] 
Type WordHits is not enhanced.

[2013-02-08 21:35:04 #5 type] 
Type QualityFactor is not enhanced.

[2013-02-08 21:35:04 #6 type] 
Type WebServicesCluster is not enhanced.

------------------------------------------------------------------------------------------------------------------------

[2013-02-08 21:37:13 #1 store] 
Database 'D:\Dropbox\Thesis\GitHub\Web-Services-Indexing-In-P2P\database\objectdb\web_services_clusterer.odb' is opened by 6512@Billakos-PC

[2013-02-08 21:37:13 #2 type] 
Type FunctionWord is not enhanced.

[2013-02-08 21:37:13 #3 type] 
Type GeneralComputingWord is not enhanced.

[2013-02-08 21:37:13 #4 type] 
Type WordHits is not enhanced.

[2013-02-08 21:37:13 #5 type] 
Type QualityFactor is not enhanced.

[2013-02-08 21:37:13 #6 type] 
Type WebServicesCluster is not enhanced.

------------------------------------------------------------------------------------------------------------------------

[2013-02-08 21:38:48 #1 store] 
Database 'D:\Dropbox\Thesis\GitHub\Web-Services-Indexing-In-P2P\database\objectdb\web_services_clusterer.odb' is opened by 6468@Billakos-PC

[2013-02-08 21:38:48 #2 type] 
Type FunctionWord is not enhanced.

[2013-02-08 21:38:48 #3 type] 
Type GeneralComputingWord is not enhanced.

[2013-02-08 21:38:48 #4 type] 
Type WordHits is not enhanced.

[2013-02-08 21:38:48 #5 type] 
Type QualityFactor is not enhanced.

[2013-02-08 21:38:48 #6 type] 
Type WebServicesCluster is not enhanced.

------------------------------------------------------------------------------------------------------------------------

[2013-02-08 21:39:31 #1 store] 
Database 'D:\Dropbox\Thesis\GitHub\Web-Services-Indexing-In-P2P\database\objectdb\web_services_clusterer.odb' is opened by 5864@Billakos-PC

[2013-02-08 21:39:32 #2 type] 
Type FunctionWord is not enhanced.

[2013-02-08 21:39:32 #3 type] 
Type GeneralComputingWord is not enhanced.

[2013-02-08 21:39:32 #4 type] 
Type WordHits is not enhanced.

[2013-02-08 21:39:32 #5 type] 
Type QualityFactor is not enhanced.

[2013-02-08 21:39:32 #6 type] 
Type WebServicesCluster is not enhanced.

------------------------------------------------------------------------------------------------------------------------

[2013-02-08 21:39:52 #1 store] 
Database 'D:\Dropbox\Thesis\GitHub\Web-Services-Indexing-In-P2P\database\objectdb\web_services_clusterer.odb' is opened by 804@Billakos-PC

[2013-02-08 21:39:52 #2 type] 
Type FunctionWord is not enhanced.

[2013-02-08 21:39:52 #3 type] 
Type GeneralComputingWord is not enhanced.

[2013-02-08 21:39:52 #4 type] 
Type WordHits is not enhanced.

[2013-02-08 21:39:52 #5 type] 
Type QualityFactor is not enhanced.

[2013-02-08 21:39:52 #6 type] 
Type WebServicesCluster is not enhanced.

------------------------------------------------------------------------------------------------------------------------

[2013-02-08 21:54:21 #1 store] 
Database 'D:\Dropbox\Thesis\GitHub\Web-Services-Indexing-In-P2P\database\objectdb\web_services_clusterer.odb' is opened by 7112@Billakos-PC

[2013-02-08 21:54:21 #2 type] 
Type FunctionWord is not enhanced.

[2013-02-08 21:54:21 #3 type] 
Type GeneralComputingWord is not enhanced.

[2013-02-08 21:54:21 #4 type] 
Type WordHits is not enhanced.

[2013-02-08 21:54:21 #5 type] 
Type QualityFactor is not enhanced.

[2013-02-08 21:54:21 #6 type] 
Type WebServicesCluster is not enhanced.

------------------------------------------------------------------------------------------------------------------------

[2013-02-08 21:54:58 #1 store] 
Database 'D:\Dropbox\Thesis\GitHub\Web-Services-Indexing-In-P2P\database\objectdb\web_services_clusterer.odb' is opened by 6284@Billakos-PC

[2013-02-08 21:54:58 #2 type] 
Type FunctionWord is not enhanced.

[2013-02-08 21:54:58 #3 type] 
Type GeneralComputingWord is not enhanced.

[2013-02-08 21:54:58 #4 type] 
Type WordHits is not enhanced.

[2013-02-08 21:54:58 #5 type] 
Type QualityFactor is not enhanced.

[2013-02-08 21:54:58 #6 type] 
Type WebServicesCluster is not enhanced.

------------------------------------------------------------------------------------------------------------------------

[2013-02-08 21:55:23 #1 store] 
Database 'D:\Dropbox\Thesis\GitHub\Web-Services-Indexing-In-P2P\database\objectdb\web_services_clusterer.odb' is opened by 4784@Billakos-PC

[2013-02-08 21:55:23 #2 type] 
Type FunctionWord is not enhanced.

[2013-02-08 21:55:23 #3 type] 
Type GeneralComputingWord is not enhanced.

[2013-02-08 21:55:23 #4 type] 
Type WordHits is not enhanced.

[2013-02-08 21:55:23 #5 type] 
Type QualityFactor is not enhanced.

[2013-02-08 21:55:23 #6 type] 
Type WebServicesCluster is not enhanced.

------------------------------------------------------------------------------------------------------------------------

[2013-02-08 21:57:11 #1 store] 
Database 'D:\Dropbox\Thesis\GitHub\Web-Services-Indexing-In-P2P\database\objectdb\web_services_clusterer.odb' is opened by 7056@Billakos-PC

[2013-02-08 21:57:12 #2 type] 
Type FunctionWord is not enhanced.

[2013-02-08 21:57:12 #3 type] 
Type GeneralComputingWord is not enhanced.

[2013-02-08 21:57:12 #4 type] 
Type WordHits is not enhanced.

[2013-02-08 21:57:12 #5 type] 
Type QualityFactor is not enhanced.

[2013-02-08 21:57:12 #6 type] 
Type WebServicesCluster is not enhanced.

------------------------------------------------------------------------------------------------------------------------

[2013-02-08 21:57:51 #1 store] 
Database 'D:\Dropbox\Thesis\GitHub\Web-Services-Indexing-In-P2P\database\objectdb\web_services_clusterer.odb' is opened by 5920@Billakos-PC

[2013-02-08 21:57:51 #2 type] 
Type FunctionWord is not enhanced.

[2013-02-08 21:57:51 #3 type] 
Type GeneralComputingWord is not enhanced.

[2013-02-08 21:57:51 #4 type] 
Type WordHits is not enhanced.

[2013-02-08 21:57:51 #5 type] 
Type QualityFactor is not enhanced.

[2013-02-08 21:57:51 #6 type] 
Type WebServicesCluster is not enhanced.

------------------------------------------------------------------------------------------------------------------------

[2013-02-08 22:00:54 #1 store] 
Database 'D:\Dropbox\Thesis\GitHub\Web-Services-Indexing-In-P2P\database\objectdb\web_services_clusterer.odb' is opened by 5184@Billakos-PC

[2013-02-08 22:00:54 #2 type] 
Type FunctionWord is not enhanced.

[2013-02-08 22:00:54 #3 type] 
Type GeneralComputingWord is not enhanced.

[2013-02-08 22:00:54 #4 type] 
Type WordHits is not enhanced.

[2013-02-08 22:00:54 #5 type] 
Type QualityFactor is not enhanced.

[2013-02-08 22:00:54 #6 type] 
Type WebServicesCluster is not enhanced.

------------------------------------------------------------------------------------------------------------------------

[2013-02-08 22:01:57 #1 store] 
Database 'D:\Dropbox\Thesis\GitHub\Web-Services-Indexing-In-P2P\database\objectdb\web_services_clusterer.odb' is opened by 5228@Billakos-PC

[2013-02-08 22:01:57 #2 type] 
Type FunctionWord is not enhanced.

[2013-02-08 22:01:57 #3 type] 
Type GeneralComputingWord is not enhanced.

[2013-02-08 22:01:57 #4 type] 
Type WordHits is not enhanced.

[2013-02-08 22:01:57 #5 type] 
Type QualityFactor is not enhanced.

[2013-02-08 22:01:57 #6 type] 
Type WebServicesCluster is not enhanced.

------------------------------------------------------------------------------------------------------------------------

[2013-02-08 22:03:47 #1 store] 
Database 'D:\Dropbox\Thesis\GitHub\Web-Services-Indexing-In-P2P\database\objectdb\web_services_clusterer.odb' is opened by 6984@Billakos-PC

[2013-02-08 22:03:47 #2 type] 
Type FunctionWord is not enhanced.

[2013-02-08 22:03:47 #3 type] 
Type GeneralComputingWord is not enhanced.

[2013-02-08 22:03:47 #4 type] 
Type WordHits is not enhanced.

[2013-02-08 22:03:47 #5 type] 
Type QualityFactor is not enhanced.

[2013-02-08 22:03:47 #6 type] 
Type WebServicesCluster is not enhanced.

------------------------------------------------------------------------------------------------------------------------

[2013-02-08 22:04:41 #1 store] 
Database 'D:\Dropbox\Thesis\GitHub\Web-Services-Indexing-In-P2P\database\objectdb\web_services_clusterer.odb' is opened by 6848@Billakos-PC

[2013-02-08 22:04:41 #2 type] 
Type FunctionWord is not enhanced.

[2013-02-08 22:04:41 #3 type] 
Type GeneralComputingWord is not enhanced.

[2013-02-08 22:04:41 #4 type] 
Type WordHits is not enhanced.

[2013-02-08 22:04:41 #5 type] 
Type QualityFactor is not enhanced.

[2013-02-08 22:04:41 #6 type] 
Type WebServicesCluster is not enhanced.

------------------------------------------------------------------------------------------------------------------------

[2013-02-08 22:06:12 #1 store] 
Database 'D:\Dropbox\Thesis\GitHub\Web-Services-Indexing-In-P2P\database\objectdb\web_services_clusterer.odb' is opened by 5448@Billakos-PC

[2013-02-08 22:06:13 #2 type] 
Type FunctionWord is not enhanced.

[2013-02-08 22:06:13 #3 type] 
Type GeneralComputingWord is not enhanced.

[2013-02-08 22:06:13 #4 type] 
Type WordHits is not enhanced.

[2013-02-08 22:06:13 #5 type] 
Type QualityFactor is not enhanced.

[2013-02-08 22:06:13 #6 type] 
Type WebServicesCluster is not enhanced.

------------------------------------------------------------------------------------------------------------------------

[2013-02-08 22:08:26 #1 store] 
Database 'D:\Dropbox\Thesis\GitHub\Web-Services-Indexing-In-P2P\database\objectdb\web_services_clusterer.odb' is opened by 5168@Billakos-PC

[2013-02-08 22:08:26 #2 type] 
Type FunctionWord is not enhanced.

[2013-02-08 22:08:26 #3 type] 
Type GeneralComputingWord is not enhanced.

[2013-02-08 22:08:26 #4 type] 
Type WordHits is not enhanced.

[2013-02-08 22:08:26 #5 type] 
Type QualityFactor is not enhanced.

[2013-02-08 22:08:26 #6 type] 
Type WebServicesCluster is not enhanced.

------------------------------------------------------------------------------------------------------------------------

[2013-02-08 22:11:52 #1 store] 
Database 'D:\Dropbox\Thesis\GitHub\Web-Services-Indexing-In-P2P\database\objectdb\web_services_clusterer.odb' is opened by 3336@Billakos-PC

[2013-02-08 22:11:52 #2 type] 
Type FunctionWord is not enhanced.

[2013-02-08 22:11:52 #3 type] 
Type GeneralComputingWord is not enhanced.

[2013-02-08 22:11:52 #4 type] 
Type WordHits is not enhanced.

[2013-02-08 22:11:52 #5 type] 
Type QualityFactor is not enhanced.

[2013-02-08 22:11:52 #6 type] 
Type WebServicesCluster is not enhanced.

------------------------------------------------------------------------------------------------------------------------

[2013-02-08 22:17:50 #1 store] 
Database 'D:\Dropbox\Thesis\GitHub\Web-Services-Indexing-In-P2P\database\objectdb\web_services_clusterer.odb' is opened by 4800@Billakos-PC

[2013-02-08 22:17:51 #2 type] 
Type FunctionWord is not enhanced.

[2013-02-08 22:17:51 #3 type] 
Type GeneralComputingWord is not enhanced.

[2013-02-08 22:17:51 #4 type] 
Type WordHits is not enhanced.

[2013-02-08 22:17:51 #5 type] 
Type QualityFactor is not enhanced.

[2013-02-08 22:17:51 #6 type] 
Type WebServicesCluster is not enhanced.

------------------------------------------------------------------------------------------------------------------------

[2013-02-08 22:18:14 #1 store] 
Database 'D:\Dropbox\Thesis\GitHub\Web-Services-Indexing-In-P2P\database\objectdb\web_services_clusterer.odb' is opened by 3056@Billakos-PC

[2013-02-08 22:18:14 #2 type] 
Type FunctionWord is not enhanced.

[2013-02-08 22:18:14 #3 type] 
Type GeneralComputingWord is not enhanced.

[2013-02-08 22:18:14 #4 type] 
Type WordHits is not enhanced.

[2013-02-08 22:18:14 #5 type] 
Type QualityFactor is not enhanced.

[2013-02-08 22:18:14 #6 type] 
Type WebServicesCluster is not enhanced.

------------------------------------------------------------------------------------------------------------------------

[2013-02-08 22:20:32 #1 store] 
Database 'D:\Dropbox\Thesis\GitHub\Web-Services-Indexing-In-P2P\database\objectdb\web_services_clusterer.odb' is opened by 1832@Billakos-PC

[2013-02-08 22:20:32 #2 type] 
Type FunctionWord is not enhanced.

[2013-02-08 22:20:32 #3 type] 
Type GeneralComputingWord is not enhanced.

[2013-02-08 22:20:32 #4 type] 
Type WordHits is not enhanced.

[2013-02-08 22:20:32 #5 type] 
Type QualityFactor is not enhanced.

[2013-02-08 22:20:32 #6 type] 
Type WebServicesCluster is not enhanced.

------------------------------------------------------------------------------------------------------------------------

[2013-02-08 22:20:50 #1 store] 
Database 'D:\Dropbox\Thesis\GitHub\Web-Services-Indexing-In-P2P\database\objectdb\web_services_clusterer.odb' is opened by 6504@Billakos-PC

[2013-02-08 22:20:50 #2 type] 
Type FunctionWord is not enhanced.

[2013-02-08 22:20:50 #3 type] 
Type GeneralComputingWord is not enhanced.

[2013-02-08 22:20:50 #4 type] 
Type WordHits is not enhanced.

[2013-02-08 22:20:50 #5 type] 
Type QualityFactor is not enhanced.

[2013-02-08 22:20:50 #6 type] 
Type WebServicesCluster is not enhanced.

------------------------------------------------------------------------------------------------------------------------

[2013-02-08 22:21:56 #1 store] 
Database 'D:\Dropbox\Thesis\GitHub\Web-Services-Indexing-In-P2P\database\objectdb\web_services_clusterer.odb' is opened by 5280@Billakos-PC

[2013-02-08 22:21:56 #2 type] 
Type FunctionWord is not enhanced.

[2013-02-08 22:21:56 #3 type] 
Type GeneralComputingWord is not enhanced.

[2013-02-08 22:21:56 #4 type] 
Type WordHits is not enhanced.

[2013-02-08 22:21:56 #5 type] 
Type QualityFactor is not enhanced.

[2013-02-08 22:21:56 #6 type] 
Type WebServicesCluster is not enhanced.

------------------------------------------------------------------------------------------------------------------------

[2013-02-08 22:22:21 #1 store] 
Database 'D:\Dropbox\Thesis\GitHub\Web-Services-Indexing-In-P2P\database\objectdb\web_services_clusterer.odb' is opened by 6428@Billakos-PC

[2013-02-08 22:22:22 #2 type] 
Type FunctionWord is not enhanced.

[2013-02-08 22:22:22 #3 type] 
Type GeneralComputingWord is not enhanced.

[2013-02-08 22:22:22 #4 type] 
Type WordHits is not enhanced.

[2013-02-08 22:22:22 #5 type] 
Type QualityFactor is not enhanced.

[2013-02-08 22:22:22 #6 type] 
Type WebServicesCluster is not enhanced.

------------------------------------------------------------------------------------------------------------------------

[2013-02-08 22:28:02 #1 store] 
Database 'D:\Dropbox\Thesis\GitHub\Web-Services-Indexing-In-P2P\database\objectdb\web_services_clusterer.odb' is opened by 6284@Billakos-PC

[2013-02-08 22:28:02 #2 type] 
Type FunctionWord is not enhanced.

[2013-02-08 22:28:02 #3 type] 
Type GeneralComputingWord is not enhanced.

[2013-02-08 22:28:02 #4 type] 
Type WordHits is not enhanced.

[2013-02-08 22:28:02 #5 type] 
Type QualityFactor is not enhanced.

[2013-02-08 22:28:02 #6 type] 
Type WebServicesCluster is not enhanced.

------------------------------------------------------------------------------------------------------------------------

[2013-02-08 22:32:53 #1 store] 
Database 'D:\Dropbox\Thesis\GitHub\Web-Services-Indexing-In-P2P\database\objectdb\web_services_clusterer.odb' is opened by 5344@Billakos-PC

[2013-02-08 22:32:53 #2 type] 
Type FunctionWord is not enhanced.

[2013-02-08 22:32:53 #3 type] 
Type GeneralComputingWord is not enhanced.

[2013-02-08 22:32:53 #4 type] 
Type WordHits is not enhanced.

[2013-02-08 22:32:53 #5 type] 
Type QualityFactor is not enhanced.

[2013-02-08 22:32:53 #6 type] 
Type WebServicesCluster is not enhanced.

------------------------------------------------------------------------------------------------------------------------

[2013-02-08 22:33:29 #1 store] 
Database 'D:\Dropbox\Thesis\GitHub\Web-Services-Indexing-In-P2P\database\objectdb\web_services_clusterer.odb' is opened by 6216@Billakos-PC

[2013-02-08 22:33:29 #2 type] 
Type FunctionWord is not enhanced.

[2013-02-08 22:33:29 #3 type] 
Type GeneralComputingWord is not enhanced.

[2013-02-08 22:33:29 #4 type] 
Type WordHits is not enhanced.

[2013-02-08 22:33:29 #5 type] 
Type QualityFactor is not enhanced.

[2013-02-08 22:33:29 #6 type] 
Type WebServicesCluster is not enhanced.

------------------------------------------------------------------------------------------------------------------------

[2013-02-08 22:35:07 #1 store] 
Database 'D:\Dropbox\Thesis\GitHub\Web-Services-Indexing-In-P2P\database\objectdb\web_services_clusterer.odb' is opened by 4272@Billakos-PC

[2013-02-08 22:35:07 #2 type] 
Type FunctionWord is not enhanced.

[2013-02-08 22:35:07 #3 type] 
Type GeneralComputingWord is not enhanced.

[2013-02-08 22:35:07 #4 type] 
Type WordHits is not enhanced.

[2013-02-08 22:35:07 #5 type] 
Type QualityFactor is not enhanced.

[2013-02-08 22:35:07 #6 type] 
Type WebServicesCluster is not enhanced.

------------------------------------------------------------------------------------------------------------------------

[2013-02-08 22:35:55 #1 store] 
Database 'D:\Dropbox\Thesis\GitHub\Web-Services-Indexing-In-P2P\database\objectdb\web_services_clusterer.odb' is opened by 5940@Billakos-PC

[2013-02-08 22:35:55 #2 type] 
Type FunctionWord is not enhanced.

[2013-02-08 22:35:55 #3 type] 
Type GeneralComputingWord is not enhanced.

[2013-02-08 22:35:55 #4 type] 
Type WordHits is not enhanced.

[2013-02-08 22:35:55 #5 type] 
Type QualityFactor is not enhanced.

[2013-02-08 22:35:55 #6 type] 
Type WebServicesCluster is not enhanced.

------------------------------------------------------------------------------------------------------------------------

[2013-02-08 23:25:27 #1 store] 
Database 'D:\Dropbox\Thesis\GitHub\Web-Services-Indexing-In-P2P\database\objectdb\web_services_clusterer.odb' is opened by 7136@Billakos-PC

[2013-02-08 23:25:27 #2 type] 
Type FunctionWord is not enhanced.

[2013-02-08 23:25:27 #3 type] 
Type GeneralComputingWord is not enhanced.

[2013-02-08 23:25:27 #4 type] 
Type WordHits is not enhanced.

[2013-02-08 23:25:27 #5 type] 
Type QualityFactor is not enhanced.

[2013-02-08 23:25:27 #6 type] 
Type WebServicesCluster is not enhanced.

------------------------------------------------------------------------------------------------------------------------

[2013-02-08 23:27:07 #1 store] 
Database 'D:\Dropbox\Thesis\GitHub\Web-Services-Indexing-In-P2P\database\objectdb\web_services_clusterer.odb' is opened by 6432@Billakos-PC

[2013-02-08 23:27:07 #2 type] 
Type FunctionWord is not enhanced.

[2013-02-08 23:27:07 #3 type] 
Type GeneralComputingWord is not enhanced.

[2013-02-08 23:27:07 #4 type] 
Type WordHits is not enhanced.

[2013-02-08 23:27:07 #5 type] 
Type QualityFactor is not enhanced.

[2013-02-08 23:27:07 #6 type] 
Type WebServicesCluster is not enhanced.

------------------------------------------------------------------------------------------------------------------------

[2013-02-08 23:28:30 #1 store] 
Database 'D:\Dropbox\Thesis\GitHub\Web-Services-Indexing-In-P2P\database\objectdb\web_services_clusterer.odb' is opened by 6296@Billakos-PC

[2013-02-08 23:28:30 #2 type] 
Type FunctionWord is not enhanced.

[2013-02-08 23:28:30 #3 type] 
Type GeneralComputingWord is not enhanced.

[2013-02-08 23:28:30 #4 type] 
Type WordHits is not enhanced.

[2013-02-08 23:28:30 #5 type] 
Type QualityFactor is not enhanced.

[2013-02-08 23:28:30 #6 type] 
Type WebServicesCluster is not enhanced.

