------------------------------------------------------------------------------------------------------------------------

[2013-02-16 12:39:46 #1 store] 
Database 'D:\Dropbox\Thesis\GitHub\Web-Services-Indexing-In-P2P\database\objectdb\web_services_clusterer.odb' is opened by 5256@Billakos-PC

[2013-02-16 12:39:47 #2 type] 
Type FunctionWord is not enhanced.

[2013-02-16 12:39:47 #3 type] 
Type GeneralComputingWord is not enhanced.

[2013-02-16 12:39:47 #4 type] 
Type WordHits is not enhanced.

[2013-02-16 12:39:47 #5 type] 
Type QualityFactor is not enhanced.

[2013-02-16 12:39:47 #6 type] 
Type WebServicesCluster is not enhanced.

[2013-02-16 12:39:47 #7 type] 
Type DecompressedMatrix is not enhanced.

[2013-02-16 12:39:47 #8 type] 
Type DocumentWordVector is not enhanced.

------------------------------------------------------------------------------------------------------------------------

[2013-02-16 14:04:33 #1 store] 
Database 'D:\Dropbox\Thesis\GitHub\Web-Services-Indexing-In-P2P\database\objectdb\web_services_clusterer.odb' is opened by 4144@Billakos-PC

[2013-02-16 14:04:33 #2 type] 
Type FunctionWord is not enhanced.

[2013-02-16 14:04:33 #3 type] 
Type GeneralComputingWord is not enhanced.

[2013-02-16 14:04:33 #4 type] 
Type WordHits is not enhanced.

[2013-02-16 14:04:33 #5 type] 
Type QualityFactor is not enhanced.

[2013-02-16 14:04:33 #6 type] 
Type WebServicesCluster is not enhanced.

[2013-02-16 14:04:33 #7 type] 
Type DecompressedMatrix is not enhanced.

[2013-02-16 14:04:33 #8 type] 
Type DocumentWordVector is not enhanced.

------------------------------------------------------------------------------------------------------------------------

[2013-02-16 17:06:09 #1 store] 
Database 'D:\Dropbox\Thesis\GitHub\Web-Services-Indexing-In-P2P\database\objectdb\web_services_clusterer.odb' is opened by 9360@Billakos-PC

[2013-02-16 17:06:10 #2 type] 
Type FunctionWord is not enhanced.

[2013-02-16 17:06:10 #3 type] 
Type GeneralComputingWord is not enhanced.

[2013-02-16 17:06:10 #4 type] 
Type WordHits is not enhanced.

[2013-02-16 17:06:10 #5 type] 
Type QualityFactor is not enhanced.

[2013-02-16 17:06:10 #6 type] 
Type WebServicesCluster is not enhanced.

[2013-02-16 17:06:10 #7 type] 
Type DecompressedMatrix is not enhanced.

[2013-02-16 17:06:10 #8 type] 
Type DocumentWordVector is not enhanced.

------------------------------------------------------------------------------------------------------------------------

[2013-02-16 17:16:44 #1 store] 
Database 'D:\Dropbox\Thesis\GitHub\Web-Services-Indexing-In-P2P\database\objectdb\web_services_clusterer.odb' is opened by 10684@Billakos-PC

[2013-02-16 17:16:44 #2 type] 
Type FunctionWord is not enhanced.

[2013-02-16 17:16:44 #3 type] 
Type GeneralComputingWord is not enhanced.

[2013-02-16 17:16:44 #4 type] 
Type WordHits is not enhanced.

[2013-02-16 17:16:44 #5 type] 
Type QualityFactor is not enhanced.

[2013-02-16 17:16:44 #6 type] 
Type WebServicesCluster is not enhanced.

[2013-02-16 17:16:44 #7 type] 
Type DecompressedMatrix is not enhanced.

[2013-02-16 17:16:44 #8 type] 
Type DocumentWordVector is not enhanced.

------------------------------------------------------------------------------------------------------------------------

[2013-02-16 17:19:36 #1 store] 
Database 'D:\Dropbox\Thesis\GitHub\Web-Services-Indexing-In-P2P\database\objectdb\web_services_clusterer.odb' has been recovered (tr. 1888-1888)

[2013-02-16 17:19:37 #2 store] 
Database 'D:\Dropbox\Thesis\GitHub\Web-Services-Indexing-In-P2P\database\objectdb\web_services_clusterer.odb' is opened by 12660@Billakos-PC

[2013-02-16 17:19:37 #3 type] 
Type FunctionWord is not enhanced.

[2013-02-16 17:19:37 #4 type] 
Type GeneralComputingWord is not enhanced.

[2013-02-16 17:19:37 #5 type] 
Type WordHits is not enhanced.

[2013-02-16 17:19:37 #6 type] 
Type QualityFactor is not enhanced.

[2013-02-16 17:19:37 #7 type] 
Type WebServicesCluster is not enhanced.

[2013-02-16 17:19:37 #8 type] 
Type DecompressedMatrix is not enhanced.

[2013-02-16 17:19:37 #9 type] 
Type DocumentWordVector is not enhanced.

------------------------------------------------------------------------------------------------------------------------

[2013-02-16 17:34:40 #1 store] 
Database 'D:\Dropbox\Thesis\GitHub\Web-Services-Indexing-In-P2P\database\objectdb\web_services_clusterer.odb' is opened by 15816@Billakos-PC

[2013-02-16 17:34:40 #2 type] 
Type FunctionWord is not enhanced.

[2013-02-16 17:34:40 #3 type] 
Type GeneralComputingWord is not enhanced.

[2013-02-16 17:34:40 #4 type] 
Type WordHits is not enhanced.

[2013-02-16 17:34:40 #5 type] 
Type QualityFactor is not enhanced.

[2013-02-16 17:34:40 #6 type] 
Type WebServicesCluster is not enhanced.

[2013-02-16 17:34:40 #7 type] 
Type DecompressedMatrix is not enhanced.

[2013-02-16 17:34:40 #8 type] 
Type DocumentWordVector is not enhanced.

------------------------------------------------------------------------------------------------------------------------

[2013-02-16 17:35:14 #1 store] 
Database 'D:\Dropbox\Thesis\GitHub\Web-Services-Indexing-In-P2P\database\objectdb\web_services_clusterer.odb' is opened by 15460@Billakos-PC

[2013-02-16 17:35:14 #2 type] 
Type FunctionWord is not enhanced.

[2013-02-16 17:35:14 #3 type] 
Type GeneralComputingWord is not enhanced.

[2013-02-16 17:35:14 #4 type] 
Type WordHits is not enhanced.

[2013-02-16 17:35:14 #5 type] 
Type QualityFactor is not enhanced.

[2013-02-16 17:35:14 #6 type] 
Type WebServicesCluster is not enhanced.

[2013-02-16 17:35:14 #7 type] 
Type DecompressedMatrix is not enhanced.

[2013-02-16 17:35:14 #8 type] 
Type DocumentWordVector is not enhanced.

------------------------------------------------------------------------------------------------------------------------

[2013-02-16 17:47:34 #1 store] 
Database 'D:\Dropbox\Thesis\GitHub\Web-Services-Indexing-In-P2P\database\objectdb\web_services_clusterer.odb' is opened by 12536@Billakos-PC

[2013-02-16 17:47:34 #2 type] 
Type FunctionWord is not enhanced.

[2013-02-16 17:47:34 #3 type] 
Type GeneralComputingWord is not enhanced.

[2013-02-16 17:47:34 #4 type] 
Type WordHits is not enhanced.

[2013-02-16 17:47:34 #5 type] 
Type QualityFactor is not enhanced.

[2013-02-16 17:47:34 #6 type] 
Type WebServicesCluster is not enhanced.

[2013-02-16 17:47:34 #7 type] 
Type DecompressedMatrix is not enhanced.

[2013-02-16 17:47:34 #8 type] 
Type DocumentWordVector is not enhanced.

------------------------------------------------------------------------------------------------------------------------

[2013-02-16 18:00:43 #1 store] 
Database 'D:\Dropbox\Thesis\GitHub\Web-Services-Indexing-In-P2P\database\objectdb\web_services_clusterer.odb' is opened by 5716@Billakos-PC

[2013-02-16 18:00:43 #2 type] 
Type FunctionWord is not enhanced.

[2013-02-16 18:00:43 #3 type] 
Type GeneralComputingWord is not enhanced.

[2013-02-16 18:00:43 #4 type] 
Type WordHits is not enhanced.

[2013-02-16 18:00:43 #5 type] 
Type QualityFactor is not enhanced.

[2013-02-16 18:00:43 #6 type] 
Type WebServicesCluster is not enhanced.

[2013-02-16 18:00:43 #7 type] 
Type DecompressedMatrix is not enhanced.

[2013-02-16 18:00:43 #8 type] 
Type DocumentWordVector is not enhanced.

------------------------------------------------------------------------------------------------------------------------

[2013-02-16 18:03:14 #1 store] 
Database 'D:\Dropbox\Thesis\GitHub\Web-Services-Indexing-In-P2P\database\objectdb\web_services_clusterer.odb' is opened by 11188@Billakos-PC

[2013-02-16 18:03:14 #2 type] 
Type FunctionWord is not enhanced.

[2013-02-16 18:03:14 #3 type] 
Type GeneralComputingWord is not enhanced.

[2013-02-16 18:03:14 #4 type] 
Type WordHits is not enhanced.

[2013-02-16 18:03:14 #5 type] 
Type QualityFactor is not enhanced.

[2013-02-16 18:03:14 #6 type] 
Type WebServicesCluster is not enhanced.

[2013-02-16 18:03:14 #7 type] 
Type DecompressedMatrix is not enhanced.

[2013-02-16 18:03:14 #8 type] 
Type DocumentWordVector is not enhanced.

------------------------------------------------------------------------------------------------------------------------

[2013-02-16 18:51:46 #1 store] 
Database 'D:\Dropbox\Thesis\GitHub\Web-Services-Indexing-In-P2P\database\objectdb\web_services_clusterer.odb' is opened by 12428@Billakos-PC

[2013-02-16 18:51:46 #2 type] 
Type FunctionWord is not enhanced.

[2013-02-16 18:51:46 #3 type] 
Type GeneralComputingWord is not enhanced.

[2013-02-16 18:51:46 #4 type] 
Type WordHits is not enhanced.

[2013-02-16 18:51:46 #5 type] 
Type QualityFactor is not enhanced.

[2013-02-16 18:51:46 #6 type] 
Type WebServicesCluster is not enhanced.

[2013-02-16 18:51:46 #7 type] 
Type DecompressedMatrix is not enhanced.

[2013-02-16 18:51:46 #8 type] 
Type DocumentWordVector is not enhanced.

------------------------------------------------------------------------------------------------------------------------

[2013-02-16 18:57:12 #1 store] 
Database 'D:\Dropbox\Thesis\GitHub\Web-Services-Indexing-In-P2P\database\objectdb\web_services_clusterer.odb' is opened by 15044@Billakos-PC

[2013-02-16 18:57:12 #2 type] 
Type FunctionWord is not enhanced.

[2013-02-16 18:57:12 #3 type] 
Type GeneralComputingWord is not enhanced.

[2013-02-16 18:57:12 #4 type] 
Type WordHits is not enhanced.

[2013-02-16 18:57:12 #5 type] 
Type QualityFactor is not enhanced.

[2013-02-16 18:57:12 #6 type] 
Type WebServicesCluster is not enhanced.

[2013-02-16 18:57:12 #7 type] 
Type DecompressedMatrix is not enhanced.

[2013-02-16 18:57:12 #8 type] 
Type DocumentWordVector is not enhanced.

------------------------------------------------------------------------------------------------------------------------

[2013-02-16 18:58:28 #1 store] 
Database 'D:\Dropbox\Thesis\GitHub\Web-Services-Indexing-In-P2P\database\objectdb\web_services_clusterer.odb' is opened by 15580@Billakos-PC

[2013-02-16 18:58:28 #2 type] 
Type FunctionWord is not enhanced.

[2013-02-16 18:58:28 #3 type] 
Type GeneralComputingWord is not enhanced.

[2013-02-16 18:58:28 #4 type] 
Type WordHits is not enhanced.

[2013-02-16 18:58:28 #5 type] 
Type QualityFactor is not enhanced.

[2013-02-16 18:58:28 #6 type] 
Type WebServicesCluster is not enhanced.

[2013-02-16 18:58:28 #7 type] 
Type DecompressedMatrix is not enhanced.

[2013-02-16 18:58:28 #8 type] 
Type DocumentWordVector is not enhanced.

------------------------------------------------------------------------------------------------------------------------

[2013-02-16 19:00:37 #1 store] 
Database 'D:\Dropbox\Thesis\GitHub\Web-Services-Indexing-In-P2P\database\objectdb\web_services_clusterer.odb' is opened by 15956@Billakos-PC

[2013-02-16 19:00:37 #2 type] 
Type FunctionWord is not enhanced.

[2013-02-16 19:00:37 #3 type] 
Type GeneralComputingWord is not enhanced.

[2013-02-16 19:00:37 #4 type] 
Type WordHits is not enhanced.

[2013-02-16 19:00:37 #5 type] 
Type QualityFactor is not enhanced.

[2013-02-16 19:00:37 #6 type] 
Type WebServicesCluster is not enhanced.

[2013-02-16 19:00:37 #7 type] 
Type DecompressedMatrix is not enhanced.

[2013-02-16 19:00:37 #8 type] 
Type DocumentWordVector is not enhanced.

------------------------------------------------------------------------------------------------------------------------

[2013-02-16 19:03:11 #1 store] 
Database 'D:\Dropbox\Thesis\GitHub\Web-Services-Indexing-In-P2P\database\objectdb\web_services_clusterer.odb' is opened by 15164@Billakos-PC

[2013-02-16 19:03:11 #2 type] 
Type FunctionWord is not enhanced.

[2013-02-16 19:03:11 #3 type] 
Type GeneralComputingWord is not enhanced.

[2013-02-16 19:03:11 #4 type] 
Type WordHits is not enhanced.

[2013-02-16 19:03:11 #5 type] 
Type QualityFactor is not enhanced.

[2013-02-16 19:03:11 #6 type] 
Type WebServicesCluster is not enhanced.

[2013-02-16 19:03:11 #7 type] 
Type DecompressedMatrix is not enhanced.

[2013-02-16 19:03:11 #8 type] 
Type DocumentWordVector is not enhanced.

------------------------------------------------------------------------------------------------------------------------

[2013-02-16 19:04:54 #1 store] 
Database 'D:\Dropbox\Thesis\GitHub\Web-Services-Indexing-In-P2P\database\objectdb\web_services_clusterer.odb' is opened by 16436@Billakos-PC

[2013-02-16 19:04:55 #2 type] 
Type FunctionWord is not enhanced.

[2013-02-16 19:04:55 #3 type] 
Type GeneralComputingWord is not enhanced.

[2013-02-16 19:04:55 #4 type] 
Type WordHits is not enhanced.

[2013-02-16 19:04:55 #5 type] 
Type QualityFactor is not enhanced.

[2013-02-16 19:04:55 #6 type] 
Type WebServicesCluster is not enhanced.

[2013-02-16 19:04:55 #7 type] 
Type DecompressedMatrix is not enhanced.

[2013-02-16 19:04:55 #8 type] 
Type DocumentWordVector is not enhanced.

------------------------------------------------------------------------------------------------------------------------

[2013-02-16 19:06:41 #1 store] 
Database 'D:\Dropbox\Thesis\GitHub\Web-Services-Indexing-In-P2P\database\objectdb\web_services_clusterer.odb' is opened by 17012@Billakos-PC

[2013-02-16 19:06:41 #2 type] 
Type FunctionWord is not enhanced.

[2013-02-16 19:06:41 #3 type] 
Type GeneralComputingWord is not enhanced.

[2013-02-16 19:06:41 #4 type] 
Type WordHits is not enhanced.

[2013-02-16 19:06:41 #5 type] 
Type QualityFactor is not enhanced.

[2013-02-16 19:06:41 #6 type] 
Type WebServicesCluster is not enhanced.

[2013-02-16 19:06:41 #7 type] 
Type DecompressedMatrix is not enhanced.

[2013-02-16 19:06:41 #8 type] 
Type DocumentWordVector is not enhanced.

------------------------------------------------------------------------------------------------------------------------

[2013-02-16 19:07:59 #1 store] 
Database 'D:\Dropbox\Thesis\GitHub\Web-Services-Indexing-In-P2P\database\objectdb\web_services_clusterer.odb' is opened by 17380@Billakos-PC

[2013-02-16 19:07:59 #2 type] 
Type FunctionWord is not enhanced.

[2013-02-16 19:07:59 #3 type] 
Type GeneralComputingWord is not enhanced.

[2013-02-16 19:07:59 #4 type] 
Type WordHits is not enhanced.

[2013-02-16 19:07:59 #5 type] 
Type QualityFactor is not enhanced.

[2013-02-16 19:07:59 #6 type] 
Type WebServicesCluster is not enhanced.

[2013-02-16 19:07:59 #7 type] 
Type DecompressedMatrix is not enhanced.

[2013-02-16 19:07:59 #8 type] 
Type DocumentWordVector is not enhanced.

------------------------------------------------------------------------------------------------------------------------

[2013-02-16 19:09:36 #1 store] 
Database 'D:\Dropbox\Thesis\GitHub\Web-Services-Indexing-In-P2P\database\objectdb\web_services_clusterer.odb' is opened by 18436@Billakos-PC

[2013-02-16 19:09:36 #2 type] 
Type FunctionWord is not enhanced.

[2013-02-16 19:09:36 #3 type] 
Type GeneralComputingWord is not enhanced.

[2013-02-16 19:09:36 #4 type] 
Type WordHits is not enhanced.

[2013-02-16 19:09:36 #5 type] 
Type QualityFactor is not enhanced.

[2013-02-16 19:09:36 #6 type] 
Type WebServicesCluster is not enhanced.

[2013-02-16 19:09:36 #7 type] 
Type DecompressedMatrix is not enhanced.

[2013-02-16 19:09:36 #8 type] 
Type DocumentWordVector is not enhanced.

------------------------------------------------------------------------------------------------------------------------

[2013-02-16 19:10:35 #1 store] 
Database 'D:\Dropbox\Thesis\GitHub\Web-Services-Indexing-In-P2P\database\objectdb\web_services_clusterer.odb' is opened by 18892@Billakos-PC

[2013-02-16 19:10:35 #2 type] 
Type FunctionWord is not enhanced.

[2013-02-16 19:10:35 #3 type] 
Type GeneralComputingWord is not enhanced.

[2013-02-16 19:10:35 #4 type] 
Type WordHits is not enhanced.

[2013-02-16 19:10:35 #5 type] 
Type QualityFactor is not enhanced.

[2013-02-16 19:10:35 #6 type] 
Type WebServicesCluster is not enhanced.

[2013-02-16 19:10:35 #7 type] 
Type DecompressedMatrix is not enhanced.

[2013-02-16 19:10:35 #8 type] 
Type DocumentWordVector is not enhanced.

------------------------------------------------------------------------------------------------------------------------

[2013-02-16 19:19:41 #1 store] 
Database 'D:\Dropbox\Thesis\GitHub\Web-Services-Indexing-In-P2P\database\objectdb\web_services_clusterer.odb' is opened by 5668@Billakos-PC

[2013-02-16 19:19:42 #2 type] 
Type FunctionWord is not enhanced.

[2013-02-16 19:19:42 #3 type] 
Type GeneralComputingWord is not enhanced.

[2013-02-16 19:19:42 #4 type] 
Type WordHits is not enhanced.

[2013-02-16 19:19:42 #5 type] 
Type QualityFactor is not enhanced.

[2013-02-16 19:19:42 #6 type] 
Type WebServicesCluster is not enhanced.

[2013-02-16 19:19:42 #7 type] 
Type DecompressedMatrix is not enhanced.

[2013-02-16 19:19:42 #8 type] 
Type DocumentWordVector is not enhanced.

------------------------------------------------------------------------------------------------------------------------

[2013-02-16 19:35:10 #1 store] 
Database 'D:\Dropbox\Thesis\GitHub\Web-Services-Indexing-In-P2P\database\objectdb\web_services_clusterer.odb' is opened by 9336@Billakos-PC

[2013-02-16 19:35:10 #2 type] 
Type FunctionWord is not enhanced.

[2013-02-16 19:35:10 #3 type] 
Type GeneralComputingWord is not enhanced.

[2013-02-16 19:35:10 #4 type] 
Type WordHits is not enhanced.

[2013-02-16 19:35:10 #5 type] 
Type QualityFactor is not enhanced.

[2013-02-16 19:35:10 #6 type] 
Type WebServicesCluster is not enhanced.

[2013-02-16 19:35:10 #7 type] 
Type DecompressedMatrix is not enhanced.

[2013-02-16 19:35:10 #8 type] 
Type DocumentWordVector is not enhanced.

------------------------------------------------------------------------------------------------------------------------

[2013-02-16 19:36:21 #1 store] 
Database 'D:\Dropbox\Thesis\GitHub\Web-Services-Indexing-In-P2P\database\objectdb\web_services_clusterer.odb' has been recovered (tr. 1890-2235)

[2013-02-16 19:36:21 #2 store] 
Database 'D:\Dropbox\Thesis\GitHub\Web-Services-Indexing-In-P2P\database\objectdb\web_services_clusterer.odb' is opened by 11092@Billakos-PC

[2013-02-16 19:36:22 #3 type] 
Type FunctionWord is not enhanced.

[2013-02-16 19:36:22 #4 type] 
Type GeneralComputingWord is not enhanced.

[2013-02-16 19:36:22 #5 type] 
Type WordHits is not enhanced.

[2013-02-16 19:36:22 #6 type] 
Type QualityFactor is not enhanced.

[2013-02-16 19:36:22 #7 type] 
Type WebServicesCluster is not enhanced.

[2013-02-16 19:36:22 #8 type] 
Type DecompressedMatrix is not enhanced.

[2013-02-16 19:36:22 #9 type] 
Type DocumentWordVector is not enhanced.

------------------------------------------------------------------------------------------------------------------------

[2013-02-16 19:38:14 #1 store] 
Database 'D:\Dropbox\Thesis\GitHub\Web-Services-Indexing-In-P2P\database\objectdb\web_services_clusterer.odb' has been recovered (tr. 2236-2970)

[2013-02-16 19:38:14 #2 store] 
Database 'D:\Dropbox\Thesis\GitHub\Web-Services-Indexing-In-P2P\database\objectdb\web_services_clusterer.odb' is opened by 12864@Billakos-PC

[2013-02-16 19:38:14 #3 type] 
Type FunctionWord is not enhanced.

[2013-02-16 19:38:14 #4 type] 
Type GeneralComputingWord is not enhanced.

[2013-02-16 19:38:14 #5 type] 
Type WordHits is not enhanced.

[2013-02-16 19:38:14 #6 type] 
Type QualityFactor is not enhanced.

[2013-02-16 19:38:14 #7 type] 
Type WebServicesCluster is not enhanced.

[2013-02-16 19:38:14 #8 type] 
Type DecompressedMatrix is not enhanced.

[2013-02-16 19:38:14 #9 type] 
Type DocumentWordVector is not enhanced.

------------------------------------------------------------------------------------------------------------------------

[2013-02-16 19:58:36 #1 store] 
Database 'D:\Dropbox\Thesis\GitHub\Web-Services-Indexing-In-P2P\database\objectdb\web_services_clusterer.odb' has been recovered (tr. 2971-4530)

[2013-02-16 19:58:36 #2 store] 
Database 'D:\Dropbox\Thesis\GitHub\Web-Services-Indexing-In-P2P\database\objectdb\web_services_clusterer.odb' is opened by 7048@Billakos-PC

[2013-02-16 19:58:36 #3 type] 
Type FunctionWord is not enhanced.

[2013-02-16 19:58:36 #4 type] 
Type GeneralComputingWord is not enhanced.

[2013-02-16 19:58:36 #5 type] 
Type WordHits is not enhanced.

[2013-02-16 19:58:36 #6 type] 
Type QualityFactor is not enhanced.

[2013-02-16 19:58:36 #7 type] 
Type WebServicesCluster is not enhanced.

[2013-02-16 19:58:36 #8 type] 
Type DecompressedMatrix is not enhanced.

[2013-02-16 19:58:36 #9 type] 
Type DocumentWordVector is not enhanced.

------------------------------------------------------------------------------------------------------------------------

[2013-02-16 20:15:15 #1 store] 
Database 'D:\Dropbox\Thesis\GitHub\Web-Services-Indexing-In-P2P\database\objectdb\web_services_clusterer.odb' has been recovered (tr. 4531-6522)

[2013-02-16 20:15:15 #2 store] 
Database 'D:\Dropbox\Thesis\GitHub\Web-Services-Indexing-In-P2P\database\objectdb\web_services_clusterer.odb' is opened by 18456@Billakos-PC

[2013-02-16 20:15:15 #3 type] 
Type FunctionWord is not enhanced.

[2013-02-16 20:15:15 #4 type] 
Type GeneralComputingWord is not enhanced.

[2013-02-16 20:15:15 #5 type] 
Type WordHits is not enhanced.

[2013-02-16 20:15:15 #6 type] 
Type QualityFactor is not enhanced.

[2013-02-16 20:15:15 #7 type] 
Type WebServicesCluster is not enhanced.

[2013-02-16 20:15:15 #8 type] 
Type DecompressedMatrix is not enhanced.

[2013-02-16 20:15:15 #9 type] 
Type DocumentWordVector is not enhanced.

------------------------------------------------------------------------------------------------------------------------

[2013-02-16 20:17:31 #1 store] 
Database 'D:\Dropbox\Thesis\GitHub\Web-Services-Indexing-In-P2P\database\objectdb\web_services_clusterer.odb' has been recovered (tr. 6523-7824)

[2013-02-16 20:17:31 #2 store] 
Database 'D:\Dropbox\Thesis\GitHub\Web-Services-Indexing-In-P2P\database\objectdb\web_services_clusterer.odb' is opened by 12528@Billakos-PC

[2013-02-16 20:17:31 #3 type] 
Type FunctionWord is not enhanced.

[2013-02-16 20:17:31 #4 type] 
Type GeneralComputingWord is not enhanced.

[2013-02-16 20:17:31 #5 type] 
Type WordHits is not enhanced.

[2013-02-16 20:17:31 #6 type] 
Type QualityFactor is not enhanced.

[2013-02-16 20:17:31 #7 type] 
Type WebServicesCluster is not enhanced.

[2013-02-16 20:17:31 #8 type] 
Type DecompressedMatrix is not enhanced.

[2013-02-16 20:17:31 #9 type] 
Type DocumentWordVector is not enhanced.

------------------------------------------------------------------------------------------------------------------------

[2013-02-16 20:19:14 #1 store] 
Database 'D:\Dropbox\Thesis\GitHub\Web-Services-Indexing-In-P2P\database\objectdb\web_services_clusterer.odb' is opened by 18648@Billakos-PC

[2013-02-16 20:19:15 #2 type] 
Type FunctionWord is not enhanced.

[2013-02-16 20:19:15 #3 type] 
Type GeneralComputingWord is not enhanced.

[2013-02-16 20:19:15 #4 type] 
Type WordHits is not enhanced.

[2013-02-16 20:19:15 #5 type] 
Type QualityFactor is not enhanced.

[2013-02-16 20:19:15 #6 type] 
Type WebServicesCluster is not enhanced.

[2013-02-16 20:19:15 #7 type] 
Type DecompressedMatrix is not enhanced.

[2013-02-16 20:19:15 #8 type] 
Type DocumentWordVector is not enhanced.

------------------------------------------------------------------------------------------------------------------------

[2013-02-16 20:20:19 #1 store] 
Database 'D:\Dropbox\Thesis\GitHub\Web-Services-Indexing-In-P2P\database\objectdb\web_services_clusterer.odb' is opened by 15944@Billakos-PC

[2013-02-16 20:20:19 #2 type] 
Type FunctionWord is not enhanced.

[2013-02-16 20:20:19 #3 type] 
Type GeneralComputingWord is not enhanced.

[2013-02-16 20:20:19 #4 type] 
Type WordHits is not enhanced.

[2013-02-16 20:20:19 #5 type] 
Type QualityFactor is not enhanced.

[2013-02-16 20:20:19 #6 type] 
Type WebServicesCluster is not enhanced.

[2013-02-16 20:20:19 #7 type] 
Type DecompressedMatrix is not enhanced.

[2013-02-16 20:20:19 #8 type] 
Type DocumentWordVector is not enhanced.

------------------------------------------------------------------------------------------------------------------------

[2013-02-16 20:21:19 #1 store] 
Database 'D:\Dropbox\Thesis\GitHub\Web-Services-Indexing-In-P2P\database\objectdb\web_services_clusterer.odb' has been recovered (tr. 7825-10867)

[2013-02-16 20:21:19 #2 store] 
Database 'D:\Dropbox\Thesis\GitHub\Web-Services-Indexing-In-P2P\database\objectdb\web_services_clusterer.odb' is opened by 4028@Billakos-PC

[2013-02-16 20:21:20 #3 type] 
Type FunctionWord is not enhanced.

[2013-02-16 20:21:20 #4 type] 
Type GeneralComputingWord is not enhanced.

[2013-02-16 20:21:20 #5 type] 
Type WordHits is not enhanced.

[2013-02-16 20:21:20 #6 type] 
Type QualityFactor is not enhanced.

[2013-02-16 20:21:20 #7 type] 
Type WebServicesCluster is not enhanced.

[2013-02-16 20:21:20 #8 type] 
Type DecompressedMatrix is not enhanced.

[2013-02-16 20:21:20 #9 type] 
Type DocumentWordVector is not enhanced.

------------------------------------------------------------------------------------------------------------------------

[2013-02-16 20:21:26 #1 store] 
Database 'D:\Dropbox\Thesis\GitHub\Web-Services-Indexing-In-P2P\database\objectdb\web_services_clusterer.odb' has been recovered (tr. 10869-11049)

[2013-02-16 20:21:26 #2 store] 
Database 'D:\Dropbox\Thesis\GitHub\Web-Services-Indexing-In-P2P\database\objectdb\web_services_clusterer.odb' is opened by 11600@Billakos-PC

[2013-02-16 20:21:26 #3 type] 
Type FunctionWord is not enhanced.

[2013-02-16 20:21:26 #4 type] 
Type GeneralComputingWord is not enhanced.

[2013-02-16 20:21:26 #5 type] 
Type WordHits is not enhanced.

[2013-02-16 20:21:26 #6 type] 
Type QualityFactor is not enhanced.

[2013-02-16 20:21:26 #7 type] 
Type WebServicesCluster is not enhanced.

[2013-02-16 20:21:26 #8 type] 
Type DecompressedMatrix is not enhanced.

[2013-02-16 20:21:26 #9 type] 
Type DocumentWordVector is not enhanced.

------------------------------------------------------------------------------------------------------------------------

[2013-02-16 20:28:30 #1 store] 
Database 'D:\Dropbox\Thesis\GitHub\Web-Services-Indexing-In-P2P\database\objectdb\web_services_clusterer.odb' has been recovered (tr. 11050-14092)

[2013-02-16 20:28:30 #2 store] 
Database 'D:\Dropbox\Thesis\GitHub\Web-Services-Indexing-In-P2P\database\objectdb\web_services_clusterer.odb' is opened by 6860@Billakos-PC

[2013-02-16 20:28:30 #3 type] 
Type FunctionWord is not enhanced.

[2013-02-16 20:28:30 #4 type] 
Type GeneralComputingWord is not enhanced.

[2013-02-16 20:28:30 #5 type] 
Type WordHits is not enhanced.

[2013-02-16 20:28:30 #6 type] 
Type QualityFactor is not enhanced.

[2013-02-16 20:28:30 #7 type] 
Type WebServicesCluster is not enhanced.

[2013-02-16 20:28:30 #8 type] 
Type DecompressedMatrix is not enhanced.

[2013-02-16 20:28:30 #9 type] 
Type DocumentWordVector is not enhanced.

------------------------------------------------------------------------------------------------------------------------

[2013-02-16 20:29:02 #1 store] 
Database 'D:\Dropbox\Thesis\GitHub\Web-Services-Indexing-In-P2P\database\objectdb\web_services_clusterer.odb' has been recovered (tr. 14094-14094)

[2013-02-16 20:29:02 #2 store] 
Database 'D:\Dropbox\Thesis\GitHub\Web-Services-Indexing-In-P2P\database\objectdb\web_services_clusterer.odb' is opened by 20076@Billakos-PC

[2013-02-16 20:29:03 #3 type] 
Type FunctionWord is not enhanced.

[2013-02-16 20:29:03 #4 type] 
Type GeneralComputingWord is not enhanced.

[2013-02-16 20:29:03 #5 type] 
Type WordHits is not enhanced.

[2013-02-16 20:29:03 #6 type] 
Type QualityFactor is not enhanced.

[2013-02-16 20:29:03 #7 type] 
Type WebServicesCluster is not enhanced.

[2013-02-16 20:29:03 #8 type] 
Type DecompressedMatrix is not enhanced.

[2013-02-16 20:29:03 #9 type] 
Type DocumentWordVector is not enhanced.

------------------------------------------------------------------------------------------------------------------------

[2013-02-16 20:31:17 #1 store] 
Database 'D:\Dropbox\Thesis\GitHub\Web-Services-Indexing-In-P2P\database\objectdb\web_services_clusterer.odb' has been recovered (tr. 14095-17137)

[2013-02-16 20:31:17 #2 store] 
Database 'D:\Dropbox\Thesis\GitHub\Web-Services-Indexing-In-P2P\database\objectdb\web_services_clusterer.odb' is opened by 19620@Billakos-PC

[2013-02-16 20:31:18 #3 type] 
Type FunctionWord is not enhanced.

[2013-02-16 20:31:18 #4 type] 
Type GeneralComputingWord is not enhanced.

[2013-02-16 20:31:18 #5 type] 
Type WordHits is not enhanced.

[2013-02-16 20:31:18 #6 type] 
Type QualityFactor is not enhanced.

[2013-02-16 20:31:18 #7 type] 
Type WebServicesCluster is not enhanced.

[2013-02-16 20:31:18 #8 type] 
Type DecompressedMatrix is not enhanced.

[2013-02-16 20:31:18 #9 type] 
Type DocumentWordVector is not enhanced.

------------------------------------------------------------------------------------------------------------------------

[2013-02-16 20:31:31 #1 store] 
Database 'D:\Dropbox\Thesis\GitHub\Web-Services-Indexing-In-P2P\database\objectdb\web_services_clusterer.odb' is opened by 4976@Billakos-PC

[2013-02-16 20:31:31 #2 type] 
Type FunctionWord is not enhanced.

[2013-02-16 20:31:31 #3 type] 
Type GeneralComputingWord is not enhanced.

[2013-02-16 20:31:31 #4 type] 
Type WordHits is not enhanced.

[2013-02-16 20:31:31 #5 type] 
Type QualityFactor is not enhanced.

[2013-02-16 20:31:31 #6 type] 
Type WebServicesCluster is not enhanced.

[2013-02-16 20:31:31 #7 type] 
Type DecompressedMatrix is not enhanced.

[2013-02-16 20:31:31 #8 type] 
Type DocumentWordVector is not enhanced.

------------------------------------------------------------------------------------------------------------------------

[2013-02-16 20:32:49 #1 store] 
Database 'D:\Dropbox\Thesis\GitHub\Web-Services-Indexing-In-P2P\database\objectdb\web_services_clusterer.odb' is opened by 6008@Billakos-PC

[2013-02-16 20:32:49 #2 type] 
Type FunctionWord is not enhanced.

[2013-02-16 20:32:49 #3 type] 
Type GeneralComputingWord is not enhanced.

[2013-02-16 20:32:49 #4 type] 
Type WordHits is not enhanced.

[2013-02-16 20:32:49 #5 type] 
Type QualityFactor is not enhanced.

[2013-02-16 20:32:49 #6 type] 
Type WebServicesCluster is not enhanced.

[2013-02-16 20:32:49 #7 type] 
Type DecompressedMatrix is not enhanced.

[2013-02-16 20:32:49 #8 type] 
Type DocumentWordVector is not enhanced.

------------------------------------------------------------------------------------------------------------------------

[2013-02-16 22:37:34 #1 store] 
Database 'D:\Dropbox\Thesis\GitHub\Web-Services-Indexing-In-P2P\database\objectdb\web_services_clusterer.odb' has been recovered (tr. 17139-20182)

[2013-02-16 22:37:34 #2 store] 
Database 'D:\Dropbox\Thesis\GitHub\Web-Services-Indexing-In-P2P\database\objectdb\web_services_clusterer.odb' is opened by 5728@Billakos-PC

[2013-02-16 22:37:34 #3 type] 
Type FunctionWord is not enhanced.

[2013-02-16 22:37:34 #4 type] 
Type GeneralComputingWord is not enhanced.

[2013-02-16 22:37:34 #5 type] 
Type WordHits is not enhanced.

[2013-02-16 22:37:34 #6 type] 
Type QualityFactor is not enhanced.

[2013-02-16 22:37:34 #7 type] 
Type WebServicesCluster is not enhanced.

[2013-02-16 22:37:34 #8 type] 
Type DecompressedMatrix is not enhanced.

[2013-02-16 22:37:34 #9 type] 
Type DocumentWordVector is not enhanced.

------------------------------------------------------------------------------------------------------------------------

[2013-02-16 22:40:33 #1 store] 
Database 'D:\Dropbox\Thesis\GitHub\Web-Services-Indexing-In-P2P\database\objectdb\web_services_clusterer.odb' has been recovered (tr. 20184-23227)

[2013-02-16 22:40:34 #2 store] 
Database 'D:\Dropbox\Thesis\GitHub\Web-Services-Indexing-In-P2P\database\objectdb\web_services_clusterer.odb' is opened by 6516@Billakos-PC

[2013-02-16 22:40:34 #3 type] 
Type FunctionWord is not enhanced.

[2013-02-16 22:40:34 #4 type] 
Type GeneralComputingWord is not enhanced.

[2013-02-16 22:40:34 #5 type] 
Type WordHits is not enhanced.

[2013-02-16 22:40:34 #6 type] 
Type QualityFactor is not enhanced.

[2013-02-16 22:40:34 #7 type] 
Type WebServicesCluster is not enhanced.

[2013-02-16 22:40:34 #8 type] 
Type DecompressedMatrix is not enhanced.

[2013-02-16 22:40:34 #9 type] 
Type DocumentWordVector is not enhanced.

------------------------------------------------------------------------------------------------------------------------

[2013-02-16 22:43:03 #1 store] 
Database 'D:\Dropbox\Thesis\GitHub\Web-Services-Indexing-In-P2P\database\objectdb\web_services_clusterer.odb' has been recovered (tr. 23229-26272)

[2013-02-16 22:43:03 #2 store] 
Database 'D:\Dropbox\Thesis\GitHub\Web-Services-Indexing-In-P2P\database\objectdb\web_services_clusterer.odb' is opened by 6972@Billakos-PC

[2013-02-16 22:43:03 #3 type] 
Type FunctionWord is not enhanced.

[2013-02-16 22:43:03 #4 type] 
Type GeneralComputingWord is not enhanced.

[2013-02-16 22:43:03 #5 type] 
Type WordHits is not enhanced.

[2013-02-16 22:43:03 #6 type] 
Type QualityFactor is not enhanced.

[2013-02-16 22:43:03 #7 type] 
Type WebServicesCluster is not enhanced.

[2013-02-16 22:43:03 #8 type] 
Type DecompressedMatrix is not enhanced.

[2013-02-16 22:43:03 #9 type] 
Type DocumentWordVector is not enhanced.

------------------------------------------------------------------------------------------------------------------------

[2013-02-16 22:44:32 #1 store] 
Database 'D:\Dropbox\Thesis\GitHub\Web-Services-Indexing-In-P2P\database\objectdb\web_services_clusterer.odb' has been recovered (tr. 26274-29317)

[2013-02-16 22:44:32 #2 store] 
Database 'D:\Dropbox\Thesis\GitHub\Web-Services-Indexing-In-P2P\database\objectdb\web_services_clusterer.odb' is opened by 7012@Billakos-PC

[2013-02-16 22:44:32 #3 type] 
Type FunctionWord is not enhanced.

[2013-02-16 22:44:32 #4 type] 
Type GeneralComputingWord is not enhanced.

[2013-02-16 22:44:32 #5 type] 
Type WordHits is not enhanced.

[2013-02-16 22:44:32 #6 type] 
Type QualityFactor is not enhanced.

[2013-02-16 22:44:32 #7 type] 
Type WebServicesCluster is not enhanced.

[2013-02-16 22:44:32 #8 type] 
Type DecompressedMatrix is not enhanced.

[2013-02-16 22:44:32 #9 type] 
Type DocumentWordVector is not enhanced.

------------------------------------------------------------------------------------------------------------------------

[2013-02-16 22:47:38 #1 store] 
Database 'D:\Dropbox\Thesis\GitHub\Web-Services-Indexing-In-P2P\database\objectdb\web_services_clusterer.odb' has been recovered (tr. 29319-32362)

[2013-02-16 22:47:38 #2 store] 
Database 'D:\Dropbox\Thesis\GitHub\Web-Services-Indexing-In-P2P\database\objectdb\web_services_clusterer.odb' is opened by 3268@Billakos-PC

[2013-02-16 22:47:38 #3 type] 
Type FunctionWord is not enhanced.

[2013-02-16 22:47:38 #4 type] 
Type GeneralComputingWord is not enhanced.

[2013-02-16 22:47:38 #5 type] 
Type WordHits is not enhanced.

[2013-02-16 22:47:38 #6 type] 
Type QualityFactor is not enhanced.

[2013-02-16 22:47:38 #7 type] 
Type WebServicesCluster is not enhanced.

[2013-02-16 22:47:38 #8 type] 
Type DecompressedMatrix is not enhanced.

[2013-02-16 22:47:38 #9 type] 
Type DocumentWordVector is not enhanced.

------------------------------------------------------------------------------------------------------------------------

[2013-02-16 22:50:56 #1 store] 
Database 'D:\Dropbox\Thesis\GitHub\Web-Services-Indexing-In-P2P\database\objectdb\web_services_clusterer.odb' has been recovered (tr. 32364-35407)

[2013-02-16 22:50:56 #2 store] 
Database 'D:\Dropbox\Thesis\GitHub\Web-Services-Indexing-In-P2P\database\objectdb\web_services_clusterer.odb' is opened by 6884@Billakos-PC

[2013-02-16 22:50:56 #3 type] 
Type FunctionWord is not enhanced.

[2013-02-16 22:50:56 #4 type] 
Type GeneralComputingWord is not enhanced.

[2013-02-16 22:50:56 #5 type] 
Type WordHits is not enhanced.

[2013-02-16 22:50:56 #6 type] 
Type QualityFactor is not enhanced.

[2013-02-16 22:50:56 #7 type] 
Type WebServicesCluster is not enhanced.

[2013-02-16 22:50:56 #8 type] 
Type DecompressedMatrix is not enhanced.

[2013-02-16 22:50:56 #9 type] 
Type DocumentWordVector is not enhanced.

------------------------------------------------------------------------------------------------------------------------

[2013-02-16 23:15:23 #1 store] 
Database 'D:\Dropbox\Thesis\GitHub\Web-Services-Indexing-In-P2P\database\objectdb\web_services_clusterer.odb' has been recovered (tr. 35409-38452)

[2013-02-16 23:15:23 #2 store] 
Database 'D:\Dropbox\Thesis\GitHub\Web-Services-Indexing-In-P2P\database\objectdb\web_services_clusterer.odb' is opened by 5300@Billakos-PC

[2013-02-16 23:15:23 #3 type] 
Type FunctionWord is not enhanced.

[2013-02-16 23:15:23 #4 type] 
Type GeneralComputingWord is not enhanced.

[2013-02-16 23:15:23 #5 type] 
Type WordHits is not enhanced.

[2013-02-16 23:15:23 #6 type] 
Type QualityFactor is not enhanced.

[2013-02-16 23:15:23 #7 type] 
Type WebServicesCluster is not enhanced.

[2013-02-16 23:15:23 #8 type] 
Type DecompressedMatrix is not enhanced.

[2013-02-16 23:15:23 #9 type] 
Type DocumentWordVector is not enhanced.

