------------------------------------------------------------------------------------------------------------------------

[2013-02-17 11:43:47 #1 store] 
Database 'D:\Dropbox\Thesis\GitHub\Web-Services-Indexing-In-P2P\database\objectdb\web_services_clusterer.odb' has been recovered (tr. 38454-41497)

[2013-02-17 11:43:47 #2 store] 
Database 'D:\Dropbox\Thesis\GitHub\Web-Services-Indexing-In-P2P\database\objectdb\web_services_clusterer.odb' is opened by 3828@Billakos-PC

[2013-02-17 11:43:47 #3 type] 
Type FunctionWord is not enhanced.

[2013-02-17 11:43:47 #4 type] 
Type GeneralComputingWord is not enhanced.

[2013-02-17 11:43:47 #5 type] 
Type WordHits is not enhanced.

[2013-02-17 11:43:47 #6 type] 
Type QualityFactor is not enhanced.

[2013-02-17 11:43:47 #7 type] 
Type WebServicesCluster is not enhanced.

[2013-02-17 11:43:47 #8 type] 
Type DecompressedMatrix is not enhanced.

[2013-02-17 11:43:47 #9 type] 
Type DocumentWordVector is not enhanced.

------------------------------------------------------------------------------------------------------------------------

[2013-02-17 11:50:27 #1 store] 
Database 'D:\Dropbox\Thesis\GitHub\Web-Services-Indexing-In-P2P\database\objectdb\web_services_clusterer.odb' has been recovered (tr. 41499-44542)

[2013-02-17 11:50:27 #2 store] 
Database 'D:\Dropbox\Thesis\GitHub\Web-Services-Indexing-In-P2P\database\objectdb\web_services_clusterer.odb' is opened by 932@Billakos-PC

[2013-02-17 11:50:27 #3 type] 
Type FunctionWord is not enhanced.

[2013-02-17 11:50:27 #4 type] 
Type GeneralComputingWord is not enhanced.

[2013-02-17 11:50:27 #5 type] 
Type WordHits is not enhanced.

[2013-02-17 11:50:27 #6 type] 
Type QualityFactor is not enhanced.

[2013-02-17 11:50:27 #7 type] 
Type WebServicesCluster is not enhanced.

[2013-02-17 11:50:27 #8 type] 
Type DecompressedMatrix is not enhanced.

[2013-02-17 11:50:27 #9 type] 
Type DocumentWordVector is not enhanced.

------------------------------------------------------------------------------------------------------------------------

[2013-02-17 15:14:26 #1 store] 
Database 'D:\Dropbox\Thesis\GitHub\Web-Services-Indexing-In-P2P\database\objectdb\web_services_clusterer.odb' has been recovered (tr. 44544-47587)

[2013-02-17 15:14:26 #2 store] 
Database 'D:\Dropbox\Thesis\GitHub\Web-Services-Indexing-In-P2P\database\objectdb\web_services_clusterer.odb' is opened by 2028@Billakos-PC

[2013-02-17 15:14:27 #3 type] 
Type FunctionWord is not enhanced.

[2013-02-17 15:14:27 #4 type] 
Type GeneralComputingWord is not enhanced.

[2013-02-17 15:14:27 #5 type] 
Type WordHits is not enhanced.

[2013-02-17 15:14:27 #6 type] 
Type QualityFactor is not enhanced.

[2013-02-17 15:14:27 #7 type] 
Type WebServicesCluster is not enhanced.

[2013-02-17 15:14:27 #8 type] 
Type DecompressedMatrix is not enhanced.

[2013-02-17 15:14:27 #9 type] 
Type DocumentWordVector is not enhanced.

------------------------------------------------------------------------------------------------------------------------

[2013-02-17 15:21:13 #1 store] 
Database 'D:\Dropbox\Thesis\GitHub\Web-Services-Indexing-In-P2P\database\objectdb\web_services_clusterer.odb' has been recovered (tr. 47589-50632)

[2013-02-17 15:21:13 #2 store] 
Database 'D:\Dropbox\Thesis\GitHub\Web-Services-Indexing-In-P2P\database\objectdb\web_services_clusterer.odb' is opened by 7828@Billakos-PC

[2013-02-17 15:21:14 #3 type] 
Type FunctionWord is not enhanced.

[2013-02-17 15:21:14 #4 type] 
Type GeneralComputingWord is not enhanced.

[2013-02-17 15:21:14 #5 type] 
Type WordHits is not enhanced.

[2013-02-17 15:21:14 #6 type] 
Type QualityFactor is not enhanced.

[2013-02-17 15:21:14 #7 type] 
Type WebServicesCluster is not enhanced.

[2013-02-17 15:21:14 #8 type] 
Type DecompressedMatrix is not enhanced.

[2013-02-17 15:21:14 #9 type] 
Type DocumentWordVector is not enhanced.

------------------------------------------------------------------------------------------------------------------------

[2013-02-17 15:34:44 #1 store] 
Database 'D:\Dropbox\Thesis\GitHub\Web-Services-Indexing-In-P2P\database\objectdb\web_services_clusterer.odb' has been recovered (tr. 50634-53677)

[2013-02-17 15:34:44 #2 store] 
Database 'D:\Dropbox\Thesis\GitHub\Web-Services-Indexing-In-P2P\database\objectdb\web_services_clusterer.odb' is opened by 5688@Billakos-PC

[2013-02-17 15:34:45 #3 type] 
Type FunctionWord is not enhanced.

[2013-02-17 15:34:45 #4 type] 
Type GeneralComputingWord is not enhanced.

[2013-02-17 15:34:45 #5 type] 
Type WordHits is not enhanced.

[2013-02-17 15:34:45 #6 type] 
Type QualityFactor is not enhanced.

[2013-02-17 15:34:45 #7 type] 
Type WebServicesCluster is not enhanced.

[2013-02-17 15:34:45 #8 type] 
Type DecompressedMatrix is not enhanced.

[2013-02-17 15:34:45 #9 type] 
Type DocumentWordVector is not enhanced.

------------------------------------------------------------------------------------------------------------------------

[2013-02-17 17:54:40 #1 store] 
Database 'D:\Dropbox\Thesis\GitHub\Web-Services-Indexing-In-P2P\database\objectdb\web_services_clusterer.odb' has been recovered (tr. 53679-56722)

[2013-02-17 17:54:40 #2 store] 
Database 'D:\Dropbox\Thesis\GitHub\Web-Services-Indexing-In-P2P\database\objectdb\web_services_clusterer.odb' is opened by 2588@Billakos-PC

[2013-02-17 17:54:40 #3 type] 
Type FunctionWord is not enhanced.

[2013-02-17 17:54:40 #4 type] 
Type GeneralComputingWord is not enhanced.

[2013-02-17 17:54:40 #5 type] 
Type WordHits is not enhanced.

[2013-02-17 17:54:40 #6 type] 
Type QualityFactor is not enhanced.

[2013-02-17 17:54:40 #7 type] 
Type WebServicesCluster is not enhanced.

[2013-02-17 17:54:40 #8 type] 
Type DecompressedMatrix is not enhanced.

[2013-02-17 17:54:40 #9 type] 
Type DocumentWordVector is not enhanced.

------------------------------------------------------------------------------------------------------------------------

[2013-02-17 17:56:52 #1 store] 
Database 'D:\Dropbox\Thesis\GitHub\Web-Services-Indexing-In-P2P\database\objectdb\web_services_clusterer.odb' has been recovered (tr. 56724-59767)

[2013-02-17 17:56:52 #2 store] 
Database 'D:\Dropbox\Thesis\GitHub\Web-Services-Indexing-In-P2P\database\objectdb\web_services_clusterer.odb' is opened by 5280@Billakos-PC

[2013-02-17 17:56:52 #3 type] 
Type FunctionWord is not enhanced.

[2013-02-17 17:56:52 #4 type] 
Type GeneralComputingWord is not enhanced.

[2013-02-17 17:56:52 #5 type] 
Type WordHits is not enhanced.

[2013-02-17 17:56:52 #6 type] 
Type QualityFactor is not enhanced.

[2013-02-17 17:56:52 #7 type] 
Type WebServicesCluster is not enhanced.

[2013-02-17 17:56:52 #8 type] 
Type DecompressedMatrix is not enhanced.

[2013-02-17 17:56:52 #9 type] 
Type DocumentWordVector is not enhanced.

------------------------------------------------------------------------------------------------------------------------

[2013-02-17 18:43:41 #1 store] 
Database 'D:\Dropbox\Thesis\GitHub\Web-Services-Indexing-In-P2P\database\objectdb\web_services_clusterer.odb' has been recovered (tr. 59769-62812)

[2013-02-17 18:43:41 #2 store] 
Database 'D:\Dropbox\Thesis\GitHub\Web-Services-Indexing-In-P2P\database\objectdb\web_services_clusterer.odb' is opened by 10416@Billakos-PC

[2013-02-17 18:43:42 #3 type] 
Type FunctionWord is not enhanced.

[2013-02-17 18:43:42 #4 type] 
Type GeneralComputingWord is not enhanced.

[2013-02-17 18:43:42 #5 type] 
Type WordHits is not enhanced.

[2013-02-17 18:43:42 #6 type] 
Type QualityFactor is not enhanced.

[2013-02-17 18:43:42 #7 type] 
Type WebServicesCluster is not enhanced.

[2013-02-17 18:43:42 #8 type] 
Type DecompressedMatrix is not enhanced.

[2013-02-17 18:43:42 #9 type] 
Type DocumentWordVector is not enhanced.

------------------------------------------------------------------------------------------------------------------------

[2013-02-17 19:36:02 #1 store] 
Database 'D:\Dropbox\Thesis\GitHub\Web-Services-Indexing-In-P2P\database\objectdb\web_services_clusterer.odb' has been recovered (tr. 62814-65857)

[2013-02-17 19:36:02 #2 store] 
Database 'D:\Dropbox\Thesis\GitHub\Web-Services-Indexing-In-P2P\database\objectdb\web_services_clusterer.odb' is opened by 11256@Billakos-PC

[2013-02-17 19:36:03 #3 type] 
Type FunctionWord is not enhanced.

[2013-02-17 19:36:03 #4 type] 
Type GeneralComputingWord is not enhanced.

[2013-02-17 19:36:03 #5 type] 
Type WordHits is not enhanced.

[2013-02-17 19:36:03 #6 type] 
Type QualityFactor is not enhanced.

[2013-02-17 19:36:03 #7 type] 
Type WebServicesCluster is not enhanced.

[2013-02-17 19:36:03 #8 type] 
Type DecompressedMatrix is not enhanced.

[2013-02-17 19:36:03 #9 type] 
Type DocumentWordVector is not enhanced.

------------------------------------------------------------------------------------------------------------------------

[2013-02-17 19:36:08 #1 store] 
Database 'D:\Dropbox\Thesis\GitHub\Web-Services-Indexing-In-P2P\database\objectdb\web_services_clusterer.odb' has been recovered (tr. 65859-65947)

[2013-02-17 19:36:08 #2 store] 
Database 'D:\Dropbox\Thesis\GitHub\Web-Services-Indexing-In-P2P\database\objectdb\web_services_clusterer.odb' is opened by 7388@Billakos-PC

[2013-02-17 19:36:09 #3 type] 
Type FunctionWord is not enhanced.

[2013-02-17 19:36:09 #4 type] 
Type GeneralComputingWord is not enhanced.

[2013-02-17 19:36:09 #5 type] 
Type WordHits is not enhanced.

[2013-02-17 19:36:09 #6 type] 
Type QualityFactor is not enhanced.

[2013-02-17 19:36:09 #7 type] 
Type WebServicesCluster is not enhanced.

[2013-02-17 19:36:09 #8 type] 
Type DecompressedMatrix is not enhanced.

[2013-02-17 19:36:09 #9 type] 
Type DocumentWordVector is not enhanced.

------------------------------------------------------------------------------------------------------------------------

[2013-02-17 19:40:32 #1 store] 
Database 'D:\Dropbox\Thesis\GitHub\Web-Services-Indexing-In-P2P\database\objectdb\web_services_clusterer.odb' has been recovered (tr. 65949-68992)

[2013-02-17 19:40:33 #2 store] 
Database 'D:\Dropbox\Thesis\GitHub\Web-Services-Indexing-In-P2P\database\objectdb\web_services_clusterer.odb' is opened by 7848@Billakos-PC

[2013-02-17 19:40:33 #3 type] 
Type FunctionWord is not enhanced.

[2013-02-17 19:40:33 #4 type] 
Type GeneralComputingWord is not enhanced.

[2013-02-17 19:40:33 #5 type] 
Type WordHits is not enhanced.

[2013-02-17 19:40:33 #6 type] 
Type QualityFactor is not enhanced.

[2013-02-17 19:40:33 #7 type] 
Type WebServicesCluster is not enhanced.

[2013-02-17 19:40:33 #8 type] 
Type DecompressedMatrix is not enhanced.

[2013-02-17 19:40:33 #9 type] 
Type DocumentWordVector is not enhanced.

------------------------------------------------------------------------------------------------------------------------

[2013-02-17 19:46:08 #1 store] 
Database 'D:\Dropbox\Thesis\GitHub\Web-Services-Indexing-In-P2P\database\objectdb\web_services_clusterer.odb' has been recovered (tr. 68994-72037)

[2013-02-17 19:46:08 #2 store] 
Database 'D:\Dropbox\Thesis\GitHub\Web-Services-Indexing-In-P2P\database\objectdb\web_services_clusterer.odb' is opened by 10340@Billakos-PC

[2013-02-17 19:46:09 #3 type] 
Type FunctionWord is not enhanced.

[2013-02-17 19:46:09 #4 type] 
Type GeneralComputingWord is not enhanced.

[2013-02-17 19:46:09 #5 type] 
Type WordHits is not enhanced.

[2013-02-17 19:46:09 #6 type] 
Type QualityFactor is not enhanced.

[2013-02-17 19:46:09 #7 type] 
Type WebServicesCluster is not enhanced.

[2013-02-17 19:46:09 #8 type] 
Type DecompressedMatrix is not enhanced.

[2013-02-17 19:46:09 #9 type] 
Type DocumentWordVector is not enhanced.

------------------------------------------------------------------------------------------------------------------------

[2013-02-17 20:33:37 #1 store] 
Database 'D:\Dropbox\Thesis\GitHub\Web-Services-Indexing-In-P2P\database\objectdb\web_services_clusterer.odb' has been recovered (tr. 72039-75082)

[2013-02-17 20:33:37 #2 store] 
Database 'D:\Dropbox\Thesis\GitHub\Web-Services-Indexing-In-P2P\database\objectdb\web_services_clusterer.odb' is opened by 9224@Billakos-PC

[2013-02-17 20:33:37 #3 type] 
Type FunctionWord is not enhanced.

[2013-02-17 20:33:37 #4 type] 
Type GeneralComputingWord is not enhanced.

[2013-02-17 20:33:37 #5 type] 
Type WordHits is not enhanced.

[2013-02-17 20:33:37 #6 type] 
Type QualityFactor is not enhanced.

[2013-02-17 20:33:37 #7 type] 
Type WebServicesCluster is not enhanced.

[2013-02-17 20:33:37 #8 type] 
Type DecompressedMatrix is not enhanced.

[2013-02-17 20:33:37 #9 type] 
Type DocumentWordVector is not enhanced.

------------------------------------------------------------------------------------------------------------------------

[2013-02-17 20:34:27 #1 store] 
Database 'D:\Dropbox\Thesis\GitHub\Web-Services-Indexing-In-P2P\database\objectdb\web_services_clusterer.odb' has been recovered (tr. 75083-77312)

[2013-02-17 20:34:28 #2 store] 
Database 'D:\Dropbox\Thesis\GitHub\Web-Services-Indexing-In-P2P\database\objectdb\web_services_clusterer.odb' is opened by 6100@Billakos-PC

[2013-02-17 20:34:28 #3 type] 
Type FunctionWord is not enhanced.

[2013-02-17 20:34:28 #4 type] 
Type GeneralComputingWord is not enhanced.

[2013-02-17 20:34:28 #5 type] 
Type WordHits is not enhanced.

[2013-02-17 20:34:28 #6 type] 
Type QualityFactor is not enhanced.

[2013-02-17 20:34:28 #7 type] 
Type WebServicesCluster is not enhanced.

[2013-02-17 20:34:28 #8 type] 
Type DecompressedMatrix is not enhanced.

[2013-02-17 20:34:28 #9 type] 
Type DocumentWordVector is not enhanced.

