------------------------------------------------------------------------------------------------------------------------

[2013-02-11 01:12:11 #1 store] 
Database 'D:\Dropbox\Thesis\GitHub\Web-Services-Indexing-In-P2P\database\objectdb\web_services_clusterer.odb' is opened by 7456@Billakos-PC

[2013-02-11 01:12:12 #2 type] 
Type FunctionWord is not enhanced.

[2013-02-11 01:12:12 #3 type] 
Type GeneralComputingWord is not enhanced.

[2013-02-11 01:12:12 #4 type] 
Type WordHits is not enhanced.

[2013-02-11 01:12:12 #5 type] 
Type QualityFactor is not enhanced.

[2013-02-11 01:12:12 #6 type] 
Type WebServicesCluster is not enhanced.

[2013-02-11 01:12:12 #7 type] 
Type DecompressedMatrix is not enhanced.

------------------------------------------------------------------------------------------------------------------------

[2013-02-11 01:12:53 #1 store] 
Database 'D:\Dropbox\Thesis\GitHub\Web-Services-Indexing-In-P2P\database\objectdb\web_services_clusterer.odb' is opened by 7404@Billakos-PC

[2013-02-11 01:12:53 #2 type] 
Type FunctionWord is not enhanced.

[2013-02-11 01:12:53 #3 type] 
Type GeneralComputingWord is not enhanced.

[2013-02-11 01:12:53 #4 type] 
Type WordHits is not enhanced.

[2013-02-11 01:12:53 #5 type] 
Type QualityFactor is not enhanced.

[2013-02-11 01:12:53 #6 type] 
Type WebServicesCluster is not enhanced.

[2013-02-11 01:12:53 #7 type] 
Type DecompressedMatrix is not enhanced.

------------------------------------------------------------------------------------------------------------------------

[2013-02-11 01:22:20 #1 store] 
Database 'D:\Dropbox\Thesis\GitHub\Web-Services-Indexing-In-P2P\database\objectdb\web_services_clusterer.odb' is opened by 1564@Billakos-PC

[2013-02-11 01:22:20 #2 type] 
Type FunctionWord is not enhanced.

[2013-02-11 01:22:20 #3 type] 
Type GeneralComputingWord is not enhanced.

[2013-02-11 01:22:20 #4 type] 
Type WordHits is not enhanced.

[2013-02-11 01:22:20 #5 type] 
Type QualityFactor is not enhanced.

[2013-02-11 01:22:20 #6 type] 
Type WebServicesCluster is not enhanced.

[2013-02-11 01:22:20 #7 type] 
Type DecompressedMatrix is not enhanced.

------------------------------------------------------------------------------------------------------------------------

[2013-02-11 01:41:06 #1 store] 
Database 'D:\Dropbox\Thesis\GitHub\Web-Services-Indexing-In-P2P\database\objectdb\web_services_clusterer.odb' is opened by 4896@Billakos-PC

[2013-02-11 01:41:07 #2 type] 
Type FunctionWord is not enhanced.

[2013-02-11 01:41:07 #3 type] 
Type GeneralComputingWord is not enhanced.

[2013-02-11 01:41:07 #4 type] 
Type WordHits is not enhanced.

[2013-02-11 01:41:07 #5 type] 
Type QualityFactor is not enhanced.

[2013-02-11 01:41:07 #6 type] 
Type WebServicesCluster is not enhanced.

[2013-02-11 01:41:07 #7 type] 
Type DecompressedMatrix is not enhanced.

------------------------------------------------------------------------------------------------------------------------

[2013-02-11 01:42:32 #1 store] 
Database 'D:\Dropbox\Thesis\GitHub\Web-Services-Indexing-In-P2P\database\objectdb\web_services_clusterer.odb' is opened by 6748@Billakos-PC

[2013-02-11 01:42:32 #2 type] 
Type FunctionWord is not enhanced.

[2013-02-11 01:42:32 #3 type] 
Type GeneralComputingWord is not enhanced.

[2013-02-11 01:42:32 #4 type] 
Type WordHits is not enhanced.

[2013-02-11 01:42:32 #5 type] 
Type QualityFactor is not enhanced.

[2013-02-11 01:42:32 #6 type] 
Type WebServicesCluster is not enhanced.

[2013-02-11 01:42:32 #7 type] 
Type DecompressedMatrix is not enhanced.

------------------------------------------------------------------------------------------------------------------------

[2013-02-11 01:56:43 #1 store] 
Database 'D:\Dropbox\Thesis\GitHub\Web-Services-Indexing-In-P2P\database\objectdb\web_services_clusterer.odb' is opened by 1056@Billakos-PC

[2013-02-11 01:56:43 #2 type] 
Type FunctionWord is not enhanced.

[2013-02-11 01:56:43 #3 type] 
Type GeneralComputingWord is not enhanced.

[2013-02-11 01:56:43 #4 type] 
Type WordHits is not enhanced.

[2013-02-11 01:56:43 #5 type] 
Type QualityFactor is not enhanced.

[2013-02-11 01:56:43 #6 type] 
Type WebServicesCluster is not enhanced.

[2013-02-11 01:56:43 #7 type] 
Type DecompressedMatrix is not enhanced.

------------------------------------------------------------------------------------------------------------------------

[2013-02-11 02:08:35 #1 store] 
Database 'D:\Dropbox\Thesis\GitHub\Web-Services-Indexing-In-P2P\database\objectdb\web_services_clusterer.odb' is opened by 6452@Billakos-PC

[2013-02-11 02:08:35 #2 type] 
Type FunctionWord is not enhanced.

[2013-02-11 02:08:35 #3 type] 
Type GeneralComputingWord is not enhanced.

[2013-02-11 02:08:35 #4 type] 
Type WordHits is not enhanced.

[2013-02-11 02:08:35 #5 type] 
Type QualityFactor is not enhanced.

[2013-02-11 02:08:35 #6 type] 
Type WebServicesCluster is not enhanced.

[2013-02-11 02:08:35 #7 type] 
Type DecompressedMatrix is not enhanced.

------------------------------------------------------------------------------------------------------------------------

[2013-02-11 02:15:41 #1 store] 
Database 'D:\Dropbox\Thesis\GitHub\Web-Services-Indexing-In-P2P\database\objectdb\web_services_clusterer.odb' is opened by 6536@Billakos-PC

[2013-02-11 02:15:41 #2 type] 
Type FunctionWord is not enhanced.

[2013-02-11 02:15:41 #3 type] 
Type GeneralComputingWord is not enhanced.

[2013-02-11 02:15:41 #4 type] 
Type WordHits is not enhanced.

[2013-02-11 02:15:41 #5 type] 
Type QualityFactor is not enhanced.

[2013-02-11 02:15:41 #6 type] 
Type WebServicesCluster is not enhanced.

[2013-02-11 02:15:41 #7 type] 
Type DecompressedMatrix is not enhanced.

------------------------------------------------------------------------------------------------------------------------

[2013-02-11 02:17:57 #1 store] 
Database 'D:\Dropbox\Thesis\GitHub\Web-Services-Indexing-In-P2P\database\objectdb\web_services_clusterer.odb' is opened by 3584@Billakos-PC

[2013-02-11 02:17:57 #2 type] 
Type FunctionWord is not enhanced.

[2013-02-11 02:17:57 #3 type] 
Type GeneralComputingWord is not enhanced.

[2013-02-11 02:17:57 #4 type] 
Type WordHits is not enhanced.

[2013-02-11 02:17:57 #5 type] 
Type QualityFactor is not enhanced.

[2013-02-11 02:17:57 #6 type] 
Type WebServicesCluster is not enhanced.

[2013-02-11 02:17:57 #7 type] 
Type DecompressedMatrix is not enhanced.

------------------------------------------------------------------------------------------------------------------------

[2013-02-11 10:22:36 #1 store] 
Database 'C:\Users\Billly\Dropbox\Thesis\GitHub\Web-Services-Indexing-In-P2P\database\objectdb\web_services_clusterer.odb' has been recovered (tr. 832-834)

[2013-02-11 10:22:37 #2 store] 
Database 'C:\Users\Billly\Dropbox\Thesis\GitHub\Web-Services-Indexing-In-P2P\database\objectdb\web_services_clusterer.odb' is opened by 5764@Lab-PC

[2013-02-11 10:22:37 #3 type] 
Type FunctionWord is not enhanced.

[2013-02-11 10:22:37 #4 type] 
Type GeneralComputingWord is not enhanced.

[2013-02-11 10:22:37 #5 type] 
Type WordHits is not enhanced.

[2013-02-11 10:22:37 #6 type] 
Type QualityFactor is not enhanced.

[2013-02-11 10:22:37 #7 type] 
Type WebServicesCluster is not enhanced.

[2013-02-11 10:22:37 #8 type] 
Type DecompressedMatrix is not enhanced.

------------------------------------------------------------------------------------------------------------------------

[2013-02-11 10:30:28 #1 store] 
Database 'C:\Users\Billly\Dropbox\Thesis\GitHub\Web-Services-Indexing-In-P2P\database\objectdb\web_services_clusterer.odb' has been recovered (tr. 837-839)

[2013-02-11 10:30:28 #2 store] 
Database 'C:\Users\Billly\Dropbox\Thesis\GitHub\Web-Services-Indexing-In-P2P\database\objectdb\web_services_clusterer.odb' is opened by 5536@Lab-PC

[2013-02-11 10:30:29 #3 type] 
Type FunctionWord is not enhanced.

[2013-02-11 10:30:29 #4 type] 
Type GeneralComputingWord is not enhanced.

[2013-02-11 10:30:29 #5 type] 
Type WordHits is not enhanced.

[2013-02-11 10:30:29 #6 type] 
Type QualityFactor is not enhanced.

[2013-02-11 10:30:29 #7 type] 
Type WebServicesCluster is not enhanced.

[2013-02-11 10:30:29 #8 type] 
Type DecompressedMatrix is not enhanced.

------------------------------------------------------------------------------------------------------------------------

[2013-02-11 23:31:39 #1 store] 
Database 'D:\Dropbox\Thesis\GitHub\Web-Services-Indexing-In-P2P\database\objectdb\web_services_clusterer.odb' has been recovered (tr. 842-844)

[2013-02-11 23:31:39 #2 store] 
Database 'D:\Dropbox\Thesis\GitHub\Web-Services-Indexing-In-P2P\database\objectdb\web_services_clusterer.odb' is opened by 6308@Billakos-PC

[2013-02-11 23:42:12 #3 store] 
Database 'D:\Dropbox\Thesis\GitHub\Web-Services-Indexing-In-P2P\database\objectdb\web_services_clusterer.odb' is closed by 6308@Billakos-PC

------------------------------------------------------------------------------------------------------------------------

[2013-02-11 23:43:14 #1 store] 
Database 'D:\Dropbox\Thesis\GitHub\Web-Services-Indexing-In-P2P\database\objectdb\web_services_clusterer.odb' is opened by 3112@Billakos-PC

[2013-02-11 23:43:14 #2 type] 
Type FunctionWord is not enhanced.

[2013-02-11 23:43:14 #3 type] 
Type GeneralComputingWord is not enhanced.

[2013-02-11 23:43:14 #4 type] 
Type WordHits is not enhanced.

[2013-02-11 23:43:14 #5 type] 
Type QualityFactor is not enhanced.

[2013-02-11 23:43:14 #6 type] 
Type WebServicesCluster is not enhanced.

[2013-02-11 23:43:14 #7 type] 
Type DecompressedMatrix is not enhanced.

[2013-02-11 23:43:15 #8 type] 
Type DocumentWordVector is not enhanced.

[2013-02-11 23:43:58 #4 store] 
Database 'D:\Dropbox\Thesis\GitHub\Web-Services-Indexing-In-P2P\database\objectdb\web_services_clusterer.odb' has been recovered (tr. 845-845)

[2013-02-11 23:43:58 #5 store] 
Database 'D:\Dropbox\Thesis\GitHub\Web-Services-Indexing-In-P2P\database\objectdb\web_services_clusterer.odb' is opened by 6308@Billakos-PC

[2013-02-11 23:44:58 #6 store] 
Database 'D:\Dropbox\Thesis\GitHub\Web-Services-Indexing-In-P2P\database\objectdb\web_services_clusterer.odb' is closed by 6308@Billakos-PC

------------------------------------------------------------------------------------------------------------------------

[2013-02-11 23:45:01 #1 store] 
Database 'D:\Dropbox\Thesis\GitHub\Web-Services-Indexing-In-P2P\database\objectdb\web_services_clusterer.odb' is opened by 6928@Billakos-PC

[2013-02-11 23:45:01 #2 type] 
Type FunctionWord is not enhanced.

[2013-02-11 23:45:01 #3 type] 
Type GeneralComputingWord is not enhanced.

[2013-02-11 23:45:01 #4 type] 
Type WordHits is not enhanced.

[2013-02-11 23:45:01 #5 type] 
Type QualityFactor is not enhanced.

[2013-02-11 23:45:01 #6 type] 
Type WebServicesCluster is not enhanced.

[2013-02-11 23:45:01 #7 type] 
Type DecompressedMatrix is not enhanced.

[2013-02-11 23:45:01 #8 type] 
Type DocumentWordVector is not enhanced.

------------------------------------------------------------------------------------------------------------------------

[2013-02-11 23:45:21 #1 store] 
Database 'D:\Dropbox\Thesis\GitHub\Web-Services-Indexing-In-P2P\database\objectdb\web_services_clusterer.odb' is opened by 5736@Billakos-PC

[2013-02-11 23:45:21 #2 type] 
Type FunctionWord is not enhanced.

[2013-02-11 23:45:21 #3 type] 
Type GeneralComputingWord is not enhanced.

[2013-02-11 23:45:21 #4 type] 
Type WordHits is not enhanced.

[2013-02-11 23:45:21 #5 type] 
Type QualityFactor is not enhanced.

[2013-02-11 23:45:21 #6 type] 
Type WebServicesCluster is not enhanced.

[2013-02-11 23:45:21 #7 type] 
Type DecompressedMatrix is not enhanced.

[2013-02-11 23:45:21 #8 type] 
Type DocumentWordVector is not enhanced.

------------------------------------------------------------------------------------------------------------------------

[2013-02-11 23:45:46 #1 store] 
Database 'D:\Dropbox\Thesis\GitHub\Web-Services-Indexing-In-P2P\database\objectdb\web_services_clusterer.odb' is opened by 6712@Billakos-PC

[2013-02-11 23:45:46 #2 type] 
Type FunctionWord is not enhanced.

[2013-02-11 23:45:46 #3 type] 
Type GeneralComputingWord is not enhanced.

[2013-02-11 23:45:46 #4 type] 
Type WordHits is not enhanced.

[2013-02-11 23:45:46 #5 type] 
Type QualityFactor is not enhanced.

[2013-02-11 23:45:46 #6 type] 
Type WebServicesCluster is not enhanced.

[2013-02-11 23:45:46 #7 type] 
Type DecompressedMatrix is not enhanced.

[2013-02-11 23:45:46 #8 type] 
Type DocumentWordVector is not enhanced.

------------------------------------------------------------------------------------------------------------------------

[2013-02-11 23:46:35 #1 store] 
Database 'D:\Dropbox\Thesis\GitHub\Web-Services-Indexing-In-P2P\database\objectdb\web_services_clusterer.odb' is opened by 4888@Billakos-PC

[2013-02-11 23:46:35 #2 type] 
Type FunctionWord is not enhanced.

[2013-02-11 23:46:35 #3 type] 
Type GeneralComputingWord is not enhanced.

[2013-02-11 23:46:35 #4 type] 
Type WordHits is not enhanced.

[2013-02-11 23:46:35 #5 type] 
Type QualityFactor is not enhanced.

[2013-02-11 23:46:35 #6 type] 
Type WebServicesCluster is not enhanced.

[2013-02-11 23:46:35 #7 type] 
Type DecompressedMatrix is not enhanced.

[2013-02-11 23:46:35 #8 type] 
Type DocumentWordVector is not enhanced.

[2013-02-11 23:46:51 #7 store] 
Database 'D:\Dropbox\Thesis\GitHub\Web-Services-Indexing-In-P2P\database\objectdb\web_services_clusterer.odb' has been recovered (tr. 846-846)

[2013-02-11 23:46:51 #8 store] 
Database 'D:\Dropbox\Thesis\GitHub\Web-Services-Indexing-In-P2P\database\objectdb\web_services_clusterer.odb' is opened by 6308@Billakos-PC

[2013-02-11 23:47:29 #9 store] 
Database 'D:\Dropbox\Thesis\GitHub\Web-Services-Indexing-In-P2P\database\objectdb\web_services_clusterer.odb' is closed by 6308@Billakos-PC

------------------------------------------------------------------------------------------------------------------------

[2013-02-11 23:47:31 #1 store] 
Database 'D:\Dropbox\Thesis\GitHub\Web-Services-Indexing-In-P2P\database\objectdb\web_services_clusterer.odb' is opened by 4592@Billakos-PC

[2013-02-11 23:47:31 #2 type] 
Type FunctionWord is not enhanced.

[2013-02-11 23:47:31 #3 type] 
Type GeneralComputingWord is not enhanced.

[2013-02-11 23:47:31 #4 type] 
Type WordHits is not enhanced.

[2013-02-11 23:47:31 #5 type] 
Type QualityFactor is not enhanced.

[2013-02-11 23:47:31 #6 type] 
Type WebServicesCluster is not enhanced.

[2013-02-11 23:47:31 #7 type] 
Type DecompressedMatrix is not enhanced.

[2013-02-11 23:47:31 #8 type] 
Type DocumentWordVector is not enhanced.

------------------------------------------------------------------------------------------------------------------------

[2013-02-11 23:47:48 #1 store] 
Database 'D:\Dropbox\Thesis\GitHub\Web-Services-Indexing-In-P2P\database\objectdb\web_services_clusterer.odb' is opened by 6756@Billakos-PC

[2013-02-11 23:47:48 #2 type] 
Type FunctionWord is not enhanced.

[2013-02-11 23:47:48 #3 type] 
Type GeneralComputingWord is not enhanced.

[2013-02-11 23:47:48 #4 type] 
Type WordHits is not enhanced.

[2013-02-11 23:47:48 #5 type] 
Type QualityFactor is not enhanced.

[2013-02-11 23:47:48 #6 type] 
Type WebServicesCluster is not enhanced.

[2013-02-11 23:47:48 #7 type] 
Type DecompressedMatrix is not enhanced.

[2013-02-11 23:47:48 #8 type] 
Type DocumentWordVector is not enhanced.

------------------------------------------------------------------------------------------------------------------------

[2013-02-11 23:48:05 #1 store] 
Database 'D:\Dropbox\Thesis\GitHub\Web-Services-Indexing-In-P2P\database\objectdb\web_services_clusterer.odb' is opened by 6532@Billakos-PC

[2013-02-11 23:48:05 #2 type] 
Type FunctionWord is not enhanced.

[2013-02-11 23:48:05 #3 type] 
Type GeneralComputingWord is not enhanced.

[2013-02-11 23:48:05 #4 type] 
Type WordHits is not enhanced.

[2013-02-11 23:48:05 #5 type] 
Type QualityFactor is not enhanced.

[2013-02-11 23:48:05 #6 type] 
Type WebServicesCluster is not enhanced.

[2013-02-11 23:48:05 #7 type] 
Type DecompressedMatrix is not enhanced.

[2013-02-11 23:48:05 #8 type] 
Type DocumentWordVector is not enhanced.

------------------------------------------------------------------------------------------------------------------------

[2013-02-11 23:48:50 #1 store] 
Database 'D:\Dropbox\Thesis\GitHub\Web-Services-Indexing-In-P2P\database\objectdb\web_services_clusterer.odb' is opened by 4300@Billakos-PC

[2013-02-11 23:48:50 #2 type] 
Type FunctionWord is not enhanced.

[2013-02-11 23:48:50 #3 type] 
Type GeneralComputingWord is not enhanced.

[2013-02-11 23:48:50 #4 type] 
Type WordHits is not enhanced.

[2013-02-11 23:48:50 #5 type] 
Type QualityFactor is not enhanced.

[2013-02-11 23:48:50 #6 type] 
Type WebServicesCluster is not enhanced.

[2013-02-11 23:48:50 #7 type] 
Type DecompressedMatrix is not enhanced.

[2013-02-11 23:48:50 #8 type] 
Type DocumentWordVector is not enhanced.

[2013-02-11 23:49:11 #10 store] 
Database 'D:\Dropbox\Thesis\GitHub\Web-Services-Indexing-In-P2P\database\objectdb\web_services_clusterer.odb' has been recovered (tr. 848-864)

[2013-02-11 23:49:11 #11 store] 
Database 'D:\Dropbox\Thesis\GitHub\Web-Services-Indexing-In-P2P\database\objectdb\web_services_clusterer.odb' is opened by 6308@Billakos-PC

[2013-02-11 23:49:19 #12 store] 
Database 'D:\Dropbox\Thesis\GitHub\Web-Services-Indexing-In-P2P\database\objectdb\web_services_clusterer.odb' is closed by 6308@Billakos-PC

------------------------------------------------------------------------------------------------------------------------

[2013-02-11 23:49:49 #1 store] 
Database 'D:\Dropbox\Thesis\GitHub\Web-Services-Indexing-In-P2P\database\objectdb\web_services_clusterer.odb' is opened by 4084@Billakos-PC

[2013-02-11 23:49:49 #2 type] 
Type FunctionWord is not enhanced.

[2013-02-11 23:49:49 #3 type] 
Type GeneralComputingWord is not enhanced.

[2013-02-11 23:49:49 #4 type] 
Type WordHits is not enhanced.

[2013-02-11 23:49:49 #5 type] 
Type QualityFactor is not enhanced.

[2013-02-11 23:49:49 #6 type] 
Type WebServicesCluster is not enhanced.

[2013-02-11 23:49:49 #7 type] 
Type DecompressedMatrix is not enhanced.

[2013-02-11 23:49:49 #8 type] 
Type DocumentWordVector is not enhanced.

