------------------------------------------------------------------------------------------------------------------------

[2013-01-29 08:23:52 #1 store] 
Database 'D:\Dropbox\Thesis\GitHub\Web-Services-Indexing-In-P2P\database\objectdb\web_services_clusterer.odb' is opened by 10652@Billakos-PC

[2013-01-29 08:23:52 #2 type] 
Type FunctionWord is not enhanced.

[2013-01-29 08:23:52 #3 type] 
Type GeneralComputingWord is not enhanced.

[2013-01-29 08:23:52 #4 type] 
Type WordHits is not enhanced.

[2013-01-29 08:23:52 #5 type] 
Type QualityFactor is not enhanced.

[2013-01-29 08:23:52 #6 type] 
Type WebServicesCluster is not enhanced.

------------------------------------------------------------------------------------------------------------------------

[2013-01-29 08:25:34 #1 store] 
Database 'D:\Dropbox\Thesis\GitHub\Web-Services-Indexing-In-P2P\database\objectdb\web_services_clusterer.odb' is opened by 5540@Billakos-PC

[2013-01-29 08:25:34 #2 type] 
Type FunctionWord is not enhanced.

[2013-01-29 08:25:34 #3 type] 
Type GeneralComputingWord is not enhanced.

[2013-01-29 08:25:34 #4 type] 
Type WordHits is not enhanced.

[2013-01-29 08:25:34 #5 type] 
Type QualityFactor is not enhanced.

[2013-01-29 08:25:34 #6 type] 
Type WebServicesCluster is not enhanced.

------------------------------------------------------------------------------------------------------------------------

[2013-01-29 08:27:03 #1 store] 
Database 'D:\Dropbox\Thesis\GitHub\Web-Services-Indexing-In-P2P\database\objectdb\web_services_clusterer.odb' has been recovered (tr. 87-133)

[2013-01-29 08:27:03 #2 store] 
Database 'D:\Dropbox\Thesis\GitHub\Web-Services-Indexing-In-P2P\database\objectdb\web_services_clusterer.odb' is opened by 9928@Billakos-PC

[2013-01-29 08:27:03 #3 type] 
Type FunctionWord is not enhanced.

[2013-01-29 08:27:03 #4 type] 
Type GeneralComputingWord is not enhanced.

[2013-01-29 08:27:03 #5 type] 
Type WordHits is not enhanced.

[2013-01-29 08:27:03 #6 type] 
Type QualityFactor is not enhanced.

[2013-01-29 08:27:03 #7 type] 
Type WebServicesCluster is not enhanced.

------------------------------------------------------------------------------------------------------------------------

[2013-01-29 08:37:31 #1 store] 
Database 'D:\Dropbox\Thesis\GitHub\Web-Services-Indexing-In-P2P\database\objectdb\web_services_clusterer.odb' has been recovered (tr. 134-539)

[2013-01-29 08:37:31 #2 store] 
Database 'D:\Dropbox\Thesis\GitHub\Web-Services-Indexing-In-P2P\database\objectdb\web_services_clusterer.odb' is opened by 8084@Billakos-PC

[2013-01-29 08:37:31 #3 type] 
Type FunctionWord is not enhanced.

[2013-01-29 08:37:31 #4 type] 
Type GeneralComputingWord is not enhanced.

[2013-01-29 08:37:31 #5 type] 
Type WordHits is not enhanced.

[2013-01-29 08:37:31 #6 type] 
Type QualityFactor is not enhanced.

[2013-01-29 08:37:31 #7 type] 
Type WebServicesCluster is not enhanced.

------------------------------------------------------------------------------------------------------------------------

[2013-01-29 09:50:21 #1 store] 
Database 'C:\Users\Billly\Dropbox\Thesis\GitHub\Web-Services-Indexing-In-P2P\database\objectdb\web_services_clusterer.odb' has been recovered (tr. 540-771)

[2013-01-29 09:50:21 #2 store] 
Database 'C:\Users\Billly\Dropbox\Thesis\GitHub\Web-Services-Indexing-In-P2P\database\objectdb\web_services_clusterer.odb' is opened by 1648@Lab-PC

[2013-01-29 09:50:21 #3 type] 
Type FunctionWord is not enhanced.

[2013-01-29 09:50:21 #4 type] 
Type GeneralComputingWord is not enhanced.

[2013-01-29 09:50:21 #5 type] 
Type WordHits is not enhanced.

[2013-01-29 09:50:21 #6 type] 
Type QualityFactor is not enhanced.

[2013-01-29 09:50:21 #7 type] 
Type WebServicesCluster is not enhanced.

------------------------------------------------------------------------------------------------------------------------

[2013-01-29 15:38:23 #1 store] 
Database 'C:\Users\Billly\Dropbox\Thesis\GitHub\Web-Services-Indexing-In-P2P\database\objectdb\web_services_clusterer.odb' has been recovered (tr. 772-773)

[2013-01-29 15:38:23 #2 store] 
Database 'C:\Users\Billly\Dropbox\Thesis\GitHub\Web-Services-Indexing-In-P2P\database\objectdb\web_services_clusterer.odb' is opened by 3560@Lab-PC

[2013-01-29 15:38:23 #3 type] 
Type FunctionWord is not enhanced.

[2013-01-29 15:38:23 #4 type] 
Type GeneralComputingWord is not enhanced.

[2013-01-29 15:38:23 #5 type] 
Type WordHits is not enhanced.

[2013-01-29 15:38:23 #6 type] 
Type QualityFactor is not enhanced.

[2013-01-29 15:38:23 #7 type] 
Type WebServicesCluster is not enhanced.

