------------------------------------------------------------------------------------------------------------------------

[2013-01-27 13:44:09 #1 store] 
Database 'D:\Dropbox\Thesis\GitHub\Web-Services-Indexing-In-P2P\libs\objectdb-2.4.6_01\db\similarity_factors.odb' is opened by 6928@Billakos-PC

[2013-01-27 13:44:31 #2 type] 
Type QualityFactor is not enhanced.

------------------------------------------------------------------------------------------------------------------------

[2013-01-27 13:45:20 #1 store] 
Database 'D:\Dropbox\Thesis\GitHub\Web-Services-Indexing-In-P2P\libs\objectdb-2.4.6_01\db\similarity_factors.odb' has been recovered (tr. 1-2022)

[2013-01-27 13:45:21 #2 store] 
Database 'D:\Dropbox\Thesis\GitHub\Web-Services-Indexing-In-P2P\libs\objectdb-2.4.6_01\db\similarity_factors.odb' is opened by 5492@Billakos-PC

------------------------------------------------------------------------------------------------------------------------

[2013-01-27 13:47:17 #1 explorer] 
[ObjectDB 2.4.6_01] javax.persistence.PersistenceException
Attempt to open a database file 'D:\Dropbox\Thesis\GitHub\Web-Services-Indexing-In-P2P\libs\objectdb-2.4.6_01\db\similarity_factors.odb' that is currently in use by another process (error 141)
	at com.objectdb.Explorer$1.run(Explorer.java:56)
	at java.awt.event.InvocationEvent.dispatch(Unknown Source)
	at java.awt.EventQueue.dispatchEventImpl(Unknown Source)
	at java.awt.EventQueue.access$200(Unknown Source)
	at java.awt.EventQueue$3.run(Unknown Source)
	at java.awt.EventQueue$3.run(Unknown Source)
	at java.security.AccessController.doPrivileged(Native Method)
	at java.security.ProtectionDomain$1.doIntersectionPrivilege(Unknown Source)
	at java.awt.EventQueue.dispatchEvent(Unknown Source)
	at java.awt.EventDispatchThread.pumpOneEventForFilters(Unknown Source)
	at java.awt.EventDispatchThread.pumpEventsForFilter(Unknown Source)
	at java.awt.EventDispatchThread.pumpEventsForHierarchy(Unknown Source)
	at java.awt.EventDispatchThread.pumpEvents(Unknown Source)
	at java.awt.EventDispatchThread.pumpEvents(Unknown Source)
	at java.awt.EventDispatchThread.run(Unknown Source)
Caused by: com.objectdb.o.UserException: Attempt to open a database file 'D:\Dropbox\Thesis\GitHub\Web-Services-Indexing-In-P2P\libs\objectdb-2.4.6_01\db\similarity_factors.odb' that is currently in use by another process
	at com.objectdb.o.MSG.d(MSG.java:61)
	at com.objectdb.o.LFL.O(LFL.java:913)
	at com.objectdb.o.LFL.I(LFL.java:859)
	at com.objectdb.o.LFL.I(LFL.java:769)
	at com.objectdb.o.SFL.<init>(SFL.java:226)
	at com.objectdb.o.MST.<init>(MST.java:109)
	at com.objectdb.o.MST.aI(MST.java:94)
	at com.objectdb.o.MSF.UK(MSF.java:178)
	at com.objectdb.o.OMF.am(OMF.java:758)
	at com.objectdb.jpa.EMF.am(EMF.java:232)
	at com.objectdb.o.OMF.al(OMF.java:699)
	at com.objectdb.jpa.EMF.createEntityManager(EMF.java:250)
	... 17 more

[2013-01-27 13:47:24 #3 store] 
Database 'D:\Dropbox\Thesis\GitHub\Web-Services-Indexing-In-P2P\libs\objectdb-2.4.6_01\db\similarity_factors.odb' is closed by 5492@Billakos-PC

------------------------------------------------------------------------------------------------------------------------

[2013-01-27 13:47:26 #1 store] 
Database 'D:\Dropbox\Thesis\GitHub\Web-Services-Indexing-In-P2P\libs\objectdb-2.4.6_01\db\similarity_factors.odb' is opened by 3744@Billakos-PC

------------------------------------------------------------------------------------------------------------------------

[2013-01-27 16:28:17 #1 store] 
Database 'D:\Dropbox\Thesis\GitHub\Web-Services-Indexing-In-P2P\libs\objectdb-2.4.6_01\db\similarity_factors.odb' is opened by 5308@Billakos-PC

[2013-01-27 16:28:18 #2 type] 
Type QualityFactor is not enhanced.

------------------------------------------------------------------------------------------------------------------------

[2013-01-27 16:29:32 #1 explorer] 
[ObjectDB 2.4.6_01] javax.persistence.PersistenceException
Attempt to open a database file 'D:\Dropbox\Thesis\GitHub\Web-Services-Indexing-In-P2P\libs\objectdb-2.4.6_01\db\similarity_factors.odb' that is currently in use by another process (error 141)
	at com.objectdb.Explorer$1.run(Explorer.java:56)
	at java.awt.event.InvocationEvent.dispatch(Unknown Source)
	at java.awt.EventQueue.dispatchEventImpl(Unknown Source)
	at java.awt.EventQueue.access$200(Unknown Source)
	at java.awt.EventQueue$3.run(Unknown Source)
	at java.awt.EventQueue$3.run(Unknown Source)
	at java.security.AccessController.doPrivileged(Native Method)
	at java.security.ProtectionDomain$1.doIntersectionPrivilege(Unknown Source)
	at java.awt.EventQueue.dispatchEvent(Unknown Source)
	at java.awt.EventDispatchThread.pumpOneEventForFilters(Unknown Source)
	at java.awt.EventDispatchThread.pumpEventsForFilter(Unknown Source)
	at java.awt.EventDispatchThread.pumpEventsForHierarchy(Unknown Source)
	at java.awt.EventDispatchThread.pumpEvents(Unknown Source)
	at java.awt.EventDispatchThread.pumpEvents(Unknown Source)
	at java.awt.EventDispatchThread.run(Unknown Source)
Caused by: com.objectdb.o.UserException: Attempt to open a database file 'D:\Dropbox\Thesis\GitHub\Web-Services-Indexing-In-P2P\libs\objectdb-2.4.6_01\db\similarity_factors.odb' that is currently in use by another process
	at com.objectdb.o.MSG.d(MSG.java:61)
	at com.objectdb.o.LFL.O(LFL.java:913)
	at com.objectdb.o.LFL.I(LFL.java:859)
	at com.objectdb.o.LFL.I(LFL.java:769)
	at com.objectdb.o.SFL.<init>(SFL.java:226)
	at com.objectdb.o.MST.<init>(MST.java:109)
	at com.objectdb.o.MST.aI(MST.java:94)
	at com.objectdb.o.MSF.UK(MSF.java:178)
	at com.objectdb.o.OMF.am(OMF.java:758)
	at com.objectdb.jpa.EMF.am(EMF.java:232)
	at com.objectdb.o.OMF.al(OMF.java:699)
	at com.objectdb.jpa.EMF.createEntityManager(EMF.java:250)
	... 17 more

------------------------------------------------------------------------------------------------------------------------

[2013-01-27 16:29:48 #1 store] 
Database 'D:\Dropbox\Thesis\GitHub\Web-Services-Indexing-In-P2P\libs\objectdb-2.4.6_01\db\similarity_factors.odb' is opened by 6536@Billakos-PC

[2013-01-27 16:29:49 #2 type] 
Type QualityFactor is not enhanced.

------------------------------------------------------------------------------------------------------------------------

[2013-01-27 16:33:15 #1 store] 
Database 'D:\Dropbox\Thesis\GitHub\Web-Services-Indexing-In-P2P\libs\objectdb-2.4.6_01\db\similarity_factors.odb' has been recovered (tr. 2024-4043)

[2013-01-27 16:33:15 #2 store] 
Database 'D:\Dropbox\Thesis\GitHub\Web-Services-Indexing-In-P2P\libs\objectdb-2.4.6_01\db\similarity_factors.odb' is opened by 2652@Billakos-PC

[2013-01-27 16:33:15 #3 type] 
Type QualityFactor is not enhanced.

------------------------------------------------------------------------------------------------------------------------

[2013-01-27 16:35:57 #1 store] 
Database 'D:\Dropbox\Thesis\GitHub\Web-Services-Indexing-In-P2P\libs\objectdb-2.4.6_01\db\similarity_factors.odb' has been recovered (tr. 4044-6062)

[2013-01-27 16:35:57 #2 store] 
Database 'D:\Dropbox\Thesis\GitHub\Web-Services-Indexing-In-P2P\libs\objectdb-2.4.6_01\db\similarity_factors.odb' is opened by 6404@Billakos-PC

[2013-01-27 16:35:57 #3 type] 
Type QualityFactor is not enhanced.

[2013-01-27 16:35:57 #4 type] 
Type WebServicesCluster is not enhanced.

------------------------------------------------------------------------------------------------------------------------

[2013-01-27 16:37:17 #1 store] 
Database 'D:\Dropbox\Thesis\GitHub\Web-Services-Indexing-In-P2P\libs\objectdb-2.4.6_01\db\similarity_factors.odb' has been recovered (tr. 6063-8085)

[2013-01-27 16:37:18 #2 store] 
Database 'D:\Dropbox\Thesis\GitHub\Web-Services-Indexing-In-P2P\libs\objectdb-2.4.6_01\db\similarity_factors.odb' is opened by 6500@Billakos-PC

[2013-01-27 16:39:31 #3 store] 
Database 'D:\Dropbox\Thesis\GitHub\Web-Services-Indexing-In-P2P\libs\objectdb-2.4.6_01\db\similarity_factors.odb' is closed by 6500@Billakos-PC

[2013-01-27 16:39:31 #4 store] 
Database 'D:\Dropbox\Thesis\GitHub\Web-Services-Indexing-In-P2P\libs\objectdb-2.4.6_01\db\similarity_factors.odb' is opened by 6500@Billakos-PC

[2013-01-27 16:42:23 #5 store] 
Database 'D:\Dropbox\Thesis\GitHub\Web-Services-Indexing-In-P2P\libs\objectdb-2.4.6_01\db\similarity_factors.odb' is closed by 6500@Billakos-PC

------------------------------------------------------------------------------------------------------------------------

[2013-01-27 16:44:28 #1 store] 
Database 'D:\Dropbox\Thesis\GitHub\Web-Services-Indexing-In-P2P\libs\objectdb-2.4.6_01\db\similarity_factors.odb' is opened by 684@Billakos-PC

[2013-01-27 16:44:28 #2 type] 
Type QualityFactor is not enhanced.

[2013-01-27 16:44:28 #3 type] 
Type WebServicesCluster is not enhanced.

------------------------------------------------------------------------------------------------------------------------

[2013-01-27 16:44:56 #1 store] 
Database 'D:\Dropbox\Thesis\GitHub\Web-Services-Indexing-In-P2P\libs\objectdb-2.4.6_01\db\similarity_factors.odb' is opened by 4440@Billakos-PC

[2013-01-27 16:46:28 #2 store] 
Database 'D:\Dropbox\Thesis\GitHub\Web-Services-Indexing-In-P2P\libs\objectdb-2.4.6_01\db\similarity_factors.odb' is closed by 4440@Billakos-PC

------------------------------------------------------------------------------------------------------------------------

[2013-01-27 16:46:34 #1 store] 
Database 'D:\Dropbox\Thesis\GitHub\Web-Services-Indexing-In-P2P\libs\objectdb-2.4.6_01\db\similarity_factors.odb' is opened by 3816@Billakos-PC

[2013-01-27 16:46:34 #2 type] 
Type QualityFactor is not enhanced.

[2013-01-27 16:46:34 #3 type] 
Type WebServicesCluster is not enhanced.

------------------------------------------------------------------------------------------------------------------------

[2013-01-27 16:46:54 #1 store] 
Database 'D:\Dropbox\Thesis\GitHub\Web-Services-Indexing-In-P2P\libs\objectdb-2.4.6_01\db\similarity_factors.odb' has been recovered (tr. 8087-8087)

[2013-01-27 16:46:54 #2 store] 
Database 'D:\Dropbox\Thesis\GitHub\Web-Services-Indexing-In-P2P\libs\objectdb-2.4.6_01\db\similarity_factors.odb' is opened by 6948@Billakos-PC

[2013-01-27 16:46:55 #3 type] 
Type QualityFactor is not enhanced.

[2013-01-27 16:46:55 #4 type] 
Type WebServicesCluster is not enhanced.

------------------------------------------------------------------------------------------------------------------------

[2013-01-27 16:48:37 #1 store] 
Database 'D:\Dropbox\Thesis\GitHub\Web-Services-Indexing-In-P2P\libs\objectdb-2.4.6_01\db\similarity_factors.odb' is opened by 5080@Billakos-PC

[2013-01-27 16:48:37 #2 type] 
Type QualityFactor is not enhanced.

[2013-01-27 16:48:37 #3 type] 
Type WebServicesCluster is not enhanced.

------------------------------------------------------------------------------------------------------------------------

[2013-01-27 16:50:28 #1 store] 
Database 'D:\Dropbox\Thesis\GitHub\Web-Services-Indexing-In-P2P\libs\objectdb-2.4.6_01\db\similarity_factors.odb' is opened by 5576@Billakos-PC

[2013-01-27 16:50:31 #2 store] 
Database 'D:\Dropbox\Thesis\GitHub\Web-Services-Indexing-In-P2P\libs\objectdb-2.4.6_01\db\similarity_factors.odb' is closed by 5576@Billakos-PC

------------------------------------------------------------------------------------------------------------------------

[2013-01-27 16:52:59 #1 store] 
Database 'D:\Dropbox\Thesis\GitHub\Web-Services-Indexing-In-P2P\libs\objectdb-2.4.6_01\db\similarity_factors.odb' is opened by 2652@Billakos-PC

[2013-01-27 16:52:59 #2 type] 
Type QualityFactor is not enhanced.

[2013-01-27 16:52:59 #3 type] 
Type WebServicesCluster is not enhanced.

------------------------------------------------------------------------------------------------------------------------

[2013-01-27 16:53:13 #1 store] 
Database 'D:\Dropbox\Thesis\GitHub\Web-Services-Indexing-In-P2P\libs\objectdb-2.4.6_01\db\similarity_factors.odb' is opened by 5676@Billakos-PC

[2013-01-27 16:53:13 #2 type] 
Type QualityFactor is not enhanced.

[2013-01-27 16:53:13 #3 type] 
Type WebServicesCluster is not enhanced.

------------------------------------------------------------------------------------------------------------------------

[2013-01-27 16:54:20 #1 store] 
Database 'D:\Dropbox\Thesis\GitHub\Web-Services-Indexing-In-P2P\libs\objectdb-2.4.6_01\db\similarity_factors.odb' is opened by 4956@Billakos-PC

[2013-01-27 16:54:20 #2 type] 
Type QualityFactor is not enhanced.

[2013-01-27 16:54:20 #3 type] 
Type WebServicesCluster is not enhanced.

[2013-01-27 16:54:20 #4 *] 
java.lang.NullPointerException
	at com.objectdb.o.ERM.h(ERM.java:67)
	at com.objectdb.o.TVS.g(TVS.java:104)
	at com.objectdb.o.TVS.g(TVS.java:93)
	at com.objectdb.jpa.EMImpl.remove(EMImpl.java:438)
	at WebServicesClusterer.<init>(WebServicesClusterer.java:126)
	at WebServicesIndexer.main(WebServicesIndexer.java:21)

------------------------------------------------------------------------------------------------------------------------

[2013-01-27 16:55:31 #1 store] 
Database 'D:\Dropbox\Thesis\GitHub\Web-Services-Indexing-In-P2P\libs\objectdb-2.4.6_01\db\similarity_factors.odb' has been recovered (tr. 8088-8088)

[2013-01-27 16:55:31 #2 store] 
Database 'D:\Dropbox\Thesis\GitHub\Web-Services-Indexing-In-P2P\libs\objectdb-2.4.6_01\db\similarity_factors.odb' is opened by 6228@Billakos-PC

[2013-01-27 16:55:31 #3 type] 
Type QualityFactor is not enhanced.

[2013-01-27 16:55:31 #4 type] 
Type WebServicesCluster is not enhanced.

------------------------------------------------------------------------------------------------------------------------

[2013-01-27 16:56:29 #1 store] 
Database 'D:\Dropbox\Thesis\GitHub\Web-Services-Indexing-In-P2P\libs\objectdb-2.4.6_01\db\similarity_factors.odb' has been recovered (tr. 8089-10108)

[2013-01-27 16:56:29 #2 store] 
Database 'D:\Dropbox\Thesis\GitHub\Web-Services-Indexing-In-P2P\libs\objectdb-2.4.6_01\db\similarity_factors.odb' is opened by 5304@Billakos-PC

[2013-01-27 16:57:51 #3 store] 
Database 'D:\Dropbox\Thesis\GitHub\Web-Services-Indexing-In-P2P\libs\objectdb-2.4.6_01\db\similarity_factors.odb' is closed by 5304@Billakos-PC

------------------------------------------------------------------------------------------------------------------------

[2013-01-27 16:57:59 #1 store] 
Database 'D:\Dropbox\Thesis\GitHub\Web-Services-Indexing-In-P2P\libs\objectdb-2.4.6_01\db\similarity_factors.odb' is opened by 6508@Billakos-PC

[2013-01-27 16:57:59 #2 type] 
Type QualityFactor is not enhanced.

[2013-01-27 16:57:59 #3 type] 
Type WebServicesCluster is not enhanced.

------------------------------------------------------------------------------------------------------------------------

[2013-01-27 16:58:37 #1 store] 
Database 'D:\Dropbox\Thesis\GitHub\Web-Services-Indexing-In-P2P\libs\objectdb-2.4.6_01\db\similarity_factors.odb' has been recovered (tr. 10109-12128)

[2013-01-27 16:58:37 #2 store] 
Database 'D:\Dropbox\Thesis\GitHub\Web-Services-Indexing-In-P2P\libs\objectdb-2.4.6_01\db\similarity_factors.odb' is opened by 4276@Billakos-PC

[2013-01-27 17:04:06 #3 store] 
Database 'D:\Dropbox\Thesis\GitHub\Web-Services-Indexing-In-P2P\libs\objectdb-2.4.6_01\db\similarity_factors.odb' is closed by 4276@Billakos-PC

------------------------------------------------------------------------------------------------------------------------

[2013-01-27 17:04:14 #1 store] 
Database 'D:\Dropbox\Thesis\GitHub\Web-Services-Indexing-In-P2P\libs\objectdb-2.4.6_01\db\similarity_factors.odb' is opened by 6804@Billakos-PC

[2013-01-27 17:04:14 #2 type] 
Type QualityFactor is not enhanced.

[2013-01-27 17:04:14 #3 type] 
Type WebServicesCluster is not enhanced.

[2013-01-27 17:04:43 #4 store] 
Database 'D:\Dropbox\Thesis\GitHub\Web-Services-Indexing-In-P2P\libs\objectdb-2.4.6_01\db\similarity_factors.odb' has been recovered (tr. 12132-14151)

[2013-01-27 17:04:43 #5 store] 
Database 'D:\Dropbox\Thesis\GitHub\Web-Services-Indexing-In-P2P\libs\objectdb-2.4.6_01\db\similarity_factors.odb' is opened by 4276@Billakos-PC

[2013-01-27 17:04:56 #6 store] 
Database 'D:\Dropbox\Thesis\GitHub\Web-Services-Indexing-In-P2P\libs\objectdb-2.4.6_01\db\similarity_factors.odb' is closed by 4276@Billakos-PC

------------------------------------------------------------------------------------------------------------------------

[2013-01-27 17:05:01 #1 store] 
Database 'D:\Dropbox\Thesis\GitHub\Web-Services-Indexing-In-P2P\libs\objectdb-2.4.6_01\db\similarity_factors.odb' is opened by 5384@Billakos-PC

[2013-01-27 17:05:01 #2 type] 
Type QualityFactor is not enhanced.

[2013-01-27 17:05:01 #3 type] 
Type WebServicesCluster is not enhanced.

[2013-01-27 17:05:31 #7 store] 
Database 'D:\Dropbox\Thesis\GitHub\Web-Services-Indexing-In-P2P\libs\objectdb-2.4.6_01\db\similarity_factors.odb' has been recovered (tr. 14154-16174)

[2013-01-27 17:05:31 #8 store] 
Database 'D:\Dropbox\Thesis\GitHub\Web-Services-Indexing-In-P2P\libs\objectdb-2.4.6_01\db\similarity_factors.odb' is opened by 4276@Billakos-PC

[2013-01-27 17:07:00 #9 store] 
Database 'D:\Dropbox\Thesis\GitHub\Web-Services-Indexing-In-P2P\libs\objectdb-2.4.6_01\db\similarity_factors.odb' is closed by 4276@Billakos-PC

------------------------------------------------------------------------------------------------------------------------

[2013-01-27 17:12:03 #1 store] 
Database 'D:\Dropbox\Thesis\GitHub\Web-Services-Indexing-In-P2P\libs\objectdb-2.4.6_01\db\similarity_factors.odb' is opened by 3792@Billakos-PC

[2013-01-27 17:12:08 #2 store] 
Database 'D:\Dropbox\Thesis\GitHub\Web-Services-Indexing-In-P2P\libs\objectdb-2.4.6_01\db\similarity_factors.odb' is closed by 3792@Billakos-PC

[2013-01-27 17:12:08 #3 store] 
Database 'D:\Dropbox\Thesis\GitHub\Web-Services-Indexing-In-P2P\libs\objectdb-2.4.6_01\db\similarity_factors.odb' is opened by 3792@Billakos-PC

[2013-01-27 17:12:12 #4 store] 
Database 'D:\Dropbox\Thesis\GitHub\Web-Services-Indexing-In-P2P\libs\objectdb-2.4.6_01\db\similarity_factors.odb' is closed by 3792@Billakos-PC

------------------------------------------------------------------------------------------------------------------------

[2013-01-27 17:12:23 #1 store] 
Database 'D:\Dropbox\Thesis\GitHub\Web-Services-Indexing-In-P2P\libs\objectdb-2.4.6_01\db\web_services_clusterer.odb' is opened by 6184@Billakos-PC

[2013-01-27 17:12:26 #2 type] 
Type QualityFactor is not enhanced.

[2013-01-27 17:12:26 #3 type] 
Type WebServicesCluster is not enhanced.

------------------------------------------------------------------------------------------------------------------------

[2013-01-27 17:12:59 #1 store] 
Database 'D:\Dropbox\Thesis\GitHub\Web-Services-Indexing-In-P2P\libs\objectdb-2.4.6_01\db\web_services_clusterer.odb' has been recovered (tr. 1-2026)

[2013-01-27 17:12:59 #2 store] 
Database 'D:\Dropbox\Thesis\GitHub\Web-Services-Indexing-In-P2P\libs\objectdb-2.4.6_01\db\web_services_clusterer.odb' is opened by 6768@Billakos-PC

[2013-01-27 17:13:13 #3 store] 
Database 'D:\Dropbox\Thesis\GitHub\Web-Services-Indexing-In-P2P\libs\objectdb-2.4.6_01\db\web_services_clusterer.odb' is closed by 6768@Billakos-PC

------------------------------------------------------------------------------------------------------------------------

[2013-01-27 17:13:16 #1 store] 
Database 'D:\Dropbox\Thesis\GitHub\Web-Services-Indexing-In-P2P\libs\objectdb-2.4.6_01\db\web_services_clusterer.odb' is opened by 5572@Billakos-PC

[2013-01-27 17:13:41 #2 explorer] 
[ObjectDB 2.4.6_01] java.lang.IllegalArgumentException
Attempt to lock a new (non stored yet) entity object (error 635)
	at javax.swing.JTextField.fireActionPerformed(Unknown Source)
	at javax.swing.JTextField.postActionEvent(Unknown Source)
	at javax.swing.JTextField$NotifyAction.actionPerformed(Unknown Source)
	at javax.swing.SwingUtilities.notifyAction(Unknown Source)
	at javax.swing.JComponent.processKeyBinding(Unknown Source)
	at javax.swing.JComponent.processKeyBindings(Unknown Source)
	at javax.swing.JComponent.processKeyEvent(Unknown Source)
	at java.awt.Component.processEvent(Unknown Source)
	at java.awt.Container.processEvent(Unknown Source)
	at java.awt.Component.dispatchEventImpl(Unknown Source)
	at java.awt.Container.dispatchEventImpl(Unknown Source)
	at java.awt.Component.dispatchEvent(Unknown Source)
	at java.awt.KeyboardFocusManager.redispatchEvent(Unknown Source)
	at java.awt.DefaultKeyboardFocusManager.dispatchKeyEvent(Unknown Source)
	at java.awt.DefaultKeyboardFocusManager.preDispatchKeyEvent(Unknown Source)
	at java.awt.DefaultKeyboardFocusManager.typeAheadAssertions(Unknown Source)
	at java.awt.DefaultKeyboardFocusManager.dispatchEvent(Unknown Source)
	at java.awt.Component.dispatchEventImpl(Unknown Source)
	at java.awt.Container.dispatchEventImpl(Unknown Source)
	at java.awt.Window.dispatchEventImpl(Unknown Source)
	at java.awt.Component.dispatchEvent(Unknown Source)
	at java.awt.EventQueue.dispatchEventImpl(Unknown Source)
	at java.awt.EventQueue.access$200(Unknown Source)
	at java.awt.EventQueue$3.run(Unknown Source)
	at java.awt.EventQueue$3.run(Unknown Source)
	at java.security.AccessController.doPrivileged(Native Method)
	at java.security.ProtectionDomain$1.doIntersectionPrivilege(Unknown Source)
	at java.security.ProtectionDomain$1.doIntersectionPrivilege(Unknown Source)
	at java.awt.EventQueue$4.run(Unknown Source)
	at java.awt.EventQueue$4.run(Unknown Source)
	at java.security.AccessController.doPrivileged(Native Method)
	at java.security.ProtectionDomain$1.doIntersectionPrivilege(Unknown Source)
	at java.awt.EventQueue.dispatchEvent(Unknown Source)
	at java.awt.EventDispatchThread.pumpOneEventForFilters(Unknown Source)
	at java.awt.EventDispatchThread.pumpEventsForFilter(Unknown Source)
	at java.awt.EventDispatchThread.pumpEventsForHierarchy(Unknown Source)
	at java.awt.EventDispatchThread.pumpEvents(Unknown Source)
	at java.awt.EventDispatchThread.pumpEvents(Unknown Source)
	at java.awt.EventDispatchThread.run(Unknown Source)

[2013-01-27 17:13:55 #3 store] 
Database 'D:\Dropbox\Thesis\GitHub\Web-Services-Indexing-In-P2P\libs\objectdb-2.4.6_01\db\web_services_clusterer.odb' is closed by 5572@Billakos-PC

------------------------------------------------------------------------------------------------------------------------

[2013-01-27 17:39:45 #1 store] 
Database 'D:\Dropbox\Thesis\GitHub\Web-Services-Indexing-In-P2P\libs\objectdb-2.4.6_01\db\web_services_clusterer.odb' is opened by 6080@Billakos-PC

[2013-01-27 17:39:45 #2 type] 
Type QualityFactor is not enhanced.

[2013-01-27 17:39:45 #3 type] 
Type WebServicesCluster is not enhanced.

[2013-01-27 17:39:45 #4 type] 
Type FunctionWord is not enhanced.

------------------------------------------------------------------------------------------------------------------------

[2013-01-27 17:39:56 #1 store] 
Database 'D:\Dropbox\Thesis\GitHub\Web-Services-Indexing-In-P2P\libs\objectdb-2.4.6_01\db\web_services_clusterer.odb' has been recovered (tr. 2034-2035)

[2013-01-27 17:39:56 #2 store] 
Database 'D:\Dropbox\Thesis\GitHub\Web-Services-Indexing-In-P2P\libs\objectdb-2.4.6_01\db\web_services_clusterer.odb' is opened by 6136@Billakos-PC

[2013-01-27 17:40:08 #3 store] 
Database 'D:\Dropbox\Thesis\GitHub\Web-Services-Indexing-In-P2P\libs\objectdb-2.4.6_01\db\web_services_clusterer.odb' is closed by 6136@Billakos-PC

------------------------------------------------------------------------------------------------------------------------

[2013-01-27 17:40:28 #1 store] 
Database 'D:\Dropbox\Thesis\GitHub\Web-Services-Indexing-In-P2P\libs\objectdb-2.4.6_01\db\web_services_clusterer.odb' is opened by 6512@Billakos-PC

[2013-01-27 17:40:28 #2 type] 
Type QualityFactor is not enhanced.

[2013-01-27 17:40:28 #3 type] 
Type WebServicesCluster is not enhanced.

[2013-01-27 17:40:28 #4 type] 
Type FunctionWord is not enhanced.

------------------------------------------------------------------------------------------------------------------------

[2013-01-27 17:41:05 #1 store] 
Database 'D:\Dropbox\Thesis\GitHub\Web-Services-Indexing-In-P2P\libs\objectdb-2.4.6_01\db\web_services_clusterer.odb' is opened by 4004@Billakos-PC

[2013-01-27 17:41:05 #2 type] 
Type QualityFactor is not enhanced.

[2013-01-27 17:41:05 #3 type] 
Type WebServicesCluster is not enhanced.

[2013-01-27 17:41:05 #4 type] 
Type FunctionWord is not enhanced.

------------------------------------------------------------------------------------------------------------------------

[2013-01-27 17:42:20 #1 store] 
Database 'D:\Dropbox\Thesis\GitHub\Web-Services-Indexing-In-P2P\libs\objectdb-2.4.6_01\db\web_services_clusterer.odb' is opened by 6900@Billakos-PC

[2013-01-27 17:42:20 #2 type] 
Type QualityFactor is not enhanced.

[2013-01-27 17:42:20 #3 type] 
Type WebServicesCluster is not enhanced.

[2013-01-27 17:42:20 #4 type] 
Type FunctionWord is not enhanced.

------------------------------------------------------------------------------------------------------------------------

[2013-01-27 17:42:59 #1 store] 
Database 'D:\Dropbox\Thesis\GitHub\Web-Services-Indexing-In-P2P\database\objectdb\web_services_clusterer.odb' is opened by 6712@Billakos-PC

[2013-01-27 17:42:59 #2 type] 
Type FunctionWord is not enhanced.

------------------------------------------------------------------------------------------------------------------------

[2013-01-27 17:43:19 #1 store] 
Database 'D:\Dropbox\Thesis\GitHub\Web-Services-Indexing-In-P2P\database\objectdb\web_services_clusterer.odb' has been recovered (tr. 1-3)

[2013-01-27 17:43:19 #2 store] 
Database 'D:\Dropbox\Thesis\GitHub\Web-Services-Indexing-In-P2P\database\objectdb\web_services_clusterer.odb' is opened by 6644@Billakos-PC

[2013-01-27 17:43:19 #3 type] 
Type FunctionWord is not enhanced.

------------------------------------------------------------------------------------------------------------------------

[2013-01-27 17:47:20 #1 store] 
Database 'D:\Dropbox\Thesis\GitHub\Web-Services-Indexing-In-P2P\database\objectdb\web_services_clusterer.odb' has been recovered (tr. 4-4)

[2013-01-27 17:47:20 #2 store] 
Database 'D:\Dropbox\Thesis\GitHub\Web-Services-Indexing-In-P2P\database\objectdb\web_services_clusterer.odb' is opened by 3824@Billakos-PC

[2013-01-27 17:47:21 #3 type] 
Type FunctionWord is not enhanced.

------------------------------------------------------------------------------------------------------------------------

[2013-01-27 17:49:43 #1 store] 
Database 'D:\Dropbox\Thesis\GitHub\Web-Services-Indexing-In-P2P\database\objectdb\web_services_clusterer.odb' is opened by 6532@Billakos-PC

[2013-01-27 17:49:43 #2 type] 
Type FunctionWord is not enhanced.

------------------------------------------------------------------------------------------------------------------------

[2013-01-27 17:49:52 #1 store] 
Database 'D:\Dropbox\Thesis\GitHub\Web-Services-Indexing-In-P2P\database\objectdb\web_services_clusterer.odb' has been recovered (tr. 6-6)

[2013-01-27 17:49:52 #2 store] 
Database 'D:\Dropbox\Thesis\GitHub\Web-Services-Indexing-In-P2P\database\objectdb\web_services_clusterer.odb' is opened by 6500@Billakos-PC

[2013-01-27 17:49:52 #3 type] 
Type FunctionWord is not enhanced.

------------------------------------------------------------------------------------------------------------------------

[2013-01-27 17:50:05 #1 store] 
Database 'D:\Dropbox\Thesis\GitHub\Web-Services-Indexing-In-P2P\database\objectdb\web_services_clusterer.odb' has been recovered (tr. 8-8)

[2013-01-27 17:50:05 #2 store] 
Database 'D:\Dropbox\Thesis\GitHub\Web-Services-Indexing-In-P2P\database\objectdb\web_services_clusterer.odb' is opened by 6376@Billakos-PC

[2013-01-27 17:50:06 #3 type] 
Type FunctionWord is not enhanced.

------------------------------------------------------------------------------------------------------------------------

[2013-01-27 17:55:31 #1 store] 
Database 'D:\Dropbox\Thesis\GitHub\Web-Services-Indexing-In-P2P\database\objectdb\web_services_clusterer.odb' is opened by 7100@Billakos-PC

[2013-01-27 17:55:31 #2 type] 
Type FunctionWord is not enhanced.

[2013-01-27 17:55:31 #3 type] 
Type GeneralComputingWord is not enhanced.

------------------------------------------------------------------------------------------------------------------------

[2013-01-27 17:55:46 #1 store] 
Database 'D:\Dropbox\Thesis\GitHub\Web-Services-Indexing-In-P2P\database\objectdb\web_services_clusterer.odb' has been recovered (tr. 9-10)

[2013-01-27 17:55:46 #2 store] 
Database 'D:\Dropbox\Thesis\GitHub\Web-Services-Indexing-In-P2P\database\objectdb\web_services_clusterer.odb' is opened by 5852@Billakos-PC

[2013-01-27 17:56:43 #3 store] 
Database 'D:\Dropbox\Thesis\GitHub\Web-Services-Indexing-In-P2P\database\objectdb\web_services_clusterer.odb' is closed by 5852@Billakos-PC

------------------------------------------------------------------------------------------------------------------------

[2013-01-27 17:56:46 #1 store] 
Database 'D:\Dropbox\Thesis\GitHub\Web-Services-Indexing-In-P2P\database\objectdb\web_services_clusterer.odb' is opened by 6636@Billakos-PC

[2013-01-27 17:56:46 #2 type] 
Type FunctionWord is not enhanced.

[2013-01-27 17:56:46 #3 type] 
Type GeneralComputingWord is not enhanced.

------------------------------------------------------------------------------------------------------------------------

[2013-01-27 17:57:17 #1 store] 
Database 'D:\Dropbox\Thesis\GitHub\Web-Services-Indexing-In-P2P\database\objectdb\web_services_clusterer.odb' is opened by 6556@Billakos-PC

[2013-01-27 17:57:17 #2 type] 
Type FunctionWord is not enhanced.

[2013-01-27 17:57:17 #3 type] 
Type GeneralComputingWord is not enhanced.

[2013-01-27 17:57:54 #4 store] 
Database 'D:\Dropbox\Thesis\GitHub\Web-Services-Indexing-In-P2P\database\objectdb\web_services_clusterer.odb' is opened by 5852@Billakos-PC

[2013-01-27 17:58:30 #5 store] 
Database 'D:\Dropbox\Thesis\GitHub\Web-Services-Indexing-In-P2P\database\objectdb\web_services_clusterer.odb' is closed by 5852@Billakos-PC

------------------------------------------------------------------------------------------------------------------------

[2013-01-27 17:58:34 #1 store] 
Database 'D:\Dropbox\Thesis\GitHub\Web-Services-Indexing-In-P2P\database\objectdb\web_services_clusterer.odb' is opened by 6896@Billakos-PC

[2013-01-27 17:58:34 #2 type] 
Type FunctionWord is not enhanced.

[2013-01-27 17:58:34 #3 type] 
Type GeneralComputingWord is not enhanced.

------------------------------------------------------------------------------------------------------------------------

[2013-01-27 18:12:45 #1 store] 
Database 'D:\Dropbox\Thesis\GitHub\Web-Services-Indexing-In-P2P\database\objectdb\web_services_clusterer.odb' is opened by 5640@Billakos-PC

[2013-01-27 18:12:45 #2 type] 
Type FunctionWord is not enhanced.

[2013-01-27 18:12:45 #3 type] 
Type GeneralComputingWord is not enhanced.

[2013-01-27 18:12:46 #4 type] 
Type WordHits is not enhanced.

[2013-01-27 18:12:52 #6 store] 
Database 'D:\Dropbox\Thesis\GitHub\Web-Services-Indexing-In-P2P\libs\objectdb-2.4.6_01\db\points.odb' is opened by 5852@Billakos-PC

[2013-01-27 18:12:55 #7 store] 
Database 'D:\Dropbox\Thesis\GitHub\Web-Services-Indexing-In-P2P\libs\objectdb-2.4.6_01\db\points.odb' is closed by 5852@Billakos-PC

[2013-01-27 18:12:55 #8 store] 
Database 'D:\Dropbox\Thesis\GitHub\Web-Services-Indexing-In-P2P\libs\objectdb-2.4.6_01\db\points.odb' is opened by 5852@Billakos-PC

[2013-01-27 18:13:00 #9 store] 
Database 'D:\Dropbox\Thesis\GitHub\Web-Services-Indexing-In-P2P\libs\objectdb-2.4.6_01\db\points.odb' is closed by 5852@Billakos-PC

[2013-01-27 18:13:02 #10 store] 
Database 'D:\Dropbox\Thesis\GitHub\Web-Services-Indexing-In-P2P\database\objectdb\web_services_clusterer.odb' has been recovered (tr. 12-13)

[2013-01-27 18:13:03 #11 store] 
Database 'D:\Dropbox\Thesis\GitHub\Web-Services-Indexing-In-P2P\database\objectdb\web_services_clusterer.odb' is opened by 5852@Billakos-PC

[2013-01-27 18:22:44 #12 store] 
Database 'D:\Dropbox\Thesis\GitHub\Web-Services-Indexing-In-P2P\database\objectdb\web_services_clusterer.odb' is closed by 5852@Billakos-PC

------------------------------------------------------------------------------------------------------------------------

[2013-01-27 18:22:50 #1 store] 
Database 'D:\Dropbox\Thesis\GitHub\Web-Services-Indexing-In-P2P\database\objectdb\web_services_clusterer.odb' is opened by 5704@Billakos-PC

[2013-01-27 18:22:50 #2 type] 
Type FunctionWord is not enhanced.

[2013-01-27 18:22:50 #3 type] 
Type GeneralComputingWord is not enhanced.

[2013-01-27 18:22:50 #4 type] 
Type WordHits is not enhanced.

------------------------------------------------------------------------------------------------------------------------

[2013-01-27 18:23:57 #1 store] 
Database 'D:\Dropbox\Thesis\GitHub\Web-Services-Indexing-In-P2P\database\objectdb\web_services_clusterer.odb' is opened by 6556@Billakos-PC

[2013-01-27 18:23:57 #2 type] 
Type FunctionWord is not enhanced.

[2013-01-27 18:23:57 #3 type] 
Type GeneralComputingWord is not enhanced.

[2013-01-27 18:23:57 #4 type] 
Type WordHits is not enhanced.

------------------------------------------------------------------------------------------------------------------------

[2013-01-27 18:24:24 #1 store] 
Database 'D:\Dropbox\Thesis\GitHub\Web-Services-Indexing-In-P2P\database\objectdb\web_services_clusterer.odb' is opened by 4812@Billakos-PC

[2013-01-27 18:24:24 #2 type] 
Type FunctionWord is not enhanced.

[2013-01-27 18:24:24 #3 type] 
Type GeneralComputingWord is not enhanced.

[2013-01-27 18:24:24 #4 type] 
Type WordHits is not enhanced.

------------------------------------------------------------------------------------------------------------------------

[2013-01-27 18:24:57 #1 store] 
Database 'D:\Dropbox\Thesis\GitHub\Web-Services-Indexing-In-P2P\database\objectdb\web_services_clusterer.odb' is opened by 6972@Billakos-PC

[2013-01-27 18:24:57 #2 type] 
Type FunctionWord is not enhanced.

[2013-01-27 18:24:57 #3 type] 
Type GeneralComputingWord is not enhanced.

[2013-01-27 18:24:57 #4 type] 
Type WordHits is not enhanced.

------------------------------------------------------------------------------------------------------------------------

[2013-01-27 18:25:41 #1 store] 
Database 'D:\Dropbox\Thesis\GitHub\Web-Services-Indexing-In-P2P\database\objectdb\web_services_clusterer.odb' is opened by 7160@Billakos-PC

[2013-01-27 18:25:42 #2 type] 
Type FunctionWord is not enhanced.

[2013-01-27 18:25:42 #3 type] 
Type GeneralComputingWord is not enhanced.

[2013-01-27 18:25:42 #4 type] 
Type WordHits is not enhanced.

------------------------------------------------------------------------------------------------------------------------

[2013-01-27 18:26:53 #1 store] 
Database 'D:\Dropbox\Thesis\GitHub\Web-Services-Indexing-In-P2P\database\objectdb\web_services_clusterer.odb' is opened by 5876@Billakos-PC

[2013-01-27 18:26:53 #2 type] 
Type FunctionWord is not enhanced.

[2013-01-27 18:26:53 #3 type] 
Type GeneralComputingWord is not enhanced.

[2013-01-27 18:26:53 #4 type] 
Type WordHits is not enhanced.

------------------------------------------------------------------------------------------------------------------------

[2013-01-27 18:27:07 #1 store] 
Database 'D:\Dropbox\Thesis\GitHub\Web-Services-Indexing-In-P2P\database\objectdb\web_services_clusterer.odb' is opened by 6804@Billakos-PC

[2013-01-27 18:27:07 #2 type] 
Type FunctionWord is not enhanced.

[2013-01-27 18:27:07 #3 type] 
Type GeneralComputingWord is not enhanced.

[2013-01-27 18:27:07 #4 type] 
Type WordHits is not enhanced.

------------------------------------------------------------------------------------------------------------------------

[2013-01-27 18:27:55 #1 store] 
Database 'D:\Dropbox\Thesis\GitHub\Web-Services-Indexing-In-P2P\database\objectdb\web_services_clusterer.odb' is opened by 5764@Billakos-PC

[2013-01-27 18:27:56 #2 type] 
Type FunctionWord is not enhanced.

[2013-01-27 18:27:56 #3 type] 
Type GeneralComputingWord is not enhanced.

[2013-01-27 18:27:56 #4 type] 
Type WordHits is not enhanced.

[2013-01-27 18:28:03 #5 type] 
Type QualityFactor is not enhanced.

[2013-01-27 18:28:03 #6 type] 
Type WebServicesCluster is not enhanced.

------------------------------------------------------------------------------------------------------------------------

[2013-01-27 18:30:52 #1 store] 
Database 'D:\Dropbox\Thesis\GitHub\Web-Services-Indexing-In-P2P\database\objectdb\web_services_clusterer.odb' has been recovered (tr. 15-16)

[2013-01-27 18:30:52 #2 store] 
Database 'D:\Dropbox\Thesis\GitHub\Web-Services-Indexing-In-P2P\database\objectdb\web_services_clusterer.odb' is opened by 6400@Billakos-PC

[2013-01-27 18:30:53 #3 type] 
Type FunctionWord is not enhanced.

[2013-01-27 18:30:53 #4 type] 
Type GeneralComputingWord is not enhanced.

[2013-01-27 18:30:53 #5 type] 
Type WordHits is not enhanced.

[2013-01-27 18:30:53 #6 type] 
Type QualityFactor is not enhanced.

[2013-01-27 18:30:53 #7 type] 
Type WebServicesCluster is not enhanced.

[2013-01-27 18:50:53 #13 store] 
Database 'D:\Dropbox\Thesis\GitHub\Web-Services-Indexing-In-P2P\database\objectdb\web_services_clusterer.odb' has been recovered (tr. 17-20)

[2013-01-27 18:50:53 #14 store] 
Database 'D:\Dropbox\Thesis\GitHub\Web-Services-Indexing-In-P2P\database\objectdb\web_services_clusterer.odb' is opened by 5852@Billakos-PC

[2013-01-27 18:57:31 #15 store] 
Database 'D:\Dropbox\Thesis\GitHub\Web-Services-Indexing-In-P2P\database\objectdb\web_services_clusterer.odb' is closed by 5852@Billakos-PC

------------------------------------------------------------------------------------------------------------------------

[2013-01-27 18:57:35 #1 store] 
Database 'D:\Dropbox\Thesis\GitHub\Web-Services-Indexing-In-P2P\database\objectdb\web_services_clusterer.odb' is opened by 2992@Billakos-PC

[2013-01-27 18:57:35 #2 type] 
Type FunctionWord is not enhanced.

[2013-01-27 18:57:35 #3 type] 
Type GeneralComputingWord is not enhanced.

[2013-01-27 18:57:35 #4 type] 
Type WordHits is not enhanced.

[2013-01-27 18:57:35 #5 type] 
Type QualityFactor is not enhanced.

[2013-01-27 18:57:35 #6 type] 
Type WebServicesCluster is not enhanced.

[2013-01-27 22:42:43 #16 store] 
Database 'D:\Dropbox\Thesis\GitHub\Web-Services-Indexing-In-P2P\database\objectdb\web_services_clusterer.odb' has been recovered (tr. 24-26)

[2013-01-27 22:42:43 #17 store] 
Database 'D:\Dropbox\Thesis\GitHub\Web-Services-Indexing-In-P2P\database\objectdb\web_services_clusterer.odb' is opened by 5852@Billakos-PC

[2013-01-27 22:44:25 #18 store] 
Database 'D:\Dropbox\Thesis\GitHub\Web-Services-Indexing-In-P2P\database\objectdb\web_services_clusterer.odb' is closed by 5852@Billakos-PC

------------------------------------------------------------------------------------------------------------------------

[2013-01-27 22:44:30 #1 store] 
Database 'D:\Dropbox\Thesis\GitHub\Web-Services-Indexing-In-P2P\database\objectdb\web_services_clusterer.odb' is opened by 4452@Billakos-PC

[2013-01-27 22:44:31 #2 type] 
Type FunctionWord is not enhanced.

[2013-01-27 22:44:31 #3 type] 
Type GeneralComputingWord is not enhanced.

[2013-01-27 22:44:31 #4 type] 
Type WordHits is not enhanced.

[2013-01-27 22:44:31 #5 type] 
Type QualityFactor is not enhanced.

[2013-01-27 22:44:31 #6 type] 
Type WebServicesCluster is not enhanced.

------------------------------------------------------------------------------------------------------------------------

[2013-01-27 23:03:49 #1 store] 
Database 'D:\Dropbox\Thesis\GitHub\Web-Services-Indexing-In-P2P\database\objectdb\web_services_clusterer.odb' has been recovered (tr. 29-29)

[2013-01-27 23:03:49 #2 store] 
Database 'D:\Dropbox\Thesis\GitHub\Web-Services-Indexing-In-P2P\database\objectdb\web_services_clusterer.odb' is opened by 4956@Billakos-PC

[2013-01-27 23:03:50 #3 type] 
Type FunctionWord is not enhanced.

[2013-01-27 23:03:50 #4 type] 
Type GeneralComputingWord is not enhanced.

[2013-01-27 23:03:50 #5 type] 
Type WordHits is not enhanced.

[2013-01-27 23:03:50 #6 type] 
Type QualityFactor is not enhanced.

[2013-01-27 23:03:50 #7 type] 
Type WebServicesCluster is not enhanced.

------------------------------------------------------------------------------------------------------------------------

[2013-01-27 23:04:52 #1 store] 
Database 'D:\Dropbox\Thesis\GitHub\Web-Services-Indexing-In-P2P\database\objectdb\web_services_clusterer.odb' is opened by 7336@Billakos-PC

[2013-01-27 23:04:52 #2 type] 
Type FunctionWord is not enhanced.

[2013-01-27 23:04:52 #3 type] 
Type GeneralComputingWord is not enhanced.

[2013-01-27 23:04:52 #4 type] 
Type WordHits is not enhanced.

[2013-01-27 23:04:52 #5 type] 
Type QualityFactor is not enhanced.

[2013-01-27 23:04:52 #6 type] 
Type WebServicesCluster is not enhanced.

------------------------------------------------------------------------------------------------------------------------

[2013-01-27 23:04:58 #1 store] 
Database 'D:\Dropbox\Thesis\GitHub\Web-Services-Indexing-In-P2P\database\objectdb\web_services_clusterer.odb' is opened by 7252@Billakos-PC

[2013-01-27 23:04:58 #2 type] 
Type FunctionWord is not enhanced.

[2013-01-27 23:04:58 #3 type] 
Type GeneralComputingWord is not enhanced.

[2013-01-27 23:04:58 #4 type] 
Type WordHits is not enhanced.

[2013-01-27 23:04:58 #5 type] 
Type QualityFactor is not enhanced.

[2013-01-27 23:04:58 #6 type] 
Type WebServicesCluster is not enhanced.

------------------------------------------------------------------------------------------------------------------------

[2013-01-27 23:06:45 #1 store] 
Database 'D:\Dropbox\Thesis\GitHub\Web-Services-Indexing-In-P2P\database\objectdb\web_services_clusterer.odb' is opened by 8008@Billakos-PC

[2013-01-27 23:06:45 #2 type] 
Type FunctionWord is not enhanced.

[2013-01-27 23:06:45 #3 type] 
Type GeneralComputingWord is not enhanced.

[2013-01-27 23:06:45 #4 type] 
Type WordHits is not enhanced.

[2013-01-27 23:06:45 #5 type] 
Type QualityFactor is not enhanced.

[2013-01-27 23:06:45 #6 type] 
Type WebServicesCluster is not enhanced.

[2013-01-27 23:07:07 #19 store] 
Database 'D:\Dropbox\Thesis\GitHub\Web-Services-Indexing-In-P2P\database\objectdb\web_services_clusterer.odb' has been recovered (tr. 30-31)

[2013-01-27 23:07:07 #20 store] 
Database 'D:\Dropbox\Thesis\GitHub\Web-Services-Indexing-In-P2P\database\objectdb\web_services_clusterer.odb' is opened by 5852@Billakos-PC

[2013-01-27 23:22:29 #21 store] 
Database 'D:\Dropbox\Thesis\GitHub\Web-Services-Indexing-In-P2P\database\objectdb\web_services_clusterer.odb' is closed by 5852@Billakos-PC

------------------------------------------------------------------------------------------------------------------------

[2013-01-27 23:22:33 #1 store] 
Database 'D:\Dropbox\Thesis\GitHub\Web-Services-Indexing-In-P2P\database\objectdb\web_services_clusterer.odb' is opened by 6236@Billakos-PC

[2013-01-27 23:22:33 #2 type] 
Type FunctionWord is not enhanced.

[2013-01-27 23:22:33 #3 type] 
Type GeneralComputingWord is not enhanced.

[2013-01-27 23:22:33 #4 type] 
Type WordHits is not enhanced.

[2013-01-27 23:22:33 #5 type] 
Type QualityFactor is not enhanced.

[2013-01-27 23:22:33 #6 type] 
Type WebServicesCluster is not enhanced.

[2013-01-27 23:22:45 #22 store] 
Database 'D:\Dropbox\Thesis\GitHub\Web-Services-Indexing-In-P2P\database\objectdb\web_services_clusterer.odb' has been recovered (tr. 39-41)

[2013-01-27 23:22:45 #23 store] 
Database 'D:\Dropbox\Thesis\GitHub\Web-Services-Indexing-In-P2P\database\objectdb\web_services_clusterer.odb' is opened by 5852@Billakos-PC

[2013-01-27 23:25:43 #24 store] 
Database 'D:\Dropbox\Thesis\GitHub\Web-Services-Indexing-In-P2P\database\objectdb\web_services_clusterer.odb' is closed by 5852@Billakos-PC

------------------------------------------------------------------------------------------------------------------------

[2013-01-27 23:25:46 #1 store] 
Database 'D:\Dropbox\Thesis\GitHub\Web-Services-Indexing-In-P2P\database\objectdb\web_services_clusterer.odb' is opened by 5992@Billakos-PC

[2013-01-27 23:25:46 #2 type] 
Type FunctionWord is not enhanced.

[2013-01-27 23:25:46 #3 type] 
Type GeneralComputingWord is not enhanced.

[2013-01-27 23:25:46 #4 type] 
Type WordHits is not enhanced.

[2013-01-27 23:25:46 #5 type] 
Type QualityFactor is not enhanced.

[2013-01-27 23:25:46 #6 type] 
Type WebServicesCluster is not enhanced.

[2013-01-27 23:25:57 #25 store] 
Database 'D:\Dropbox\Thesis\GitHub\Web-Services-Indexing-In-P2P\database\objectdb\web_services_clusterer.odb' has been recovered (tr. 44-46)

[2013-01-27 23:25:57 #26 store] 
Database 'D:\Dropbox\Thesis\GitHub\Web-Services-Indexing-In-P2P\database\objectdb\web_services_clusterer.odb' is opened by 5852@Billakos-PC

[2013-01-27 23:28:24 #27 store] 
Database 'D:\Dropbox\Thesis\GitHub\Web-Services-Indexing-In-P2P\database\objectdb\web_services_clusterer.odb' is closed by 5852@Billakos-PC

------------------------------------------------------------------------------------------------------------------------

[2013-01-27 23:28:28 #1 store] 
Database 'D:\Dropbox\Thesis\GitHub\Web-Services-Indexing-In-P2P\database\objectdb\web_services_clusterer.odb' is opened by 4032@Billakos-PC

[2013-01-27 23:28:28 #2 type] 
Type FunctionWord is not enhanced.

[2013-01-27 23:28:28 #3 type] 
Type GeneralComputingWord is not enhanced.

[2013-01-27 23:28:28 #4 type] 
Type WordHits is not enhanced.

[2013-01-27 23:28:28 #5 type] 
Type QualityFactor is not enhanced.

[2013-01-27 23:28:28 #6 type] 
Type WebServicesCluster is not enhanced.

------------------------------------------------------------------------------------------------------------------------

[2013-01-27 23:28:37 #1 store] 
Database 'D:\Dropbox\Thesis\GitHub\Web-Services-Indexing-In-P2P\database\objectdb\web_services_clusterer.odb' has been recovered (tr. 49-51)

[2013-01-27 23:28:37 #2 store] 
Database 'D:\Dropbox\Thesis\GitHub\Web-Services-Indexing-In-P2P\database\objectdb\web_services_clusterer.odb' is opened by 6356@Billakos-PC

[2013-01-27 23:28:37 #3 type] 
Type FunctionWord is not enhanced.

[2013-01-27 23:28:37 #4 type] 
Type GeneralComputingWord is not enhanced.

[2013-01-27 23:28:37 #5 type] 
Type WordHits is not enhanced.

[2013-01-27 23:28:37 #6 type] 
Type QualityFactor is not enhanced.

[2013-01-27 23:28:37 #7 type] 
Type WebServicesCluster is not enhanced.

[2013-01-27 23:29:00 #28 explorer] 
[ObjectDB 2.4.6_01] javax.persistence.PersistenceException
Attempt to open a database file 'D:\Dropbox\Thesis\GitHub\Web-Services-Indexing-In-P2P\database\objectdb\web_services_clusterer.odb' that is currently in use by another process (error 141)
	at javax.swing.AbstractButton.fireActionPerformed(Unknown Source)
	at javax.swing.AbstractButton$Handler.actionPerformed(Unknown Source)
	at javax.swing.DefaultButtonModel.fireActionPerformed(Unknown Source)
	at javax.swing.DefaultButtonModel.setPressed(Unknown Source)
	at javax.swing.AbstractButton.doClick(Unknown Source)
	at javax.swing.plaf.basic.BasicMenuItemUI.doClick(Unknown Source)
	at javax.swing.plaf.basic.BasicMenuItemUI$Handler.mouseReleased(Unknown Source)
	at java.awt.Component.processMouseEvent(Unknown Source)
	at javax.swing.JComponent.processMouseEvent(Unknown Source)
	at java.awt.Component.processEvent(Unknown Source)
	at java.awt.Container.processEvent(Unknown Source)
	at java.awt.Component.dispatchEventImpl(Unknown Source)
	at java.awt.Container.dispatchEventImpl(Unknown Source)
	at java.awt.Component.dispatchEvent(Unknown Source)
	at java.awt.LightweightDispatcher.retargetMouseEvent(Unknown Source)
	at java.awt.LightweightDispatcher.processMouseEvent(Unknown Source)
	at java.awt.LightweightDispatcher.dispatchEvent(Unknown Source)
	at java.awt.Container.dispatchEventImpl(Unknown Source)
	at java.awt.Window.dispatchEventImpl(Unknown Source)
	at java.awt.Component.dispatchEvent(Unknown Source)
	at java.awt.EventQueue.dispatchEventImpl(Unknown Source)
	at java.awt.EventQueue.access$200(Unknown Source)
	at java.awt.EventQueue$3.run(Unknown Source)
	at java.awt.EventQueue$3.run(Unknown Source)
	at java.security.AccessController.doPrivileged(Native Method)
	at java.security.ProtectionDomain$1.doIntersectionPrivilege(Unknown Source)
	at java.security.ProtectionDomain$1.doIntersectionPrivilege(Unknown Source)
	at java.awt.EventQueue$4.run(Unknown Source)
	at java.awt.EventQueue$4.run(Unknown Source)
	at java.security.AccessController.doPrivileged(Native Method)
	at java.security.ProtectionDomain$1.doIntersectionPrivilege(Unknown Source)
	at java.awt.EventQueue.dispatchEvent(Unknown Source)
	at java.awt.EventDispatchThread.pumpOneEventForFilters(Unknown Source)
	at java.awt.EventDispatchThread.pumpEventsForFilter(Unknown Source)
	at java.awt.EventDispatchThread.pumpEventsForHierarchy(Unknown Source)
	at java.awt.EventDispatchThread.pumpEvents(Unknown Source)
	at java.awt.EventDispatchThread.pumpEvents(Unknown Source)
	at java.awt.EventDispatchThread.run(Unknown Source)
Caused by: com.objectdb.o.UserException: Attempt to open a database file 'D:\Dropbox\Thesis\GitHub\Web-Services-Indexing-In-P2P\database\objectdb\web_services_clusterer.odb' that is currently in use by another process
	at com.objectdb.o.MSG.d(MSG.java:61)
	at com.objectdb.o.LFL.O(LFL.java:913)
	at com.objectdb.o.LFL.I(LFL.java:859)
	at com.objectdb.o.LFL.I(LFL.java:769)
	at com.objectdb.o.SFL.<init>(SFL.java:226)
	at com.objectdb.o.MST.<init>(MST.java:109)
	at com.objectdb.o.MST.aI(MST.java:94)
	at com.objectdb.o.MSF.UK(MSF.java:178)
	at com.objectdb.o.OMF.am(OMF.java:758)
	at com.objectdb.jpa.EMF.am(EMF.java:232)
	at com.objectdb.o.OMF.al(OMF.java:699)
	at com.objectdb.jpa.EMF.createEntityManager(EMF.java:250)
	... 40 more

[2013-01-27 23:29:03 #29 store] 
Database 'D:\Dropbox\Thesis\GitHub\Web-Services-Indexing-In-P2P\libs\objectdb-2.4.6_01\db\similarity_factors.odb' is opened by 5852@Billakos-PC

[2013-01-27 23:29:09 #30 store] 
Database 'D:\Dropbox\Thesis\GitHub\Web-Services-Indexing-In-P2P\libs\objectdb-2.4.6_01\db\similarity_factors.odb' is closed by 5852@Billakos-PC

[2013-01-27 23:29:09 #31 store] 
Database 'D:\Dropbox\Thesis\GitHub\Web-Services-Indexing-In-P2P\libs\objectdb-2.4.6_01\db\web_services_clusterer.odb' is opened by 5852@Billakos-PC

[2013-01-27 23:29:29 #32 store] 
Database 'D:\Dropbox\Thesis\GitHub\Web-Services-Indexing-In-P2P\libs\objectdb-2.4.6_01\db\web_services_clusterer.odb' is closed by 5852@Billakos-PC

[2013-01-27 23:29:30 #33 explorer] 
[ObjectDB 2.4.6_01] javax.persistence.PersistenceException
Attempt to open a database file 'D:\Dropbox\Thesis\GitHub\Web-Services-Indexing-In-P2P\database\objectdb\web_services_clusterer.odb' that is currently in use by another process (error 141)
	at javax.swing.Timer.fireActionPerformed(Unknown Source)
	at javax.swing.Timer$DoPostEvent.run(Unknown Source)
	at java.awt.event.InvocationEvent.dispatch(Unknown Source)
	at java.awt.EventQueue.dispatchEventImpl(Unknown Source)
	at java.awt.EventQueue.access$200(Unknown Source)
	at java.awt.EventQueue$3.run(Unknown Source)
	at java.awt.EventQueue$3.run(Unknown Source)
	at java.security.AccessController.doPrivileged(Native Method)
	at java.security.ProtectionDomain$1.doIntersectionPrivilege(Unknown Source)
	at java.awt.EventQueue.dispatchEvent(Unknown Source)
	at java.awt.EventDispatchThread.pumpOneEventForFilters(Unknown Source)
	at java.awt.EventDispatchThread.pumpEventsForFilter(Unknown Source)
	at java.awt.EventDispatchThread.pumpEventsForHierarchy(Unknown Source)
	at java.awt.EventDispatchThread.pumpEvents(Unknown Source)
	at java.awt.EventDispatchThread.pumpEvents(Unknown Source)
	at java.awt.EventDispatchThread.run(Unknown Source)
Caused by: com.objectdb.o.UserException: Attempt to open a database file 'D:\Dropbox\Thesis\GitHub\Web-Services-Indexing-In-P2P\database\objectdb\web_services_clusterer.odb' that is currently in use by another process
	at com.objectdb.o.MSG.d(MSG.java:61)
	at com.objectdb.o.LFL.O(LFL.java:913)
	at com.objectdb.o.LFL.I(LFL.java:859)
	at com.objectdb.o.LFL.I(LFL.java:769)
	at com.objectdb.o.SFL.<init>(SFL.java:226)
	at com.objectdb.o.MST.<init>(MST.java:109)
	at com.objectdb.o.MST.aI(MST.java:94)
	at com.objectdb.o.MSF.UK(MSF.java:178)
	at com.objectdb.o.OMF.am(OMF.java:758)
	at com.objectdb.jpa.EMF.am(EMF.java:232)
	at com.objectdb.o.OMF.al(OMF.java:699)
	at com.objectdb.jpa.EMF.createEntityManager(EMF.java:250)
	... 18 more

------------------------------------------------------------------------------------------------------------------------

[2013-01-27 23:30:48 #1 store] 
Database 'D:\Dropbox\Thesis\GitHub\Web-Services-Indexing-In-P2P\database\objectdb\web_services_clusterer.odb' has been recovered (tr. 54-54)

[2013-01-27 23:30:48 #2 store] 
Database 'D:\Dropbox\Thesis\GitHub\Web-Services-Indexing-In-P2P\database\objectdb\web_services_clusterer.odb' is opened by 6936@Billakos-PC

[2013-01-27 23:30:48 #3 type] 
Type FunctionWord is not enhanced.

[2013-01-27 23:30:48 #4 type] 
Type GeneralComputingWord is not enhanced.

[2013-01-27 23:30:48 #5 type] 
Type WordHits is not enhanced.

[2013-01-27 23:30:48 #6 type] 
Type QualityFactor is not enhanced.

[2013-01-27 23:30:48 #7 type] 
Type WebServicesCluster is not enhanced.

------------------------------------------------------------------------------------------------------------------------

[2013-01-27 23:32:22 #1 store] 
Database 'D:\Dropbox\Thesis\GitHub\Web-Services-Indexing-In-P2P\database\objectdb\web_services_clusterer.odb' is opened by 6116@Billakos-PC

[2013-01-27 23:32:22 #2 type] 
Type FunctionWord is not enhanced.

[2013-01-27 23:32:22 #3 type] 
Type GeneralComputingWord is not enhanced.

[2013-01-27 23:32:22 #4 type] 
Type WordHits is not enhanced.

[2013-01-27 23:32:22 #5 type] 
Type QualityFactor is not enhanced.

[2013-01-27 23:32:22 #6 type] 
Type WebServicesCluster is not enhanced.

------------------------------------------------------------------------------------------------------------------------

[2013-01-27 23:34:40 #1 store] 
Database 'D:\Dropbox\Thesis\GitHub\Web-Services-Indexing-In-P2P\database\objectdb\web_services_clusterer.odb' is opened by 7140@Billakos-PC

[2013-01-27 23:34:40 #2 type] 
Type FunctionWord is not enhanced.

[2013-01-27 23:34:40 #3 type] 
Type GeneralComputingWord is not enhanced.

[2013-01-27 23:34:40 #4 type] 
Type WordHits is not enhanced.

[2013-01-27 23:34:40 #5 type] 
Type QualityFactor is not enhanced.

[2013-01-27 23:34:40 #6 type] 
Type WebServicesCluster is not enhanced.

------------------------------------------------------------------------------------------------------------------------

[2013-01-27 23:35:16 #1 store] 
Database 'D:\Dropbox\Thesis\GitHub\Web-Services-Indexing-In-P2P\database\objectdb\web_services_clusterer.odb' is opened by 6752@Billakos-PC

[2013-01-27 23:35:17 #2 type] 
Type FunctionWord is not enhanced.

[2013-01-27 23:35:17 #3 type] 
Type GeneralComputingWord is not enhanced.

[2013-01-27 23:35:17 #4 type] 
Type WordHits is not enhanced.

[2013-01-27 23:35:17 #5 type] 
Type QualityFactor is not enhanced.

[2013-01-27 23:35:17 #6 type] 
Type WebServicesCluster is not enhanced.

------------------------------------------------------------------------------------------------------------------------

[2013-01-27 23:37:06 #1 store] 
Database 'D:\Dropbox\Thesis\GitHub\Web-Services-Indexing-In-P2P\database\objectdb\web_services_clusterer.odb' is opened by 7364@Billakos-PC

[2013-01-27 23:37:07 #2 type] 
Type FunctionWord is not enhanced.

[2013-01-27 23:37:07 #3 type] 
Type GeneralComputingWord is not enhanced.

[2013-01-27 23:37:07 #4 type] 
Type WordHits is not enhanced.

[2013-01-27 23:37:07 #5 type] 
Type QualityFactor is not enhanced.

[2013-01-27 23:37:07 #6 type] 
Type WebServicesCluster is not enhanced.

------------------------------------------------------------------------------------------------------------------------

[2013-01-27 23:38:49 #1 store] 
Database 'D:\Dropbox\Thesis\GitHub\Web-Services-Indexing-In-P2P\database\objectdb\web_services_clusterer.odb' is opened by 7424@Billakos-PC

[2013-01-27 23:38:49 #2 type] 
Type FunctionWord is not enhanced.

[2013-01-27 23:38:49 #3 type] 
Type GeneralComputingWord is not enhanced.

[2013-01-27 23:38:49 #4 type] 
Type WordHits is not enhanced.

[2013-01-27 23:38:49 #5 type] 
Type QualityFactor is not enhanced.

[2013-01-27 23:38:49 #6 type] 
Type WebServicesCluster is not enhanced.

------------------------------------------------------------------------------------------------------------------------

[2013-01-27 23:39:48 #1 store] 
Database 'D:\Dropbox\Thesis\GitHub\Web-Services-Indexing-In-P2P\database\objectdb\web_services_clusterer.odb' is opened by 6044@Billakos-PC

[2013-01-27 23:39:48 #2 type] 
Type FunctionWord is not enhanced.

[2013-01-27 23:39:48 #3 type] 
Type GeneralComputingWord is not enhanced.

[2013-01-27 23:39:48 #4 type] 
Type WordHits is not enhanced.

[2013-01-27 23:39:48 #5 type] 
Type QualityFactor is not enhanced.

[2013-01-27 23:39:48 #6 type] 
Type WebServicesCluster is not enhanced.

------------------------------------------------------------------------------------------------------------------------

[2013-01-27 23:40:48 #1 store] 
Database 'D:\Dropbox\Thesis\GitHub\Web-Services-Indexing-In-P2P\database\objectdb\web_services_clusterer.odb' is opened by 5092@Billakos-PC

[2013-01-27 23:40:48 #2 type] 
Type FunctionWord is not enhanced.

[2013-01-27 23:40:48 #3 type] 
Type GeneralComputingWord is not enhanced.

[2013-01-27 23:40:48 #4 type] 
Type WordHits is not enhanced.

[2013-01-27 23:40:49 #5 type] 
Type QualityFactor is not enhanced.

[2013-01-27 23:40:49 #6 type] 
Type WebServicesCluster is not enhanced.

[2013-01-27 23:42:16 #34 store] 
Database 'D:\Dropbox\Thesis\GitHub\Web-Services-Indexing-In-P2P\database\objectdb\web_services_clusterer.odb' has been recovered (tr. 55-56)

[2013-01-27 23:42:16 #35 store] 
Database 'D:\Dropbox\Thesis\GitHub\Web-Services-Indexing-In-P2P\database\objectdb\web_services_clusterer.odb' is opened by 5852@Billakos-PC

