------------------------------------------------------------------------------------------------------------------------

[2013-02-18 00:35:59 #1 store] 
Database 'D:\Dropbox\Thesis\GitHub\Web-Services-Indexing-In-P2P\database\objectdb\web_services_clusterer.odb' has been recovered (tr. 77314-79543)

[2013-02-18 00:36:00 #2 store] 
Database 'D:\Dropbox\Thesis\GitHub\Web-Services-Indexing-In-P2P\database\objectdb\web_services_clusterer.odb' is opened by 1376@Billakos-PC

[2013-02-18 00:36:00 #3 type] 
Type FunctionWord is not enhanced.

[2013-02-18 00:36:00 #4 type] 
Type GeneralComputingWord is not enhanced.

[2013-02-18 00:36:00 #5 type] 
Type WordHits is not enhanced.

[2013-02-18 00:36:00 #6 type] 
Type QualityFactor is not enhanced.

[2013-02-18 00:36:00 #7 type] 
Type WebServicesCluster is not enhanced.

[2013-02-18 00:36:00 #8 type] 
Type DecompressedMatrix is not enhanced.

[2013-02-18 00:36:00 #9 type] 
Type DocumentWordVector is not enhanced.

------------------------------------------------------------------------------------------------------------------------

[2013-02-18 00:49:00 #1 store] 
Database 'D:\Dropbox\Thesis\GitHub\Web-Services-Indexing-In-P2P\database\objectdb\web_services_clusterer.odb' has been recovered (tr. 79544-79544)

[2013-02-18 00:49:00 #2 store] 
Database 'D:\Dropbox\Thesis\GitHub\Web-Services-Indexing-In-P2P\database\objectdb\web_services_clusterer.odb' is opened by 7364@Billakos-PC

[2013-02-18 00:49:00 #3 type] 
Type FunctionWord is not enhanced.

[2013-02-18 00:49:00 #4 type] 
Type GeneralComputingWord is not enhanced.

[2013-02-18 00:49:00 #5 type] 
Type WordHits is not enhanced.

[2013-02-18 00:49:00 #6 type] 
Type QualityFactor is not enhanced.

[2013-02-18 00:49:00 #7 type] 
Type WebServicesCluster is not enhanced.

[2013-02-18 00:49:00 #8 type] 
Type DecompressedMatrix is not enhanced.

[2013-02-18 00:49:00 #9 type] 
Type DocumentWordVector is not enhanced.

[2013-02-18 00:49:00 #10 type] 
Type WSDLCategory is not enhanced.

[2013-02-18 00:49:00 #11 store] 
Database 'D:\Dropbox\Thesis\GitHub\Web-Services-Indexing-In-P2P\database\objectdb\web_services_clusterer.odb' is closed by 7364@Billakos-PC

------------------------------------------------------------------------------------------------------------------------

[2013-02-18 01:19:26 #1 store] 
Database 'D:\Dropbox\Thesis\GitHub\Web-Services-Indexing-In-P2P\database\objectdb\web_services_clusterer.odb' is opened by 1028@Billakos-PC

[2013-02-18 01:19:26 #2 type] 
Type FunctionWord is not enhanced.

[2013-02-18 01:19:26 #3 type] 
Type GeneralComputingWord is not enhanced.

[2013-02-18 01:19:26 #4 type] 
Type WordHits is not enhanced.

[2013-02-18 01:19:26 #5 type] 
Type QualityFactor is not enhanced.

[2013-02-18 01:19:26 #6 type] 
Type WebServicesCluster is not enhanced.

[2013-02-18 01:19:26 #7 type] 
Type DecompressedMatrix is not enhanced.

[2013-02-18 01:19:26 #8 type] 
Type DocumentWordVector is not enhanced.

[2013-02-18 01:19:26 #9 type] 
Type WSDLCategory is not enhanced.

[2013-02-18 01:19:26 #10 store] 
Database 'D:\Dropbox\Thesis\GitHub\Web-Services-Indexing-In-P2P\database\objectdb\web_services_clusterer.odb' is closed by 1028@Billakos-PC

------------------------------------------------------------------------------------------------------------------------

[2013-02-18 01:21:23 #1 store] 
Database 'D:\Dropbox\Thesis\GitHub\Web-Services-Indexing-In-P2P\database\objectdb\web_services_clusterer.odb' is opened by 9940@Billakos-PC

[2013-02-18 01:21:23 #2 type] 
Type FunctionWord is not enhanced.

[2013-02-18 01:21:23 #3 type] 
Type GeneralComputingWord is not enhanced.

[2013-02-18 01:21:23 #4 type] 
Type WordHits is not enhanced.

[2013-02-18 01:21:23 #5 type] 
Type QualityFactor is not enhanced.

[2013-02-18 01:21:23 #6 type] 
Type WebServicesCluster is not enhanced.

[2013-02-18 01:21:23 #7 type] 
Type DecompressedMatrix is not enhanced.

[2013-02-18 01:21:23 #8 type] 
Type DocumentWordVector is not enhanced.

[2013-02-18 01:21:23 #9 type] 
Type WSDLCategory is not enhanced.

[2013-02-18 01:21:24 #10 store] 
Database 'D:\Dropbox\Thesis\GitHub\Web-Services-Indexing-In-P2P\database\objectdb\web_services_clusterer.odb' is closed by 9940@Billakos-PC

------------------------------------------------------------------------------------------------------------------------

[2013-02-18 01:23:59 #1 store] 
Database 'D:\Dropbox\Thesis\GitHub\Web-Services-Indexing-In-P2P\database\objectdb\web_services_clusterer.odb' is opened by 5216@Billakos-PC

[2013-02-18 01:23:59 #2 type] 
Type FunctionWord is not enhanced.

[2013-02-18 01:23:59 #3 type] 
Type GeneralComputingWord is not enhanced.

[2013-02-18 01:23:59 #4 type] 
Type WordHits is not enhanced.

[2013-02-18 01:23:59 #5 type] 
Type QualityFactor is not enhanced.

[2013-02-18 01:23:59 #6 type] 
Type WebServicesCluster is not enhanced.

[2013-02-18 01:23:59 #7 type] 
Type DecompressedMatrix is not enhanced.

[2013-02-18 01:23:59 #8 type] 
Type DocumentWordVector is not enhanced.

[2013-02-18 01:23:59 #9 type] 
Type WSDLCategory is not enhanced.

[2013-02-18 01:23:59 #10 store] 
Database 'D:\Dropbox\Thesis\GitHub\Web-Services-Indexing-In-P2P\database\objectdb\web_services_clusterer.odb' is closed by 5216@Billakos-PC

------------------------------------------------------------------------------------------------------------------------

[2013-02-18 01:24:42 #1 store] 
Database 'D:\Dropbox\Thesis\GitHub\Web-Services-Indexing-In-P2P\database\objectdb\web_services_clusterer.odb' is opened by 10484@Billakos-PC

[2013-02-18 01:24:42 #2 type] 
Type FunctionWord is not enhanced.

[2013-02-18 01:24:42 #3 type] 
Type GeneralComputingWord is not enhanced.

[2013-02-18 01:24:42 #4 type] 
Type WordHits is not enhanced.

[2013-02-18 01:24:42 #5 type] 
Type QualityFactor is not enhanced.

[2013-02-18 01:24:42 #6 type] 
Type WebServicesCluster is not enhanced.

[2013-02-18 01:24:42 #7 type] 
Type DecompressedMatrix is not enhanced.

[2013-02-18 01:24:42 #8 type] 
Type DocumentWordVector is not enhanced.

[2013-02-18 01:24:42 #9 type] 
Type WSDLCategory is not enhanced.

------------------------------------------------------------------------------------------------------------------------

[2013-02-18 01:25:10 #1 store] 
Database 'D:\Dropbox\Thesis\GitHub\Web-Services-Indexing-In-P2P\database\objectdb\web_services_clusterer.odb' is opened by 6604@Billakos-PC

[2013-02-18 01:25:10 #2 type] 
Type FunctionWord is not enhanced.

[2013-02-18 01:25:10 #3 type] 
Type GeneralComputingWord is not enhanced.

[2013-02-18 01:25:10 #4 type] 
Type WordHits is not enhanced.

[2013-02-18 01:25:10 #5 type] 
Type QualityFactor is not enhanced.

[2013-02-18 01:25:10 #6 type] 
Type WebServicesCluster is not enhanced.

[2013-02-18 01:25:10 #7 type] 
Type DecompressedMatrix is not enhanced.

[2013-02-18 01:25:10 #8 type] 
Type DocumentWordVector is not enhanced.

[2013-02-18 01:25:10 #9 type] 
Type WSDLCategory is not enhanced.

[2013-02-18 01:25:10 #10 store] 
Database 'D:\Dropbox\Thesis\GitHub\Web-Services-Indexing-In-P2P\database\objectdb\web_services_clusterer.odb' is closed by 6604@Billakos-PC

------------------------------------------------------------------------------------------------------------------------

[2013-02-18 01:30:24 #1 store] 
Database 'D:\Dropbox\Thesis\GitHub\Web-Services-Indexing-In-P2P\database\objectdb\web_services_clusterer.odb' is opened by 1756@Billakos-PC

[2013-02-18 01:30:24 #2 type] 
Type FunctionWord is not enhanced.

[2013-02-18 01:30:24 #3 type] 
Type GeneralComputingWord is not enhanced.

[2013-02-18 01:30:24 #4 type] 
Type WordHits is not enhanced.

[2013-02-18 01:30:24 #5 type] 
Type QualityFactor is not enhanced.

[2013-02-18 01:30:24 #6 type] 
Type WebServicesCluster is not enhanced.

[2013-02-18 01:30:24 #7 type] 
Type DecompressedMatrix is not enhanced.

[2013-02-18 01:30:25 #8 type] 
Type DocumentWordVector is not enhanced.

[2013-02-18 01:30:25 #9 type] 
Type WSDLCategory is not enhanced.

[2013-02-18 01:30:25 #10 store] 
Database 'D:\Dropbox\Thesis\GitHub\Web-Services-Indexing-In-P2P\database\objectdb\web_services_clusterer.odb' is closed by 1756@Billakos-PC

------------------------------------------------------------------------------------------------------------------------

[2013-02-18 01:35:08 #1 store] 
Database 'D:\Dropbox\Thesis\GitHub\Web-Services-Indexing-In-P2P\database\objectdb\web_services_clusterer.odb' is opened by 9096@Billakos-PC

[2013-02-18 01:35:09 #2 type] 
Type FunctionWord is not enhanced.

[2013-02-18 01:35:09 #3 type] 
Type GeneralComputingWord is not enhanced.

[2013-02-18 01:35:09 #4 type] 
Type WordHits is not enhanced.

[2013-02-18 01:35:09 #5 type] 
Type QualityFactor is not enhanced.

[2013-02-18 01:35:09 #6 type] 
Type WebServicesCluster is not enhanced.

[2013-02-18 01:35:09 #7 type] 
Type DecompressedMatrix is not enhanced.

[2013-02-18 01:35:09 #8 type] 
Type DocumentWordVector is not enhanced.

[2013-02-18 01:35:09 #9 type] 
Type WSDLCategory is not enhanced.

[2013-02-18 01:35:09 #10 store] 
Database 'D:\Dropbox\Thesis\GitHub\Web-Services-Indexing-In-P2P\database\objectdb\web_services_clusterer.odb' is closed by 9096@Billakos-PC

------------------------------------------------------------------------------------------------------------------------

[2013-02-18 01:35:47 #1 store] 
Database 'D:\Dropbox\Thesis\GitHub\Web-Services-Indexing-In-P2P\database\objectdb\web_services_clusterer.odb' is opened by 5824@Billakos-PC

[2013-02-18 01:38:51 #2 store] 
Database 'D:\Dropbox\Thesis\GitHub\Web-Services-Indexing-In-P2P\database\objectdb\web_services_clusterer.odb' is closed by 5824@Billakos-PC

------------------------------------------------------------------------------------------------------------------------

[2013-02-18 01:39:49 #1 store] 
Database 'D:\Dropbox\Thesis\GitHub\Web-Services-Indexing-In-P2P\database\objectdb\web_services_clusterer.odb' is opened by 4260@Billakos-PC

[2013-02-18 01:39:49 #2 type] 
Type FunctionWord is not enhanced.

[2013-02-18 01:39:49 #3 type] 
Type GeneralComputingWord is not enhanced.

[2013-02-18 01:39:49 #4 type] 
Type WordHits is not enhanced.

[2013-02-18 01:39:49 #5 type] 
Type QualityFactor is not enhanced.

[2013-02-18 01:39:49 #6 type] 
Type WebServicesCluster is not enhanced.

[2013-02-18 01:39:49 #7 type] 
Type DecompressedMatrix is not enhanced.

[2013-02-18 01:39:49 #8 type] 
Type DocumentWordVector is not enhanced.

[2013-02-18 01:39:49 #9 type] 
Type WSDLCategory is not enhanced.

[2013-02-18 01:39:49 #10 store] 
Database 'D:\Dropbox\Thesis\GitHub\Web-Services-Indexing-In-P2P\database\objectdb\web_services_clusterer.odb' is closed by 4260@Billakos-PC

------------------------------------------------------------------------------------------------------------------------

[2013-02-18 01:40:11 #1 store] 
Database 'D:\Dropbox\Thesis\GitHub\Web-Services-Indexing-In-P2P\database\objectdb\web_services_clusterer.odb' is opened by 5920@Billakos-PC

[2013-02-18 01:41:17 #2 store] 
Database 'D:\Dropbox\Thesis\GitHub\Web-Services-Indexing-In-P2P\database\objectdb\web_services_clusterer.odb' is closed by 5920@Billakos-PC

------------------------------------------------------------------------------------------------------------------------

[2013-02-18 01:41:20 #1 store] 
Database 'D:\Dropbox\Thesis\GitHub\Web-Services-Indexing-In-P2P\database\objectdb\web_services_clusterer.odb' is opened by 5220@Billakos-PC

[2013-02-18 01:41:45 #2 store] 
Database 'D:\Dropbox\Thesis\GitHub\Web-Services-Indexing-In-P2P\database\objectdb\web_services_clusterer.odb' is closed by 5220@Billakos-PC

------------------------------------------------------------------------------------------------------------------------

[2013-02-18 01:41:48 #1 store] 
Database 'D:\Dropbox\Thesis\GitHub\Web-Services-Indexing-In-P2P\database\objectdb\web_services_clusterer.odb' is opened by 10196@Billakos-PC

[2013-02-18 01:43:16 #2 store] 
Database 'D:\Dropbox\Thesis\GitHub\Web-Services-Indexing-In-P2P\database\objectdb\web_services_clusterer.odb' is closed by 10196@Billakos-PC

------------------------------------------------------------------------------------------------------------------------

[2013-02-18 01:43:18 #1 store] 
Database 'D:\Dropbox\Thesis\GitHub\Web-Services-Indexing-In-P2P\database\objectdb\web_services_clusterer.odb' is opened by 4772@Billakos-PC

[2013-02-18 01:43:24 #2 store] 
Database 'D:\Dropbox\Thesis\GitHub\Web-Services-Indexing-In-P2P\database\objectdb\web_services_clusterer.odb' is closed by 4772@Billakos-PC

------------------------------------------------------------------------------------------------------------------------

[2013-02-18 01:46:04 #1 store] 
Database 'D:\Dropbox\Thesis\GitHub\Web-Services-Indexing-In-P2P\database\objectdb\web_services_clusterer.odb' is opened by 10444@Billakos-PC

[2013-02-18 01:46:05 #2 type] 
Type FunctionWord is not enhanced.

[2013-02-18 01:46:05 #3 type] 
Type GeneralComputingWord is not enhanced.

[2013-02-18 01:46:05 #4 type] 
Type WordHits is not enhanced.

[2013-02-18 01:46:05 #5 type] 
Type QualityFactor is not enhanced.

[2013-02-18 01:46:05 #6 type] 
Type WebServicesCluster is not enhanced.

[2013-02-18 01:46:05 #7 type] 
Type DecompressedMatrix is not enhanced.

[2013-02-18 01:46:05 #8 type] 
Type DocumentWordVector is not enhanced.

[2013-02-18 01:46:05 #9 type] 
Type WSDLCategory is not enhanced.

[2013-02-18 01:46:05 #10 store] 
Database 'D:\Dropbox\Thesis\GitHub\Web-Services-Indexing-In-P2P\database\objectdb\web_services_clusterer.odb' is closed by 10444@Billakos-PC

------------------------------------------------------------------------------------------------------------------------

[2013-02-18 01:46:21 #1 store] 
Database 'D:\Dropbox\Thesis\GitHub\Web-Services-Indexing-In-P2P\database\objectdb\web_services_clusterer.odb' is opened by 5744@Billakos-PC

[2013-02-18 01:47:36 #2 store] 
Database 'D:\Dropbox\Thesis\GitHub\Web-Services-Indexing-In-P2P\database\objectdb\web_services_clusterer.odb' is closed by 5744@Billakos-PC

------------------------------------------------------------------------------------------------------------------------

[2013-02-18 10:21:28 #1 store] 
Database 'C:\Users\Billly\Dropbox\Thesis\GitHub\Web-Services-Indexing-In-P2P\database\objectdb\web_services_clusterer.odb' is opened by 2920@Lab-PC

[2013-02-18 10:21:45 #2 store] 
Database 'C:\Users\Billly\Dropbox\Thesis\GitHub\Web-Services-Indexing-In-P2P\database\objectdb\web_services_clusterer.odb' is closed by 2920@Lab-PC

------------------------------------------------------------------------------------------------------------------------

[2013-02-18 10:21:48 #1 store] 
Database 'C:\Users\Billly\Dropbox\Thesis\GitHub\Web-Services-Indexing-In-P2P\database\objectdb\web_services_clusterer.odb' is opened by 3056@Lab-PC

[2013-02-18 10:21:53 #2 store] 
Database 'C:\Users\Billly\Dropbox\Thesis\GitHub\Web-Services-Indexing-In-P2P\database\objectdb\web_services_clusterer.odb' is closed by 3056@Lab-PC

------------------------------------------------------------------------------------------------------------------------

[2013-02-18 10:22:40 #1 store] 
Database 'C:\Users\Billly\Dropbox\Thesis\GitHub\Web-Services-Indexing-In-P2P\database\objectdb\web_services_clusterer.odb' is opened by 3172@Lab-PC

[2013-02-18 10:22:40 #2 type] 
Type FunctionWord is not enhanced.

[2013-02-18 10:22:40 #3 type] 
Type GeneralComputingWord is not enhanced.

[2013-02-18 10:22:40 #4 type] 
Type WordHits is not enhanced.

[2013-02-18 10:22:40 #5 type] 
Type QualityFactor is not enhanced.

[2013-02-18 10:22:40 #6 type] 
Type WebServicesCluster is not enhanced.

[2013-02-18 10:22:40 #7 type] 
Type DecompressedMatrix is not enhanced.

[2013-02-18 10:22:40 #8 type] 
Type DocumentWordVector is not enhanced.

[2013-02-18 10:22:40 #9 type] 
Type WSDLCategory is not enhanced.

[2013-02-18 10:22:40 #10 store] 
Database 'C:\Users\Billly\Dropbox\Thesis\GitHub\Web-Services-Indexing-In-P2P\database\objectdb\web_services_clusterer.odb' is closed by 3172@Lab-PC

------------------------------------------------------------------------------------------------------------------------

[2013-02-18 10:50:18 #1 store] 
Database 'C:\Users\Billly\Dropbox\Thesis\GitHub\Web-Services-Indexing-In-P2P\database\objectdb\web_services_clusterer.odb' is opened by 5480@Lab-PC

[2013-02-18 10:50:18 #2 type] 
Type FunctionWord is not enhanced.

[2013-02-18 10:50:18 #3 type] 
Type GeneralComputingWord is not enhanced.

[2013-02-18 10:50:18 #4 type] 
Type WordHits is not enhanced.

[2013-02-18 10:50:18 #5 type] 
Type QualityFactor is not enhanced.

[2013-02-18 10:50:18 #6 type] 
Type WebServicesCluster is not enhanced.

[2013-02-18 10:50:18 #7 type] 
Type DecompressedMatrix is not enhanced.

[2013-02-18 10:50:18 #8 type] 
Type DocumentWordVector is not enhanced.

[2013-02-18 10:50:18 #9 type] 
Type WSDLCategory is not enhanced.

[2013-02-18 10:50:18 #10 store] 
Database 'C:\Users\Billly\Dropbox\Thesis\GitHub\Web-Services-Indexing-In-P2P\database\objectdb\web_services_clusterer.odb' is closed by 5480@Lab-PC

------------------------------------------------------------------------------------------------------------------------

[2013-02-18 10:54:09 #1 store] 
Database 'C:\Users\Billly\Dropbox\Thesis\GitHub\Web-Services-Indexing-In-P2P\database\objectdb\web_services_clusterer.odb' is opened by 1012@Lab-PC

[2013-02-18 10:54:45 #2 explorer] 
[ObjectDB 2.4.6_01] java.lang.IllegalArgumentException
Attempt to lock a new (non stored yet) entity object (error 635)
	at javax.swing.AbstractButton.fireActionPerformed(Unknown Source)
	at javax.swing.AbstractButton$Handler.actionPerformed(Unknown Source)
	at javax.swing.DefaultButtonModel.fireActionPerformed(Unknown Source)
	at javax.swing.DefaultButtonModel.setPressed(Unknown Source)
	at javax.swing.AbstractButton.doClick(Unknown Source)
	at javax.swing.plaf.basic.BasicMenuItemUI.doClick(Unknown Source)
	at javax.swing.plaf.basic.BasicMenuItemUI$Handler.mouseReleased(Unknown Source)
	at java.awt.Component.processMouseEvent(Unknown Source)
	at javax.swing.JComponent.processMouseEvent(Unknown Source)
	at java.awt.Component.processEvent(Unknown Source)
	at java.awt.Container.processEvent(Unknown Source)
	at java.awt.Component.dispatchEventImpl(Unknown Source)
	at java.awt.Container.dispatchEventImpl(Unknown Source)
	at java.awt.Component.dispatchEvent(Unknown Source)
	at java.awt.LightweightDispatcher.retargetMouseEvent(Unknown Source)
	at java.awt.LightweightDispatcher.processMouseEvent(Unknown Source)
	at java.awt.LightweightDispatcher.dispatchEvent(Unknown Source)
	at java.awt.Container.dispatchEventImpl(Unknown Source)
	at java.awt.Window.dispatchEventImpl(Unknown Source)
	at java.awt.Component.dispatchEvent(Unknown Source)
	at java.awt.EventQueue.dispatchEventImpl(Unknown Source)
	at java.awt.EventQueue.access$200(Unknown Source)
	at java.awt.EventQueue$3.run(Unknown Source)
	at java.awt.EventQueue$3.run(Unknown Source)
	at java.security.AccessController.doPrivileged(Native Method)
	at java.security.ProtectionDomain$1.doIntersectionPrivilege(Unknown Source)
	at java.security.ProtectionDomain$1.doIntersectionPrivilege(Unknown Source)
	at java.awt.EventQueue$4.run(Unknown Source)
	at java.awt.EventQueue$4.run(Unknown Source)
	at java.security.AccessController.doPrivileged(Native Method)
	at java.security.ProtectionDomain$1.doIntersectionPrivilege(Unknown Source)
	at java.awt.EventQueue.dispatchEvent(Unknown Source)
	at java.awt.EventDispatchThread.pumpOneEventForFilters(Unknown Source)
	at java.awt.EventDispatchThread.pumpEventsForFilter(Unknown Source)
	at java.awt.EventDispatchThread.pumpEventsForHierarchy(Unknown Source)
	at java.awt.EventDispatchThread.pumpEvents(Unknown Source)
	at java.awt.EventDispatchThread.pumpEvents(Unknown Source)
	at java.awt.EventDispatchThread.run(Unknown Source)

[2013-02-18 10:54:59 #3 store] 
Database 'C:\Users\Billly\Dropbox\Thesis\GitHub\Web-Services-Indexing-In-P2P\database\objectdb\web_services_clusterer.odb' is closed by 1012@Lab-PC

------------------------------------------------------------------------------------------------------------------------

[2013-02-18 10:55:02 #1 store] 
Database 'C:\Users\Billly\Dropbox\Thesis\GitHub\Web-Services-Indexing-In-P2P\database\objectdb\web_services_clusterer.odb' is opened by 4040@Lab-PC

[2013-02-18 10:56:05 #2 store] 
Database 'C:\Users\Billly\Dropbox\Thesis\GitHub\Web-Services-Indexing-In-P2P\database\objectdb\web_services_clusterer.odb' is closed by 4040@Lab-PC

------------------------------------------------------------------------------------------------------------------------

[2013-02-18 10:56:07 #1 store] 
Database 'C:\Users\Billly\Dropbox\Thesis\GitHub\Web-Services-Indexing-In-P2P\database\objectdb\web_services_clusterer.odb' is opened by 1116@Lab-PC

[2013-02-18 10:56:11 #2 store] 
Database 'C:\Users\Billly\Dropbox\Thesis\GitHub\Web-Services-Indexing-In-P2P\database\objectdb\web_services_clusterer.odb' is closed by 1116@Lab-PC

------------------------------------------------------------------------------------------------------------------------

[2013-02-18 11:00:44 #1 store] 
Database 'C:\Users\Billly\Dropbox\Thesis\GitHub\Web-Services-Indexing-In-P2P\database\objectdb\web_services_clusterer.odb' is opened by 5448@Lab-PC

[2013-02-18 11:00:44 #2 type] 
Type FunctionWord is not enhanced.

[2013-02-18 11:00:44 #3 type] 
Type GeneralComputingWord is not enhanced.

[2013-02-18 11:00:44 #4 type] 
Type WordHits is not enhanced.

[2013-02-18 11:00:44 #5 type] 
Type QualityFactor is not enhanced.

[2013-02-18 11:00:44 #6 type] 
Type WebServicesCluster is not enhanced.

[2013-02-18 11:00:44 #7 type] 
Type DecompressedMatrix is not enhanced.

[2013-02-18 11:00:44 #8 type] 
Type DocumentWordVector is not enhanced.

[2013-02-18 11:00:44 #9 type] 
Type WSDLCategory is not enhanced.

[2013-02-18 11:00:44 #10 store] 
Database 'C:\Users\Billly\Dropbox\Thesis\GitHub\Web-Services-Indexing-In-P2P\database\objectdb\web_services_clusterer.odb' is closed by 5448@Lab-PC

------------------------------------------------------------------------------------------------------------------------

[2013-02-18 11:02:00 #1 store] 
Database 'C:\Users\Billly\Dropbox\Thesis\GitHub\Web-Services-Indexing-In-P2P\database\objectdb\web_services_clusterer.odb' is opened by 4112@Lab-PC

[2013-02-18 11:05:05 #2 store] 
Database 'C:\Users\Billly\Dropbox\Thesis\GitHub\Web-Services-Indexing-In-P2P\database\objectdb\web_services_clusterer.odb' is closed by 4112@Lab-PC

------------------------------------------------------------------------------------------------------------------------

[2013-02-18 11:05:08 #1 store] 
Database 'C:\Users\Billly\Dropbox\Thesis\GitHub\Web-Services-Indexing-In-P2P\database\objectdb\web_services_clusterer.odb' is opened by 4596@Lab-PC

[2013-02-18 11:05:08 #2 type] 
Type FunctionWord is not enhanced.

[2013-02-18 11:05:08 #3 type] 
Type GeneralComputingWord is not enhanced.

[2013-02-18 11:05:08 #4 type] 
Type WordHits is not enhanced.

[2013-02-18 11:05:08 #5 type] 
Type QualityFactor is not enhanced.

[2013-02-18 11:05:08 #6 type] 
Type WebServicesCluster is not enhanced.

[2013-02-18 11:05:08 #7 type] 
Type DecompressedMatrix is not enhanced.

[2013-02-18 11:05:08 #8 type] 
Type DocumentWordVector is not enhanced.

[2013-02-18 11:05:08 #9 type] 
Type WSDLCategory is not enhanced.

------------------------------------------------------------------------------------------------------------------------

[2013-02-18 11:06:07 #1 store] 
Database 'C:\Users\Billly\Dropbox\Thesis\GitHub\Web-Services-Indexing-In-P2P\database\objectdb\web_services_clusterer.odb' is opened by 172@Lab-PC

[2013-02-18 11:06:07 #2 type] 
Type FunctionWord is not enhanced.

[2013-02-18 11:06:07 #3 type] 
Type GeneralComputingWord is not enhanced.

[2013-02-18 11:06:07 #4 type] 
Type WordHits is not enhanced.

[2013-02-18 11:06:07 #5 type] 
Type QualityFactor is not enhanced.

[2013-02-18 11:06:07 #6 type] 
Type WebServicesCluster is not enhanced.

[2013-02-18 11:06:07 #7 type] 
Type DecompressedMatrix is not enhanced.

[2013-02-18 11:06:07 #8 type] 
Type DocumentWordVector is not enhanced.

[2013-02-18 11:06:07 #9 type] 
Type WSDLCategory is not enhanced.

------------------------------------------------------------------------------------------------------------------------

[2013-02-18 11:16:54 #1 store] 
Database 'C:\Users\Billly\Dropbox\Thesis\GitHub\Web-Services-Indexing-In-P2P\database\objectdb\web_services_clusterer.odb' has been recovered (tr. 79693-82552)

[2013-02-18 11:16:55 #2 store] 
Database 'C:\Users\Billly\Dropbox\Thesis\GitHub\Web-Services-Indexing-In-P2P\database\objectdb\web_services_clusterer.odb' is opened by 5684@Lab-PC

[2013-02-18 11:16:55 #3 type] 
Type FunctionWord is not enhanced.

[2013-02-18 11:16:55 #4 type] 
Type GeneralComputingWord is not enhanced.

[2013-02-18 11:16:55 #5 type] 
Type WordHits is not enhanced.

[2013-02-18 11:16:55 #6 type] 
Type QualityFactor is not enhanced.

[2013-02-18 11:16:55 #7 type] 
Type WebServicesCluster is not enhanced.

[2013-02-18 11:16:55 #8 type] 
Type DecompressedMatrix is not enhanced.

[2013-02-18 11:16:55 #9 type] 
Type DocumentWordVector is not enhanced.

[2013-02-18 11:16:55 #10 type] 
Type WSDLCategory is not enhanced.

------------------------------------------------------------------------------------------------------------------------

[2013-02-18 11:28:19 #1 store] 
Database 'C:\Users\Billly\Dropbox\Thesis\GitHub\Web-Services-Indexing-In-P2P\database\objectdb\web_services_clusterer.odb' has been recovered (tr. 82554-85411)

[2013-02-18 11:28:20 #2 store] 
Database 'C:\Users\Billly\Dropbox\Thesis\GitHub\Web-Services-Indexing-In-P2P\database\objectdb\web_services_clusterer.odb' is opened by 5928@Lab-PC

[2013-02-18 11:28:20 #3 type] 
Type FunctionWord is not enhanced.

[2013-02-18 11:28:20 #4 type] 
Type GeneralComputingWord is not enhanced.

[2013-02-18 11:28:20 #5 type] 
Type WordHits is not enhanced.

[2013-02-18 11:28:20 #6 type] 
Type QualityFactor is not enhanced.

[2013-02-18 11:28:20 #7 type] 
Type WebServicesCluster is not enhanced.

[2013-02-18 11:28:20 #8 type] 
Type DecompressedMatrix is not enhanced.

[2013-02-18 11:28:20 #9 type] 
Type DocumentWordVector is not enhanced.

[2013-02-18 11:28:20 #10 type] 
Type WSDLCategory is not enhanced.

------------------------------------------------------------------------------------------------------------------------

[2013-02-18 11:29:41 #1 store] 
Database 'C:\Users\Billly\Dropbox\Thesis\GitHub\Web-Services-Indexing-In-P2P\database\objectdb\web_services_clusterer.odb' has been recovered (tr. 85413-87396)

[2013-02-18 11:29:42 #2 store] 
Database 'C:\Users\Billly\Dropbox\Thesis\GitHub\Web-Services-Indexing-In-P2P\database\objectdb\web_services_clusterer.odb' is opened by 3824@Lab-PC

[2013-02-18 11:29:42 #3 type] 
Type FunctionWord is not enhanced.

[2013-02-18 11:29:42 #4 type] 
Type GeneralComputingWord is not enhanced.

[2013-02-18 11:29:42 #5 type] 
Type WordHits is not enhanced.

[2013-02-18 11:29:42 #6 type] 
Type QualityFactor is not enhanced.

[2013-02-18 11:29:42 #7 type] 
Type WebServicesCluster is not enhanced.

[2013-02-18 11:29:42 #8 type] 
Type DecompressedMatrix is not enhanced.

[2013-02-18 11:29:42 #9 type] 
Type DocumentWordVector is not enhanced.

[2013-02-18 11:29:42 #10 type] 
Type WSDLCategory is not enhanced.

------------------------------------------------------------------------------------------------------------------------

[2013-02-18 16:07:26 #1 store] 
Database 'C:\Users\Billly\Dropbox\Thesis\GitHub\Web-Services-Indexing-In-P2P\database\objectdb\web_services_clusterer.odb' has been recovered (tr. 87397-90255)

[2013-02-18 16:07:27 #2 store] 
Database 'C:\Users\Billly\Dropbox\Thesis\GitHub\Web-Services-Indexing-In-P2P\database\objectdb\web_services_clusterer.odb' is opened by 5788@Lab-PC

[2013-02-18 16:09:37 #3 store] 
Database 'C:\Users\Billly\Dropbox\Thesis\GitHub\Web-Services-Indexing-In-P2P\database\objectdb\web_services_clusterer.odb' is closed by 5788@Lab-PC

------------------------------------------------------------------------------------------------------------------------

[2013-02-18 16:13:11 #1 store] 
Database 'C:\Users\Billly\Dropbox\Thesis\GitHub\Web-Services-Indexing-In-P2P\database\objectdb\web_services_clusterer.odb' is opened by 1524@Lab-PC

[2013-02-18 16:20:08 #2 store] 
Database 'C:\Users\Billly\Dropbox\Thesis\GitHub\Web-Services-Indexing-In-P2P\database\objectdb\web_services_clusterer.odb' is closed by 1524@Lab-PC

------------------------------------------------------------------------------------------------------------------------

[2013-02-18 16:24:43 #1 store] 
Database 'C:\Users\Billly\Dropbox\Thesis\GitHub\Web-Services-Indexing-In-P2P\database\objectdb\web_services_clusterer.odb' is opened by 560@Lab-PC

[2013-02-18 16:24:43 #2 type] 
Type FunctionWord is not enhanced.

[2013-02-18 16:24:43 #3 type] 
Type GeneralComputingWord is not enhanced.

[2013-02-18 16:24:43 #4 type] 
Type WordHits is not enhanced.

[2013-02-18 16:24:43 #5 type] 
Type QualityFactor is not enhanced.

[2013-02-18 16:24:43 #6 type] 
Type WebServicesCluster is not enhanced.

[2013-02-18 16:24:43 #7 type] 
Type DecompressedMatrix is not enhanced.

[2013-02-18 16:24:43 #8 type] 
Type DocumentWordVector is not enhanced.

[2013-02-18 16:24:43 #9 type] 
Type WSDLCategory is not enhanced.

[2013-02-18 16:24:43 #10 store] 
Database 'C:\Users\Billly\Dropbox\Thesis\GitHub\Web-Services-Indexing-In-P2P\database\objectdb\web_services_clusterer.odb' is closed by 560@Lab-PC

------------------------------------------------------------------------------------------------------------------------

[2013-02-18 16:42:40 #1 store] 
Database 'C:\Users\Billly\Dropbox\Thesis\GitHub\Web-Services-Indexing-In-P2P\database\objectdb\web_services_clusterer.odb' is opened by 1308@Lab-PC

[2013-02-18 16:42:40 #2 type] 
Type FunctionWord is not enhanced.

[2013-02-18 16:42:40 #3 type] 
Type GeneralComputingWord is not enhanced.

[2013-02-18 16:42:40 #4 type] 
Type WordHits is not enhanced.

[2013-02-18 16:42:40 #5 type] 
Type QualityFactor is not enhanced.

[2013-02-18 16:42:40 #6 type] 
Type WebServicesCluster is not enhanced.

[2013-02-18 16:42:40 #7 type] 
Type DecompressedMatrix is not enhanced.

[2013-02-18 16:42:40 #8 type] 
Type DocumentWordVector is not enhanced.

[2013-02-18 16:42:40 #9 type] 
Type WSDLCategory is not enhanced.

[2013-02-18 16:42:40 #10 store] 
Database 'C:\Users\Billly\Dropbox\Thesis\GitHub\Web-Services-Indexing-In-P2P\database\objectdb\web_services_clusterer.odb' is closed by 1308@Lab-PC

------------------------------------------------------------------------------------------------------------------------

[2013-02-18 16:49:46 #1 store] 
Database 'C:\Users\Billly\Dropbox\Thesis\GitHub\Web-Services-Indexing-In-P2P\database\objectdb\web_services_clusterer.odb' is opened by 4728@Lab-PC

[2013-02-18 16:49:46 #2 type] 
Type FunctionWord is not enhanced.

[2013-02-18 16:49:46 #3 type] 
Type GeneralComputingWord is not enhanced.

[2013-02-18 16:49:46 #4 type] 
Type WordHits is not enhanced.

[2013-02-18 16:49:46 #5 type] 
Type QualityFactor is not enhanced.

[2013-02-18 16:49:46 #6 type] 
Type WebServicesCluster is not enhanced.

[2013-02-18 16:49:46 #7 type] 
Type DecompressedMatrix is not enhanced.

[2013-02-18 16:49:46 #8 type] 
Type DocumentWordVector is not enhanced.

[2013-02-18 16:49:46 #9 type] 
Type WSDLCategory is not enhanced.

[2013-02-18 16:49:46 #10 store] 
Database 'C:\Users\Billly\Dropbox\Thesis\GitHub\Web-Services-Indexing-In-P2P\database\objectdb\web_services_clusterer.odb' is closed by 4728@Lab-PC

------------------------------------------------------------------------------------------------------------------------

[2013-02-18 16:55:23 #1 store] 
Database 'C:\Users\Billly\Dropbox\Thesis\GitHub\Web-Services-Indexing-In-P2P\database\objectdb\web_services_clusterer.odb' is opened by 6136@Lab-PC

[2013-02-18 16:58:13 #2 store] 
Database 'C:\Users\Billly\Dropbox\Thesis\GitHub\Web-Services-Indexing-In-P2P\database\objectdb\web_services_clusterer.odb' is closed by 6136@Lab-PC

------------------------------------------------------------------------------------------------------------------------

[2013-02-18 16:58:22 #1 store] 
Database 'C:\Users\Billly\Dropbox\Thesis\GitHub\Web-Services-Indexing-In-P2P\database\objectdb\web_services_clusterer.odb' is opened by 2764@Lab-PC

[2013-02-18 16:58:22 #2 type] 
Type FunctionWord is not enhanced.

[2013-02-18 16:58:22 #3 type] 
Type GeneralComputingWord is not enhanced.

[2013-02-18 16:58:22 #4 type] 
Type WordHits is not enhanced.

[2013-02-18 16:58:22 #5 type] 
Type QualityFactor is not enhanced.

[2013-02-18 16:58:22 #6 type] 
Type WebServicesCluster is not enhanced.

[2013-02-18 16:58:22 #7 type] 
Type DecompressedMatrix is not enhanced.

[2013-02-18 16:58:22 #8 type] 
Type DocumentWordVector is not enhanced.

[2013-02-18 16:58:22 #9 type] 
Type WSDLCategory is not enhanced.

------------------------------------------------------------------------------------------------------------------------

[2013-02-18 16:59:05 #1 store] 
Database 'C:\Users\Billly\Dropbox\Thesis\GitHub\Web-Services-Indexing-In-P2P\database\objectdb\web_services_clusterer.odb' is opened by 3404@Lab-PC

[2013-02-18 16:59:05 #2 type] 
Type FunctionWord is not enhanced.

[2013-02-18 16:59:05 #3 type] 
Type GeneralComputingWord is not enhanced.

[2013-02-18 16:59:05 #4 type] 
Type WordHits is not enhanced.

[2013-02-18 16:59:05 #5 type] 
Type QualityFactor is not enhanced.

[2013-02-18 16:59:05 #6 type] 
Type WebServicesCluster is not enhanced.

[2013-02-18 16:59:05 #7 type] 
Type DecompressedMatrix is not enhanced.

[2013-02-18 16:59:05 #8 type] 
Type DocumentWordVector is not enhanced.

[2013-02-18 16:59:05 #9 type] 
Type WSDLCategory is not enhanced.

[2013-02-18 16:59:12 #10 store] 
Database 'C:\Users\Billly\Dropbox\Thesis\GitHub\Web-Services-Indexing-In-P2P\database\objectdb\web_services_clusterer.odb' is closed by 3404@Lab-PC

------------------------------------------------------------------------------------------------------------------------

[2013-02-18 16:59:16 #1 store] 
Database 'C:\Users\Billly\Dropbox\Thesis\GitHub\Web-Services-Indexing-In-P2P\database\objectdb\web_services_clusterer.odb' is opened by 5804@Lab-PC

[2013-02-18 16:59:16 #2 type] 
Type FunctionWord is not enhanced.

[2013-02-18 16:59:16 #3 type] 
Type GeneralComputingWord is not enhanced.

[2013-02-18 16:59:16 #4 type] 
Type WordHits is not enhanced.

[2013-02-18 16:59:16 #5 type] 
Type QualityFactor is not enhanced.

[2013-02-18 16:59:16 #6 type] 
Type WebServicesCluster is not enhanced.

[2013-02-18 16:59:16 #7 type] 
Type DecompressedMatrix is not enhanced.

[2013-02-18 16:59:16 #8 type] 
Type DocumentWordVector is not enhanced.

[2013-02-18 16:59:16 #9 type] 
Type WSDLCategory is not enhanced.

------------------------------------------------------------------------------------------------------------------------

[2013-02-18 17:02:35 #1 store] 
Database 'C:\Users\Billly\Dropbox\Thesis\GitHub\Web-Services-Indexing-In-P2P\database\objectdb\web_services_clusterer.odb' is opened by 5664@Lab-PC

[2013-02-18 17:02:36 #2 type] 
Type FunctionWord is not enhanced.

[2013-02-18 17:02:36 #3 type] 
Type GeneralComputingWord is not enhanced.

[2013-02-18 17:02:36 #4 type] 
Type WordHits is not enhanced.

[2013-02-18 17:02:36 #5 type] 
Type QualityFactor is not enhanced.

[2013-02-18 17:02:36 #6 type] 
Type WebServicesCluster is not enhanced.

[2013-02-18 17:02:36 #7 type] 
Type DecompressedMatrix is not enhanced.

[2013-02-18 17:02:36 #8 type] 
Type DocumentWordVector is not enhanced.

[2013-02-18 17:02:36 #9 type] 
Type WSDLCategory is not enhanced.

------------------------------------------------------------------------------------------------------------------------

[2013-02-18 17:03:06 #1 store] 
Database 'C:\Users\Billly\Dropbox\Thesis\GitHub\Web-Services-Indexing-In-P2P\database\objectdb\web_services_clusterer.odb' is opened by 5396@Lab-PC

[2013-02-18 17:03:06 #2 type] 
Type FunctionWord is not enhanced.

[2013-02-18 17:03:06 #3 type] 
Type GeneralComputingWord is not enhanced.

[2013-02-18 17:03:06 #4 type] 
Type WordHits is not enhanced.

[2013-02-18 17:03:06 #5 type] 
Type QualityFactor is not enhanced.

[2013-02-18 17:03:06 #6 type] 
Type WebServicesCluster is not enhanced.

[2013-02-18 17:03:06 #7 type] 
Type DecompressedMatrix is not enhanced.

[2013-02-18 17:03:06 #8 type] 
Type DocumentWordVector is not enhanced.

[2013-02-18 17:03:06 #9 type] 
Type WSDLCategory is not enhanced.

[2013-02-18 17:03:27 #3 store] 
Database 'C:\Users\Billly\Dropbox\Thesis\GitHub\Web-Services-Indexing-In-P2P\database\objectdb\web_services_clusterer.odb' is opened by 6136@Lab-PC

[2013-02-18 17:05:08 #4 store] 
Database 'C:\Users\Billly\Dropbox\Thesis\GitHub\Web-Services-Indexing-In-P2P\database\objectdb\web_services_clusterer.odb' is closed by 6136@Lab-PC

------------------------------------------------------------------------------------------------------------------------

[2013-02-18 17:05:12 #1 store] 
Database 'C:\Users\Billly\Dropbox\Thesis\GitHub\Web-Services-Indexing-In-P2P\database\objectdb\web_services_clusterer.odb' is opened by 1352@Lab-PC

[2013-02-18 17:05:12 #2 type] 
Type FunctionWord is not enhanced.

[2013-02-18 17:05:12 #3 type] 
Type GeneralComputingWord is not enhanced.

[2013-02-18 17:05:12 #4 type] 
Type WordHits is not enhanced.

[2013-02-18 17:05:12 #5 type] 
Type QualityFactor is not enhanced.

[2013-02-18 17:05:12 #6 type] 
Type WebServicesCluster is not enhanced.

[2013-02-18 17:05:12 #7 type] 
Type DecompressedMatrix is not enhanced.

[2013-02-18 17:05:12 #8 type] 
Type DocumentWordVector is not enhanced.

[2013-02-18 17:05:12 #9 type] 
Type WSDLCategory is not enhanced.

[2013-02-18 17:05:16 #10 store] 
Database 'C:\Users\Billly\Dropbox\Thesis\GitHub\Web-Services-Indexing-In-P2P\database\objectdb\web_services_clusterer.odb' is closed by 1352@Lab-PC

[2013-02-18 17:05:22 #5 store] 
Database 'C:\Users\Billly\Dropbox\Thesis\GitHub\Web-Services-Indexing-In-P2P\database\objectdb\web_services_clusterer.odb' is opened by 6136@Lab-PC

[2013-02-18 17:07:50 #6 store] 
Database 'C:\Users\Billly\Dropbox\Thesis\GitHub\Web-Services-Indexing-In-P2P\database\objectdb\web_services_clusterer.odb' is closed by 6136@Lab-PC

------------------------------------------------------------------------------------------------------------------------

[2013-02-18 17:07:54 #1 store] 
Database 'C:\Users\Billly\Dropbox\Thesis\GitHub\Web-Services-Indexing-In-P2P\database\objectdb\web_services_clusterer.odb' is opened by 5680@Lab-PC

[2013-02-18 17:07:54 #2 type] 
Type FunctionWord is not enhanced.

[2013-02-18 17:07:54 #3 type] 
Type GeneralComputingWord is not enhanced.

[2013-02-18 17:07:54 #4 type] 
Type WordHits is not enhanced.

[2013-02-18 17:07:54 #5 type] 
Type QualityFactor is not enhanced.

[2013-02-18 17:07:54 #6 type] 
Type WebServicesCluster is not enhanced.

[2013-02-18 17:07:54 #7 type] 
Type DecompressedMatrix is not enhanced.

[2013-02-18 17:07:54 #8 type] 
Type DocumentWordVector is not enhanced.

[2013-02-18 17:07:54 #9 type] 
Type WSDLCategory is not enhanced.

------------------------------------------------------------------------------------------------------------------------

[2013-02-18 17:08:10 #1 store] 
Database 'C:\Users\Billly\Dropbox\Thesis\GitHub\Web-Services-Indexing-In-P2P\database\objectdb\web_services_clusterer.odb' is opened by 5480@Lab-PC

[2013-02-18 17:08:10 #2 type] 
Type FunctionWord is not enhanced.

[2013-02-18 17:08:10 #3 type] 
Type GeneralComputingWord is not enhanced.

[2013-02-18 17:08:10 #4 type] 
Type WordHits is not enhanced.

[2013-02-18 17:08:10 #5 type] 
Type QualityFactor is not enhanced.

[2013-02-18 17:08:10 #6 type] 
Type WebServicesCluster is not enhanced.

[2013-02-18 17:08:10 #7 type] 
Type DecompressedMatrix is not enhanced.

[2013-02-18 17:08:10 #8 type] 
Type DocumentWordVector is not enhanced.

[2013-02-18 17:08:10 #9 type] 
Type WSDLCategory is not enhanced.

[2013-02-18 17:08:14 #10 store] 
Database 'C:\Users\Billly\Dropbox\Thesis\GitHub\Web-Services-Indexing-In-P2P\database\objectdb\web_services_clusterer.odb' is closed by 5480@Lab-PC

[2013-02-18 17:08:19 #7 store] 
Database 'C:\Users\Billly\Dropbox\Thesis\GitHub\Web-Services-Indexing-In-P2P\database\objectdb\web_services_clusterer.odb' is opened by 6136@Lab-PC

[2013-02-18 17:09:02 #8 store] 
Database 'C:\Users\Billly\Dropbox\Thesis\GitHub\Web-Services-Indexing-In-P2P\database\objectdb\web_services_clusterer.odb' is closed by 6136@Lab-PC

------------------------------------------------------------------------------------------------------------------------

[2013-02-18 17:09:06 #1 store] 
Database 'C:\Users\Billly\Dropbox\Thesis\GitHub\Web-Services-Indexing-In-P2P\database\objectdb\web_services_clusterer.odb' is opened by 1312@Lab-PC

[2013-02-18 17:09:06 #2 type] 
Type FunctionWord is not enhanced.

[2013-02-18 17:09:06 #3 type] 
Type GeneralComputingWord is not enhanced.

[2013-02-18 17:09:06 #4 type] 
Type WordHits is not enhanced.

[2013-02-18 17:09:06 #5 type] 
Type QualityFactor is not enhanced.

[2013-02-18 17:09:06 #6 type] 
Type WebServicesCluster is not enhanced.

[2013-02-18 17:09:06 #7 type] 
Type DecompressedMatrix is not enhanced.

[2013-02-18 17:09:06 #8 type] 
Type DocumentWordVector is not enhanced.

[2013-02-18 17:09:06 #9 type] 
Type WSDLCategory is not enhanced.

[2013-02-18 17:09:10 #10 store] 
Database 'C:\Users\Billly\Dropbox\Thesis\GitHub\Web-Services-Indexing-In-P2P\database\objectdb\web_services_clusterer.odb' is closed by 1312@Lab-PC

------------------------------------------------------------------------------------------------------------------------

[2013-02-18 17:09:37 #1 store] 
Database 'C:\Users\Billly\Dropbox\Thesis\GitHub\Web-Services-Indexing-In-P2P\database\objectdb\web_services_clusterer.odb' is opened by 2736@Lab-PC

[2013-02-18 17:09:37 #2 type] 
Type FunctionWord is not enhanced.

[2013-02-18 17:09:37 #3 type] 
Type GeneralComputingWord is not enhanced.

[2013-02-18 17:09:37 #4 type] 
Type WordHits is not enhanced.

[2013-02-18 17:09:37 #5 type] 
Type QualityFactor is not enhanced.

[2013-02-18 17:09:37 #6 type] 
Type WebServicesCluster is not enhanced.

[2013-02-18 17:09:37 #7 type] 
Type DecompressedMatrix is not enhanced.

[2013-02-18 17:09:37 #8 type] 
Type DocumentWordVector is not enhanced.

[2013-02-18 17:09:37 #9 type] 
Type WSDLCategory is not enhanced.

[2013-02-18 17:09:48 #10 store] 
Database 'C:\Users\Billly\Dropbox\Thesis\GitHub\Web-Services-Indexing-In-P2P\database\objectdb\web_services_clusterer.odb' is closed by 2736@Lab-PC

[2013-02-18 17:09:57 #9 store] 
Database 'C:\Users\Billly\Dropbox\Thesis\GitHub\Web-Services-Indexing-In-P2P\libs\objectdb-2.4.6_01\db\points.odb' is opened by 6136@Lab-PC

[2013-02-18 17:10:02 #10 store] 
Database 'C:\Users\Billly\Dropbox\Thesis\GitHub\Web-Services-Indexing-In-P2P\libs\objectdb-2.4.6_01\db\points.odb' is closed by 6136@Lab-PC

[2013-02-18 17:10:02 #11 store] 
Database 'C:\Users\Billly\Dropbox\Thesis\GitHub\Web-Services-Indexing-In-P2P\libs\objectdb-2.4.6_01\db\web_services_clusterer.odb' is opened by 6136@Lab-PC

[2013-02-18 17:10:04 #12 store] 
Database 'C:\Users\Billly\Dropbox\Thesis\GitHub\Web-Services-Indexing-In-P2P\libs\objectdb-2.4.6_01\db\web_services_clusterer.odb' is closed by 6136@Lab-PC

[2013-02-18 17:10:06 #13 store] 
Database 'C:\Users\Billly\Dropbox\Thesis\GitHub\Web-Services-Indexing-In-P2P\libs\objectdb-2.4.6_01\db\web_services_clusterer.odb' is opened by 6136@Lab-PC

[2013-02-18 17:10:10 #14 store] 
Database 'C:\Users\Billly\Dropbox\Thesis\GitHub\Web-Services-Indexing-In-P2P\libs\objectdb-2.4.6_01\db\web_services_clusterer.odb' is closed by 6136@Lab-PC

[2013-02-18 17:10:13 #15 store] 
Database 'C:\Users\Billly\Dropbox\Thesis\GitHub\Web-Services-Indexing-In-P2P\database\objectdb\web_services_clusterer.odb' is opened by 6136@Lab-PC

[2013-02-18 17:14:24 #16 store] 
Database 'C:\Users\Billly\Dropbox\Thesis\GitHub\Web-Services-Indexing-In-P2P\database\objectdb\web_services_clusterer.odb' is closed by 6136@Lab-PC

