------------------------------------------------------------------------------------------------------------------------

[2013-02-10 13:45:57 #1 store] 
Database 'D:\Dropbox\Thesis\GitHub\Web-Services-Indexing-In-P2P\database\objectdb\web_services_clusterer.odb' is opened by 6268@Billakos-PC

[2013-02-10 13:45:57 #2 type] 
Type FunctionWord is not enhanced.

[2013-02-10 13:45:57 #3 type] 
Type GeneralComputingWord is not enhanced.

[2013-02-10 13:45:57 #4 type] 
Type WordHits is not enhanced.

[2013-02-10 13:45:57 #5 type] 
Type QualityFactor is not enhanced.

[2013-02-10 13:45:57 #6 type] 
Type WebServicesCluster is not enhanced.

------------------------------------------------------------------------------------------------------------------------

[2013-02-10 13:47:46 #1 store] 
Database 'D:\Dropbox\Thesis\GitHub\Web-Services-Indexing-In-P2P\database\objectdb\web_services_clusterer.odb' is opened by 3840@Billakos-PC

[2013-02-10 13:47:46 #2 type] 
Type FunctionWord is not enhanced.

[2013-02-10 13:47:46 #3 type] 
Type GeneralComputingWord is not enhanced.

[2013-02-10 13:47:46 #4 type] 
Type WordHits is not enhanced.

[2013-02-10 13:47:46 #5 type] 
Type QualityFactor is not enhanced.

[2013-02-10 13:47:46 #6 type] 
Type WebServicesCluster is not enhanced.

------------------------------------------------------------------------------------------------------------------------

[2013-02-10 15:27:13 #1 store] 
Database 'D:\Dropbox\Thesis\GitHub\Web-Services-Indexing-In-P2P\database\objectdb\web_services_clusterer.odb' is opened by 5280@Billakos-PC

[2013-02-10 15:27:14 #2 type] 
Type FunctionWord is not enhanced.

[2013-02-10 15:27:14 #3 type] 
Type GeneralComputingWord is not enhanced.

[2013-02-10 15:27:14 #4 type] 
Type WordHits is not enhanced.

[2013-02-10 15:27:14 #5 type] 
Type QualityFactor is not enhanced.

[2013-02-10 15:27:14 #6 type] 
Type WebServicesCluster is not enhanced.

------------------------------------------------------------------------------------------------------------------------

[2013-02-10 15:34:28 #1 store] 
Database 'D:\Dropbox\Thesis\GitHub\Web-Services-Indexing-In-P2P\database\objectdb\web_services_clusterer.odb' is opened by 1048@Billakos-PC

[2013-02-10 15:34:28 #2 type] 
Type FunctionWord is not enhanced.

[2013-02-10 15:34:28 #3 type] 
Type GeneralComputingWord is not enhanced.

[2013-02-10 15:34:28 #4 type] 
Type WordHits is not enhanced.

[2013-02-10 15:34:28 #5 type] 
Type QualityFactor is not enhanced.

[2013-02-10 15:34:28 #6 type] 
Type WebServicesCluster is not enhanced.

------------------------------------------------------------------------------------------------------------------------

[2013-02-10 15:36:57 #1 store] 
Database 'D:\Dropbox\Thesis\GitHub\Web-Services-Indexing-In-P2P\database\objectdb\web_services_clusterer.odb' is opened by 5140@Billakos-PC

[2013-02-10 15:36:58 #2 type] 
Type FunctionWord is not enhanced.

[2013-02-10 15:36:58 #3 type] 
Type GeneralComputingWord is not enhanced.

[2013-02-10 15:36:58 #4 type] 
Type WordHits is not enhanced.

[2013-02-10 15:36:58 #5 type] 
Type QualityFactor is not enhanced.

[2013-02-10 15:36:58 #6 type] 
Type WebServicesCluster is not enhanced.

------------------------------------------------------------------------------------------------------------------------

[2013-02-10 15:39:46 #1 store] 
Database 'D:\Dropbox\Thesis\GitHub\Web-Services-Indexing-In-P2P\database\objectdb\web_services_clusterer.odb' is opened by 5280@Billakos-PC

[2013-02-10 15:39:47 #2 type] 
Type FunctionWord is not enhanced.

[2013-02-10 15:39:47 #3 type] 
Type GeneralComputingWord is not enhanced.

[2013-02-10 15:39:47 #4 type] 
Type WordHits is not enhanced.

[2013-02-10 15:39:47 #5 type] 
Type QualityFactor is not enhanced.

[2013-02-10 15:39:47 #6 type] 
Type WebServicesCluster is not enhanced.

------------------------------------------------------------------------------------------------------------------------

[2013-02-10 15:40:43 #1 store] 
Database 'D:\Dropbox\Thesis\GitHub\Web-Services-Indexing-In-P2P\database\objectdb\web_services_clusterer.odb' is opened by 6148@Billakos-PC

[2013-02-10 15:40:44 #2 type] 
Type FunctionWord is not enhanced.

[2013-02-10 15:40:44 #3 type] 
Type GeneralComputingWord is not enhanced.

[2013-02-10 15:40:44 #4 type] 
Type WordHits is not enhanced.

[2013-02-10 15:40:44 #5 type] 
Type QualityFactor is not enhanced.

[2013-02-10 15:40:44 #6 type] 
Type WebServicesCluster is not enhanced.

------------------------------------------------------------------------------------------------------------------------

[2013-02-10 15:45:13 #1 store] 
Database 'D:\Dropbox\Thesis\GitHub\Web-Services-Indexing-In-P2P\database\objectdb\web_services_clusterer.odb' is opened by 732@Billakos-PC

[2013-02-10 15:45:14 #2 type] 
Type FunctionWord is not enhanced.

[2013-02-10 15:45:14 #3 type] 
Type GeneralComputingWord is not enhanced.

[2013-02-10 15:45:14 #4 type] 
Type WordHits is not enhanced.

[2013-02-10 15:45:14 #5 type] 
Type QualityFactor is not enhanced.

[2013-02-10 15:45:14 #6 type] 
Type WebServicesCluster is not enhanced.

------------------------------------------------------------------------------------------------------------------------

[2013-02-10 15:46:32 #1 store] 
Database 'D:\Dropbox\Thesis\GitHub\Web-Services-Indexing-In-P2P\database\objectdb\web_services_clusterer.odb' is opened by 1552@Billakos-PC

[2013-02-10 15:46:33 #2 type] 
Type FunctionWord is not enhanced.

[2013-02-10 15:46:33 #3 type] 
Type GeneralComputingWord is not enhanced.

[2013-02-10 15:46:33 #4 type] 
Type WordHits is not enhanced.

[2013-02-10 15:46:33 #5 type] 
Type QualityFactor is not enhanced.

[2013-02-10 15:46:33 #6 type] 
Type WebServicesCluster is not enhanced.

------------------------------------------------------------------------------------------------------------------------

[2013-02-10 15:47:53 #1 store] 
Database 'D:\Dropbox\Thesis\GitHub\Web-Services-Indexing-In-P2P\database\objectdb\web_services_clusterer.odb' is opened by 6792@Billakos-PC

[2013-02-10 15:47:53 #2 type] 
Type FunctionWord is not enhanced.

[2013-02-10 15:47:53 #3 type] 
Type GeneralComputingWord is not enhanced.

[2013-02-10 15:47:53 #4 type] 
Type WordHits is not enhanced.

[2013-02-10 15:47:53 #5 type] 
Type QualityFactor is not enhanced.

[2013-02-10 15:47:53 #6 type] 
Type WebServicesCluster is not enhanced.

------------------------------------------------------------------------------------------------------------------------

[2013-02-10 15:49:36 #1 store] 
Database 'D:\Dropbox\Thesis\GitHub\Web-Services-Indexing-In-P2P\database\objectdb\web_services_clusterer.odb' is opened by 6648@Billakos-PC

[2013-02-10 15:49:36 #2 type] 
Type FunctionWord is not enhanced.

[2013-02-10 15:49:36 #3 type] 
Type GeneralComputingWord is not enhanced.

[2013-02-10 15:49:36 #4 type] 
Type WordHits is not enhanced.

[2013-02-10 15:49:36 #5 type] 
Type QualityFactor is not enhanced.

[2013-02-10 15:49:36 #6 type] 
Type WebServicesCluster is not enhanced.

------------------------------------------------------------------------------------------------------------------------

[2013-02-10 15:51:35 #1 store] 
Database 'D:\Dropbox\Thesis\GitHub\Web-Services-Indexing-In-P2P\database\objectdb\web_services_clusterer.odb' is opened by 6716@Billakos-PC

[2013-02-10 15:51:35 #2 type] 
Type FunctionWord is not enhanced.

[2013-02-10 15:51:35 #3 type] 
Type GeneralComputingWord is not enhanced.

[2013-02-10 15:51:35 #4 type] 
Type WordHits is not enhanced.

[2013-02-10 15:51:35 #5 type] 
Type QualityFactor is not enhanced.

[2013-02-10 15:51:35 #6 type] 
Type WebServicesCluster is not enhanced.

------------------------------------------------------------------------------------------------------------------------

[2013-02-10 15:52:05 #1 store] 
Database 'D:\Dropbox\Thesis\GitHub\Web-Services-Indexing-In-P2P\database\objectdb\web_services_clusterer.odb' is opened by 6548@Billakos-PC

[2013-02-10 15:52:05 #2 type] 
Type FunctionWord is not enhanced.

[2013-02-10 15:52:05 #3 type] 
Type GeneralComputingWord is not enhanced.

[2013-02-10 15:52:05 #4 type] 
Type WordHits is not enhanced.

[2013-02-10 15:52:05 #5 type] 
Type QualityFactor is not enhanced.

[2013-02-10 15:52:05 #6 type] 
Type WebServicesCluster is not enhanced.

------------------------------------------------------------------------------------------------------------------------

[2013-02-10 15:53:58 #1 store] 
Database 'D:\Dropbox\Thesis\GitHub\Web-Services-Indexing-In-P2P\database\objectdb\web_services_clusterer.odb' is opened by 6828@Billakos-PC

[2013-02-10 15:53:58 #2 type] 
Type FunctionWord is not enhanced.

[2013-02-10 15:53:58 #3 type] 
Type GeneralComputingWord is not enhanced.

[2013-02-10 15:53:58 #4 type] 
Type WordHits is not enhanced.

[2013-02-10 15:53:58 #5 type] 
Type QualityFactor is not enhanced.

[2013-02-10 15:53:58 #6 type] 
Type WebServicesCluster is not enhanced.

------------------------------------------------------------------------------------------------------------------------

[2013-02-10 17:10:15 #1 store] 
Database 'D:\Dropbox\Thesis\GitHub\Web-Services-Indexing-In-P2P\database\objectdb\web_services_clusterer.odb' is opened by 944@Billakos-PC

[2013-02-10 17:10:15 #2 type] 
Type FunctionWord is not enhanced.

[2013-02-10 17:10:15 #3 type] 
Type GeneralComputingWord is not enhanced.

[2013-02-10 17:10:15 #4 type] 
Type WordHits is not enhanced.

[2013-02-10 17:10:15 #5 type] 
Type QualityFactor is not enhanced.

[2013-02-10 17:10:15 #6 type] 
Type WebServicesCluster is not enhanced.

------------------------------------------------------------------------------------------------------------------------

[2013-02-10 17:11:02 #1 store] 
Database 'D:\Dropbox\Thesis\GitHub\Web-Services-Indexing-In-P2P\database\objectdb\web_services_clusterer.odb' is opened by 3796@Billakos-PC

[2013-02-10 17:11:02 #2 type] 
Type FunctionWord is not enhanced.

[2013-02-10 17:11:02 #3 type] 
Type GeneralComputingWord is not enhanced.

[2013-02-10 17:11:02 #4 type] 
Type WordHits is not enhanced.

[2013-02-10 17:11:02 #5 type] 
Type QualityFactor is not enhanced.

[2013-02-10 17:11:02 #6 type] 
Type WebServicesCluster is not enhanced.

------------------------------------------------------------------------------------------------------------------------

[2013-02-10 17:15:50 #1 store] 
Database 'D:\Dropbox\Thesis\GitHub\Web-Services-Indexing-In-P2P\database\objectdb\web_services_clusterer.odb' is opened by 6804@Billakos-PC

[2013-02-10 17:15:50 #2 type] 
Type FunctionWord is not enhanced.

[2013-02-10 17:15:50 #3 type] 
Type GeneralComputingWord is not enhanced.

[2013-02-10 17:15:50 #4 type] 
Type WordHits is not enhanced.

[2013-02-10 17:15:50 #5 type] 
Type QualityFactor is not enhanced.

[2013-02-10 17:15:50 #6 type] 
Type WebServicesCluster is not enhanced.

------------------------------------------------------------------------------------------------------------------------

[2013-02-10 17:16:47 #1 explorer] 
[ObjectDB 2.4.6_01] javax.persistence.PersistenceException
Attempt to open a database file 'D:\Dropbox\Thesis\GitHub\Web-Services-Indexing-In-P2P\database\objectdb\web_services_clusterer.odb' that is currently in use by another process (error 141)
	at com.objectdb.Explorer$1.run(Explorer.java:56)
	at java.awt.event.InvocationEvent.dispatch(Unknown Source)
	at java.awt.EventQueue.dispatchEventImpl(Unknown Source)
	at java.awt.EventQueue.access$200(Unknown Source)
	at java.awt.EventQueue$3.run(Unknown Source)
	at java.awt.EventQueue$3.run(Unknown Source)
	at java.security.AccessController.doPrivileged(Native Method)
	at java.security.ProtectionDomain$1.doIntersectionPrivilege(Unknown Source)
	at java.awt.EventQueue.dispatchEvent(Unknown Source)
	at java.awt.EventDispatchThread.pumpOneEventForFilters(Unknown Source)
	at java.awt.EventDispatchThread.pumpEventsForFilter(Unknown Source)
	at java.awt.EventDispatchThread.pumpEventsForHierarchy(Unknown Source)
	at java.awt.EventDispatchThread.pumpEvents(Unknown Source)
	at java.awt.EventDispatchThread.pumpEvents(Unknown Source)
	at java.awt.EventDispatchThread.run(Unknown Source)
Caused by: com.objectdb.o.UserException: Attempt to open a database file 'D:\Dropbox\Thesis\GitHub\Web-Services-Indexing-In-P2P\database\objectdb\web_services_clusterer.odb' that is currently in use by another process
	at com.objectdb.o.MSG.d(MSG.java:61)
	at com.objectdb.o.LFL.O(LFL.java:913)
	at com.objectdb.o.LFL.I(LFL.java:859)
	at com.objectdb.o.LFL.I(LFL.java:769)
	at com.objectdb.o.SFL.<init>(SFL.java:226)
	at com.objectdb.o.MST.<init>(MST.java:109)
	at com.objectdb.o.MST.aI(MST.java:94)
	at com.objectdb.o.MSF.UK(MSF.java:178)
	at com.objectdb.o.OMF.am(OMF.java:758)
	at com.objectdb.jpa.EMF.am(EMF.java:232)
	at com.objectdb.o.OMF.al(OMF.java:699)
	at com.objectdb.jpa.EMF.createEntityManager(EMF.java:250)
	... 17 more

------------------------------------------------------------------------------------------------------------------------

[2013-02-10 17:17:31 #1 store] 
Database 'D:\Dropbox\Thesis\GitHub\Web-Services-Indexing-In-P2P\database\objectdb\web_services_clusterer.odb' has been recovered (tr. 785-786)

[2013-02-10 17:17:31 #2 store] 
Database 'D:\Dropbox\Thesis\GitHub\Web-Services-Indexing-In-P2P\database\objectdb\web_services_clusterer.odb' is opened by 5040@Billakos-PC

[2013-02-10 17:17:31 #3 type] 
Type FunctionWord is not enhanced.

[2013-02-10 17:17:31 #4 type] 
Type GeneralComputingWord is not enhanced.

[2013-02-10 17:17:31 #5 type] 
Type WordHits is not enhanced.

[2013-02-10 17:17:31 #6 type] 
Type QualityFactor is not enhanced.

[2013-02-10 17:17:31 #7 type] 
Type WebServicesCluster is not enhanced.

------------------------------------------------------------------------------------------------------------------------

[2013-02-10 17:19:19 #1 store] 
Database 'D:\Dropbox\Thesis\GitHub\Web-Services-Indexing-In-P2P\database\objectdb\web_services_clusterer.odb' has been recovered (tr. 788-789)

[2013-02-10 17:19:19 #2 store] 
Database 'D:\Dropbox\Thesis\GitHub\Web-Services-Indexing-In-P2P\database\objectdb\web_services_clusterer.odb' is opened by 5032@Billakos-PC

[2013-02-10 17:19:19 #3 type] 
Type FunctionWord is not enhanced.

[2013-02-10 17:19:19 #4 type] 
Type GeneralComputingWord is not enhanced.

[2013-02-10 17:19:19 #5 type] 
Type WordHits is not enhanced.

[2013-02-10 17:19:19 #6 type] 
Type QualityFactor is not enhanced.

[2013-02-10 17:19:19 #7 type] 
Type WebServicesCluster is not enhanced.

------------------------------------------------------------------------------------------------------------------------

[2013-02-10 17:30:25 #1 store] 
Database 'D:\Dropbox\Thesis\GitHub\Web-Services-Indexing-In-P2P\database\objectdb\web_services_clusterer.odb' has been recovered (tr. 791-792)

[2013-02-10 17:30:25 #2 store] 
Database 'D:\Dropbox\Thesis\GitHub\Web-Services-Indexing-In-P2P\database\objectdb\web_services_clusterer.odb' is opened by 6664@Billakos-PC

[2013-02-10 17:30:25 #3 type] 
Type FunctionWord is not enhanced.

[2013-02-10 17:30:25 #4 type] 
Type GeneralComputingWord is not enhanced.

[2013-02-10 17:30:25 #5 type] 
Type WordHits is not enhanced.

[2013-02-10 17:30:25 #6 type] 
Type QualityFactor is not enhanced.

[2013-02-10 17:30:25 #7 type] 
Type WebServicesCluster is not enhanced.

------------------------------------------------------------------------------------------------------------------------

[2013-02-10 17:31:40 #1 store] 
Database 'D:\Dropbox\Thesis\GitHub\Web-Services-Indexing-In-P2P\database\objectdb\web_services_clusterer.odb' has been recovered (tr. 794-794)

[2013-02-10 17:31:40 #2 store] 
Database 'D:\Dropbox\Thesis\GitHub\Web-Services-Indexing-In-P2P\database\objectdb\web_services_clusterer.odb' is opened by 4364@Billakos-PC

[2013-02-10 17:31:40 #3 type] 
Type FunctionWord is not enhanced.

[2013-02-10 17:31:40 #4 type] 
Type GeneralComputingWord is not enhanced.

[2013-02-10 17:31:40 #5 type] 
Type WordHits is not enhanced.

[2013-02-10 17:31:40 #6 type] 
Type QualityFactor is not enhanced.

[2013-02-10 17:31:40 #7 type] 
Type WebServicesCluster is not enhanced.

[2013-02-10 17:32:14 #8 type] 
Type DecompressedMatrix is not enhanced.

------------------------------------------------------------------------------------------------------------------------

[2013-02-10 17:32:57 #1 store] 
Database 'D:\Dropbox\Thesis\GitHub\Web-Services-Indexing-In-P2P\database\objectdb\web_services_clusterer.odb' has been recovered (tr. 795-797)

[2013-02-10 17:32:57 #2 store] 
Database 'D:\Dropbox\Thesis\GitHub\Web-Services-Indexing-In-P2P\database\objectdb\web_services_clusterer.odb' is opened by 5932@Billakos-PC

[2013-02-10 17:32:57 #3 type] 
Type FunctionWord is not enhanced.

[2013-02-10 17:32:57 #4 type] 
Type GeneralComputingWord is not enhanced.

[2013-02-10 17:32:57 #5 type] 
Type WordHits is not enhanced.

[2013-02-10 17:32:57 #6 type] 
Type QualityFactor is not enhanced.

[2013-02-10 17:32:57 #7 type] 
Type WebServicesCluster is not enhanced.

[2013-02-10 17:32:57 #8 type] 
Type DecompressedMatrix is not enhanced.

[2013-02-10 17:34:12 #2 store] 
Database 'D:\Dropbox\Thesis\GitHub\Web-Services-Indexing-In-P2P\database\objectdb\web_services_clusterer.odb' has been recovered (tr. 799-801)

[2013-02-10 17:34:13 #3 store] 
Database 'D:\Dropbox\Thesis\GitHub\Web-Services-Indexing-In-P2P\database\objectdb\web_services_clusterer.odb' is opened by 1620@Billakos-PC

------------------------------------------------------------------------------------------------------------------------

[2013-02-10 17:35:58 #1 store] 
Database 'D:\Dropbox\Thesis\GitHub\Web-Services-Indexing-In-P2P\database\objectdb\web_services_clusterer.odb' is opened by 6248@Billakos-PC

[2013-02-10 17:35:58 #2 type] 
Type FunctionWord is not enhanced.

[2013-02-10 17:35:58 #3 type] 
Type GeneralComputingWord is not enhanced.

[2013-02-10 17:35:58 #4 type] 
Type WordHits is not enhanced.

[2013-02-10 17:35:58 #5 type] 
Type QualityFactor is not enhanced.

[2013-02-10 17:35:58 #6 type] 
Type WebServicesCluster is not enhanced.

[2013-02-10 17:35:58 #7 type] 
Type DecompressedMatrix is not enhanced.

------------------------------------------------------------------------------------------------------------------------

[2013-02-10 17:36:16 #1 explorer] 
[ObjectDB 2.4.6_01] javax.persistence.PersistenceException
Attempt to open a database file 'D:\Dropbox\Thesis\GitHub\Web-Services-Indexing-In-P2P\database\objectdb\web_services_clusterer.odb' that is currently in use by another process (error 141)
	at com.objectdb.Explorer$1.run(Explorer.java:56)
	at java.awt.event.InvocationEvent.dispatch(Unknown Source)
	at java.awt.EventQueue.dispatchEventImpl(Unknown Source)
	at java.awt.EventQueue.access$200(Unknown Source)
	at java.awt.EventQueue$3.run(Unknown Source)
	at java.awt.EventQueue$3.run(Unknown Source)
	at java.security.AccessController.doPrivileged(Native Method)
	at java.security.ProtectionDomain$1.doIntersectionPrivilege(Unknown Source)
	at java.awt.EventQueue.dispatchEvent(Unknown Source)
	at java.awt.EventDispatchThread.pumpOneEventForFilters(Unknown Source)
	at java.awt.EventDispatchThread.pumpEventsForFilter(Unknown Source)
	at java.awt.EventDispatchThread.pumpEventsForHierarchy(Unknown Source)
	at java.awt.EventDispatchThread.pumpEvents(Unknown Source)
	at java.awt.EventDispatchThread.pumpEvents(Unknown Source)
	at java.awt.EventDispatchThread.run(Unknown Source)
Caused by: com.objectdb.o.UserException: Attempt to open a database file 'D:\Dropbox\Thesis\GitHub\Web-Services-Indexing-In-P2P\database\objectdb\web_services_clusterer.odb' that is currently in use by another process
	at com.objectdb.o.MSG.d(MSG.java:61)
	at com.objectdb.o.LFL.O(LFL.java:913)
	at com.objectdb.o.LFL.I(LFL.java:859)
	at com.objectdb.o.LFL.I(LFL.java:769)
	at com.objectdb.o.SFL.<init>(SFL.java:226)
	at com.objectdb.o.MST.<init>(MST.java:109)
	at com.objectdb.o.MST.aI(MST.java:94)
	at com.objectdb.o.MSF.UK(MSF.java:178)
	at com.objectdb.o.OMF.am(OMF.java:758)
	at com.objectdb.jpa.EMF.am(EMF.java:232)
	at com.objectdb.o.OMF.al(OMF.java:699)
	at com.objectdb.jpa.EMF.createEntityManager(EMF.java:250)
	... 17 more

[2013-02-10 17:37:14 #2 store] 
Database 'D:\Dropbox\Thesis\GitHub\Web-Services-Indexing-In-P2P\database\objectdb\web_services_clusterer.odb' has been recovered (tr. 802-807)

[2013-02-10 17:37:14 #3 store] 
Database 'D:\Dropbox\Thesis\GitHub\Web-Services-Indexing-In-P2P\database\objectdb\web_services_clusterer.odb' is opened by 972@Billakos-PC

------------------------------------------------------------------------------------------------------------------------

[2013-02-10 19:43:11 #1 store] 
Database 'D:\Dropbox\Thesis\GitHub\Web-Services-Indexing-In-P2P\database\objectdb\web_services_clusterer.odb' has been recovered (tr. 809-809)

[2013-02-10 19:43:11 #2 store] 
Database 'D:\Dropbox\Thesis\GitHub\Web-Services-Indexing-In-P2P\database\objectdb\web_services_clusterer.odb' is opened by 6756@Billakos-PC

[2013-02-10 19:43:12 #3 type] 
Type FunctionWord is not enhanced.

[2013-02-10 19:43:12 #4 type] 
Type GeneralComputingWord is not enhanced.

[2013-02-10 19:43:12 #5 type] 
Type WordHits is not enhanced.

[2013-02-10 19:43:12 #6 type] 
Type QualityFactor is not enhanced.

[2013-02-10 19:43:12 #7 type] 
Type WebServicesCluster is not enhanced.

[2013-02-10 19:43:12 #8 type] 
Type DecompressedMatrix is not enhanced.

------------------------------------------------------------------------------------------------------------------------

[2013-02-10 19:44:57 #1 store] 
Database 'D:\Dropbox\Thesis\GitHub\Web-Services-Indexing-In-P2P\database\objectdb\web_services_clusterer.odb' is opened by 6684@Billakos-PC

[2013-02-10 19:44:58 #2 type] 
Type FunctionWord is not enhanced.

[2013-02-10 19:44:58 #3 type] 
Type GeneralComputingWord is not enhanced.

[2013-02-10 19:44:58 #4 type] 
Type WordHits is not enhanced.

[2013-02-10 19:44:58 #5 type] 
Type QualityFactor is not enhanced.

[2013-02-10 19:44:58 #6 type] 
Type WebServicesCluster is not enhanced.

[2013-02-10 19:44:58 #7 type] 
Type DecompressedMatrix is not enhanced.

------------------------------------------------------------------------------------------------------------------------

[2013-02-10 19:56:48 #1 store] 
Database 'D:\Dropbox\Thesis\GitHub\Web-Services-Indexing-In-P2P\database\objectdb\web_services_clusterer.odb' is opened by 1860@Billakos-PC

[2013-02-10 19:56:48 #2 type] 
Type FunctionWord is not enhanced.

[2013-02-10 19:56:48 #3 type] 
Type GeneralComputingWord is not enhanced.

[2013-02-10 19:56:48 #4 type] 
Type WordHits is not enhanced.

[2013-02-10 19:56:48 #5 type] 
Type QualityFactor is not enhanced.

[2013-02-10 19:56:48 #6 type] 
Type WebServicesCluster is not enhanced.

[2013-02-10 19:56:48 #7 type] 
Type DecompressedMatrix is not enhanced.

------------------------------------------------------------------------------------------------------------------------

[2013-02-10 19:59:12 #1 store] 
Database 'D:\Dropbox\Thesis\GitHub\Web-Services-Indexing-In-P2P\database\objectdb\web_services_clusterer.odb' is opened by 6788@Billakos-PC

[2013-02-10 19:59:12 #2 type] 
Type FunctionWord is not enhanced.

[2013-02-10 19:59:12 #3 type] 
Type GeneralComputingWord is not enhanced.

[2013-02-10 19:59:12 #4 type] 
Type WordHits is not enhanced.

[2013-02-10 19:59:12 #5 type] 
Type QualityFactor is not enhanced.

[2013-02-10 19:59:12 #6 type] 
Type WebServicesCluster is not enhanced.

[2013-02-10 19:59:12 #7 type] 
Type DecompressedMatrix is not enhanced.

------------------------------------------------------------------------------------------------------------------------

[2013-02-10 20:00:20 #1 store] 
Database 'D:\Dropbox\Thesis\GitHub\Web-Services-Indexing-In-P2P\database\objectdb\web_services_clusterer.odb' is opened by 6320@Billakos-PC

[2013-02-10 20:00:20 #2 type] 
Type FunctionWord is not enhanced.

[2013-02-10 20:00:20 #3 type] 
Type GeneralComputingWord is not enhanced.

[2013-02-10 20:00:20 #4 type] 
Type WordHits is not enhanced.

[2013-02-10 20:00:20 #5 type] 
Type QualityFactor is not enhanced.

[2013-02-10 20:00:20 #6 type] 
Type WebServicesCluster is not enhanced.

[2013-02-10 20:00:20 #7 type] 
Type DecompressedMatrix is not enhanced.

------------------------------------------------------------------------------------------------------------------------

[2013-02-10 20:01:37 #1 store] 
Database 'D:\Dropbox\Thesis\GitHub\Web-Services-Indexing-In-P2P\database\objectdb\web_services_clusterer.odb' is opened by 6644@Billakos-PC

[2013-02-10 20:01:37 #2 type] 
Type FunctionWord is not enhanced.

[2013-02-10 20:01:37 #3 type] 
Type GeneralComputingWord is not enhanced.

[2013-02-10 20:01:37 #4 type] 
Type WordHits is not enhanced.

[2013-02-10 20:01:37 #5 type] 
Type QualityFactor is not enhanced.

[2013-02-10 20:01:37 #6 type] 
Type WebServicesCluster is not enhanced.

[2013-02-10 20:01:37 #7 type] 
Type DecompressedMatrix is not enhanced.

------------------------------------------------------------------------------------------------------------------------

[2013-02-10 20:02:41 #1 store] 
Database 'D:\Dropbox\Thesis\GitHub\Web-Services-Indexing-In-P2P\database\objectdb\web_services_clusterer.odb' is opened by 4288@Billakos-PC

[2013-02-10 20:02:41 #2 type] 
Type FunctionWord is not enhanced.

[2013-02-10 20:02:41 #3 type] 
Type GeneralComputingWord is not enhanced.

[2013-02-10 20:02:41 #4 type] 
Type WordHits is not enhanced.

[2013-02-10 20:02:41 #5 type] 
Type QualityFactor is not enhanced.

[2013-02-10 20:02:41 #6 type] 
Type WebServicesCluster is not enhanced.

[2013-02-10 20:02:41 #7 type] 
Type DecompressedMatrix is not enhanced.

------------------------------------------------------------------------------------------------------------------------

[2013-02-10 20:04:11 #1 store] 
Database 'D:\Dropbox\Thesis\GitHub\Web-Services-Indexing-In-P2P\database\objectdb\web_services_clusterer.odb' is opened by 7068@Billakos-PC

[2013-02-10 20:04:12 #2 type] 
Type FunctionWord is not enhanced.

[2013-02-10 20:04:12 #3 type] 
Type GeneralComputingWord is not enhanced.

[2013-02-10 20:04:12 #4 type] 
Type WordHits is not enhanced.

[2013-02-10 20:04:12 #5 type] 
Type QualityFactor is not enhanced.

[2013-02-10 20:04:12 #6 type] 
Type WebServicesCluster is not enhanced.

[2013-02-10 20:04:12 #7 type] 
Type DecompressedMatrix is not enhanced.

------------------------------------------------------------------------------------------------------------------------

[2013-02-10 20:05:34 #1 store] 
Database 'D:\Dropbox\Thesis\GitHub\Web-Services-Indexing-In-P2P\database\objectdb\web_services_clusterer.odb' is opened by 4284@Billakos-PC

[2013-02-10 20:05:34 #2 type] 
Type FunctionWord is not enhanced.

[2013-02-10 20:05:34 #3 type] 
Type GeneralComputingWord is not enhanced.

[2013-02-10 20:05:34 #4 type] 
Type WordHits is not enhanced.

[2013-02-10 20:05:34 #5 type] 
Type QualityFactor is not enhanced.

[2013-02-10 20:05:34 #6 type] 
Type WebServicesCluster is not enhanced.

[2013-02-10 20:05:34 #7 type] 
Type DecompressedMatrix is not enhanced.

------------------------------------------------------------------------------------------------------------------------

[2013-02-10 20:06:32 #1 store] 
Database 'D:\Dropbox\Thesis\GitHub\Web-Services-Indexing-In-P2P\database\objectdb\web_services_clusterer.odb' is opened by 7032@Billakos-PC

[2013-02-10 20:06:32 #2 type] 
Type FunctionWord is not enhanced.

[2013-02-10 20:06:32 #3 type] 
Type GeneralComputingWord is not enhanced.

[2013-02-10 20:06:32 #4 type] 
Type WordHits is not enhanced.

[2013-02-10 20:06:32 #5 type] 
Type QualityFactor is not enhanced.

[2013-02-10 20:06:32 #6 type] 
Type WebServicesCluster is not enhanced.

[2013-02-10 20:06:32 #7 type] 
Type DecompressedMatrix is not enhanced.

------------------------------------------------------------------------------------------------------------------------

[2013-02-10 20:13:54 #1 store] 
Database 'D:\Dropbox\Thesis\GitHub\Web-Services-Indexing-In-P2P\database\objectdb\web_services_clusterer.odb' is opened by 6048@Billakos-PC

[2013-02-10 20:13:54 #2 type] 
Type FunctionWord is not enhanced.

[2013-02-10 20:13:54 #3 type] 
Type GeneralComputingWord is not enhanced.

[2013-02-10 20:13:54 #4 type] 
Type WordHits is not enhanced.

[2013-02-10 20:13:54 #5 type] 
Type QualityFactor is not enhanced.

[2013-02-10 20:13:54 #6 type] 
Type WebServicesCluster is not enhanced.

[2013-02-10 20:13:54 #7 type] 
Type DecompressedMatrix is not enhanced.

------------------------------------------------------------------------------------------------------------------------

[2013-02-10 20:14:45 #1 store] 
Database 'D:\Dropbox\Thesis\GitHub\Web-Services-Indexing-In-P2P\database\objectdb\web_services_clusterer.odb' is opened by 6708@Billakos-PC

[2013-02-10 20:14:46 #2 type] 
Type FunctionWord is not enhanced.

[2013-02-10 20:14:46 #3 type] 
Type GeneralComputingWord is not enhanced.

[2013-02-10 20:14:46 #4 type] 
Type WordHits is not enhanced.

[2013-02-10 20:14:46 #5 type] 
Type QualityFactor is not enhanced.

[2013-02-10 20:14:46 #6 type] 
Type WebServicesCluster is not enhanced.

[2013-02-10 20:14:46 #7 type] 
Type DecompressedMatrix is not enhanced.

------------------------------------------------------------------------------------------------------------------------

[2013-02-10 20:17:20 #1 store] 
Database 'D:\Dropbox\Thesis\GitHub\Web-Services-Indexing-In-P2P\database\objectdb\web_services_clusterer.odb' is opened by 4840@Billakos-PC

[2013-02-10 20:17:20 #2 type] 
Type FunctionWord is not enhanced.

[2013-02-10 20:17:20 #3 type] 
Type GeneralComputingWord is not enhanced.

[2013-02-10 20:17:20 #4 type] 
Type WordHits is not enhanced.

[2013-02-10 20:17:20 #5 type] 
Type QualityFactor is not enhanced.

[2013-02-10 20:17:20 #6 type] 
Type WebServicesCluster is not enhanced.

[2013-02-10 20:17:20 #7 type] 
Type DecompressedMatrix is not enhanced.

------------------------------------------------------------------------------------------------------------------------

[2013-02-10 20:20:24 #1 store] 
Database 'D:\Dropbox\Thesis\GitHub\Web-Services-Indexing-In-P2P\database\objectdb\web_services_clusterer.odb' is opened by 5280@Billakos-PC

[2013-02-10 20:20:24 #2 type] 
Type FunctionWord is not enhanced.

[2013-02-10 20:20:24 #3 type] 
Type GeneralComputingWord is not enhanced.

[2013-02-10 20:20:24 #4 type] 
Type WordHits is not enhanced.

[2013-02-10 20:20:24 #5 type] 
Type QualityFactor is not enhanced.

[2013-02-10 20:20:24 #6 type] 
Type WebServicesCluster is not enhanced.

[2013-02-10 20:20:24 #7 type] 
Type DecompressedMatrix is not enhanced.

------------------------------------------------------------------------------------------------------------------------

[2013-02-10 20:35:56 #1 store] 
Database 'D:\Dropbox\Thesis\GitHub\Web-Services-Indexing-In-P2P\database\objectdb\web_services_clusterer.odb' is opened by 5636@Billakos-PC

[2013-02-10 20:35:56 #2 type] 
Type FunctionWord is not enhanced.

[2013-02-10 20:35:56 #3 type] 
Type GeneralComputingWord is not enhanced.

[2013-02-10 20:35:56 #4 type] 
Type WordHits is not enhanced.

[2013-02-10 20:35:56 #5 type] 
Type QualityFactor is not enhanced.

[2013-02-10 20:35:56 #6 type] 
Type WebServicesCluster is not enhanced.

[2013-02-10 20:35:56 #7 type] 
Type DecompressedMatrix is not enhanced.

------------------------------------------------------------------------------------------------------------------------

[2013-02-10 20:39:28 #1 store] 
Database 'D:\Dropbox\Thesis\GitHub\Web-Services-Indexing-In-P2P\database\objectdb\web_services_clusterer.odb' is opened by 5164@Billakos-PC

[2013-02-10 20:39:28 #2 type] 
Type FunctionWord is not enhanced.

[2013-02-10 20:39:28 #3 type] 
Type GeneralComputingWord is not enhanced.

[2013-02-10 20:39:28 #4 type] 
Type WordHits is not enhanced.

[2013-02-10 20:39:28 #5 type] 
Type QualityFactor is not enhanced.

[2013-02-10 20:39:28 #6 type] 
Type WebServicesCluster is not enhanced.

[2013-02-10 20:39:28 #7 type] 
Type DecompressedMatrix is not enhanced.

------------------------------------------------------------------------------------------------------------------------

[2013-02-10 20:46:09 #1 store] 
Database 'D:\Dropbox\Thesis\GitHub\Web-Services-Indexing-In-P2P\database\objectdb\web_services_clusterer.odb' is opened by 5472@Billakos-PC

[2013-02-10 20:46:09 #2 type] 
Type FunctionWord is not enhanced.

[2013-02-10 20:46:09 #3 type] 
Type GeneralComputingWord is not enhanced.

[2013-02-10 20:46:09 #4 type] 
Type WordHits is not enhanced.

[2013-02-10 20:46:09 #5 type] 
Type QualityFactor is not enhanced.

[2013-02-10 20:46:09 #6 type] 
Type WebServicesCluster is not enhanced.

[2013-02-10 20:46:09 #7 type] 
Type DecompressedMatrix is not enhanced.

------------------------------------------------------------------------------------------------------------------------

[2013-02-10 21:27:03 #1 store] 
Database 'D:\Dropbox\Thesis\GitHub\Web-Services-Indexing-In-P2P\database\objectdb\web_services_clusterer.odb' has been recovered (tr. 812-814)

[2013-02-10 21:27:03 #2 store] 
Database 'D:\Dropbox\Thesis\GitHub\Web-Services-Indexing-In-P2P\database\objectdb\web_services_clusterer.odb' is opened by 6384@Billakos-PC

[2013-02-10 21:27:04 #3 type] 
Type FunctionWord is not enhanced.

[2013-02-10 21:27:04 #4 type] 
Type GeneralComputingWord is not enhanced.

[2013-02-10 21:27:04 #5 type] 
Type WordHits is not enhanced.

[2013-02-10 21:27:04 #6 type] 
Type QualityFactor is not enhanced.

[2013-02-10 21:27:04 #7 type] 
Type WebServicesCluster is not enhanced.

[2013-02-10 21:27:04 #8 type] 
Type DecompressedMatrix is not enhanced.

------------------------------------------------------------------------------------------------------------------------

[2013-02-10 21:38:57 #1 store] 
Database 'D:\Dropbox\Thesis\GitHub\Web-Services-Indexing-In-P2P\database\objectdb\web_services_clusterer.odb' has been recovered (tr. 817-819)

[2013-02-10 21:38:57 #2 store] 
Database 'D:\Dropbox\Thesis\GitHub\Web-Services-Indexing-In-P2P\database\objectdb\web_services_clusterer.odb' is opened by 6636@Billakos-PC

[2013-02-10 21:38:57 #3 type] 
Type FunctionWord is not enhanced.

[2013-02-10 21:38:57 #4 type] 
Type GeneralComputingWord is not enhanced.

[2013-02-10 21:38:57 #5 type] 
Type WordHits is not enhanced.

[2013-02-10 21:38:57 #6 type] 
Type QualityFactor is not enhanced.

[2013-02-10 21:38:57 #7 type] 
Type WebServicesCluster is not enhanced.

[2013-02-10 21:38:57 #8 type] 
Type DecompressedMatrix is not enhanced.

------------------------------------------------------------------------------------------------------------------------

[2013-02-10 21:56:31 #1 store] 
Database 'D:\Dropbox\Thesis\GitHub\Web-Services-Indexing-In-P2P\database\objectdb\web_services_clusterer.odb' has been recovered (tr. 822-824)

[2013-02-10 21:56:31 #2 store] 
Database 'D:\Dropbox\Thesis\GitHub\Web-Services-Indexing-In-P2P\database\objectdb\web_services_clusterer.odb' is opened by 3976@Billakos-PC

[2013-02-10 21:56:32 #3 type] 
Type FunctionWord is not enhanced.

[2013-02-10 21:56:32 #4 type] 
Type GeneralComputingWord is not enhanced.

[2013-02-10 21:56:32 #5 type] 
Type WordHits is not enhanced.

[2013-02-10 21:56:32 #6 type] 
Type QualityFactor is not enhanced.

[2013-02-10 21:56:32 #7 type] 
Type WebServicesCluster is not enhanced.

[2013-02-10 21:56:32 #8 type] 
Type DecompressedMatrix is not enhanced.

------------------------------------------------------------------------------------------------------------------------

[2013-02-10 23:05:07 #1 store] 
Database 'D:\Dropbox\Thesis\GitHub\Web-Services-Indexing-In-P2P\database\objectdb\web_services_clusterer.odb' has been recovered (tr. 827-829)

[2013-02-10 23:05:07 #2 store] 
Database 'D:\Dropbox\Thesis\GitHub\Web-Services-Indexing-In-P2P\database\objectdb\web_services_clusterer.odb' is opened by 1716@Billakos-PC

[2013-02-10 23:24:15 #3 store] 
Database 'D:\Dropbox\Thesis\GitHub\Web-Services-Indexing-In-P2P\database\objectdb\web_services_clusterer.odb' is closed by 1716@Billakos-PC

