------------------------------------------------------------------------------------------------------------------------

[2013-02-26 22:14:36 #1 store] 
Database 'D:\Dropbox\Thesis\GitHub\Web-Services-Indexing-In-P2P\database\objectdb\web_services_clusterer.odb' is opened by 4216@Billakos-PC

[2013-02-26 22:14:37 #2 type] 
Type FunctionWord is not enhanced.

[2013-02-26 22:14:37 #3 type] 
Type GeneralComputingWord is not enhanced.

[2013-02-26 22:14:37 #4 type] 
Type WordHits is not enhanced.

[2013-02-26 22:14:37 #5 type] 
Type QualityFactor is not enhanced.

[2013-02-26 22:14:37 #6 type] 
Type WebServicesCluster is not enhanced.

[2013-02-26 22:14:37 #7 type] 
Type WSDLDocument is not enhanced.

[2013-02-26 22:14:37 #8 type] 
Type DecompressedMatrix is not enhanced.

[2013-02-26 22:14:37 #9 type] 
Type DocumentWordVector is not enhanced.

[2013-02-26 22:14:37 #10 type] 
Type WSDLCategory is not enhanced.

[2013-02-26 22:14:37 #11 type] 
Type WebServicesClusters is not enhanced.

------------------------------------------------------------------------------------------------------------------------

[2013-02-26 22:21:22 #1 store] 
Database 'D:\Dropbox\Thesis\GitHub\Web-Services-Indexing-In-P2P\database\objectdb\web_services_clusterer.odb' is opened by 6316@Billakos-PC

[2013-02-26 22:21:23 #2 type] 
Type FunctionWord is not enhanced.

[2013-02-26 22:21:23 #3 type] 
Type GeneralComputingWord is not enhanced.

[2013-02-26 22:21:23 #4 type] 
Type WordHits is not enhanced.

[2013-02-26 22:21:23 #5 type] 
Type QualityFactor is not enhanced.

[2013-02-26 22:21:23 #6 type] 
Type WebServicesCluster is not enhanced.

[2013-02-26 22:21:23 #7 type] 
Type WSDLDocument is not enhanced.

[2013-02-26 22:21:23 #8 type] 
Type DecompressedMatrix is not enhanced.

[2013-02-26 22:21:23 #9 type] 
Type DocumentWordVector is not enhanced.

[2013-02-26 22:21:23 #10 type] 
Type WSDLCategory is not enhanced.

[2013-02-26 22:21:23 #11 type] 
Type WebServicesClusters is not enhanced.

------------------------------------------------------------------------------------------------------------------------

[2013-02-26 22:49:48 #1 store] 
Database 'D:\Dropbox\Thesis\GitHub\Web-Services-Indexing-In-P2P\database\objectdb\web_services_clusterer.odb' is opened by 6572@Billakos-PC

[2013-02-26 22:49:48 #2 type] 
Type FunctionWord is not enhanced.

[2013-02-26 22:49:48 #3 type] 
Type GeneralComputingWord is not enhanced.

[2013-02-26 22:49:48 #4 type] 
Type WordHits is not enhanced.

[2013-02-26 22:49:48 #5 type] 
Type QualityFactor is not enhanced.

[2013-02-26 22:49:48 #6 type] 
Type WebServicesCluster is not enhanced.

[2013-02-26 22:49:48 #7 type] 
Type WSDLDocument is not enhanced.

[2013-02-26 22:49:48 #8 type] 
Type DecompressedMatrix is not enhanced.

[2013-02-26 22:49:48 #9 type] 
Type DocumentWordVector is not enhanced.

[2013-02-26 22:49:48 #10 type] 
Type WSDLCategory is not enhanced.

[2013-02-26 22:49:48 #11 type] 
Type WebServicesClusters is not enhanced.

------------------------------------------------------------------------------------------------------------------------

[2013-02-26 22:59:30 #1 store] 
Database 'D:\Dropbox\Thesis\GitHub\Web-Services-Indexing-In-P2P\database\objectdb\web_services_clusterer.odb' is opened by 4084@Billakos-PC

[2013-02-26 22:59:30 #2 type] 
Type FunctionWord is not enhanced.

[2013-02-26 22:59:30 #3 type] 
Type GeneralComputingWord is not enhanced.

[2013-02-26 22:59:30 #4 type] 
Type WordHits is not enhanced.

[2013-02-26 22:59:30 #5 type] 
Type QualityFactor is not enhanced.

[2013-02-26 22:59:30 #6 type] 
Type WebServicesCluster is not enhanced.

[2013-02-26 22:59:30 #7 type] 
Type WSDLDocument is not enhanced.

[2013-02-26 22:59:30 #8 type] 
Type DecompressedMatrix is not enhanced.

[2013-02-26 22:59:30 #9 type] 
Type DocumentWordVector is not enhanced.

[2013-02-26 22:59:30 #10 type] 
Type WSDLCategory is not enhanced.

[2013-02-26 22:59:30 #11 type] 
Type WebServicesClusters is not enhanced.

------------------------------------------------------------------------------------------------------------------------

[2013-02-26 23:05:58 #1 store] 
Database 'D:\Dropbox\Thesis\GitHub\Web-Services-Indexing-In-P2P\database\objectdb\web_services_clusterer.odb' is opened by 5588@Billakos-PC

[2013-02-26 23:05:59 #2 type] 
Type FunctionWord is not enhanced.

[2013-02-26 23:05:59 #3 type] 
Type GeneralComputingWord is not enhanced.

[2013-02-26 23:05:59 #4 type] 
Type WordHits is not enhanced.

[2013-02-26 23:05:59 #5 type] 
Type QualityFactor is not enhanced.

[2013-02-26 23:05:59 #6 type] 
Type WebServicesCluster is not enhanced.

[2013-02-26 23:05:59 #7 type] 
Type WSDLDocument is not enhanced.

[2013-02-26 23:05:59 #8 type] 
Type DecompressedMatrix is not enhanced.

[2013-02-26 23:05:59 #9 type] 
Type DocumentWordVector is not enhanced.

[2013-02-26 23:05:59 #10 type] 
Type WSDLCategory is not enhanced.

[2013-02-26 23:05:59 #11 type] 
Type WebServicesClusters is not enhanced.

------------------------------------------------------------------------------------------------------------------------

[2013-02-26 23:13:16 #1 store] 
Database 'D:\Dropbox\Thesis\GitHub\Web-Services-Indexing-In-P2P\database\objectdb\web_services_clusterer.odb' is opened by 5820@Billakos-PC

[2013-02-26 23:13:16 #2 type] 
Type FunctionWord is not enhanced.

[2013-02-26 23:13:16 #3 type] 
Type GeneralComputingWord is not enhanced.

[2013-02-26 23:13:16 #4 type] 
Type WordHits is not enhanced.

[2013-02-26 23:13:16 #5 type] 
Type QualityFactor is not enhanced.

[2013-02-26 23:13:16 #6 type] 
Type WebServicesCluster is not enhanced.

[2013-02-26 23:13:16 #7 type] 
Type WSDLDocument is not enhanced.

[2013-02-26 23:13:16 #8 type] 
Type DecompressedMatrix is not enhanced.

[2013-02-26 23:13:16 #9 type] 
Type DocumentWordVector is not enhanced.

[2013-02-26 23:13:16 #10 type] 
Type WSDLCategory is not enhanced.

[2013-02-26 23:13:16 #11 type] 
Type WebServicesClusters is not enhanced.

