------------------------------------------------------------------------------------------------------------------------

[2013-02-14 00:22:11 #1 store] 
Database 'D:\Dropbox\Thesis\GitHub\Web-Services-Indexing-In-P2P\database\objectdb\web_services_clusterer.odb' is opened by 1528@Billakos-PC

[2013-02-14 00:22:12 #2 type] 
Type FunctionWord is not enhanced.

[2013-02-14 00:22:12 #3 type] 
Type GeneralComputingWord is not enhanced.

[2013-02-14 00:22:12 #4 type] 
Type WordHits is not enhanced.

[2013-02-14 00:22:12 #5 type] 
Type QualityFactor is not enhanced.

[2013-02-14 00:22:12 #6 type] 
Type WebServicesCluster is not enhanced.

[2013-02-14 00:22:12 #7 type] 
Type DecompressedMatrix is not enhanced.

[2013-02-14 00:22:12 #8 type] 
Type DocumentWordVector is not enhanced.

------------------------------------------------------------------------------------------------------------------------

[2013-02-14 00:24:41 #1 store] 
Database 'D:\Dropbox\Thesis\GitHub\Web-Services-Indexing-In-P2P\database\objectdb\web_services_clusterer.odb' is opened by 5660@Billakos-PC

[2013-02-14 00:24:41 #2 type] 
Type FunctionWord is not enhanced.

[2013-02-14 00:24:41 #3 type] 
Type GeneralComputingWord is not enhanced.

[2013-02-14 00:24:41 #4 type] 
Type WordHits is not enhanced.

[2013-02-14 00:24:41 #5 type] 
Type QualityFactor is not enhanced.

[2013-02-14 00:24:41 #6 type] 
Type WebServicesCluster is not enhanced.

[2013-02-14 00:24:41 #7 type] 
Type DecompressedMatrix is not enhanced.

[2013-02-14 00:24:41 #8 type] 
Type DocumentWordVector is not enhanced.

------------------------------------------------------------------------------------------------------------------------

[2013-02-14 00:25:18 #1 store] 
Database 'D:\Dropbox\Thesis\GitHub\Web-Services-Indexing-In-P2P\database\objectdb\web_services_clusterer.odb' is opened by 5940@Billakos-PC

[2013-02-14 00:25:19 #2 type] 
Type FunctionWord is not enhanced.

[2013-02-14 00:25:19 #3 type] 
Type GeneralComputingWord is not enhanced.

[2013-02-14 00:25:19 #4 type] 
Type WordHits is not enhanced.

[2013-02-14 00:25:19 #5 type] 
Type QualityFactor is not enhanced.

[2013-02-14 00:25:19 #6 type] 
Type WebServicesCluster is not enhanced.

[2013-02-14 00:25:19 #7 type] 
Type DecompressedMatrix is not enhanced.

[2013-02-14 00:25:19 #8 type] 
Type DocumentWordVector is not enhanced.

------------------------------------------------------------------------------------------------------------------------

[2013-02-14 09:51:12 #1 store] 
Database 'C:\Users\Billly\Dropbox\Thesis\GitHub\Web-Services-Indexing-In-P2P\database\objectdb\web_services_clusterer.odb' is opened by 4608@Lab-PC

[2013-02-14 09:51:12 #2 type] 
Type FunctionWord is not enhanced.

[2013-02-14 09:51:12 #3 type] 
Type GeneralComputingWord is not enhanced.

[2013-02-14 09:51:12 #4 type] 
Type WordHits is not enhanced.

[2013-02-14 09:51:12 #5 type] 
Type QualityFactor is not enhanced.

[2013-02-14 09:51:12 #6 type] 
Type WebServicesCluster is not enhanced.

[2013-02-14 09:51:12 #7 type] 
Type DecompressedMatrix is not enhanced.

[2013-02-14 09:51:12 #8 type] 
Type DocumentWordVector is not enhanced.

------------------------------------------------------------------------------------------------------------------------

[2013-02-14 09:59:38 #1 store] 
Database 'C:\Users\Billly\Dropbox\Thesis\GitHub\Web-Services-Indexing-In-P2P\database\objectdb\web_services_clusterer.odb' has been recovered (tr. 1865-1867)

[2013-02-14 09:59:39 #2 store] 
Database 'C:\Users\Billly\Dropbox\Thesis\GitHub\Web-Services-Indexing-In-P2P\database\objectdb\web_services_clusterer.odb' is opened by 3360@Lab-PC

[2013-02-14 09:59:39 #3 type] 
Type FunctionWord is not enhanced.

[2013-02-14 09:59:39 #4 type] 
Type GeneralComputingWord is not enhanced.

[2013-02-14 09:59:39 #5 type] 
Type WordHits is not enhanced.

[2013-02-14 09:59:39 #6 type] 
Type QualityFactor is not enhanced.

[2013-02-14 09:59:39 #7 type] 
Type WebServicesCluster is not enhanced.

[2013-02-14 09:59:39 #8 type] 
Type DecompressedMatrix is not enhanced.

[2013-02-14 09:59:39 #9 type] 
Type DocumentWordVector is not enhanced.

------------------------------------------------------------------------------------------------------------------------

[2013-02-14 10:01:23 #1 store] 
Database 'C:\Users\Billly\Dropbox\Thesis\GitHub\Web-Services-Indexing-In-P2P\database\objectdb\web_services_clusterer.odb' has been recovered (tr. 1870-1872)

[2013-02-14 10:01:23 #2 store] 
Database 'C:\Users\Billly\Dropbox\Thesis\GitHub\Web-Services-Indexing-In-P2P\database\objectdb\web_services_clusterer.odb' is opened by 5132@Lab-PC

[2013-02-14 10:01:23 #3 type] 
Type FunctionWord is not enhanced.

[2013-02-14 10:01:23 #4 type] 
Type GeneralComputingWord is not enhanced.

[2013-02-14 10:01:23 #5 type] 
Type WordHits is not enhanced.

[2013-02-14 10:01:23 #6 type] 
Type QualityFactor is not enhanced.

[2013-02-14 10:01:23 #7 type] 
Type WebServicesCluster is not enhanced.

[2013-02-14 10:01:23 #8 type] 
Type DecompressedMatrix is not enhanced.

[2013-02-14 10:01:23 #9 type] 
Type DocumentWordVector is not enhanced.

------------------------------------------------------------------------------------------------------------------------

[2013-02-14 10:04:48 #1 store] 
Database 'C:\Users\Billly\Dropbox\Thesis\GitHub\Web-Services-Indexing-In-P2P\database\objectdb\web_services_clusterer.odb' has been recovered (tr. 1875-1877)

[2013-02-14 10:04:48 #2 store] 
Database 'C:\Users\Billly\Dropbox\Thesis\GitHub\Web-Services-Indexing-In-P2P\database\objectdb\web_services_clusterer.odb' is opened by 5820@Lab-PC

[2013-02-14 10:04:49 #3 type] 
Type FunctionWord is not enhanced.

[2013-02-14 10:04:49 #4 type] 
Type GeneralComputingWord is not enhanced.

[2013-02-14 10:04:49 #5 type] 
Type WordHits is not enhanced.

[2013-02-14 10:04:49 #6 type] 
Type QualityFactor is not enhanced.

[2013-02-14 10:04:49 #7 type] 
Type WebServicesCluster is not enhanced.

[2013-02-14 10:04:49 #8 type] 
Type DecompressedMatrix is not enhanced.

[2013-02-14 10:04:49 #9 type] 
Type DocumentWordVector is not enhanced.

------------------------------------------------------------------------------------------------------------------------

[2013-02-14 10:12:03 #1 store] 
Database 'C:\Users\Billly\Dropbox\Thesis\GitHub\Web-Services-Indexing-In-P2P\database\objectdb\web_services_clusterer.odb' has been recovered (tr. 1878-1885)

[2013-02-14 10:12:03 #2 store] 
Database 'C:\Users\Billly\Dropbox\Thesis\GitHub\Web-Services-Indexing-In-P2P\database\objectdb\web_services_clusterer.odb' is opened by 4184@Lab-PC

[2013-02-14 10:12:04 #3 type] 
Type FunctionWord is not enhanced.

[2013-02-14 10:12:04 #4 type] 
Type GeneralComputingWord is not enhanced.

[2013-02-14 10:12:04 #5 type] 
Type WordHits is not enhanced.

[2013-02-14 10:12:04 #6 type] 
Type QualityFactor is not enhanced.

[2013-02-14 10:12:04 #7 type] 
Type WebServicesCluster is not enhanced.

[2013-02-14 10:12:04 #8 type] 
Type DecompressedMatrix is not enhanced.

[2013-02-14 10:12:04 #9 type] 
Type DocumentWordVector is not enhanced.

------------------------------------------------------------------------------------------------------------------------

[2013-02-14 10:18:17 #1 store] 
Database 'C:\Users\Billly\Dropbox\Thesis\GitHub\Web-Services-Indexing-In-P2P\database\objectdb\web_services_clusterer.odb' is opened by 5584@Lab-PC

[2013-02-14 10:18:17 #2 type] 
Type FunctionWord is not enhanced.

[2013-02-14 10:18:17 #3 type] 
Type GeneralComputingWord is not enhanced.

[2013-02-14 10:18:17 #4 type] 
Type WordHits is not enhanced.

[2013-02-14 10:18:17 #5 type] 
Type QualityFactor is not enhanced.

[2013-02-14 10:18:17 #6 type] 
Type WebServicesCluster is not enhanced.

[2013-02-14 10:18:17 #7 type] 
Type DecompressedMatrix is not enhanced.

[2013-02-14 10:18:17 #8 type] 
Type DocumentWordVector is not enhanced.

