------------------------------------------------------------------------------------------------------------------------

[2013-02-06 22:19:01 #1 store] 
Database 'D:\Dropbox\Thesis\GitHub\Web-Services-Indexing-In-P2P\database\objectdb\web_services_clusterer.odb' has been recovered (tr. 776-778)

[2013-02-06 22:19:01 #2 store] 
Database 'D:\Dropbox\Thesis\GitHub\Web-Services-Indexing-In-P2P\database\objectdb\web_services_clusterer.odb' is opened by 4156@Billakos-PC

[2013-02-06 22:19:01 #3 type] 
Type FunctionWord is not enhanced.

[2013-02-06 22:19:01 #4 type] 
Type GeneralComputingWord is not enhanced.

[2013-02-06 22:19:01 #5 type] 
Type WordHits is not enhanced.

[2013-02-06 22:19:01 #6 type] 
Type QualityFactor is not enhanced.

[2013-02-06 22:19:01 #7 type] 
Type WebServicesCluster is not enhanced.

------------------------------------------------------------------------------------------------------------------------

[2013-02-06 22:24:24 #1 store] 
Database 'D:\Dropbox\Thesis\GitHub\Web-Services-Indexing-In-P2P\database\objectdb\web_services_clusterer.odb' has been recovered (tr. 781-781)

[2013-02-06 22:24:24 #2 store] 
Database 'D:\Dropbox\Thesis\GitHub\Web-Services-Indexing-In-P2P\database\objectdb\web_services_clusterer.odb' is opened by 5672@Billakos-PC

[2013-02-06 22:24:24 #3 type] 
Type FunctionWord is not enhanced.

[2013-02-06 22:24:24 #4 type] 
Type GeneralComputingWord is not enhanced.

[2013-02-06 22:24:24 #5 type] 
Type WordHits is not enhanced.

[2013-02-06 22:24:24 #6 type] 
Type QualityFactor is not enhanced.

[2013-02-06 22:24:24 #7 type] 
Type WebServicesCluster is not enhanced.

------------------------------------------------------------------------------------------------------------------------

[2013-02-06 22:24:47 #1 store] 
Database 'D:\Dropbox\Thesis\GitHub\Web-Services-Indexing-In-P2P\database\objectdb\web_services_clusterer.odb' is opened by 5548@Billakos-PC

[2013-02-06 22:24:47 #2 type] 
Type FunctionWord is not enhanced.

[2013-02-06 22:24:47 #3 type] 
Type GeneralComputingWord is not enhanced.

[2013-02-06 22:24:47 #4 type] 
Type WordHits is not enhanced.

[2013-02-06 22:24:47 #5 type] 
Type QualityFactor is not enhanced.

[2013-02-06 22:24:47 #6 type] 
Type WebServicesCluster is not enhanced.

------------------------------------------------------------------------------------------------------------------------

[2013-02-06 22:25:05 #1 store] 
Database 'D:\Dropbox\Thesis\GitHub\Web-Services-Indexing-In-P2P\database\objectdb\web_services_clusterer.odb' is opened by 4708@Billakos-PC

[2013-02-06 22:25:05 #2 type] 
Type FunctionWord is not enhanced.

[2013-02-06 22:25:05 #3 type] 
Type GeneralComputingWord is not enhanced.

[2013-02-06 22:25:05 #4 type] 
Type WordHits is not enhanced.

[2013-02-06 22:25:05 #5 type] 
Type QualityFactor is not enhanced.

[2013-02-06 22:25:05 #6 type] 
Type WebServicesCluster is not enhanced.

