------------------------------------------------------------------------------------------------------------------------

[2013-03-03 15:26:07 #1 store] 
Database 'D:\Dropbox\Thesis\GitHub\Web-Services-Indexing-In-P2P\database\objectdb\web_services_clusterer.odb' is opened by 7136@Billakos-PC

[2013-03-03 15:26:07 #2 type] 
Type FunctionWord is not enhanced.

[2013-03-03 15:26:07 #3 type] 
Type GeneralComputingWord is not enhanced.

[2013-03-03 15:26:07 #4 type] 
Type WordHits is not enhanced.

[2013-03-03 15:26:07 #5 type] 
Type QualityFactor is not enhanced.

[2013-03-03 15:26:07 #6 type] 
Type WebServicesCluster is not enhanced.

[2013-03-03 15:26:07 #7 type] 
Type WSDLDocument is not enhanced.

[2013-03-03 15:26:07 #8 type] 
Type DecompressedMatrix is not enhanced.

[2013-03-03 15:26:07 #9 type] 
Type DocumentWordVector is not enhanced.

[2013-03-03 15:26:07 #10 type] 
Type WSDLCategory is not enhanced.

[2013-03-03 15:26:08 #11 type] 
Type WebServicesClusters is not enhanced.

[2013-03-03 15:26:08 #12 store] 
Database 'D:\Dropbox\Thesis\GitHub\Web-Services-Indexing-In-P2P\database\objectdb\web_services_clusterer.odb' is closed by 7136@Billakos-PC

------------------------------------------------------------------------------------------------------------------------

[2013-03-03 15:31:39 #1 store] 
Database 'D:\Dropbox\Thesis\GitHub\Web-Services-Indexing-In-P2P\database\objectdb\web_services_clusterer.odb' is opened by 6328@Billakos-PC

[2013-03-03 15:31:39 #2 type] 
Type FunctionWord is not enhanced.

[2013-03-03 15:31:39 #3 type] 
Type GeneralComputingWord is not enhanced.

[2013-03-03 15:31:39 #4 type] 
Type WordHits is not enhanced.

[2013-03-03 15:31:39 #5 type] 
Type QualityFactor is not enhanced.

[2013-03-03 15:31:39 #6 type] 
Type WebServicesCluster is not enhanced.

[2013-03-03 15:31:39 #7 type] 
Type WSDLDocument is not enhanced.

[2013-03-03 15:31:39 #8 type] 
Type DecompressedMatrix is not enhanced.

[2013-03-03 15:31:39 #9 type] 
Type DocumentWordVector is not enhanced.

[2013-03-03 15:31:39 #10 type] 
Type WSDLCategory is not enhanced.

[2013-03-03 15:31:39 #11 type] 
Type WebServicesClusters is not enhanced.

------------------------------------------------------------------------------------------------------------------------

[2013-03-03 15:40:01 #1 store] 
Database 'D:\Dropbox\Thesis\GitHub\Web-Services-Indexing-In-P2P\database\objectdb\web_services_clusterer.odb' has been recovered (tr. 99476-99476)

[2013-03-03 15:40:01 #2 store] 
Database 'D:\Dropbox\Thesis\GitHub\Web-Services-Indexing-In-P2P\database\objectdb\web_services_clusterer.odb' is opened by 5440@Billakos-PC

[2013-03-03 15:43:16 #3 store] 
Database 'D:\Dropbox\Thesis\GitHub\Web-Services-Indexing-In-P2P\database\objectdb\web_services_clusterer.odb' is closed by 5440@Billakos-PC

------------------------------------------------------------------------------------------------------------------------

[2013-03-03 15:43:20 #1 store] 
Database 'D:\Dropbox\Thesis\GitHub\Web-Services-Indexing-In-P2P\database\objectdb\web_services_clusterer.odb' is opened by 2716@Billakos-PC

[2013-03-03 15:43:20 #2 type] 
Type FunctionWord is not enhanced.

[2013-03-03 15:43:20 #3 type] 
Type GeneralComputingWord is not enhanced.

[2013-03-03 15:43:20 #4 type] 
Type WordHits is not enhanced.

[2013-03-03 15:43:20 #5 type] 
Type QualityFactor is not enhanced.

[2013-03-03 15:43:20 #6 type] 
Type WebServicesCluster is not enhanced.

[2013-03-03 15:43:20 #7 type] 
Type WSDLDocument is not enhanced.

[2013-03-03 15:43:20 #8 type] 
Type DecompressedMatrix is not enhanced.

[2013-03-03 15:43:20 #9 type] 
Type DocumentWordVector is not enhanced.

[2013-03-03 15:43:20 #10 type] 
Type WSDLCategory is not enhanced.

[2013-03-03 15:43:20 #11 type] 
Type WebServicesClusters is not enhanced.

[2013-03-03 15:46:17 #12 store] 
Database 'D:\Dropbox\Thesis\GitHub\Web-Services-Indexing-In-P2P\database\objectdb\web_services_clusterer.odb' is closed by 2716@Billakos-PC

[2013-03-03 15:46:24 #4 store] 
Database 'D:\Dropbox\Thesis\GitHub\Web-Services-Indexing-In-P2P\database\objectdb\web_services_clusterer.odb' is opened by 5440@Billakos-PC

[2013-03-03 15:48:45 #5 store] 
Database 'D:\Dropbox\Thesis\GitHub\Web-Services-Indexing-In-P2P\database\objectdb\web_services_clusterer.odb' is closed by 5440@Billakos-PC

[2013-03-03 15:48:45 #6 store] 
Database 'D:\Dropbox\Thesis\GitHub\Web-Services-Indexing-In-P2P\database\objectdb\web_services_clusterer_20130228.odb' is opened by 5440@Billakos-PC

[2013-03-03 15:48:55 #7 store] 
Database 'D:\Dropbox\Thesis\GitHub\Web-Services-Indexing-In-P2P\database\objectdb\web_services_clusterer_20130228.odb' is closed by 5440@Billakos-PC

[2013-03-03 15:49:02 #8 store] 
Database 'D:\Dropbox\Thesis\GitHub\Web-Services-Indexing-In-P2P\database\objectdb\web_services_clusterer.odb' is opened by 5440@Billakos-PC

[2013-03-03 21:39:14 #9 store] 
Database 'D:\Dropbox\Thesis\GitHub\Web-Services-Indexing-In-P2P\database\objectdb\web_services_clusterer.odb' is closed by 5440@Billakos-PC

------------------------------------------------------------------------------------------------------------------------

[2013-03-03 21:39:25 #1 store] 
Database 'D:\Dropbox\Thesis\GitHub\Web-Services-Indexing-In-P2P\database\objectdb\web_services_clusterer.odb' is opened by 6612@Billakos-PC

[2013-03-03 21:39:25 #2 type] 
Type FunctionWord is not enhanced.

[2013-03-03 21:39:25 #3 type] 
Type GeneralComputingWord is not enhanced.

[2013-03-03 21:39:25 #4 type] 
Type WordHits is not enhanced.

[2013-03-03 21:39:25 #5 type] 
Type QualityFactor is not enhanced.

[2013-03-03 21:39:25 #6 type] 
Type WebServicesCluster is not enhanced.

[2013-03-03 21:39:25 #7 type] 
Type WSDLDocument is not enhanced.

[2013-03-03 21:39:25 #8 type] 
Type DecompressedMatrix is not enhanced.

[2013-03-03 21:39:25 #9 type] 
Type DocumentWordVector is not enhanced.

[2013-03-03 21:39:25 #10 type] 
Type WSDLCategory is not enhanced.

[2013-03-03 21:39:25 #11 type] 
Type WebServicesClusters is not enhanced.

[2013-03-03 21:39:25 #12 store] 
Database 'D:\Dropbox\Thesis\GitHub\Web-Services-Indexing-In-P2P\database\objectdb\web_services_clusterer.odb' is closed by 6612@Billakos-PC

[2013-03-03 21:40:53 #10 store] 
Database 'D:\Dropbox\Thesis\GitHub\Web-Services-Indexing-In-P2P\database\objectdb\web_services_clusterer.odb' is opened by 5440@Billakos-PC

[2013-03-03 21:43:11 #11 store] 
Database 'D:\Dropbox\Thesis\GitHub\Web-Services-Indexing-In-P2P\database\objectdb\web_services_clusterer.odb' is closed by 5440@Billakos-PC

------------------------------------------------------------------------------------------------------------------------

[2013-03-03 21:43:15 #1 store] 
Database 'D:\Dropbox\Thesis\GitHub\Web-Services-Indexing-In-P2P\database\objectdb\web_services_clusterer.odb' is opened by 6256@Billakos-PC

[2013-03-03 21:43:15 #2 type] 
Type FunctionWord is not enhanced.

[2013-03-03 21:43:15 #3 type] 
Type GeneralComputingWord is not enhanced.

[2013-03-03 21:43:15 #4 type] 
Type WordHits is not enhanced.

[2013-03-03 21:43:15 #5 type] 
Type QualityFactor is not enhanced.

[2013-03-03 21:43:15 #6 type] 
Type WebServicesCluster is not enhanced.

[2013-03-03 21:43:15 #7 type] 
Type WSDLDocument is not enhanced.

[2013-03-03 21:43:15 #8 type] 
Type DecompressedMatrix is not enhanced.

[2013-03-03 21:43:15 #9 type] 
Type DocumentWordVector is not enhanced.

[2013-03-03 21:43:15 #10 type] 
Type WSDLCategory is not enhanced.

[2013-03-03 21:43:15 #11 type] 
Type WebServicesClusters is not enhanced.

[2013-03-03 21:46:33 #12 store] 
Database 'D:\Dropbox\Thesis\GitHub\Web-Services-Indexing-In-P2P\database\objectdb\web_services_clusterer.odb' is closed by 6256@Billakos-PC

[2013-03-03 21:46:37 #12 store] 
Database 'D:\Dropbox\Thesis\GitHub\Web-Services-Indexing-In-P2P\database\objectdb\web_services_clusterer.odb' is opened by 5440@Billakos-PC

[2013-03-03 21:48:41 #13 store] 
Database 'D:\Dropbox\Thesis\GitHub\Web-Services-Indexing-In-P2P\database\objectdb\web_services_clusterer.odb' is closed by 5440@Billakos-PC

------------------------------------------------------------------------------------------------------------------------

[2013-03-03 21:48:43 #1 store] 
Database 'D:\Dropbox\Thesis\GitHub\Web-Services-Indexing-In-P2P\database\objectdb\web_services_clusterer.odb' is opened by 7116@Billakos-PC

[2013-03-03 21:48:43 #2 type] 
Type FunctionWord is not enhanced.

[2013-03-03 21:48:43 #3 type] 
Type GeneralComputingWord is not enhanced.

[2013-03-03 21:48:43 #4 type] 
Type WordHits is not enhanced.

[2013-03-03 21:48:43 #5 type] 
Type QualityFactor is not enhanced.

[2013-03-03 21:48:43 #6 type] 
Type WebServicesCluster is not enhanced.

[2013-03-03 21:48:43 #7 type] 
Type WSDLDocument is not enhanced.

[2013-03-03 21:48:43 #8 type] 
Type DecompressedMatrix is not enhanced.

[2013-03-03 21:48:43 #9 type] 
Type DocumentWordVector is not enhanced.

[2013-03-03 21:48:43 #10 type] 
Type WSDLCategory is not enhanced.

[2013-03-03 21:48:43 #11 type] 
Type WebServicesClusters is not enhanced.

[2013-03-03 21:52:00 #12 store] 
Database 'D:\Dropbox\Thesis\GitHub\Web-Services-Indexing-In-P2P\database\objectdb\web_services_clusterer.odb' is closed by 7116@Billakos-PC

------------------------------------------------------------------------------------------------------------------------

[2013-03-03 21:55:12 #1 store] 
Database 'D:\Dropbox\Thesis\GitHub\Web-Services-Indexing-In-P2P\database\objectdb\web_services_clusterer.odb' is opened by 6708@Billakos-PC

[2013-03-03 22:04:34 #2 store] 
Database 'D:\Dropbox\Thesis\GitHub\Web-Services-Indexing-In-P2P\database\objectdb\web_services_clusterer.odb' is closed by 6708@Billakos-PC

------------------------------------------------------------------------------------------------------------------------

[2013-03-03 22:04:37 #1 store] 
Database 'D:\Dropbox\Thesis\GitHub\Web-Services-Indexing-In-P2P\database\objectdb\web_services_clusterer.odb' is opened by 5484@Billakos-PC

[2013-03-03 22:04:37 #2 type] 
Type FunctionWord is not enhanced.

[2013-03-03 22:04:37 #3 type] 
Type GeneralComputingWord is not enhanced.

[2013-03-03 22:04:37 #4 type] 
Type WordHits is not enhanced.

[2013-03-03 22:04:37 #5 type] 
Type QualityFactor is not enhanced.

[2013-03-03 22:04:37 #6 type] 
Type WebServicesCluster is not enhanced.

[2013-03-03 22:04:37 #7 type] 
Type WSDLDocument is not enhanced.

[2013-03-03 22:04:37 #8 type] 
Type DecompressedMatrix is not enhanced.

[2013-03-03 22:04:37 #9 type] 
Type DocumentWordVector is not enhanced.

[2013-03-03 22:04:37 #10 type] 
Type WSDLCategory is not enhanced.

[2013-03-03 22:04:37 #11 type] 
Type WebServicesClusters is not enhanced.

------------------------------------------------------------------------------------------------------------------------

[2013-03-03 22:04:56 #1 store] 
Database 'D:\Dropbox\Thesis\GitHub\Web-Services-Indexing-In-P2P\database\objectdb\web_services_clusterer.odb' is opened by 6456@Billakos-PC

[2013-03-03 22:04:56 #2 type] 
Type FunctionWord is not enhanced.

[2013-03-03 22:04:56 #3 type] 
Type GeneralComputingWord is not enhanced.

[2013-03-03 22:04:56 #4 type] 
Type WordHits is not enhanced.

[2013-03-03 22:04:56 #5 type] 
Type QualityFactor is not enhanced.

[2013-03-03 22:04:56 #6 type] 
Type WebServicesCluster is not enhanced.

[2013-03-03 22:04:56 #7 type] 
Type WSDLDocument is not enhanced.

[2013-03-03 22:04:56 #8 type] 
Type DecompressedMatrix is not enhanced.

[2013-03-03 22:04:56 #9 type] 
Type DocumentWordVector is not enhanced.

[2013-03-03 22:04:56 #10 type] 
Type WSDLCategory is not enhanced.

[2013-03-03 22:04:56 #11 type] 
Type WebServicesClusters is not enhanced.

------------------------------------------------------------------------------------------------------------------------

[2013-03-03 22:05:13 #1 store] 
Database 'D:\Dropbox\Thesis\GitHub\Web-Services-Indexing-In-P2P\database\objectdb\web_services_clusterer.odb' is opened by 4184@Billakos-PC

[2013-03-03 22:05:13 #2 type] 
Type FunctionWord is not enhanced.

[2013-03-03 22:05:13 #3 type] 
Type GeneralComputingWord is not enhanced.

[2013-03-03 22:05:13 #4 type] 
Type WordHits is not enhanced.

[2013-03-03 22:05:13 #5 type] 
Type QualityFactor is not enhanced.

[2013-03-03 22:05:13 #6 type] 
Type WebServicesCluster is not enhanced.

[2013-03-03 22:05:13 #7 type] 
Type WSDLDocument is not enhanced.

[2013-03-03 22:05:13 #8 type] 
Type DecompressedMatrix is not enhanced.

[2013-03-03 22:05:13 #9 type] 
Type DocumentWordVector is not enhanced.

[2013-03-03 22:05:13 #10 type] 
Type WSDLCategory is not enhanced.

[2013-03-03 22:05:13 #11 type] 
Type WebServicesClusters is not enhanced.

[2013-03-03 22:05:14 #12 store] 
Database 'D:\Dropbox\Thesis\GitHub\Web-Services-Indexing-In-P2P\database\objectdb\web_services_clusterer.odb' is closed by 4184@Billakos-PC

------------------------------------------------------------------------------------------------------------------------

[2013-03-03 22:06:02 #1 store] 
Database 'D:\Dropbox\Thesis\GitHub\Web-Services-Indexing-In-P2P\database\objectdb\web_services_clusterer.odb' is opened by 3984@Billakos-PC

[2013-03-03 22:06:02 #2 type] 
Type FunctionWord is not enhanced.

[2013-03-03 22:06:02 #3 type] 
Type GeneralComputingWord is not enhanced.

[2013-03-03 22:06:02 #4 type] 
Type WordHits is not enhanced.

[2013-03-03 22:06:02 #5 type] 
Type QualityFactor is not enhanced.

[2013-03-03 22:06:02 #6 type] 
Type WebServicesCluster is not enhanced.

[2013-03-03 22:06:02 #7 type] 
Type WSDLDocument is not enhanced.

[2013-03-03 22:06:02 #8 type] 
Type DecompressedMatrix is not enhanced.

[2013-03-03 22:06:02 #9 type] 
Type DocumentWordVector is not enhanced.

[2013-03-03 22:06:02 #10 type] 
Type WSDLCategory is not enhanced.

[2013-03-03 22:06:03 #11 type] 
Type WebServicesClusters is not enhanced.

[2013-03-03 22:06:03 #12 store] 
Database 'D:\Dropbox\Thesis\GitHub\Web-Services-Indexing-In-P2P\database\objectdb\web_services_clusterer.odb' is closed by 3984@Billakos-PC

