------------------------------------------------------------------------------------------------------------------------

[2013-02-12 00:13:27 #1 store] 
Database 'D:\Dropbox\Thesis\GitHub\Web-Services-Indexing-In-P2P\database\objectdb\web_services_clusterer.odb' has been recovered (tr. 865-1861)

[2013-02-12 00:13:27 #2 store] 
Database 'D:\Dropbox\Thesis\GitHub\Web-Services-Indexing-In-P2P\database\objectdb\web_services_clusterer.odb' is opened by 6656@Billakos-PC

[2013-02-12 00:13:27 #3 type] 
Type FunctionWord is not enhanced.

[2013-02-12 00:13:27 #4 type] 
Type GeneralComputingWord is not enhanced.

[2013-02-12 00:13:27 #5 type] 
Type WordHits is not enhanced.

[2013-02-12 00:13:27 #6 type] 
Type QualityFactor is not enhanced.

[2013-02-12 00:13:27 #7 type] 
Type WebServicesCluster is not enhanced.

[2013-02-12 00:13:27 #8 type] 
Type DecompressedMatrix is not enhanced.

[2013-02-12 00:13:27 #9 type] 
Type DocumentWordVector is not enhanced.

------------------------------------------------------------------------------------------------------------------------

[2013-02-12 00:22:14 #1 store] 
Database 'D:\Dropbox\Thesis\GitHub\Web-Services-Indexing-In-P2P\database\objectdb\web_services_clusterer.odb' has been recovered (tr. 1864-1864)

[2013-02-12 00:22:14 #2 store] 
Database 'D:\Dropbox\Thesis\GitHub\Web-Services-Indexing-In-P2P\database\objectdb\web_services_clusterer.odb' is opened by 3476@Billakos-PC

[2013-02-12 00:22:14 #3 type] 
Type FunctionWord is not enhanced.

[2013-02-12 00:22:14 #4 type] 
Type GeneralComputingWord is not enhanced.

[2013-02-12 00:22:14 #5 type] 
Type WordHits is not enhanced.

[2013-02-12 00:22:14 #6 type] 
Type QualityFactor is not enhanced.

[2013-02-12 00:22:14 #7 type] 
Type WebServicesCluster is not enhanced.

[2013-02-12 00:22:14 #8 type] 
Type DecompressedMatrix is not enhanced.

[2013-02-12 00:22:14 #9 type] 
Type DocumentWordVector is not enhanced.

------------------------------------------------------------------------------------------------------------------------

[2013-02-12 00:31:36 #1 store] 
Database 'D:\Dropbox\Thesis\GitHub\Web-Services-Indexing-In-P2P\database\objectdb\web_services_clusterer.odb' is opened by 5824@Billakos-PC

[2013-02-12 00:31:36 #2 type] 
Type FunctionWord is not enhanced.

[2013-02-12 00:31:36 #3 type] 
Type GeneralComputingWord is not enhanced.

[2013-02-12 00:31:36 #4 type] 
Type WordHits is not enhanced.

[2013-02-12 00:31:36 #5 type] 
Type QualityFactor is not enhanced.

[2013-02-12 00:31:36 #6 type] 
Type WebServicesCluster is not enhanced.

[2013-02-12 00:31:36 #7 type] 
Type DecompressedMatrix is not enhanced.

[2013-02-12 00:31:36 #8 type] 
Type DocumentWordVector is not enhanced.

------------------------------------------------------------------------------------------------------------------------

[2013-02-12 00:35:50 #1 store] 
Database 'D:\Dropbox\Thesis\GitHub\Web-Services-Indexing-In-P2P\database\objectdb\web_services_clusterer.odb' is opened by 6196@Billakos-PC

[2013-02-12 00:35:50 #2 type] 
Type FunctionWord is not enhanced.

[2013-02-12 00:35:50 #3 type] 
Type GeneralComputingWord is not enhanced.

[2013-02-12 00:35:50 #4 type] 
Type WordHits is not enhanced.

[2013-02-12 00:35:50 #5 type] 
Type QualityFactor is not enhanced.

[2013-02-12 00:35:50 #6 type] 
Type WebServicesCluster is not enhanced.

[2013-02-12 00:35:50 #7 type] 
Type DecompressedMatrix is not enhanced.

[2013-02-12 00:35:50 #8 type] 
Type DocumentWordVector is not enhanced.

------------------------------------------------------------------------------------------------------------------------

[2013-02-12 00:41:32 #1 store] 
Database 'D:\Dropbox\Thesis\GitHub\Web-Services-Indexing-In-P2P\database\objectdb\web_services_clusterer.odb' is opened by 6964@Billakos-PC

[2013-02-12 00:41:32 #2 type] 
Type FunctionWord is not enhanced.

[2013-02-12 00:41:32 #3 type] 
Type GeneralComputingWord is not enhanced.

[2013-02-12 00:41:32 #4 type] 
Type WordHits is not enhanced.

[2013-02-12 00:41:32 #5 type] 
Type QualityFactor is not enhanced.

[2013-02-12 00:41:32 #6 type] 
Type WebServicesCluster is not enhanced.

[2013-02-12 00:41:32 #7 type] 
Type DecompressedMatrix is not enhanced.

[2013-02-12 00:41:32 #8 type] 
Type DocumentWordVector is not enhanced.

------------------------------------------------------------------------------------------------------------------------

[2013-02-12 21:54:01 #1 store] 
Database 'D:\Dropbox\Thesis\GitHub\Web-Services-Indexing-In-P2P\database\objectdb\web_services_clusterer.odb' is opened by 5076@Billakos-PC

[2013-02-12 21:54:01 #2 type] 
Type FunctionWord is not enhanced.

[2013-02-12 21:54:01 #3 type] 
Type GeneralComputingWord is not enhanced.

[2013-02-12 21:54:01 #4 type] 
Type WordHits is not enhanced.

[2013-02-12 21:54:01 #5 type] 
Type QualityFactor is not enhanced.

[2013-02-12 21:54:01 #6 type] 
Type WebServicesCluster is not enhanced.

[2013-02-12 21:54:01 #7 type] 
Type DecompressedMatrix is not enhanced.

[2013-02-12 21:54:01 #8 type] 
Type DocumentWordVector is not enhanced.

------------------------------------------------------------------------------------------------------------------------

[2013-02-12 21:55:47 #1 store] 
Database 'D:\Dropbox\Thesis\GitHub\Web-Services-Indexing-In-P2P\database\objectdb\web_services_clusterer.odb' is opened by 7108@Billakos-PC

[2013-02-12 21:55:47 #2 type] 
Type FunctionWord is not enhanced.

[2013-02-12 21:55:47 #3 type] 
Type GeneralComputingWord is not enhanced.

[2013-02-12 21:55:47 #4 type] 
Type WordHits is not enhanced.

[2013-02-12 21:55:47 #5 type] 
Type QualityFactor is not enhanced.

[2013-02-12 21:55:47 #6 type] 
Type WebServicesCluster is not enhanced.

[2013-02-12 21:55:47 #7 type] 
Type DecompressedMatrix is not enhanced.

[2013-02-12 21:55:47 #8 type] 
Type DocumentWordVector is not enhanced.

------------------------------------------------------------------------------------------------------------------------

[2013-02-12 22:04:37 #1 store] 
Database 'D:\Dropbox\Thesis\GitHub\Web-Services-Indexing-In-P2P\database\objectdb\web_services_clusterer.odb' is opened by 5028@Billakos-PC

[2013-02-12 22:04:37 #2 type] 
Type FunctionWord is not enhanced.

[2013-02-12 22:04:37 #3 type] 
Type GeneralComputingWord is not enhanced.

[2013-02-12 22:04:37 #4 type] 
Type WordHits is not enhanced.

[2013-02-12 22:04:37 #5 type] 
Type QualityFactor is not enhanced.

[2013-02-12 22:04:37 #6 type] 
Type WebServicesCluster is not enhanced.

[2013-02-12 22:04:37 #7 type] 
Type DecompressedMatrix is not enhanced.

[2013-02-12 22:04:37 #8 type] 
Type DocumentWordVector is not enhanced.

------------------------------------------------------------------------------------------------------------------------

[2013-02-12 22:08:15 #1 store] 
Database 'D:\Dropbox\Thesis\GitHub\Web-Services-Indexing-In-P2P\database\objectdb\web_services_clusterer.odb' is opened by 5308@Billakos-PC

[2013-02-12 22:08:15 #2 type] 
Type FunctionWord is not enhanced.

[2013-02-12 22:08:15 #3 type] 
Type GeneralComputingWord is not enhanced.

[2013-02-12 22:08:15 #4 type] 
Type WordHits is not enhanced.

[2013-02-12 22:08:15 #5 type] 
Type QualityFactor is not enhanced.

[2013-02-12 22:08:15 #6 type] 
Type WebServicesCluster is not enhanced.

[2013-02-12 22:08:15 #7 type] 
Type DecompressedMatrix is not enhanced.

[2013-02-12 22:08:15 #8 type] 
Type DocumentWordVector is not enhanced.

