------------------------------------------------------------------------------------------------------------------------

[2013-03-06 23:07:16 #1 store] 
Database 'D:\Dropbox\Thesis\GitHub\Web-Services-Indexing-In-P2P\database\objectdb\web_services_clusterer.odb' is opened by 2628@Billakos-PC

[2013-03-06 23:08:11 #2 store] 
Database 'D:\Dropbox\Thesis\GitHub\Web-Services-Indexing-In-P2P\database\objectdb\web_services_clusterer.odb' is closed by 2628@Billakos-PC

------------------------------------------------------------------------------------------------------------------------

[2013-03-06 23:08:16 #1 store] 
Database 'D:\Dropbox\Thesis\GitHub\Web-Services-Indexing-In-P2P\database\objectdb\web_services_clusterer.odb' is opened by 6356@Billakos-PC

[2013-03-06 23:08:16 #2 type] 
Type FunctionWord is not enhanced.

[2013-03-06 23:08:16 #3 type] 
Type GeneralComputingWord is not enhanced.

[2013-03-06 23:08:16 #4 type] 
Type WordHits is not enhanced.

[2013-03-06 23:08:16 #5 type] 
Type QualityFactor is not enhanced.

[2013-03-06 23:08:16 #6 type] 
Type WebServicesCluster is not enhanced.

[2013-03-06 23:08:16 #7 type] 
Type WSDLDocument is not enhanced.

[2013-03-06 23:08:16 #8 type] 
Type DecompressedMatrix is not enhanced.

[2013-03-06 23:08:16 #9 type] 
Type DocumentWordVector is not enhanced.

[2013-03-06 23:08:16 #10 type] 
Type WSDLCategory is not enhanced.

[2013-03-06 23:08:16 #11 type] 
Type WebServicesClusters is not enhanced.

[2013-03-06 23:08:17 #12 store] 
Database 'D:\Dropbox\Thesis\GitHub\Web-Services-Indexing-In-P2P\database\objectdb\web_services_clusterer.odb' is closed by 6356@Billakos-PC

[2013-03-06 23:08:21 #3 store] 
Database 'D:\Dropbox\Thesis\GitHub\Web-Services-Indexing-In-P2P\database\objectdb\web_services_clusterer.odb' is opened by 2628@Billakos-PC

[2013-03-06 23:10:07 #4 store] 
Database 'D:\Dropbox\Thesis\GitHub\Web-Services-Indexing-In-P2P\database\objectdb\web_services_clusterer.odb' is closed by 2628@Billakos-PC

[2013-03-06 23:13:28 #5 store] 
Database 'D:\Dropbox\Thesis\GitHub\Web-Services-Indexing-In-P2P\database\objectdb\web_services_clusterer.odb' is opened by 2628@Billakos-PC

[2013-03-06 23:13:52 #6 store] 
Database 'D:\Dropbox\Thesis\GitHub\Web-Services-Indexing-In-P2P\database\objectdb\web_services_clusterer.odb' is closed by 2628@Billakos-PC

[2013-03-06 23:22:07 #7 store] 
Database 'D:\Dropbox\Thesis\GitHub\Web-Services-Indexing-In-P2P\database\objectdb\web_services_clusterer.odb' is opened by 2628@Billakos-PC

[2013-03-06 23:30:23 #8 store] 
Database 'D:\Dropbox\Thesis\GitHub\Web-Services-Indexing-In-P2P\database\objectdb\web_services_clusterer.odb' is closed by 2628@Billakos-PC

------------------------------------------------------------------------------------------------------------------------

[2013-03-06 23:30:25 #1 store] 
Database 'D:\Dropbox\Thesis\GitHub\Web-Services-Indexing-In-P2P\database\objectdb\web_services_clusterer.odb' is opened by 6504@Billakos-PC

[2013-03-06 23:30:25 #2 type] 
Type FunctionWord is not enhanced.

[2013-03-06 23:30:25 #3 type] 
Type GeneralComputingWord is not enhanced.

[2013-03-06 23:30:25 #4 type] 
Type WordHits is not enhanced.

[2013-03-06 23:30:25 #5 type] 
Type QualityFactor is not enhanced.

[2013-03-06 23:30:25 #6 type] 
Type WebServicesCluster is not enhanced.

[2013-03-06 23:30:25 #7 type] 
Type WSDLDocument is not enhanced.

[2013-03-06 23:30:25 #8 type] 
Type DecompressedMatrix is not enhanced.

[2013-03-06 23:30:25 #9 type] 
Type DocumentWordVector is not enhanced.

[2013-03-06 23:30:25 #10 type] 
Type WSDLCategory is not enhanced.

[2013-03-06 23:30:25 #11 type] 
Type WebServicesClusters is not enhanced.

[2013-03-06 23:30:26 #12 store] 
Database 'D:\Dropbox\Thesis\GitHub\Web-Services-Indexing-In-P2P\database\objectdb\web_services_clusterer.odb' is closed by 6504@Billakos-PC

[2013-03-06 23:30:29 #9 store] 
Database 'D:\Dropbox\Thesis\GitHub\Web-Services-Indexing-In-P2P\database\objectdb\web_services_clusterer.odb' is opened by 2628@Billakos-PC

[2013-03-07 00:35:39 #10 store] 
Database 'D:\Dropbox\Thesis\GitHub\Web-Services-Indexing-In-P2P\database\objectdb\web_services_clusterer.odb' is closed by 2628@Billakos-PC

