------------------------------------------------------------------------------------------------------------------------

[2013-02-28 00:21:52 #1 store] 
Database 'D:\Dropbox\Thesis\GitHub\Web-Services-Indexing-In-P2P\database\objectdb\web_services_clusterer.odb' is opened by 2336@Billakos-PC

[2013-02-28 00:22:58 #2 store] 
Database 'D:\Dropbox\Thesis\GitHub\Web-Services-Indexing-In-P2P\database\objectdb\web_services_clusterer.odb' is closed by 2336@Billakos-PC

------------------------------------------------------------------------------------------------------------------------

[2013-02-28 00:44:54 #1 store] 
Database 'D:\Dropbox\Thesis\GitHub\Web-Services-Indexing-In-P2P\database\objectdb\web_services_clusterer.odb' is opened by 6908@Billakos-PC

[2013-02-28 00:44:54 #2 type] 
Type FunctionWord is not enhanced.

[2013-02-28 00:44:54 #3 type] 
Type GeneralComputingWord is not enhanced.

[2013-02-28 00:44:54 #4 type] 
Type WordHits is not enhanced.

[2013-02-28 00:44:54 #5 type] 
Type QualityFactor is not enhanced.

[2013-02-28 00:44:54 #6 type] 
Type WebServicesCluster is not enhanced.

[2013-02-28 00:44:54 #7 type] 
Type WSDLDocument is not enhanced.

[2013-02-28 00:44:54 #8 type] 
Type DecompressedMatrix is not enhanced.

[2013-02-28 00:44:54 #9 type] 
Type DocumentWordVector is not enhanced.

[2013-02-28 00:44:54 #10 type] 
Type WSDLCategory is not enhanced.

[2013-02-28 00:44:54 #11 type] 
Type WebServicesClusters is not enhanced.

------------------------------------------------------------------------------------------------------------------------

[2013-02-28 00:46:05 #1 store] 
Database 'D:\Dropbox\Thesis\GitHub\Web-Services-Indexing-In-P2P\database\objectdb\web_services_clusterer.odb' is opened by 6720@Billakos-PC

[2013-02-28 00:46:06 #2 type] 
Type FunctionWord is not enhanced.

[2013-02-28 00:46:06 #3 type] 
Type GeneralComputingWord is not enhanced.

[2013-02-28 00:46:06 #4 type] 
Type WordHits is not enhanced.

[2013-02-28 00:46:06 #5 type] 
Type QualityFactor is not enhanced.

[2013-02-28 00:46:06 #6 type] 
Type WebServicesCluster is not enhanced.

[2013-02-28 00:46:06 #7 type] 
Type WSDLDocument is not enhanced.

[2013-02-28 00:46:06 #8 type] 
Type DecompressedMatrix is not enhanced.

[2013-02-28 00:46:06 #9 type] 
Type DocumentWordVector is not enhanced.

[2013-02-28 00:46:06 #10 type] 
Type WSDLCategory is not enhanced.

[2013-02-28 00:46:06 #11 type] 
Type WebServicesClusters is not enhanced.

------------------------------------------------------------------------------------------------------------------------

[2013-02-28 01:03:17 #1 store] 
Database 'D:\Dropbox\Thesis\GitHub\Web-Services-Indexing-In-P2P\database\objectdb\web_services_clusterer.odb' is opened by 5628@Billakos-PC

[2013-02-28 01:03:17 #2 type] 
Type FunctionWord is not enhanced.

[2013-02-28 01:03:17 #3 type] 
Type GeneralComputingWord is not enhanced.

[2013-02-28 01:03:17 #4 type] 
Type WordHits is not enhanced.

[2013-02-28 01:03:17 #5 type] 
Type QualityFactor is not enhanced.

[2013-02-28 01:03:17 #6 type] 
Type WebServicesCluster is not enhanced.

[2013-02-28 01:03:17 #7 type] 
Type WSDLDocument is not enhanced.

[2013-02-28 01:03:17 #8 type] 
Type DecompressedMatrix is not enhanced.

[2013-02-28 01:03:17 #9 type] 
Type DocumentWordVector is not enhanced.

[2013-02-28 01:03:17 #10 type] 
Type WSDLCategory is not enhanced.

[2013-02-28 01:03:17 #11 type] 
Type WebServicesClusters is not enhanced.

------------------------------------------------------------------------------------------------------------------------

[2013-02-28 01:04:21 #1 store] 
Database 'D:\Dropbox\Thesis\GitHub\Web-Services-Indexing-In-P2P\database\objectdb\web_services_clusterer.odb' has been recovered (tr. 99338-99340)

[2013-02-28 01:04:21 #2 store] 
Database 'D:\Dropbox\Thesis\GitHub\Web-Services-Indexing-In-P2P\database\objectdb\web_services_clusterer.odb' is opened by 6580@Billakos-PC

[2013-02-28 01:04:21 #3 type] 
Type FunctionWord is not enhanced.

[2013-02-28 01:04:21 #4 type] 
Type GeneralComputingWord is not enhanced.

[2013-02-28 01:04:21 #5 type] 
Type WordHits is not enhanced.

[2013-02-28 01:04:21 #6 type] 
Type QualityFactor is not enhanced.

[2013-02-28 01:04:21 #7 type] 
Type WebServicesCluster is not enhanced.

[2013-02-28 01:04:21 #8 type] 
Type WSDLDocument is not enhanced.

[2013-02-28 01:04:21 #9 type] 
Type DecompressedMatrix is not enhanced.

[2013-02-28 01:04:21 #10 type] 
Type DocumentWordVector is not enhanced.

[2013-02-28 01:04:21 #11 type] 
Type WSDLCategory is not enhanced.

[2013-02-28 01:04:21 #12 type] 
Type WebServicesClusters is not enhanced.

------------------------------------------------------------------------------------------------------------------------

[2013-02-28 01:04:48 #1 store] 
Database 'D:\Dropbox\Thesis\GitHub\Web-Services-Indexing-In-P2P\database\objectdb\web_services_clusterer.odb' is opened by 4212@Billakos-PC

[2013-02-28 01:04:48 #2 type] 
Type FunctionWord is not enhanced.

[2013-02-28 01:04:48 #3 type] 
Type GeneralComputingWord is not enhanced.

[2013-02-28 01:04:48 #4 type] 
Type WordHits is not enhanced.

[2013-02-28 01:04:48 #5 type] 
Type QualityFactor is not enhanced.

[2013-02-28 01:04:48 #6 type] 
Type WebServicesCluster is not enhanced.

[2013-02-28 01:04:48 #7 type] 
Type WSDLDocument is not enhanced.

[2013-02-28 01:04:48 #8 type] 
Type DecompressedMatrix is not enhanced.

[2013-02-28 01:04:48 #9 type] 
Type DocumentWordVector is not enhanced.

[2013-02-28 01:04:48 #10 type] 
Type WSDLCategory is not enhanced.

[2013-02-28 01:04:48 #11 type] 
Type WebServicesClusters is not enhanced.

------------------------------------------------------------------------------------------------------------------------

[2013-02-28 01:05:59 #1 store] 
Database 'D:\Dropbox\Thesis\GitHub\Web-Services-Indexing-In-P2P\database\objectdb\web_services_clusterer.odb' is opened by 4372@Billakos-PC

[2013-02-28 01:05:59 #2 type] 
Type FunctionWord is not enhanced.

[2013-02-28 01:05:59 #3 type] 
Type GeneralComputingWord is not enhanced.

[2013-02-28 01:05:59 #4 type] 
Type WordHits is not enhanced.

[2013-02-28 01:05:59 #5 type] 
Type QualityFactor is not enhanced.

[2013-02-28 01:05:59 #6 type] 
Type WebServicesCluster is not enhanced.

[2013-02-28 01:05:59 #7 type] 
Type WSDLDocument is not enhanced.

[2013-02-28 01:05:59 #8 type] 
Type DecompressedMatrix is not enhanced.

[2013-02-28 01:05:59 #9 type] 
Type DocumentWordVector is not enhanced.

[2013-02-28 01:05:59 #10 type] 
Type WSDLCategory is not enhanced.

[2013-02-28 01:05:59 #11 type] 
Type WebServicesClusters is not enhanced.

------------------------------------------------------------------------------------------------------------------------

[2013-02-28 01:09:04 #1 store] 
Database 'D:\Dropbox\Thesis\GitHub\Web-Services-Indexing-In-P2P\database\objectdb\web_services_clusterer.odb' is opened by 5300@Billakos-PC

[2013-02-28 01:09:04 #2 type] 
Type FunctionWord is not enhanced.

[2013-02-28 01:09:04 #3 type] 
Type GeneralComputingWord is not enhanced.

[2013-02-28 01:09:04 #4 type] 
Type WordHits is not enhanced.

[2013-02-28 01:09:04 #5 type] 
Type QualityFactor is not enhanced.

[2013-02-28 01:09:04 #6 type] 
Type WebServicesCluster is not enhanced.

[2013-02-28 01:09:04 #7 type] 
Type WSDLDocument is not enhanced.

[2013-02-28 01:09:04 #8 type] 
Type DecompressedMatrix is not enhanced.

[2013-02-28 01:09:04 #9 type] 
Type DocumentWordVector is not enhanced.

[2013-02-28 01:09:04 #10 type] 
Type WSDLCategory is not enhanced.

[2013-02-28 01:09:04 #11 type] 
Type WebServicesClusters is not enhanced.

------------------------------------------------------------------------------------------------------------------------

[2013-02-28 01:10:09 #1 store] 
Database 'D:\Dropbox\Thesis\GitHub\Web-Services-Indexing-In-P2P\database\objectdb\web_services_clusterer.odb' is opened by 6608@Billakos-PC

[2013-02-28 01:10:09 #2 type] 
Type FunctionWord is not enhanced.

[2013-02-28 01:10:09 #3 type] 
Type GeneralComputingWord is not enhanced.

[2013-02-28 01:10:09 #4 type] 
Type WordHits is not enhanced.

[2013-02-28 01:10:09 #5 type] 
Type QualityFactor is not enhanced.

[2013-02-28 01:10:09 #6 type] 
Type WebServicesCluster is not enhanced.

[2013-02-28 01:10:09 #7 type] 
Type WSDLDocument is not enhanced.

[2013-02-28 01:10:09 #8 type] 
Type DecompressedMatrix is not enhanced.

[2013-02-28 01:10:09 #9 type] 
Type DocumentWordVector is not enhanced.

[2013-02-28 01:10:09 #10 type] 
Type WSDLCategory is not enhanced.

[2013-02-28 01:10:09 #11 type] 
Type WebServicesClusters is not enhanced.

------------------------------------------------------------------------------------------------------------------------

[2013-02-28 01:11:37 #1 store] 
Database 'D:\Dropbox\Thesis\GitHub\Web-Services-Indexing-In-P2P\database\objectdb\web_services_clusterer.odb' is opened by 5600@Billakos-PC

[2013-02-28 01:11:37 #2 type] 
Type FunctionWord is not enhanced.

[2013-02-28 01:11:37 #3 type] 
Type GeneralComputingWord is not enhanced.

[2013-02-28 01:11:37 #4 type] 
Type WordHits is not enhanced.

[2013-02-28 01:11:37 #5 type] 
Type QualityFactor is not enhanced.

[2013-02-28 01:11:37 #6 type] 
Type WebServicesCluster is not enhanced.

[2013-02-28 01:11:37 #7 type] 
Type WSDLDocument is not enhanced.

[2013-02-28 01:11:37 #8 type] 
Type DecompressedMatrix is not enhanced.

[2013-02-28 01:11:37 #9 type] 
Type DocumentWordVector is not enhanced.

[2013-02-28 01:11:37 #10 type] 
Type WSDLCategory is not enhanced.

[2013-02-28 01:11:37 #11 type] 
Type WebServicesClusters is not enhanced.

------------------------------------------------------------------------------------------------------------------------

[2013-02-28 01:12:15 #1 store] 
Database 'D:\Dropbox\Thesis\GitHub\Web-Services-Indexing-In-P2P\database\objectdb\web_services_clusterer.odb' is opened by 6508@Billakos-PC

[2013-02-28 01:12:15 #2 type] 
Type FunctionWord is not enhanced.

[2013-02-28 01:12:15 #3 type] 
Type GeneralComputingWord is not enhanced.

[2013-02-28 01:12:15 #4 type] 
Type WordHits is not enhanced.

[2013-02-28 01:12:15 #5 type] 
Type QualityFactor is not enhanced.

[2013-02-28 01:12:15 #6 type] 
Type WebServicesCluster is not enhanced.

[2013-02-28 01:12:15 #7 type] 
Type WSDLDocument is not enhanced.

[2013-02-28 01:12:15 #8 type] 
Type DecompressedMatrix is not enhanced.

[2013-02-28 01:12:15 #9 type] 
Type DocumentWordVector is not enhanced.

[2013-02-28 01:12:15 #10 type] 
Type WSDLCategory is not enhanced.

[2013-02-28 01:12:15 #11 type] 
Type WebServicesClusters is not enhanced.

------------------------------------------------------------------------------------------------------------------------

[2013-02-28 01:12:51 #1 store] 
Database 'D:\Dropbox\Thesis\GitHub\Web-Services-Indexing-In-P2P\database\objectdb\web_services_clusterer.odb' is opened by 6788@Billakos-PC

[2013-02-28 01:12:52 #2 type] 
Type FunctionWord is not enhanced.

[2013-02-28 01:12:52 #3 type] 
Type GeneralComputingWord is not enhanced.

[2013-02-28 01:12:52 #4 type] 
Type WordHits is not enhanced.

[2013-02-28 01:12:52 #5 type] 
Type QualityFactor is not enhanced.

[2013-02-28 01:12:52 #6 type] 
Type WebServicesCluster is not enhanced.

[2013-02-28 01:12:52 #7 type] 
Type WSDLDocument is not enhanced.

[2013-02-28 01:12:52 #8 type] 
Type DecompressedMatrix is not enhanced.

[2013-02-28 01:12:52 #9 type] 
Type DocumentWordVector is not enhanced.

[2013-02-28 01:12:52 #10 type] 
Type WSDLCategory is not enhanced.

[2013-02-28 01:12:52 #11 type] 
Type WebServicesClusters is not enhanced.

------------------------------------------------------------------------------------------------------------------------

[2013-02-28 01:14:02 #1 store] 
Database 'D:\Dropbox\Thesis\GitHub\Web-Services-Indexing-In-P2P\database\objectdb\web_services_clusterer.odb' is opened by 6456@Billakos-PC

[2013-02-28 01:15:25 #2 store] 
Database 'D:\Dropbox\Thesis\GitHub\Web-Services-Indexing-In-P2P\database\objectdb\web_services_clusterer.odb' is closed by 6456@Billakos-PC

------------------------------------------------------------------------------------------------------------------------

[2013-02-28 01:15:28 #1 store] 
Database 'D:\Dropbox\Thesis\GitHub\Web-Services-Indexing-In-P2P\database\objectdb\web_services_clusterer.odb' is opened by 4364@Billakos-PC

[2013-02-28 01:15:28 #2 type] 
Type FunctionWord is not enhanced.

[2013-02-28 01:15:28 #3 type] 
Type GeneralComputingWord is not enhanced.

[2013-02-28 01:15:28 #4 type] 
Type WordHits is not enhanced.

[2013-02-28 01:15:28 #5 type] 
Type QualityFactor is not enhanced.

[2013-02-28 01:15:28 #6 type] 
Type WebServicesCluster is not enhanced.

[2013-02-28 01:15:28 #7 type] 
Type WSDLDocument is not enhanced.

[2013-02-28 01:15:28 #8 type] 
Type DecompressedMatrix is not enhanced.

[2013-02-28 01:15:28 #9 type] 
Type DocumentWordVector is not enhanced.

[2013-02-28 01:15:28 #10 type] 
Type WSDLCategory is not enhanced.

[2013-02-28 01:15:28 #11 type] 
Type WebServicesClusters is not enhanced.

------------------------------------------------------------------------------------------------------------------------

[2013-02-28 01:19:56 #1 store] 
Database 'D:\Dropbox\Thesis\GitHub\Web-Services-Indexing-In-P2P\database\objectdb\web_services_clusterer.odb' is opened by 6720@Billakos-PC

[2013-02-28 01:19:56 #2 type] 
Type FunctionWord is not enhanced.

[2013-02-28 01:19:56 #3 type] 
Type GeneralComputingWord is not enhanced.

[2013-02-28 01:19:56 #4 type] 
Type WordHits is not enhanced.

[2013-02-28 01:19:56 #5 type] 
Type QualityFactor is not enhanced.

[2013-02-28 01:19:56 #6 type] 
Type WebServicesCluster is not enhanced.

[2013-02-28 01:19:56 #7 type] 
Type WSDLDocument is not enhanced.

[2013-02-28 01:19:56 #8 type] 
Type DecompressedMatrix is not enhanced.

[2013-02-28 01:19:56 #9 type] 
Type DocumentWordVector is not enhanced.

[2013-02-28 01:19:56 #10 type] 
Type WSDLCategory is not enhanced.

[2013-02-28 01:19:56 #11 type] 
Type WebServicesClusters is not enhanced.

[2013-02-28 01:22:26 #3 store] 
Database 'D:\Dropbox\Thesis\GitHub\Web-Services-Indexing-In-P2P\database\objectdb\web_services_clusterer.odb' is opened by 6456@Billakos-PC

[2013-02-28 01:26:01 #4 store] 
Database 'D:\Dropbox\Thesis\GitHub\Web-Services-Indexing-In-P2P\database\objectdb\web_services_clusterer.odb' is closed by 6456@Billakos-PC

------------------------------------------------------------------------------------------------------------------------

[2013-02-28 01:26:04 #1 store] 
Database 'D:\Dropbox\Thesis\GitHub\Web-Services-Indexing-In-P2P\database\objectdb\web_services_clusterer.odb' is opened by 6596@Billakos-PC

[2013-02-28 01:26:04 #2 type] 
Type FunctionWord is not enhanced.

[2013-02-28 01:26:04 #3 type] 
Type GeneralComputingWord is not enhanced.

[2013-02-28 01:26:04 #4 type] 
Type WordHits is not enhanced.

[2013-02-28 01:26:04 #5 type] 
Type QualityFactor is not enhanced.

[2013-02-28 01:26:04 #6 type] 
Type WebServicesCluster is not enhanced.

[2013-02-28 01:26:04 #7 type] 
Type WSDLDocument is not enhanced.

[2013-02-28 01:26:04 #8 type] 
Type DecompressedMatrix is not enhanced.

[2013-02-28 01:26:04 #9 type] 
Type DocumentWordVector is not enhanced.

[2013-02-28 01:26:04 #10 type] 
Type WSDLCategory is not enhanced.

[2013-02-28 01:26:04 #11 type] 
Type WebServicesClusters is not enhanced.

[2013-02-28 01:29:40 #12 store] 
Database 'D:\Dropbox\Thesis\GitHub\Web-Services-Indexing-In-P2P\database\objectdb\web_services_clusterer.odb' is closed by 6596@Billakos-PC

------------------------------------------------------------------------------------------------------------------------

[2013-02-28 01:30:07 #1 store] 
Database 'D:\Dropbox\Thesis\GitHub\Web-Services-Indexing-In-P2P\database\objectdb\web_services_clusterer.odb' is opened by 6616@Billakos-PC

[2013-02-28 01:30:43 #2 store] 
Database 'D:\Dropbox\Thesis\GitHub\Web-Services-Indexing-In-P2P\database\objectdb\web_services_clusterer.odb' is closed by 6616@Billakos-PC

------------------------------------------------------------------------------------------------------------------------

[2013-02-28 01:31:47 #1 store] 
Database 'D:\Dropbox\Thesis\GitHub\Web-Services-Indexing-In-P2P\database\objectdb\web_services_clusterer.odb' is opened by 2888@Billakos-PC

[2013-02-28 01:31:47 #2 type] 
Type FunctionWord is not enhanced.

[2013-02-28 01:31:47 #3 type] 
Type GeneralComputingWord is not enhanced.

[2013-02-28 01:31:47 #4 type] 
Type WordHits is not enhanced.

[2013-02-28 01:31:47 #5 type] 
Type QualityFactor is not enhanced.

[2013-02-28 01:31:47 #6 type] 
Type WebServicesCluster is not enhanced.

[2013-02-28 01:31:47 #7 type] 
Type WSDLDocument is not enhanced.

[2013-02-28 01:31:47 #8 type] 
Type DecompressedMatrix is not enhanced.

[2013-02-28 01:31:47 #9 type] 
Type DocumentWordVector is not enhanced.

[2013-02-28 01:31:47 #10 type] 
Type WSDLCategory is not enhanced.

[2013-02-28 01:31:47 #11 type] 
Type WebServicesClusters is not enhanced.

------------------------------------------------------------------------------------------------------------------------

[2013-02-28 01:37:45 #1 store] 
Database 'D:\Dropbox\Thesis\GitHub\Web-Services-Indexing-In-P2P\database\objectdb\web_services_clusterer.odb' has been recovered (tr. 99355-99365)

[2013-02-28 01:37:45 #2 store] 
Database 'D:\Dropbox\Thesis\GitHub\Web-Services-Indexing-In-P2P\database\objectdb\web_services_clusterer.odb' is opened by 6484@Billakos-PC

[2013-02-28 01:37:46 #3 type] 
Type FunctionWord is not enhanced.

[2013-02-28 01:37:46 #4 type] 
Type GeneralComputingWord is not enhanced.

[2013-02-28 01:37:46 #5 type] 
Type WordHits is not enhanced.

[2013-02-28 01:37:46 #6 type] 
Type QualityFactor is not enhanced.

[2013-02-28 01:37:46 #7 type] 
Type WebServicesCluster is not enhanced.

[2013-02-28 01:37:46 #8 type] 
Type WSDLDocument is not enhanced.

[2013-02-28 01:37:46 #9 type] 
Type DecompressedMatrix is not enhanced.

[2013-02-28 01:37:46 #10 type] 
Type DocumentWordVector is not enhanced.

[2013-02-28 01:37:46 #11 type] 
Type WSDLCategory is not enhanced.

[2013-02-28 01:37:46 #12 type] 
Type WebServicesClusters is not enhanced.

[2013-02-28 01:40:42 #13 store] 
Database 'D:\Dropbox\Thesis\GitHub\Web-Services-Indexing-In-P2P\database\objectdb\web_services_clusterer.odb' is closed by 6484@Billakos-PC

------------------------------------------------------------------------------------------------------------------------

[2013-02-28 01:40:50 #1 store] 
Database 'D:\Dropbox\Thesis\GitHub\Web-Services-Indexing-In-P2P\database\objectdb\web_services_clusterer.odb' is opened by 6744@Billakos-PC

[2013-02-28 01:41:46 #2 store] 
Database 'D:\Dropbox\Thesis\GitHub\Web-Services-Indexing-In-P2P\database\objectdb\web_services_clusterer.odb' is closed by 6744@Billakos-PC

------------------------------------------------------------------------------------------------------------------------

[2013-02-28 01:44:58 #1 store] 
Database 'D:\Dropbox\Thesis\GitHub\Web-Services-Indexing-In-P2P\database\objectdb\web_services_clusterer.odb' is opened by 6304@Billakos-PC

[2013-02-28 01:44:58 #2 type] 
Type FunctionWord is not enhanced.

[2013-02-28 01:44:58 #3 type] 
Type GeneralComputingWord is not enhanced.

[2013-02-28 01:44:58 #4 type] 
Type WordHits is not enhanced.

[2013-02-28 01:44:58 #5 type] 
Type QualityFactor is not enhanced.

[2013-02-28 01:44:58 #6 type] 
Type WebServicesCluster is not enhanced.

[2013-02-28 01:44:58 #7 type] 
Type WSDLDocument is not enhanced.

[2013-02-28 01:44:58 #8 type] 
Type DecompressedMatrix is not enhanced.

[2013-02-28 01:44:58 #9 type] 
Type DocumentWordVector is not enhanced.

[2013-02-28 01:44:58 #10 type] 
Type WSDLCategory is not enhanced.

[2013-02-28 01:44:58 #11 type] 
Type WebServicesClusters is not enhanced.

------------------------------------------------------------------------------------------------------------------------

[2013-02-28 01:46:47 #1 store] 
Database 'D:\Dropbox\Thesis\GitHub\Web-Services-Indexing-In-P2P\database\objectdb\web_services_clusterer.odb' has been recovered (tr. 99389-99396)

[2013-02-28 01:46:50 #2 store] 
Database 'D:\Dropbox\Thesis\GitHub\Web-Services-Indexing-In-P2P\database\objectdb\web_services_clusterer.odb' is opened by 3636@Billakos-PC

[2013-02-28 01:47:16 #3 store] 
Database 'D:\Dropbox\Thesis\GitHub\Web-Services-Indexing-In-P2P\database\objectdb\web_services_clusterer.odb' is closed by 3636@Billakos-PC

------------------------------------------------------------------------------------------------------------------------

[2013-02-28 01:47:23 #1 store] 
Database 'D:\Dropbox\Thesis\GitHub\Web-Services-Indexing-In-P2P\database\objectdb\web_services_clusterer.odb' is opened by 6284@Billakos-PC

[2013-02-28 01:47:23 #2 type] 
Type FunctionWord is not enhanced.

[2013-02-28 01:47:23 #3 type] 
Type GeneralComputingWord is not enhanced.

[2013-02-28 01:47:23 #4 type] 
Type WordHits is not enhanced.

[2013-02-28 01:47:23 #5 type] 
Type QualityFactor is not enhanced.

[2013-02-28 01:47:23 #6 type] 
Type WebServicesCluster is not enhanced.

[2013-02-28 01:47:23 #7 type] 
Type WSDLDocument is not enhanced.

[2013-02-28 01:47:23 #8 type] 
Type DecompressedMatrix is not enhanced.

[2013-02-28 01:47:23 #9 type] 
Type DocumentWordVector is not enhanced.

[2013-02-28 01:47:23 #10 type] 
Type WSDLCategory is not enhanced.

[2013-02-28 01:47:23 #11 type] 
Type WebServicesClusters is not enhanced.

[2013-02-28 02:29:34 #12 store] 
Database 'D:\Dropbox\Thesis\GitHub\Web-Services-Indexing-In-P2P\database\objectdb\web_services_clusterer.odb' is closed by 6284@Billakos-PC

------------------------------------------------------------------------------------------------------------------------

[2013-02-28 08:45:20 #1 store] 
Database 'D:\Dropbox\Thesis\GitHub\Web-Services-Indexing-In-P2P\database\objectdb\web_services_clusterer.odb' is opened by 4420@Billakos-PC

[2013-02-28 08:46:09 #2 store] 
Database 'D:\Dropbox\Thesis\GitHub\Web-Services-Indexing-In-P2P\database\objectdb\web_services_clusterer.odb' is closed by 4420@Billakos-PC

------------------------------------------------------------------------------------------------------------------------

[2013-02-28 22:35:55 #1 store] 
Database 'D:\Dropbox\Thesis\GitHub\Web-Services-Indexing-In-P2P\database\objectdb\web_services_clusterer.odb' is opened by 5908@Billakos-PC

[2013-02-28 22:42:21 #2 store] 
Database 'D:\Dropbox\Thesis\GitHub\Web-Services-Indexing-In-P2P\database\objectdb\web_services_clusterer.odb' is closed by 5908@Billakos-PC

------------------------------------------------------------------------------------------------------------------------

[2013-02-28 22:42:28 #1 store] 
Database 'D:\Dropbox\Thesis\GitHub\Web-Services-Indexing-In-P2P\database\objectdb\web_services_clusterer.odb' is opened by 7136@Billakos-PC

[2013-02-28 22:42:28 #2 type] 
Type FunctionWord is not enhanced.

[2013-02-28 22:42:28 #3 type] 
Type GeneralComputingWord is not enhanced.

[2013-02-28 22:42:28 #4 type] 
Type WordHits is not enhanced.

[2013-02-28 22:42:28 #5 type] 
Type QualityFactor is not enhanced.

[2013-02-28 22:42:28 #6 type] 
Type WebServicesCluster is not enhanced.

[2013-02-28 22:42:28 #7 type] 
Type WSDLDocument is not enhanced.

[2013-02-28 22:42:28 #8 type] 
Type DecompressedMatrix is not enhanced.

[2013-02-28 22:42:28 #9 type] 
Type DocumentWordVector is not enhanced.

[2013-02-28 22:42:28 #10 type] 
Type WSDLCategory is not enhanced.

[2013-02-28 22:42:28 #11 type] 
Type WebServicesClusters is not enhanced.

[2013-02-28 22:43:30 #12 store] 
Database 'D:\Dropbox\Thesis\GitHub\Web-Services-Indexing-In-P2P\database\objectdb\web_services_clusterer.odb' is closed by 7136@Billakos-PC

[2013-02-28 22:44:16 #3 store] 
Database 'D:\Dropbox\Thesis\GitHub\Web-Services-Indexing-In-P2P\database\objectdb\web_services_clusterer.odb' is opened by 5908@Billakos-PC

[2013-02-28 22:46:23 #4 store] 
Database 'D:\Dropbox\Thesis\GitHub\Web-Services-Indexing-In-P2P\database\objectdb\web_services_clusterer.odb' is closed by 5908@Billakos-PC

[2013-02-28 22:46:56 #5 store] 
Database 'D:\Dropbox\Thesis\GitHub\Web-Services-Indexing-In-P2P\database\objectdb\web_services_clusterer.odb' is opened by 5908@Billakos-PC

[2013-02-28 22:48:23 #6 store] 
Database 'D:\Dropbox\Thesis\GitHub\Web-Services-Indexing-In-P2P\database\objectdb\web_services_clusterer.odb' is closed by 5908@Billakos-PC

------------------------------------------------------------------------------------------------------------------------

[2013-02-28 22:48:27 #1 store] 
Database 'D:\Dropbox\Thesis\GitHub\Web-Services-Indexing-In-P2P\database\objectdb\web_services_clusterer.odb' is opened by 6764@Billakos-PC

[2013-02-28 22:48:27 #2 type] 
Type FunctionWord is not enhanced.

[2013-02-28 22:48:27 #3 type] 
Type GeneralComputingWord is not enhanced.

[2013-02-28 22:48:27 #4 type] 
Type WordHits is not enhanced.

[2013-02-28 22:48:27 #5 type] 
Type QualityFactor is not enhanced.

[2013-02-28 22:48:27 #6 type] 
Type WebServicesCluster is not enhanced.

[2013-02-28 22:48:27 #7 type] 
Type WSDLDocument is not enhanced.

[2013-02-28 22:48:27 #8 type] 
Type DecompressedMatrix is not enhanced.

[2013-02-28 22:48:27 #9 type] 
Type DocumentWordVector is not enhanced.

[2013-02-28 22:48:27 #10 type] 
Type WSDLCategory is not enhanced.

[2013-02-28 22:48:27 #11 type] 
Type WebServicesClusters is not enhanced.

[2013-02-28 22:49:26 #12 store] 
Database 'D:\Dropbox\Thesis\GitHub\Web-Services-Indexing-In-P2P\database\objectdb\web_services_clusterer.odb' is closed by 6764@Billakos-PC

[2013-02-28 22:49:35 #7 store] 
Database 'D:\Dropbox\Thesis\GitHub\Web-Services-Indexing-In-P2P\database\objectdb\web_services_clusterer.odb' is opened by 5908@Billakos-PC

[2013-02-28 23:01:42 #8 store] 
Database 'D:\Dropbox\Thesis\GitHub\Web-Services-Indexing-In-P2P\database\objectdb\web_services_clusterer.odb' is closed by 5908@Billakos-PC

------------------------------------------------------------------------------------------------------------------------

[2013-02-28 23:01:47 #1 store] 
Database 'D:\Dropbox\Thesis\GitHub\Web-Services-Indexing-In-P2P\database\objectdb\web_services_clusterer.odb' is opened by 3260@Billakos-PC

[2013-02-28 23:01:47 #2 type] 
Type FunctionWord is not enhanced.

[2013-02-28 23:01:47 #3 type] 
Type GeneralComputingWord is not enhanced.

[2013-02-28 23:01:47 #4 type] 
Type WordHits is not enhanced.

[2013-02-28 23:01:47 #5 type] 
Type QualityFactor is not enhanced.

[2013-02-28 23:01:47 #6 type] 
Type WebServicesCluster is not enhanced.

[2013-02-28 23:01:47 #7 type] 
Type WSDLDocument is not enhanced.

[2013-02-28 23:01:47 #8 type] 
Type DecompressedMatrix is not enhanced.

[2013-02-28 23:01:47 #9 type] 
Type DocumentWordVector is not enhanced.

[2013-02-28 23:01:47 #10 type] 
Type WSDLCategory is not enhanced.

[2013-02-28 23:01:47 #11 type] 
Type WebServicesClusters is not enhanced.

[2013-02-28 23:05:27 #12 store] 
Database 'D:\Dropbox\Thesis\GitHub\Web-Services-Indexing-In-P2P\database\objectdb\web_services_clusterer.odb' is closed by 3260@Billakos-PC

[2013-02-28 23:05:36 #9 store] 
Database 'D:\Dropbox\Thesis\GitHub\Web-Services-Indexing-In-P2P\database\objectdb\web_services_clusterer.odb' is opened by 5908@Billakos-PC

[2013-03-01 00:00:04 #10 store] 
Database 'D:\Dropbox\Thesis\GitHub\Web-Services-Indexing-In-P2P\database\objectdb\web_services_clusterer.odb' is closed by 5908@Billakos-PC

[2013-03-01 00:03:48 #11 store] 
Database 'D:\Dropbox\Thesis\GitHub\Web-Services-Indexing-In-P2P\database\objectdb\web_services_clusterer.odb' is opened by 5908@Billakos-PC

[2013-03-01 00:10:53 #12 store] 
Database 'D:\Dropbox\Thesis\GitHub\Web-Services-Indexing-In-P2P\database\objectdb\web_services_clusterer.odb' is closed by 5908@Billakos-PC

[2013-03-01 00:14:04 #13 store] 
Database 'D:\Dropbox\Thesis\GitHub\Web-Services-Indexing-In-P2P\database\objectdb\web_services_clusterer.odb' is opened by 5908@Billakos-PC

[2013-03-01 00:50:45 #14 store] 
Database 'D:\Dropbox\Thesis\GitHub\Web-Services-Indexing-In-P2P\database\objectdb\web_services_clusterer.odb' is closed by 5908@Billakos-PC

