------------------------------------------------------------------------------------------------------------------------

[2013-02-27 00:01:58 #1 store] 
Database 'D:\Dropbox\Thesis\GitHub\Web-Services-Indexing-In-P2P\database\objectdb\web_services_clusterer.odb' is opened by 4404@Billakos-PC

[2013-02-27 00:05:29 #2 store] 
Database 'D:\Dropbox\Thesis\GitHub\Web-Services-Indexing-In-P2P\database\objectdb\web_services_clusterer.odb' is closed by 4404@Billakos-PC

------------------------------------------------------------------------------------------------------------------------

[2013-02-27 00:07:25 #1 store] 
Database 'D:\Dropbox\Thesis\GitHub\Web-Services-Indexing-In-P2P\database\objectdb\web_services_clusterer.odb' is opened by 6224@Billakos-PC

[2013-02-27 00:07:25 #2 type] 
Type FunctionWord is not enhanced.

[2013-02-27 00:07:25 #3 type] 
Type GeneralComputingWord is not enhanced.

[2013-02-27 00:07:25 #4 type] 
Type WordHits is not enhanced.

[2013-02-27 00:07:25 #5 type] 
Type QualityFactor is not enhanced.

[2013-02-27 00:07:25 #6 type] 
Type WebServicesCluster is not enhanced.

[2013-02-27 00:07:25 #7 type] 
Type WSDLDocument is not enhanced.

[2013-02-27 00:07:25 #8 type] 
Type DecompressedMatrix is not enhanced.

[2013-02-27 00:07:25 #9 type] 
Type DocumentWordVector is not enhanced.

[2013-02-27 00:07:25 #10 type] 
Type WSDLCategory is not enhanced.

[2013-02-27 00:07:25 #11 type] 
Type WebServicesClusters is not enhanced.

------------------------------------------------------------------------------------------------------------------------

[2013-02-27 00:11:01 #1 store] 
Database 'D:\Dropbox\Thesis\GitHub\Web-Services-Indexing-In-P2P\database\objectdb\web_services_clusterer.odb' is opened by 6856@Billakos-PC

[2013-02-27 00:11:01 #2 type] 
Type FunctionWord is not enhanced.

[2013-02-27 00:11:01 #3 type] 
Type GeneralComputingWord is not enhanced.

[2013-02-27 00:11:01 #4 type] 
Type WordHits is not enhanced.

[2013-02-27 00:11:01 #5 type] 
Type QualityFactor is not enhanced.

[2013-02-27 00:11:01 #6 type] 
Type WebServicesCluster is not enhanced.

[2013-02-27 00:11:01 #7 type] 
Type WSDLDocument is not enhanced.

[2013-02-27 00:11:01 #8 type] 
Type DecompressedMatrix is not enhanced.

[2013-02-27 00:11:01 #9 type] 
Type DocumentWordVector is not enhanced.

[2013-02-27 00:11:01 #10 type] 
Type WSDLCategory is not enhanced.

[2013-02-27 00:11:01 #11 type] 
Type WebServicesClusters is not enhanced.

------------------------------------------------------------------------------------------------------------------------

[2013-02-27 00:20:31 #1 store] 
Database 'D:\Dropbox\Thesis\GitHub\Web-Services-Indexing-In-P2P\database\objectdb\web_services_clusterer.odb' is opened by 6204@Billakos-PC

[2013-02-27 00:20:31 #2 type] 
Type FunctionWord is not enhanced.

[2013-02-27 00:20:32 #3 type] 
Type GeneralComputingWord is not enhanced.

[2013-02-27 00:20:32 #4 type] 
Type WordHits is not enhanced.

[2013-02-27 00:20:32 #5 type] 
Type QualityFactor is not enhanced.

[2013-02-27 00:20:32 #6 type] 
Type WebServicesCluster is not enhanced.

[2013-02-27 00:20:32 #7 type] 
Type WSDLDocument is not enhanced.

[2013-02-27 00:20:32 #8 type] 
Type DecompressedMatrix is not enhanced.

[2013-02-27 00:20:32 #9 type] 
Type DocumentWordVector is not enhanced.

[2013-02-27 00:20:32 #10 type] 
Type WSDLCategory is not enhanced.

[2013-02-27 00:20:32 #11 type] 
Type WebServicesClusters is not enhanced.

------------------------------------------------------------------------------------------------------------------------

[2013-02-27 00:20:48 #1 explorer] 
[ObjectDB 2.4.6_01] javax.persistence.PersistenceException
Attempt to open a database file 'D:\Dropbox\Thesis\GitHub\Web-Services-Indexing-In-P2P\database\objectdb\web_services_clusterer.odb' that is currently in use by another process (error 141)
	at com.objectdb.Explorer$1.run(Explorer.java:56)
	at java.awt.event.InvocationEvent.dispatch(Unknown Source)
	at java.awt.EventQueue.dispatchEventImpl(Unknown Source)
	at java.awt.EventQueue.access$200(Unknown Source)
	at java.awt.EventQueue$3.run(Unknown Source)
	at java.awt.EventQueue$3.run(Unknown Source)
	at java.security.AccessController.doPrivileged(Native Method)
	at java.security.ProtectionDomain$1.doIntersectionPrivilege(Unknown Source)
	at java.awt.EventQueue.dispatchEvent(Unknown Source)
	at java.awt.EventDispatchThread.pumpOneEventForFilters(Unknown Source)
	at java.awt.EventDispatchThread.pumpEventsForFilter(Unknown Source)
	at java.awt.EventDispatchThread.pumpEventsForHierarchy(Unknown Source)
	at java.awt.EventDispatchThread.pumpEvents(Unknown Source)
	at java.awt.EventDispatchThread.pumpEvents(Unknown Source)
	at java.awt.EventDispatchThread.run(Unknown Source)
Caused by: com.objectdb.o.UserException: Attempt to open a database file 'D:\Dropbox\Thesis\GitHub\Web-Services-Indexing-In-P2P\database\objectdb\web_services_clusterer.odb' that is currently in use by another process
	at com.objectdb.o.MSG.d(MSG.java:61)
	at com.objectdb.o.LFL.O(LFL.java:913)
	at com.objectdb.o.LFL.I(LFL.java:859)
	at com.objectdb.o.LFL.I(LFL.java:769)
	at com.objectdb.o.SFL.<init>(SFL.java:226)
	at com.objectdb.o.MST.<init>(MST.java:109)
	at com.objectdb.o.MST.aI(MST.java:94)
	at com.objectdb.o.MSF.UK(MSF.java:178)
	at com.objectdb.o.OMF.am(OMF.java:758)
	at com.objectdb.jpa.EMF.am(EMF.java:232)
	at com.objectdb.o.OMF.al(OMF.java:699)
	at com.objectdb.jpa.EMF.createEntityManager(EMF.java:250)
	... 17 more

[2013-02-27 00:20:54 #2 store] 
Database 'D:\Dropbox\Thesis\GitHub\Web-Services-Indexing-In-P2P\database\objectdb\web_services_clusterer.odb' has been recovered (tr. 92757-92757)

[2013-02-27 00:20:54 #3 store] 
Database 'D:\Dropbox\Thesis\GitHub\Web-Services-Indexing-In-P2P\database\objectdb\web_services_clusterer.odb' is opened by 3440@Billakos-PC

------------------------------------------------------------------------------------------------------------------------

[2013-02-27 00:31:38 #1 store] 
Database 'D:\Dropbox\Thesis\GitHub\Web-Services-Indexing-In-P2P\database\objectdb\web_services_clusterer.odb' is opened by 7020@Billakos-PC

[2013-02-27 00:31:38 #2 type] 
Type FunctionWord is not enhanced.

[2013-02-27 00:31:38 #3 type] 
Type GeneralComputingWord is not enhanced.

[2013-02-27 00:31:38 #4 type] 
Type WordHits is not enhanced.

[2013-02-27 00:31:38 #5 type] 
Type QualityFactor is not enhanced.

[2013-02-27 00:31:38 #6 type] 
Type WebServicesCluster is not enhanced.

[2013-02-27 00:31:38 #7 type] 
Type WSDLDocument is not enhanced.

[2013-02-27 00:31:38 #8 type] 
Type DecompressedMatrix is not enhanced.

[2013-02-27 00:31:38 #9 type] 
Type DocumentWordVector is not enhanced.

[2013-02-27 00:31:38 #10 type] 
Type WSDLCategory is not enhanced.

[2013-02-27 00:31:38 #11 type] 
Type WebServicesClusters is not enhanced.

------------------------------------------------------------------------------------------------------------------------

[2013-02-27 00:31:52 #1 store] 
Database 'D:\Dropbox\Thesis\GitHub\Web-Services-Indexing-In-P2P\database\objectdb\web_services_clusterer.odb' has been recovered (tr. 92758-92759)

[2013-02-27 00:31:52 #2 store] 
Database 'D:\Dropbox\Thesis\GitHub\Web-Services-Indexing-In-P2P\database\objectdb\web_services_clusterer.odb' is opened by 3400@Billakos-PC

[2013-02-27 00:32:30 #3 store] 
Database 'D:\Dropbox\Thesis\GitHub\Web-Services-Indexing-In-P2P\database\objectdb\web_services_clusterer.odb' is closed by 3400@Billakos-PC

------------------------------------------------------------------------------------------------------------------------

[2013-02-27 00:33:09 #1 store] 
Database 'D:\Dropbox\Thesis\GitHub\Web-Services-Indexing-In-P2P\database\objectdb\web_services_clusterer.odb' is opened by 4768@Billakos-PC

[2013-02-27 00:36:15 #2 store] 
Database 'D:\Dropbox\Thesis\GitHub\Web-Services-Indexing-In-P2P\database\objectdb\web_services_clusterer.odb' is closed by 4768@Billakos-PC

------------------------------------------------------------------------------------------------------------------------

[2013-02-27 00:36:19 #1 store] 
Database 'D:\Dropbox\Thesis\GitHub\Web-Services-Indexing-In-P2P\database\objectdb\web_services_clusterer.odb' is opened by 5328@Billakos-PC

[2013-02-27 00:36:19 #2 type] 
Type FunctionWord is not enhanced.

[2013-02-27 00:36:19 #3 type] 
Type GeneralComputingWord is not enhanced.

[2013-02-27 00:36:19 #4 type] 
Type WordHits is not enhanced.

[2013-02-27 00:36:19 #5 type] 
Type QualityFactor is not enhanced.

[2013-02-27 00:36:19 #6 type] 
Type WebServicesCluster is not enhanced.

[2013-02-27 00:36:19 #7 type] 
Type WSDLDocument is not enhanced.

[2013-02-27 00:36:19 #8 type] 
Type DecompressedMatrix is not enhanced.

[2013-02-27 00:36:19 #9 type] 
Type DocumentWordVector is not enhanced.

[2013-02-27 00:36:19 #10 type] 
Type WSDLCategory is not enhanced.

[2013-02-27 00:36:19 #11 type] 
Type WebServicesClusters is not enhanced.

------------------------------------------------------------------------------------------------------------------------

[2013-02-27 00:36:33 #1 store] 
Database 'D:\Dropbox\Thesis\GitHub\Web-Services-Indexing-In-P2P\database\objectdb\web_services_clusterer.odb' has been recovered (tr. 92762-92805)

[2013-02-27 00:36:34 #2 store] 
Database 'D:\Dropbox\Thesis\GitHub\Web-Services-Indexing-In-P2P\database\objectdb\web_services_clusterer.odb' is opened by 6900@Billakos-PC

[2013-02-27 00:36:34 #3 type] 
Type FunctionWord is not enhanced.

[2013-02-27 00:36:34 #4 type] 
Type GeneralComputingWord is not enhanced.

[2013-02-27 00:36:34 #5 type] 
Type WordHits is not enhanced.

[2013-02-27 00:36:34 #6 type] 
Type QualityFactor is not enhanced.

[2013-02-27 00:36:34 #7 type] 
Type WebServicesCluster is not enhanced.

[2013-02-27 00:36:34 #8 type] 
Type WSDLDocument is not enhanced.

[2013-02-27 00:36:34 #9 type] 
Type DecompressedMatrix is not enhanced.

[2013-02-27 00:36:34 #10 type] 
Type DocumentWordVector is not enhanced.

[2013-02-27 00:36:34 #11 type] 
Type WSDLCategory is not enhanced.

[2013-02-27 00:36:34 #12 type] 
Type WebServicesClusters is not enhanced.

------------------------------------------------------------------------------------------------------------------------

[2013-02-27 00:44:08 #1 store] 
Database 'D:\Dropbox\Thesis\GitHub\Web-Services-Indexing-In-P2P\database\objectdb\web_services_clusterer.odb' has been recovered (tr. 92806-93535)

[2013-02-27 00:44:08 #2 store] 
Database 'D:\Dropbox\Thesis\GitHub\Web-Services-Indexing-In-P2P\database\objectdb\web_services_clusterer.odb' is opened by 6488@Billakos-PC

[2013-02-27 00:44:09 #3 type] 
Type FunctionWord is not enhanced.

[2013-02-27 00:44:09 #4 type] 
Type GeneralComputingWord is not enhanced.

[2013-02-27 00:44:09 #5 type] 
Type WordHits is not enhanced.

[2013-02-27 00:44:09 #6 type] 
Type QualityFactor is not enhanced.

[2013-02-27 00:44:09 #7 type] 
Type WebServicesCluster is not enhanced.

[2013-02-27 00:44:09 #8 type] 
Type WSDLDocument is not enhanced.

[2013-02-27 00:44:09 #9 type] 
Type DecompressedMatrix is not enhanced.

[2013-02-27 00:44:09 #10 type] 
Type DocumentWordVector is not enhanced.

[2013-02-27 00:44:09 #11 type] 
Type WSDLCategory is not enhanced.

[2013-02-27 00:44:09 #12 type] 
Type WebServicesClusters is not enhanced.

------------------------------------------------------------------------------------------------------------------------

[2013-02-27 00:46:43 #1 store] 
Database 'D:\Dropbox\Thesis\GitHub\Web-Services-Indexing-In-P2P\database\objectdb\web_services_clusterer.odb' has been recovered (tr. 93536-93588)

[2013-02-27 00:46:43 #2 store] 
Database 'D:\Dropbox\Thesis\GitHub\Web-Services-Indexing-In-P2P\database\objectdb\web_services_clusterer.odb' is opened by 1832@Billakos-PC

[2013-02-27 00:46:43 #3 type] 
Type FunctionWord is not enhanced.

[2013-02-27 00:46:43 #4 type] 
Type GeneralComputingWord is not enhanced.

[2013-02-27 00:46:43 #5 type] 
Type WordHits is not enhanced.

[2013-02-27 00:46:43 #6 type] 
Type QualityFactor is not enhanced.

[2013-02-27 00:46:43 #7 type] 
Type WebServicesCluster is not enhanced.

[2013-02-27 00:46:43 #8 type] 
Type WSDLDocument is not enhanced.

[2013-02-27 00:46:43 #9 type] 
Type DecompressedMatrix is not enhanced.

[2013-02-27 00:46:43 #10 type] 
Type DocumentWordVector is not enhanced.

[2013-02-27 00:46:43 #11 type] 
Type WSDLCategory is not enhanced.

[2013-02-27 00:46:43 #12 type] 
Type WebServicesClusters is not enhanced.

------------------------------------------------------------------------------------------------------------------------

[2013-02-27 00:48:06 #1 store] 
Database 'D:\Dropbox\Thesis\GitHub\Web-Services-Indexing-In-P2P\database\objectdb\web_services_clusterer.odb' has been recovered (tr. 93589-93758)

[2013-02-27 00:48:06 #2 store] 
Database 'D:\Dropbox\Thesis\GitHub\Web-Services-Indexing-In-P2P\database\objectdb\web_services_clusterer.odb' is opened by 5228@Billakos-PC

[2013-02-27 00:48:06 #3 type] 
Type FunctionWord is not enhanced.

[2013-02-27 00:48:06 #4 type] 
Type GeneralComputingWord is not enhanced.

[2013-02-27 00:48:06 #5 type] 
Type WordHits is not enhanced.

[2013-02-27 00:48:06 #6 type] 
Type QualityFactor is not enhanced.

[2013-02-27 00:48:06 #7 type] 
Type WebServicesCluster is not enhanced.

[2013-02-27 00:48:06 #8 type] 
Type WSDLDocument is not enhanced.

[2013-02-27 00:48:06 #9 type] 
Type DecompressedMatrix is not enhanced.

[2013-02-27 00:48:06 #10 type] 
Type DocumentWordVector is not enhanced.

[2013-02-27 00:48:06 #11 type] 
Type WSDLCategory is not enhanced.

[2013-02-27 00:48:06 #12 type] 
Type WebServicesClusters is not enhanced.

------------------------------------------------------------------------------------------------------------------------

[2013-02-27 00:48:34 #1 store] 
Database 'D:\Dropbox\Thesis\GitHub\Web-Services-Indexing-In-P2P\database\objectdb\web_services_clusterer.odb' is opened by 5160@Billakos-PC

[2013-02-27 00:49:06 #2 store] 
Database 'D:\Dropbox\Thesis\GitHub\Web-Services-Indexing-In-P2P\database\objectdb\web_services_clusterer.odb' is closed by 5160@Billakos-PC

------------------------------------------------------------------------------------------------------------------------

[2013-02-27 00:49:08 #1 store] 
Database 'D:\Dropbox\Thesis\GitHub\Web-Services-Indexing-In-P2P\database\objectdb\web_services_clusterer.odb' is opened by 5228@Billakos-PC

[2013-02-27 00:49:09 #2 type] 
Type FunctionWord is not enhanced.

[2013-02-27 00:49:09 #3 type] 
Type GeneralComputingWord is not enhanced.

[2013-02-27 00:49:09 #4 type] 
Type WordHits is not enhanced.

[2013-02-27 00:49:09 #5 type] 
Type QualityFactor is not enhanced.

[2013-02-27 00:49:09 #6 type] 
Type WebServicesCluster is not enhanced.

[2013-02-27 00:49:09 #7 type] 
Type WSDLDocument is not enhanced.

[2013-02-27 00:49:09 #8 type] 
Type DecompressedMatrix is not enhanced.

[2013-02-27 00:49:09 #9 type] 
Type DocumentWordVector is not enhanced.

[2013-02-27 00:49:09 #10 type] 
Type WSDLCategory is not enhanced.

[2013-02-27 00:49:09 #11 type] 
Type WebServicesClusters is not enhanced.

------------------------------------------------------------------------------------------------------------------------

[2013-02-27 00:49:37 #1 store] 
Database 'D:\Dropbox\Thesis\GitHub\Web-Services-Indexing-In-P2P\database\objectdb\web_services_clusterer.odb' is opened by 5160@Billakos-PC

[2013-02-27 00:49:38 #2 type] 
Type FunctionWord is not enhanced.

[2013-02-27 00:49:38 #3 type] 
Type GeneralComputingWord is not enhanced.

[2013-02-27 00:49:38 #4 type] 
Type WordHits is not enhanced.

[2013-02-27 00:49:38 #5 type] 
Type QualityFactor is not enhanced.

[2013-02-27 00:49:38 #6 type] 
Type WebServicesCluster is not enhanced.

[2013-02-27 00:49:38 #7 type] 
Type WSDLDocument is not enhanced.

[2013-02-27 00:49:38 #8 type] 
Type DecompressedMatrix is not enhanced.

[2013-02-27 00:49:38 #9 type] 
Type DocumentWordVector is not enhanced.

[2013-02-27 00:49:38 #10 type] 
Type WSDLCategory is not enhanced.

[2013-02-27 00:49:38 #11 type] 
Type WebServicesClusters is not enhanced.

------------------------------------------------------------------------------------------------------------------------

[2013-02-27 00:50:00 #1 store] 
Database 'D:\Dropbox\Thesis\GitHub\Web-Services-Indexing-In-P2P\database\objectdb\web_services_clusterer.odb' is opened by 1032@Billakos-PC

[2013-02-27 00:50:00 #2 type] 
Type FunctionWord is not enhanced.

[2013-02-27 00:50:00 #3 type] 
Type GeneralComputingWord is not enhanced.

[2013-02-27 00:50:00 #4 type] 
Type WordHits is not enhanced.

[2013-02-27 00:50:00 #5 type] 
Type QualityFactor is not enhanced.

[2013-02-27 00:50:00 #6 type] 
Type WebServicesCluster is not enhanced.

[2013-02-27 00:50:00 #7 type] 
Type WSDLDocument is not enhanced.

[2013-02-27 00:50:00 #8 type] 
Type DecompressedMatrix is not enhanced.

[2013-02-27 00:50:00 #9 type] 
Type DocumentWordVector is not enhanced.

[2013-02-27 00:50:00 #10 type] 
Type WSDLCategory is not enhanced.

[2013-02-27 00:50:00 #11 type] 
Type WebServicesClusters is not enhanced.

------------------------------------------------------------------------------------------------------------------------

[2013-02-27 00:51:03 #1 store] 
Database 'D:\Dropbox\Thesis\GitHub\Web-Services-Indexing-In-P2P\database\objectdb\web_services_clusterer.odb' is opened by 5832@Billakos-PC

[2013-02-27 00:51:03 #2 type] 
Type FunctionWord is not enhanced.

[2013-02-27 00:51:03 #3 type] 
Type GeneralComputingWord is not enhanced.

[2013-02-27 00:51:03 #4 type] 
Type WordHits is not enhanced.

[2013-02-27 00:51:03 #5 type] 
Type QualityFactor is not enhanced.

[2013-02-27 00:51:03 #6 type] 
Type WebServicesCluster is not enhanced.

[2013-02-27 00:51:03 #7 type] 
Type WSDLDocument is not enhanced.

[2013-02-27 00:51:03 #8 type] 
Type DecompressedMatrix is not enhanced.

[2013-02-27 00:51:03 #9 type] 
Type DocumentWordVector is not enhanced.

[2013-02-27 00:51:03 #10 type] 
Type WSDLCategory is not enhanced.

[2013-02-27 00:51:03 #11 type] 
Type WebServicesClusters is not enhanced.

------------------------------------------------------------------------------------------------------------------------

[2013-02-27 08:19:00 #1 store] 
Database 'D:\Dropbox\Thesis\GitHub\Web-Services-Indexing-In-P2P\database\objectdb\web_services_clusterer.odb' has been recovered (tr. 93760-94714)

[2013-02-27 08:19:02 #2 store] 
Database 'D:\Dropbox\Thesis\GitHub\Web-Services-Indexing-In-P2P\database\objectdb\web_services_clusterer.odb' is opened by 6372@Billakos-PC

[2013-02-27 08:20:19 #3 store] 
Database 'D:\Dropbox\Thesis\GitHub\Web-Services-Indexing-In-P2P\database\objectdb\web_services_clusterer.odb' is closed by 6372@Billakos-PC

------------------------------------------------------------------------------------------------------------------------

[2013-02-27 08:20:48 #1 store] 
Database 'D:\Dropbox\Thesis\GitHub\Web-Services-Indexing-In-P2P\database\objectdb\web_services_clusterer.odb' is opened by 5124@Billakos-PC

[2013-02-27 08:25:46 #2 store] 
Database 'D:\Dropbox\Thesis\GitHub\Web-Services-Indexing-In-P2P\database\objectdb\web_services_clusterer.odb' is closed by 5124@Billakos-PC

------------------------------------------------------------------------------------------------------------------------

[2013-02-27 10:19:50 #1 store] 
Database 'C:\Users\Billly\Dropbox\Thesis\GitHub\Web-Services-Indexing-In-P2P\database\objectdb\web_services_clusterer.odb' is opened by 2020@Lab-PC

[2013-02-27 10:19:50 #2 type] 
Type FunctionWord is not enhanced.

[2013-02-27 10:19:50 #3 type] 
Type GeneralComputingWord is not enhanced.

[2013-02-27 10:19:50 #4 type] 
Type WordHits is not enhanced.

[2013-02-27 10:19:50 #5 type] 
Type QualityFactor is not enhanced.

[2013-02-27 10:19:50 #6 type] 
Type WebServicesCluster is not enhanced.

[2013-02-27 10:19:50 #7 type] 
Type WSDLDocument is not enhanced.

[2013-02-27 10:19:50 #8 type] 
Type DecompressedMatrix is not enhanced.

[2013-02-27 10:19:50 #9 type] 
Type DocumentWordVector is not enhanced.

[2013-02-27 10:19:50 #10 type] 
Type WSDLCategory is not enhanced.

[2013-02-27 10:19:50 #11 type] 
Type WebServicesClusters is not enhanced.

[2013-02-27 10:56:33 #12 store] 
Database 'C:\Users\Billly\Dropbox\Thesis\GitHub\Web-Services-Indexing-In-P2P\database\objectdb\web_services_clusterer.odb' is closed by 2020@Lab-PC

------------------------------------------------------------------------------------------------------------------------

[2013-02-27 11:09:26 #1 store] 
Database 'C:\Users\Billly\Dropbox\Thesis\GitHub\Web-Services-Indexing-In-P2P\database\objectdb\web_services_clusterer.odb' is opened by 3536@Lab-PC

[2013-02-27 11:09:26 #2 type] 
Type FunctionWord is not enhanced.

[2013-02-27 11:09:26 #3 type] 
Type GeneralComputingWord is not enhanced.

[2013-02-27 11:09:26 #4 type] 
Type WordHits is not enhanced.

[2013-02-27 11:09:26 #5 type] 
Type QualityFactor is not enhanced.

[2013-02-27 11:09:26 #6 type] 
Type WebServicesCluster is not enhanced.

[2013-02-27 11:09:26 #7 type] 
Type WSDLDocument is not enhanced.

[2013-02-27 11:09:27 #8 type] 
Type DecompressedMatrix is not enhanced.

[2013-02-27 11:09:27 #9 type] 
Type DocumentWordVector is not enhanced.

[2013-02-27 11:09:27 #10 type] 
Type WSDLCategory is not enhanced.

[2013-02-27 11:09:27 #11 type] 
Type WebServicesClusters is not enhanced.

[2013-02-27 11:46:13 #12 store] 
Database 'C:\Users\Billly\Dropbox\Thesis\GitHub\Web-Services-Indexing-In-P2P\database\objectdb\web_services_clusterer.odb' is closed by 3536@Lab-PC

------------------------------------------------------------------------------------------------------------------------

[2013-02-27 14:29:25 #1 store] 
Database 'C:\Users\Billly\Dropbox\Thesis\GitHub\Web-Services-Indexing-In-P2P\database\objectdb\web_services_clusterer.odb' is opened by 5964@Lab-PC

[2013-02-27 14:29:25 #2 type] 
Type FunctionWord is not enhanced.

[2013-02-27 14:29:25 #3 type] 
Type GeneralComputingWord is not enhanced.

[2013-02-27 14:29:25 #4 type] 
Type WordHits is not enhanced.

[2013-02-27 14:29:25 #5 type] 
Type QualityFactor is not enhanced.

[2013-02-27 14:29:25 #6 type] 
Type WebServicesCluster is not enhanced.

[2013-02-27 14:29:25 #7 type] 
Type WSDLDocument is not enhanced.

[2013-02-27 14:29:25 #8 type] 
Type DecompressedMatrix is not enhanced.

[2013-02-27 14:29:25 #9 type] 
Type DocumentWordVector is not enhanced.

[2013-02-27 14:29:25 #10 type] 
Type WSDLCategory is not enhanced.

[2013-02-27 14:29:25 #11 type] 
Type WebServicesClusters is not enhanced.

------------------------------------------------------------------------------------------------------------------------

[2013-02-27 14:32:00 #1 store] 
Database 'C:\Users\Billly\Dropbox\Thesis\GitHub\Web-Services-Indexing-In-P2P\database\objectdb\web_services_clusterer.odb' has been recovered (tr. 96534-96538)

[2013-02-27 14:32:01 #2 store] 
Database 'C:\Users\Billly\Dropbox\Thesis\GitHub\Web-Services-Indexing-In-P2P\database\objectdb\web_services_clusterer.odb' is opened by 2280@Lab-PC

[2013-02-27 14:32:11 #3 store] 
Database 'C:\Users\Billly\Dropbox\Thesis\GitHub\Web-Services-Indexing-In-P2P\database\objectdb\web_services_clusterer.odb' is closed by 2280@Lab-PC

------------------------------------------------------------------------------------------------------------------------

[2013-02-27 14:33:19 #1 store] 
Database 'C:\Users\Billly\Dropbox\Thesis\GitHub\Web-Services-Indexing-In-P2P\database\objectdb\web_services_clusterer.odb' is opened by 5600@Lab-PC

[2013-02-27 14:33:19 #2 type] 
Type FunctionWord is not enhanced.

[2013-02-27 14:33:20 #3 type] 
Type GeneralComputingWord is not enhanced.

[2013-02-27 14:33:20 #4 type] 
Type WordHits is not enhanced.

[2013-02-27 14:33:20 #5 type] 
Type QualityFactor is not enhanced.

[2013-02-27 14:33:20 #6 type] 
Type WebServicesCluster is not enhanced.

[2013-02-27 14:33:20 #7 type] 
Type WSDLDocument is not enhanced.

[2013-02-27 14:33:20 #8 type] 
Type DecompressedMatrix is not enhanced.

[2013-02-27 14:33:20 #9 type] 
Type DocumentWordVector is not enhanced.

[2013-02-27 14:33:20 #10 type] 
Type WSDLCategory is not enhanced.

[2013-02-27 14:33:20 #11 type] 
Type WebServicesClusters is not enhanced.

[2013-02-27 15:09:16 #12 store] 
Database 'C:\Users\Billly\Dropbox\Thesis\GitHub\Web-Services-Indexing-In-P2P\database\objectdb\web_services_clusterer.odb' is closed by 5600@Lab-PC

------------------------------------------------------------------------------------------------------------------------

[2013-02-27 15:11:10 #1 store] 
Database 'C:\Users\Billly\Dropbox\Thesis\GitHub\Web-Services-Indexing-In-P2P\database\objectdb\web_services_clusterer.odb' is opened by 4816@Lab-PC

[2013-02-27 15:11:10 #2 type] 
Type FunctionWord is not enhanced.

[2013-02-27 15:11:10 #3 type] 
Type GeneralComputingWord is not enhanced.

[2013-02-27 15:11:10 #4 type] 
Type WordHits is not enhanced.

[2013-02-27 15:11:10 #5 type] 
Type QualityFactor is not enhanced.

[2013-02-27 15:11:10 #6 type] 
Type WebServicesCluster is not enhanced.

[2013-02-27 15:11:10 #7 type] 
Type WSDLDocument is not enhanced.

[2013-02-27 15:11:10 #8 type] 
Type DecompressedMatrix is not enhanced.

[2013-02-27 15:11:10 #9 type] 
Type DocumentWordVector is not enhanced.

[2013-02-27 15:11:10 #10 type] 
Type WSDLCategory is not enhanced.

[2013-02-27 15:11:11 #11 type] 
Type WebServicesClusters is not enhanced.

------------------------------------------------------------------------------------------------------------------------

[2013-02-27 15:16:04 #1 store] 
Database 'C:\Users\Billly\Dropbox\Thesis\GitHub\Web-Services-Indexing-In-P2P\database\objectdb\web_services_clusterer.odb' has been recovered (tr. 97446-97447)

[2013-02-27 15:16:04 #2 store] 
Database 'C:\Users\Billly\Dropbox\Thesis\GitHub\Web-Services-Indexing-In-P2P\database\objectdb\web_services_clusterer.odb' is opened by 2112@Lab-PC

[2013-02-27 15:16:05 #3 type] 
Type FunctionWord is not enhanced.

[2013-02-27 15:16:05 #4 type] 
Type GeneralComputingWord is not enhanced.

[2013-02-27 15:16:05 #5 type] 
Type WordHits is not enhanced.

[2013-02-27 15:16:05 #6 type] 
Type QualityFactor is not enhanced.

[2013-02-27 15:16:05 #7 type] 
Type WebServicesCluster is not enhanced.

[2013-02-27 15:16:05 #8 type] 
Type WSDLDocument is not enhanced.

[2013-02-27 15:16:05 #9 type] 
Type DecompressedMatrix is not enhanced.

[2013-02-27 15:16:05 #10 type] 
Type DocumentWordVector is not enhanced.

[2013-02-27 15:16:05 #11 type] 
Type WSDLCategory is not enhanced.

[2013-02-27 15:16:05 #12 type] 
Type WebServicesClusters is not enhanced.

------------------------------------------------------------------------------------------------------------------------

[2013-02-27 15:18:03 #1 store] 
Database 'C:\Users\Billly\Dropbox\Thesis\GitHub\Web-Services-Indexing-In-P2P\database\objectdb\web_services_clusterer.odb' is opened by 4516@Lab-PC

[2013-02-27 15:18:25 #2 store] 
Database 'C:\Users\Billly\Dropbox\Thesis\GitHub\Web-Services-Indexing-In-P2P\database\objectdb\web_services_clusterer.odb' is closed by 4516@Lab-PC

------------------------------------------------------------------------------------------------------------------------

[2013-02-27 15:18:42 #1 store] 
Database 'C:\Users\Billly\Dropbox\Thesis\GitHub\Web-Services-Indexing-In-P2P\database\objectdb\web_services_clusterer.odb' is opened by 4708@Lab-PC

[2013-02-27 15:18:42 #2 type] 
Type FunctionWord is not enhanced.

[2013-02-27 15:18:42 #3 type] 
Type GeneralComputingWord is not enhanced.

[2013-02-27 15:18:42 #4 type] 
Type WordHits is not enhanced.

[2013-02-27 15:18:42 #5 type] 
Type QualityFactor is not enhanced.

[2013-02-27 15:18:42 #6 type] 
Type WebServicesCluster is not enhanced.

[2013-02-27 15:18:42 #7 type] 
Type WSDLDocument is not enhanced.

[2013-02-27 15:18:42 #8 type] 
Type DecompressedMatrix is not enhanced.

[2013-02-27 15:18:42 #9 type] 
Type DocumentWordVector is not enhanced.

[2013-02-27 15:18:42 #10 type] 
Type WSDLCategory is not enhanced.

[2013-02-27 15:18:43 #11 type] 
Type WebServicesClusters is not enhanced.

[2013-02-27 15:55:06 #12 store] 
Database 'C:\Users\Billly\Dropbox\Thesis\GitHub\Web-Services-Indexing-In-P2P\database\objectdb\web_services_clusterer.odb' is closed by 4708@Lab-PC

------------------------------------------------------------------------------------------------------------------------

[2013-02-27 15:55:35 #1 store] 
Database 'C:\Users\Billly\Dropbox\Thesis\GitHub\Web-Services-Indexing-In-P2P\database\objectdb\web_services_clusterer.odb' is opened by 5904@Lab-PC

[2013-02-27 15:55:35 #2 type] 
Type FunctionWord is not enhanced.

[2013-02-27 15:55:35 #3 type] 
Type GeneralComputingWord is not enhanced.

[2013-02-27 15:55:35 #4 type] 
Type WordHits is not enhanced.

[2013-02-27 15:55:35 #5 type] 
Type QualityFactor is not enhanced.

[2013-02-27 15:55:35 #6 type] 
Type WebServicesCluster is not enhanced.

[2013-02-27 15:55:35 #7 type] 
Type WSDLDocument is not enhanced.

[2013-02-27 15:55:35 #8 type] 
Type DecompressedMatrix is not enhanced.

[2013-02-27 15:55:35 #9 type] 
Type DocumentWordVector is not enhanced.

[2013-02-27 15:55:35 #10 type] 
Type WSDLCategory is not enhanced.

[2013-02-27 15:55:35 #11 type] 
Type WebServicesClusters is not enhanced.

[2013-02-27 15:57:37 #12 store] 
Database 'C:\Users\Billly\Dropbox\Thesis\GitHub\Web-Services-Indexing-In-P2P\database\objectdb\web_services_clusterer.odb' is closed by 5904@Lab-PC

------------------------------------------------------------------------------------------------------------------------

[2013-02-27 16:13:48 #1 store] 
Database 'C:\Users\Billly\Dropbox\Thesis\GitHub\Web-Services-Indexing-In-P2P\database\objectdb\web_services_clusterer.odb' is opened by 3324@Lab-PC

[2013-02-27 16:13:48 #2 type] 
Type FunctionWord is not enhanced.

[2013-02-27 16:13:48 #3 type] 
Type GeneralComputingWord is not enhanced.

[2013-02-27 16:13:48 #4 type] 
Type WordHits is not enhanced.

[2013-02-27 16:13:48 #5 type] 
Type QualityFactor is not enhanced.

[2013-02-27 16:13:48 #6 type] 
Type WebServicesCluster is not enhanced.

[2013-02-27 16:13:48 #7 type] 
Type WSDLDocument is not enhanced.

[2013-02-27 16:13:48 #8 type] 
Type DecompressedMatrix is not enhanced.

[2013-02-27 16:13:48 #9 type] 
Type DocumentWordVector is not enhanced.

[2013-02-27 16:13:48 #10 type] 
Type WSDLCategory is not enhanced.

[2013-02-27 16:13:48 #11 type] 
Type WebServicesClusters is not enhanced.

------------------------------------------------------------------------------------------------------------------------

[2013-02-27 16:14:27 #1 store] 
Database 'C:\Users\Billly\Dropbox\Thesis\GitHub\Web-Services-Indexing-In-P2P\database\objectdb\web_services_clusterer.odb' has been recovered (tr. 98361-98361)

[2013-02-27 16:14:27 #2 store] 
Database 'C:\Users\Billly\Dropbox\Thesis\GitHub\Web-Services-Indexing-In-P2P\database\objectdb\web_services_clusterer.odb' is opened by 1912@Lab-PC

[2013-02-27 16:14:28 #3 type] 
Type FunctionWord is not enhanced.

[2013-02-27 16:14:28 #4 type] 
Type GeneralComputingWord is not enhanced.

[2013-02-27 16:14:28 #5 type] 
Type WordHits is not enhanced.

[2013-02-27 16:14:28 #6 type] 
Type QualityFactor is not enhanced.

[2013-02-27 16:14:28 #7 type] 
Type WebServicesCluster is not enhanced.

[2013-02-27 16:14:28 #8 type] 
Type WSDLDocument is not enhanced.

[2013-02-27 16:14:28 #9 type] 
Type DecompressedMatrix is not enhanced.

[2013-02-27 16:14:28 #10 type] 
Type DocumentWordVector is not enhanced.

[2013-02-27 16:14:28 #11 type] 
Type WSDLCategory is not enhanced.

[2013-02-27 16:14:28 #12 type] 
Type WebServicesClusters is not enhanced.

------------------------------------------------------------------------------------------------------------------------

[2013-02-27 16:14:38 #1 store] 
Database 'C:\Users\Billly\Dropbox\Thesis\GitHub\Web-Services-Indexing-In-P2P\database\objectdb\web_services_clusterer.odb' has been recovered (tr. 98362-98362)

[2013-02-27 16:14:38 #2 store] 
Database 'C:\Users\Billly\Dropbox\Thesis\GitHub\Web-Services-Indexing-In-P2P\database\objectdb\web_services_clusterer.odb' is opened by 6872@Lab-PC

[2013-02-27 16:14:38 #3 type] 
Type FunctionWord is not enhanced.

[2013-02-27 16:14:38 #4 type] 
Type GeneralComputingWord is not enhanced.

[2013-02-27 16:14:38 #5 type] 
Type WordHits is not enhanced.

[2013-02-27 16:14:38 #6 type] 
Type QualityFactor is not enhanced.

[2013-02-27 16:14:38 #7 type] 
Type WebServicesCluster is not enhanced.

[2013-02-27 16:14:38 #8 type] 
Type WSDLDocument is not enhanced.

[2013-02-27 16:14:38 #9 type] 
Type DecompressedMatrix is not enhanced.

[2013-02-27 16:14:38 #10 type] 
Type DocumentWordVector is not enhanced.

[2013-02-27 16:14:38 #11 type] 
Type WSDLCategory is not enhanced.

[2013-02-27 16:14:38 #12 type] 
Type WebServicesClusters is not enhanced.

[2013-02-27 16:16:49 #13 store] 
Database 'C:\Users\Billly\Dropbox\Thesis\GitHub\Web-Services-Indexing-In-P2P\database\objectdb\web_services_clusterer.odb' is closed by 6872@Lab-PC

------------------------------------------------------------------------------------------------------------------------

[2013-02-27 16:17:25 #1 store] 
Database 'C:\Users\Billly\Dropbox\Thesis\GitHub\Web-Services-Indexing-In-P2P\database\objectdb\web_services_clusterer.odb' is opened by 1200@Lab-PC

[2013-02-27 16:19:48 #2 store] 
Database 'C:\Users\Billly\Dropbox\Thesis\GitHub\Web-Services-Indexing-In-P2P\database\objectdb\web_services_clusterer.odb' is closed by 1200@Lab-PC

------------------------------------------------------------------------------------------------------------------------

[2013-02-27 16:20:36 #1 store] 
Database 'C:\Users\Billly\Dropbox\Thesis\GitHub\Web-Services-Indexing-In-P2P\database\objectdb\web_services_clusterer.odb' is opened by 7068@Lab-PC

[2013-02-27 16:20:36 #2 type] 
Type FunctionWord is not enhanced.

[2013-02-27 16:20:36 #3 type] 
Type GeneralComputingWord is not enhanced.

[2013-02-27 16:20:36 #4 type] 
Type WordHits is not enhanced.

[2013-02-27 16:20:36 #5 type] 
Type QualityFactor is not enhanced.

[2013-02-27 16:20:36 #6 type] 
Type WebServicesCluster is not enhanced.

[2013-02-27 16:20:36 #7 type] 
Type WSDLDocument is not enhanced.

[2013-02-27 16:20:36 #8 type] 
Type DecompressedMatrix is not enhanced.

[2013-02-27 16:20:36 #9 type] 
Type DocumentWordVector is not enhanced.

[2013-02-27 16:20:36 #10 type] 
Type WSDLCategory is not enhanced.

[2013-02-27 16:20:36 #11 type] 
Type WebServicesClusters is not enhanced.

------------------------------------------------------------------------------------------------------------------------

[2013-02-27 16:21:37 #1 store] 
Database 'C:\Users\Billly\Dropbox\Thesis\GitHub\Web-Services-Indexing-In-P2P\database\objectdb\web_services_clusterer.odb' has been recovered (tr. 98375-98375)

[2013-02-27 16:21:37 #2 store] 
Database 'C:\Users\Billly\Dropbox\Thesis\GitHub\Web-Services-Indexing-In-P2P\database\objectdb\web_services_clusterer.odb' is opened by 6492@Lab-PC

[2013-02-27 16:21:38 #3 type] 
Type FunctionWord is not enhanced.

[2013-02-27 16:21:38 #4 type] 
Type GeneralComputingWord is not enhanced.

[2013-02-27 16:21:38 #5 type] 
Type WordHits is not enhanced.

[2013-02-27 16:21:38 #6 type] 
Type QualityFactor is not enhanced.

[2013-02-27 16:21:38 #7 type] 
Type WebServicesCluster is not enhanced.

[2013-02-27 16:21:38 #8 type] 
Type WSDLDocument is not enhanced.

[2013-02-27 16:21:38 #9 type] 
Type DecompressedMatrix is not enhanced.

[2013-02-27 16:21:38 #10 type] 
Type DocumentWordVector is not enhanced.

[2013-02-27 16:21:38 #11 type] 
Type WSDLCategory is not enhanced.

[2013-02-27 16:21:38 #12 type] 
Type WebServicesClusters is not enhanced.

[2013-02-27 16:23:55 #13 store] 
Database 'C:\Users\Billly\Dropbox\Thesis\GitHub\Web-Services-Indexing-In-P2P\database\objectdb\web_services_clusterer.odb' is closed by 6492@Lab-PC

------------------------------------------------------------------------------------------------------------------------

[2013-02-27 16:57:28 #1 store] 
Database 'C:\Users\Billly\Dropbox\Thesis\GitHub\Web-Services-Indexing-In-P2P\database\objectdb\web_services_clusterer.odb' is opened by 6484@Lab-PC

[2013-02-27 17:00:44 #2 store] 
Database 'C:\Users\Billly\Dropbox\Thesis\GitHub\Web-Services-Indexing-In-P2P\database\objectdb\web_services_clusterer.odb' is closed by 6484@Lab-PC

------------------------------------------------------------------------------------------------------------------------

[2013-02-27 17:00:49 #1 store] 
Database 'C:\Users\Billly\Dropbox\Thesis\GitHub\Web-Services-Indexing-In-P2P\database\objectdb\web_services_clusterer.odb' is opened by 4736@Lab-PC

[2013-02-27 17:00:49 #2 type] 
Type FunctionWord is not enhanced.

[2013-02-27 17:00:50 #3 type] 
Type GeneralComputingWord is not enhanced.

[2013-02-27 17:00:50 #4 type] 
Type WordHits is not enhanced.

[2013-02-27 17:00:50 #5 type] 
Type QualityFactor is not enhanced.

[2013-02-27 17:00:50 #6 type] 
Type WebServicesCluster is not enhanced.

[2013-02-27 17:00:50 #7 type] 
Type WSDLDocument is not enhanced.

[2013-02-27 17:00:50 #8 type] 
Type DecompressedMatrix is not enhanced.

[2013-02-27 17:00:50 #9 type] 
Type DocumentWordVector is not enhanced.

[2013-02-27 17:00:50 #10 type] 
Type WSDLCategory is not enhanced.

[2013-02-27 17:00:50 #11 type] 
Type WebServicesClusters is not enhanced.

[2013-02-27 17:03:01 #12 store] 
Database 'C:\Users\Billly\Dropbox\Thesis\GitHub\Web-Services-Indexing-In-P2P\database\objectdb\web_services_clusterer.odb' is closed by 4736@Lab-PC

------------------------------------------------------------------------------------------------------------------------

[2013-02-27 22:30:55 #1 store] 
Database 'D:\Dropbox\Thesis\GitHub\Web-Services-Indexing-In-P2P\database\objectdb\web_services_clusterer.odb' is opened by 6172@Billakos-PC

[2013-02-27 22:30:55 #2 type] 
Type FunctionWord is not enhanced.

[2013-02-27 22:30:55 #3 type] 
Type GeneralComputingWord is not enhanced.

[2013-02-27 22:30:55 #4 type] 
Type WordHits is not enhanced.

[2013-02-27 22:30:55 #5 type] 
Type QualityFactor is not enhanced.

[2013-02-27 22:30:55 #6 type] 
Type WebServicesCluster is not enhanced.

[2013-02-27 22:30:55 #7 type] 
Type WSDLDocument is not enhanced.

[2013-02-27 22:30:55 #8 type] 
Type DecompressedMatrix is not enhanced.

[2013-02-27 22:30:55 #9 type] 
Type DocumentWordVector is not enhanced.

[2013-02-27 22:30:55 #10 type] 
Type WSDLCategory is not enhanced.

[2013-02-27 22:30:55 #11 type] 
Type WebServicesClusters is not enhanced.

------------------------------------------------------------------------------------------------------------------------

[2013-02-27 22:32:02 #1 store] 
Database 'D:\Dropbox\Thesis\GitHub\Web-Services-Indexing-In-P2P\database\objectdb\web_services_clusterer.odb' has been recovered (tr. 98401-98401)

[2013-02-27 22:32:02 #2 store] 
Database 'D:\Dropbox\Thesis\GitHub\Web-Services-Indexing-In-P2P\database\objectdb\web_services_clusterer.odb' is opened by 6096@Billakos-PC

[2013-02-27 22:32:15 #3 store] 
Database 'D:\Dropbox\Thesis\GitHub\Web-Services-Indexing-In-P2P\database\objectdb\web_services_clusterer.odb' is closed by 6096@Billakos-PC

------------------------------------------------------------------------------------------------------------------------

[2013-02-27 22:33:02 #1 store] 
Database 'D:\Dropbox\Thesis\GitHub\Web-Services-Indexing-In-P2P\database\objectdb\web_services_clusterer.odb' is opened by 4448@Billakos-PC

[2013-02-27 22:33:02 #2 type] 
Type FunctionWord is not enhanced.

[2013-02-27 22:33:02 #3 type] 
Type GeneralComputingWord is not enhanced.

[2013-02-27 22:33:02 #4 type] 
Type WordHits is not enhanced.

[2013-02-27 22:33:02 #5 type] 
Type QualityFactor is not enhanced.

[2013-02-27 22:33:02 #6 type] 
Type WebServicesCluster is not enhanced.

[2013-02-27 22:33:02 #7 type] 
Type WSDLDocument is not enhanced.

[2013-02-27 22:33:02 #8 type] 
Type DecompressedMatrix is not enhanced.

[2013-02-27 22:33:02 #9 type] 
Type DocumentWordVector is not enhanced.

[2013-02-27 22:33:02 #10 type] 
Type WSDLCategory is not enhanced.

[2013-02-27 22:33:02 #11 type] 
Type WebServicesClusters is not enhanced.

------------------------------------------------------------------------------------------------------------------------

[2013-02-27 22:34:10 #1 store] 
Database 'D:\Dropbox\Thesis\GitHub\Web-Services-Indexing-In-P2P\database\objectdb\web_services_clusterer.odb' is opened by 6240@Billakos-PC

[2013-02-27 22:34:10 #2 type] 
Type FunctionWord is not enhanced.

[2013-02-27 22:34:10 #3 type] 
Type GeneralComputingWord is not enhanced.

[2013-02-27 22:34:10 #4 type] 
Type WordHits is not enhanced.

[2013-02-27 22:34:10 #5 type] 
Type QualityFactor is not enhanced.

[2013-02-27 22:34:10 #6 type] 
Type WebServicesCluster is not enhanced.

[2013-02-27 22:34:10 #7 type] 
Type WSDLDocument is not enhanced.

[2013-02-27 22:34:10 #8 type] 
Type DecompressedMatrix is not enhanced.

[2013-02-27 22:34:10 #9 type] 
Type DocumentWordVector is not enhanced.

[2013-02-27 22:34:10 #10 type] 
Type WSDLCategory is not enhanced.

[2013-02-27 22:34:10 #11 type] 
Type WebServicesClusters is not enhanced.

------------------------------------------------------------------------------------------------------------------------

[2013-02-27 22:36:02 #1 store] 
Database 'D:\Dropbox\Thesis\GitHub\Web-Services-Indexing-In-P2P\database\objectdb\web_services_clusterer.odb' is opened by 6988@Billakos-PC

[2013-02-27 22:36:02 #2 type] 
Type FunctionWord is not enhanced.

[2013-02-27 22:36:02 #3 type] 
Type GeneralComputingWord is not enhanced.

[2013-02-27 22:36:02 #4 type] 
Type WordHits is not enhanced.

[2013-02-27 22:36:02 #5 type] 
Type QualityFactor is not enhanced.

[2013-02-27 22:36:02 #6 type] 
Type WebServicesCluster is not enhanced.

[2013-02-27 22:36:02 #7 type] 
Type WSDLDocument is not enhanced.

[2013-02-27 22:36:02 #8 type] 
Type DecompressedMatrix is not enhanced.

[2013-02-27 22:36:02 #9 type] 
Type DocumentWordVector is not enhanced.

[2013-02-27 22:36:02 #10 type] 
Type WSDLCategory is not enhanced.

[2013-02-27 22:36:02 #11 type] 
Type WebServicesClusters is not enhanced.

------------------------------------------------------------------------------------------------------------------------

[2013-02-27 22:37:23 #1 store] 
Database 'D:\Dropbox\Thesis\GitHub\Web-Services-Indexing-In-P2P\database\objectdb\web_services_clusterer.odb' is opened by 5448@Billakos-PC

[2013-02-27 22:37:23 #2 type] 
Type FunctionWord is not enhanced.

[2013-02-27 22:37:23 #3 type] 
Type GeneralComputingWord is not enhanced.

[2013-02-27 22:37:23 #4 type] 
Type WordHits is not enhanced.

[2013-02-27 22:37:23 #5 type] 
Type QualityFactor is not enhanced.

[2013-02-27 22:37:23 #6 type] 
Type WebServicesCluster is not enhanced.

[2013-02-27 22:37:23 #7 type] 
Type WSDLDocument is not enhanced.

[2013-02-27 22:37:23 #8 type] 
Type DecompressedMatrix is not enhanced.

[2013-02-27 22:37:23 #9 type] 
Type DocumentWordVector is not enhanced.

[2013-02-27 22:37:23 #10 type] 
Type WSDLCategory is not enhanced.

[2013-02-27 22:37:23 #11 type] 
Type WebServicesClusters is not enhanced.

------------------------------------------------------------------------------------------------------------------------

[2013-02-27 22:39:51 #1 store] 
Database 'D:\Dropbox\Thesis\GitHub\Web-Services-Indexing-In-P2P\database\objectdb\web_services_clusterer.odb' is opened by 5228@Billakos-PC

[2013-02-27 22:39:52 #2 type] 
Type FunctionWord is not enhanced.

[2013-02-27 22:39:52 #3 type] 
Type GeneralComputingWord is not enhanced.

[2013-02-27 22:39:52 #4 type] 
Type WordHits is not enhanced.

[2013-02-27 22:39:52 #5 type] 
Type QualityFactor is not enhanced.

[2013-02-27 22:39:52 #6 type] 
Type WebServicesCluster is not enhanced.

[2013-02-27 22:39:52 #7 type] 
Type WSDLDocument is not enhanced.

[2013-02-27 22:39:52 #8 type] 
Type DecompressedMatrix is not enhanced.

[2013-02-27 22:39:52 #9 type] 
Type DocumentWordVector is not enhanced.

[2013-02-27 22:39:52 #10 type] 
Type WSDLCategory is not enhanced.

[2013-02-27 22:39:52 #11 type] 
Type WebServicesClusters is not enhanced.

------------------------------------------------------------------------------------------------------------------------

[2013-02-27 22:40:47 #1 store] 
Database 'D:\Dropbox\Thesis\GitHub\Web-Services-Indexing-In-P2P\database\objectdb\web_services_clusterer.odb' is opened by 7072@Billakos-PC

[2013-02-27 22:40:47 #2 type] 
Type FunctionWord is not enhanced.

[2013-02-27 22:40:47 #3 type] 
Type GeneralComputingWord is not enhanced.

[2013-02-27 22:40:47 #4 type] 
Type WordHits is not enhanced.

[2013-02-27 22:40:47 #5 type] 
Type QualityFactor is not enhanced.

[2013-02-27 22:40:47 #6 type] 
Type WebServicesCluster is not enhanced.

[2013-02-27 22:40:47 #7 type] 
Type WSDLDocument is not enhanced.

[2013-02-27 22:40:47 #8 type] 
Type DecompressedMatrix is not enhanced.

[2013-02-27 22:40:47 #9 type] 
Type DocumentWordVector is not enhanced.

[2013-02-27 22:40:47 #10 type] 
Type WSDLCategory is not enhanced.

[2013-02-27 22:40:47 #11 type] 
Type WebServicesClusters is not enhanced.

------------------------------------------------------------------------------------------------------------------------

[2013-02-27 22:41:19 #1 store] 
Database 'D:\Dropbox\Thesis\GitHub\Web-Services-Indexing-In-P2P\database\objectdb\web_services_clusterer.odb' is opened by 4208@Billakos-PC

[2013-02-27 22:41:19 #2 type] 
Type FunctionWord is not enhanced.

[2013-02-27 22:41:19 #3 type] 
Type GeneralComputingWord is not enhanced.

[2013-02-27 22:41:19 #4 type] 
Type WordHits is not enhanced.

[2013-02-27 22:41:19 #5 type] 
Type QualityFactor is not enhanced.

[2013-02-27 22:41:19 #6 type] 
Type WebServicesCluster is not enhanced.

[2013-02-27 22:41:19 #7 type] 
Type WSDLDocument is not enhanced.

[2013-02-27 22:41:19 #8 type] 
Type DecompressedMatrix is not enhanced.

[2013-02-27 22:41:19 #9 type] 
Type DocumentWordVector is not enhanced.

[2013-02-27 22:41:19 #10 type] 
Type WSDLCategory is not enhanced.

[2013-02-27 22:41:19 #11 type] 
Type WebServicesClusters is not enhanced.

------------------------------------------------------------------------------------------------------------------------

[2013-02-27 22:43:48 #1 store] 
Database 'D:\Dropbox\Thesis\GitHub\Web-Services-Indexing-In-P2P\database\objectdb\web_services_clusterer.odb' is opened by 4076@Billakos-PC

[2013-02-27 22:43:49 #2 type] 
Type FunctionWord is not enhanced.

[2013-02-27 22:43:49 #3 type] 
Type GeneralComputingWord is not enhanced.

[2013-02-27 22:43:49 #4 type] 
Type WordHits is not enhanced.

[2013-02-27 22:43:49 #5 type] 
Type QualityFactor is not enhanced.

[2013-02-27 22:43:49 #6 type] 
Type WebServicesCluster is not enhanced.

[2013-02-27 22:43:49 #7 type] 
Type WSDLDocument is not enhanced.

[2013-02-27 22:43:49 #8 type] 
Type DecompressedMatrix is not enhanced.

[2013-02-27 22:43:49 #9 type] 
Type DocumentWordVector is not enhanced.

[2013-02-27 22:43:49 #10 type] 
Type WSDLCategory is not enhanced.

[2013-02-27 22:43:49 #11 type] 
Type WebServicesClusters is not enhanced.

------------------------------------------------------------------------------------------------------------------------

[2013-02-27 22:44:43 #1 store] 
Database 'D:\Dropbox\Thesis\GitHub\Web-Services-Indexing-In-P2P\database\objectdb\web_services_clusterer.odb' is opened by 5296@Billakos-PC

[2013-02-27 22:44:43 #2 type] 
Type FunctionWord is not enhanced.

[2013-02-27 22:44:43 #3 type] 
Type GeneralComputingWord is not enhanced.

[2013-02-27 22:44:43 #4 type] 
Type WordHits is not enhanced.

[2013-02-27 22:44:43 #5 type] 
Type QualityFactor is not enhanced.

[2013-02-27 22:44:43 #6 type] 
Type WebServicesCluster is not enhanced.

[2013-02-27 22:44:43 #7 type] 
Type WSDLDocument is not enhanced.

[2013-02-27 22:44:43 #8 type] 
Type DecompressedMatrix is not enhanced.

[2013-02-27 22:44:43 #9 type] 
Type DocumentWordVector is not enhanced.

[2013-02-27 22:44:43 #10 type] 
Type WSDLCategory is not enhanced.

[2013-02-27 22:44:43 #11 type] 
Type WebServicesClusters is not enhanced.

------------------------------------------------------------------------------------------------------------------------

[2013-02-27 22:46:35 #1 store] 
Database 'D:\Dropbox\Thesis\GitHub\Web-Services-Indexing-In-P2P\database\objectdb\web_services_clusterer.odb' is opened by 6452@Billakos-PC

[2013-02-27 22:46:36 #2 type] 
Type FunctionWord is not enhanced.

[2013-02-27 22:46:36 #3 type] 
Type GeneralComputingWord is not enhanced.

[2013-02-27 22:46:36 #4 type] 
Type WordHits is not enhanced.

[2013-02-27 22:46:36 #5 type] 
Type QualityFactor is not enhanced.

[2013-02-27 22:46:36 #6 type] 
Type WebServicesCluster is not enhanced.

[2013-02-27 22:46:36 #7 type] 
Type WSDLDocument is not enhanced.

[2013-02-27 22:46:36 #8 type] 
Type DecompressedMatrix is not enhanced.

[2013-02-27 22:46:36 #9 type] 
Type DocumentWordVector is not enhanced.

[2013-02-27 22:46:36 #10 type] 
Type WSDLCategory is not enhanced.

[2013-02-27 22:46:36 #11 type] 
Type WebServicesClusters is not enhanced.

------------------------------------------------------------------------------------------------------------------------

[2013-02-27 22:48:03 #1 store] 
Database 'D:\Dropbox\Thesis\GitHub\Web-Services-Indexing-In-P2P\database\objectdb\web_services_clusterer.odb' is opened by 6376@Billakos-PC

[2013-02-27 22:48:03 #2 type] 
Type FunctionWord is not enhanced.

[2013-02-27 22:48:03 #3 type] 
Type GeneralComputingWord is not enhanced.

[2013-02-27 22:48:03 #4 type] 
Type WordHits is not enhanced.

[2013-02-27 22:48:03 #5 type] 
Type QualityFactor is not enhanced.

[2013-02-27 22:48:03 #6 type] 
Type WebServicesCluster is not enhanced.

[2013-02-27 22:48:03 #7 type] 
Type WSDLDocument is not enhanced.

[2013-02-27 22:48:03 #8 type] 
Type DecompressedMatrix is not enhanced.

[2013-02-27 22:48:03 #9 type] 
Type DocumentWordVector is not enhanced.

[2013-02-27 22:48:03 #10 type] 
Type WSDLCategory is not enhanced.

[2013-02-27 22:48:03 #11 type] 
Type WebServicesClusters is not enhanced.

------------------------------------------------------------------------------------------------------------------------

[2013-02-27 22:49:00 #1 store] 
Database 'D:\Dropbox\Thesis\GitHub\Web-Services-Indexing-In-P2P\database\objectdb\web_services_clusterer.odb' is opened by 7112@Billakos-PC

[2013-02-27 22:49:00 #2 type] 
Type FunctionWord is not enhanced.

[2013-02-27 22:49:00 #3 type] 
Type GeneralComputingWord is not enhanced.

[2013-02-27 22:49:00 #4 type] 
Type WordHits is not enhanced.

[2013-02-27 22:49:00 #5 type] 
Type QualityFactor is not enhanced.

[2013-02-27 22:49:00 #6 type] 
Type WebServicesCluster is not enhanced.

[2013-02-27 22:49:00 #7 type] 
Type WSDLDocument is not enhanced.

[2013-02-27 22:49:00 #8 type] 
Type DecompressedMatrix is not enhanced.

[2013-02-27 22:49:00 #9 type] 
Type DocumentWordVector is not enhanced.

[2013-02-27 22:49:00 #10 type] 
Type WSDLCategory is not enhanced.

[2013-02-27 22:49:00 #11 type] 
Type WebServicesClusters is not enhanced.

------------------------------------------------------------------------------------------------------------------------

[2013-02-27 22:50:17 #1 store] 
Database 'D:\Dropbox\Thesis\GitHub\Web-Services-Indexing-In-P2P\database\objectdb\web_services_clusterer.odb' is opened by 6524@Billakos-PC

[2013-02-27 22:50:17 #2 type] 
Type FunctionWord is not enhanced.

[2013-02-27 22:50:17 #3 type] 
Type GeneralComputingWord is not enhanced.

[2013-02-27 22:50:17 #4 type] 
Type WordHits is not enhanced.

[2013-02-27 22:50:17 #5 type] 
Type QualityFactor is not enhanced.

[2013-02-27 22:50:17 #6 type] 
Type WebServicesCluster is not enhanced.

[2013-02-27 22:50:17 #7 type] 
Type WSDLDocument is not enhanced.

[2013-02-27 22:50:17 #8 type] 
Type DecompressedMatrix is not enhanced.

[2013-02-27 22:50:17 #9 type] 
Type DocumentWordVector is not enhanced.

[2013-02-27 22:50:17 #10 type] 
Type WSDLCategory is not enhanced.

[2013-02-27 22:50:17 #11 type] 
Type WebServicesClusters is not enhanced.

------------------------------------------------------------------------------------------------------------------------

[2013-02-27 22:50:28 #1 store] 
Database 'D:\Dropbox\Thesis\GitHub\Web-Services-Indexing-In-P2P\database\objectdb\web_services_clusterer.odb' is opened by 3412@Billakos-PC

[2013-02-27 22:50:28 #2 type] 
Type FunctionWord is not enhanced.

[2013-02-27 22:50:28 #3 type] 
Type GeneralComputingWord is not enhanced.

[2013-02-27 22:50:28 #4 type] 
Type WordHits is not enhanced.

[2013-02-27 22:50:28 #5 type] 
Type QualityFactor is not enhanced.

[2013-02-27 22:50:28 #6 type] 
Type WebServicesCluster is not enhanced.

[2013-02-27 22:50:28 #7 type] 
Type WSDLDocument is not enhanced.

[2013-02-27 22:50:28 #8 type] 
Type DecompressedMatrix is not enhanced.

[2013-02-27 22:50:28 #9 type] 
Type DocumentWordVector is not enhanced.

[2013-02-27 22:50:28 #10 type] 
Type WSDLCategory is not enhanced.

[2013-02-27 22:50:28 #11 type] 
Type WebServicesClusters is not enhanced.

------------------------------------------------------------------------------------------------------------------------

[2013-02-27 22:51:11 #1 store] 
Database 'D:\Dropbox\Thesis\GitHub\Web-Services-Indexing-In-P2P\database\objectdb\web_services_clusterer.odb' is opened by 5928@Billakos-PC

[2013-02-27 22:51:11 #2 type] 
Type FunctionWord is not enhanced.

[2013-02-27 22:51:11 #3 type] 
Type GeneralComputingWord is not enhanced.

[2013-02-27 22:51:11 #4 type] 
Type WordHits is not enhanced.

[2013-02-27 22:51:11 #5 type] 
Type QualityFactor is not enhanced.

[2013-02-27 22:51:11 #6 type] 
Type WebServicesCluster is not enhanced.

[2013-02-27 22:51:11 #7 type] 
Type WSDLDocument is not enhanced.

[2013-02-27 22:51:11 #8 type] 
Type DecompressedMatrix is not enhanced.

[2013-02-27 22:51:11 #9 type] 
Type DocumentWordVector is not enhanced.

[2013-02-27 22:51:11 #10 type] 
Type WSDLCategory is not enhanced.

[2013-02-27 22:51:11 #11 type] 
Type WebServicesClusters is not enhanced.

------------------------------------------------------------------------------------------------------------------------

[2013-02-27 23:38:31 #1 store] 
Database 'D:\Dropbox\Thesis\GitHub\Web-Services-Indexing-In-P2P\database\objectdb\web_services_clusterer.odb' has been recovered (tr. 98404-99308)

[2013-02-27 23:38:33 #2 store] 
Database 'D:\Dropbox\Thesis\GitHub\Web-Services-Indexing-In-P2P\database\objectdb\web_services_clusterer.odb' is opened by 5364@Billakos-PC

[2013-02-27 23:38:33 #3 type] 
Type FunctionWord is not enhanced.

[2013-02-27 23:38:33 #4 type] 
Type GeneralComputingWord is not enhanced.

[2013-02-27 23:38:33 #5 type] 
Type WordHits is not enhanced.

[2013-02-27 23:38:33 #6 type] 
Type QualityFactor is not enhanced.

[2013-02-27 23:38:33 #7 type] 
Type WebServicesCluster is not enhanced.

[2013-02-27 23:38:33 #8 type] 
Type WSDLDocument is not enhanced.

[2013-02-27 23:38:33 #9 type] 
Type DecompressedMatrix is not enhanced.

[2013-02-27 23:38:33 #10 type] 
Type DocumentWordVector is not enhanced.

[2013-02-27 23:38:33 #11 type] 
Type WSDLCategory is not enhanced.

[2013-02-27 23:38:33 #12 type] 
Type WebServicesClusters is not enhanced.

------------------------------------------------------------------------------------------------------------------------

[2013-02-27 23:39:01 #1 store] 
Database 'D:\Dropbox\Thesis\GitHub\Web-Services-Indexing-In-P2P\database\objectdb\web_services_clusterer.odb' has been recovered (tr. 99310-99310)

[2013-02-27 23:39:02 #2 store] 
Database 'D:\Dropbox\Thesis\GitHub\Web-Services-Indexing-In-P2P\database\objectdb\web_services_clusterer.odb' is opened by 5420@Billakos-PC

------------------------------------------------------------------------------------------------------------------------

[2013-02-27 23:39:04 #1 store] 
Database 'D:\Dropbox\Thesis\GitHub\Web-Services-Indexing-In-P2P\database\objectdb\web_services_clusterer.odb' is opened by 1172@Billakos-PC

[2013-02-27 23:39:04 #2 type] 
Type FunctionWord is not enhanced.

[2013-02-27 23:39:04 #3 type] 
Type GeneralComputingWord is not enhanced.

[2013-02-27 23:39:04 #4 type] 
Type WordHits is not enhanced.

[2013-02-27 23:39:04 #5 type] 
Type QualityFactor is not enhanced.

[2013-02-27 23:39:04 #6 type] 
Type WebServicesCluster is not enhanced.

[2013-02-27 23:39:04 #7 type] 
Type WSDLDocument is not enhanced.

[2013-02-27 23:39:04 #8 type] 
Type DecompressedMatrix is not enhanced.

[2013-02-27 23:39:04 #9 type] 
Type DocumentWordVector is not enhanced.

[2013-02-27 23:39:04 #10 type] 
Type WSDLCategory is not enhanced.

[2013-02-27 23:39:04 #11 type] 
Type WebServicesClusters is not enhanced.

[2013-02-27 23:42:15 #12 store] 
Database 'D:\Dropbox\Thesis\GitHub\Web-Services-Indexing-In-P2P\database\objectdb\web_services_clusterer.odb' is closed by 1172@Billakos-PC

------------------------------------------------------------------------------------------------------------------------

[2013-02-27 23:42:42 #1 store] 
Database 'D:\Dropbox\Thesis\GitHub\Web-Services-Indexing-In-P2P\database\objectdb\web_services_clusterer.odb' is opened by 5496@Billakos-PC

[2013-02-27 23:42:57 #2 store] 
Database 'D:\Dropbox\Thesis\GitHub\Web-Services-Indexing-In-P2P\database\objectdb\web_services_clusterer.odb' is closed by 5496@Billakos-PC

------------------------------------------------------------------------------------------------------------------------

[2013-02-27 23:44:20 #1 store] 
Database 'D:\Dropbox\Thesis\GitHub\Web-Services-Indexing-In-P2P\database\objectdb\web_services_clusterer.odb' is opened by 1812@Billakos-PC

[2013-02-27 23:44:20 #2 type] 
Type FunctionWord is not enhanced.

[2013-02-27 23:44:20 #3 type] 
Type GeneralComputingWord is not enhanced.

[2013-02-27 23:44:20 #4 type] 
Type WordHits is not enhanced.

[2013-02-27 23:44:20 #5 type] 
Type QualityFactor is not enhanced.

[2013-02-27 23:44:20 #6 type] 
Type WebServicesCluster is not enhanced.

[2013-02-27 23:44:20 #7 type] 
Type WSDLDocument is not enhanced.

[2013-02-27 23:44:20 #8 type] 
Type DecompressedMatrix is not enhanced.

[2013-02-27 23:44:20 #9 type] 
Type DocumentWordVector is not enhanced.

[2013-02-27 23:44:20 #10 type] 
Type WSDLCategory is not enhanced.

[2013-02-27 23:44:20 #11 type] 
Type WebServicesClusters is not enhanced.

------------------------------------------------------------------------------------------------------------------------

[2013-02-27 23:45:01 #1 store] 
Database 'D:\Dropbox\Thesis\GitHub\Web-Services-Indexing-In-P2P\database\objectdb\web_services_clusterer.odb' has been recovered (tr. 99323-99324)

[2013-02-27 23:45:01 #2 store] 
Database 'D:\Dropbox\Thesis\GitHub\Web-Services-Indexing-In-P2P\database\objectdb\web_services_clusterer.odb' is opened by 5400@Billakos-PC

[2013-02-27 23:45:01 #3 type] 
Type FunctionWord is not enhanced.

[2013-02-27 23:45:01 #4 type] 
Type GeneralComputingWord is not enhanced.

[2013-02-27 23:45:01 #5 type] 
Type WordHits is not enhanced.

[2013-02-27 23:45:01 #6 type] 
Type QualityFactor is not enhanced.

[2013-02-27 23:45:01 #7 type] 
Type WebServicesCluster is not enhanced.

[2013-02-27 23:45:01 #8 type] 
Type WSDLDocument is not enhanced.

[2013-02-27 23:45:01 #9 type] 
Type DecompressedMatrix is not enhanced.

[2013-02-27 23:45:01 #10 type] 
Type DocumentWordVector is not enhanced.

[2013-02-27 23:45:01 #11 type] 
Type WSDLCategory is not enhanced.

[2013-02-27 23:45:01 #12 type] 
Type WebServicesClusters is not enhanced.

[2013-02-27 23:47:48 #13 store] 
Database 'D:\Dropbox\Thesis\GitHub\Web-Services-Indexing-In-P2P\database\objectdb\web_services_clusterer.odb' is closed by 5400@Billakos-PC

