------------------------------------------------------------------------------------------------------------------------

[2013-03-01 00:00:37 #1 store] 
Database 'D:\Dropbox\Thesis\GitHub\Web-Services-Indexing-In-P2P\database\objectdb\web_services_clusterer.odb' is opened by 4656@Billakos-PC

[2013-03-01 00:00:37 #2 type] 
Type FunctionWord is not enhanced.

[2013-03-01 00:00:37 #3 type] 
Type GeneralComputingWord is not enhanced.

[2013-03-01 00:00:37 #4 type] 
Type WordHits is not enhanced.

[2013-03-01 00:00:37 #5 type] 
Type QualityFactor is not enhanced.

[2013-03-01 00:00:37 #6 type] 
Type WebServicesCluster is not enhanced.

[2013-03-01 00:00:37 #7 type] 
Type WSDLDocument is not enhanced.

[2013-03-01 00:00:37 #8 type] 
Type DecompressedMatrix is not enhanced.

[2013-03-01 00:00:37 #9 type] 
Type DocumentWordVector is not enhanced.

[2013-03-01 00:00:37 #10 type] 
Type WSDLCategory is not enhanced.

[2013-03-01 00:00:37 #11 type] 
Type WebServicesClusters is not enhanced.

[2013-03-01 00:03:27 #12 store] 
Database 'D:\Dropbox\Thesis\GitHub\Web-Services-Indexing-In-P2P\database\objectdb\web_services_clusterer.odb' is closed by 4656@Billakos-PC

------------------------------------------------------------------------------------------------------------------------

[2013-03-01 00:10:58 #1 store] 
Database 'D:\Dropbox\Thesis\GitHub\Web-Services-Indexing-In-P2P\database\objectdb\web_services_clusterer.odb' is opened by 5596@Billakos-PC

[2013-03-01 00:10:58 #2 type] 
Type FunctionWord is not enhanced.

[2013-03-01 00:10:58 #3 type] 
Type GeneralComputingWord is not enhanced.

[2013-03-01 00:10:58 #4 type] 
Type WordHits is not enhanced.

[2013-03-01 00:10:58 #5 type] 
Type QualityFactor is not enhanced.

[2013-03-01 00:10:58 #6 type] 
Type WebServicesCluster is not enhanced.

[2013-03-01 00:10:58 #7 type] 
Type WSDLDocument is not enhanced.

[2013-03-01 00:10:58 #8 type] 
Type DecompressedMatrix is not enhanced.

[2013-03-01 00:10:58 #9 type] 
Type DocumentWordVector is not enhanced.

[2013-03-01 00:10:58 #10 type] 
Type WSDLCategory is not enhanced.

[2013-03-01 00:10:58 #11 type] 
Type WebServicesClusters is not enhanced.

[2013-03-01 00:13:51 #12 store] 
Database 'D:\Dropbox\Thesis\GitHub\Web-Services-Indexing-In-P2P\database\objectdb\web_services_clusterer.odb' is closed by 5596@Billakos-PC

------------------------------------------------------------------------------------------------------------------------

[2013-03-01 08:28:16 #1 store] 
Database 'D:\Dropbox\Thesis\GitHub\Web-Services-Indexing-In-P2P\database\objectdb\web_services_clusterer.odb' is opened by 4728@Billakos-PC

[2013-03-01 08:28:17 #2 type] 
Type FunctionWord is not enhanced.

[2013-03-01 08:28:17 #3 type] 
Type GeneralComputingWord is not enhanced.

[2013-03-01 08:28:17 #4 type] 
Type WordHits is not enhanced.

[2013-03-01 08:28:17 #5 type] 
Type QualityFactor is not enhanced.

[2013-03-01 08:28:17 #6 type] 
Type WebServicesCluster is not enhanced.

[2013-03-01 08:28:17 #7 type] 
Type WSDLDocument is not enhanced.

[2013-03-01 08:28:17 #8 type] 
Type DecompressedMatrix is not enhanced.

[2013-03-01 08:28:17 #9 type] 
Type DocumentWordVector is not enhanced.

[2013-03-01 08:28:17 #10 type] 
Type WSDLCategory is not enhanced.

[2013-03-01 08:28:17 #11 type] 
Type WebServicesClusters is not enhanced.

[2013-03-01 08:31:22 #12 store] 
Database 'D:\Dropbox\Thesis\GitHub\Web-Services-Indexing-In-P2P\database\objectdb\web_services_clusterer.odb' is closed by 4728@Billakos-PC

------------------------------------------------------------------------------------------------------------------------

[2013-03-01 08:31:56 #1 store] 
Database 'D:\Dropbox\Thesis\GitHub\Web-Services-Indexing-In-P2P\database\objectdb\web_services_clusterer.odb' is opened by 4968@Billakos-PC

[2013-03-01 08:32:19 #2 store] 
Database 'D:\Dropbox\Thesis\GitHub\Web-Services-Indexing-In-P2P\database\objectdb\web_services_clusterer.odb' is closed by 4968@Billakos-PC

------------------------------------------------------------------------------------------------------------------------

[2013-03-01 10:16:16 #1 store] 
Database 'C:\Users\Billly\Dropbox\Thesis\GitHub\Web-Services-Indexing-In-P2P\database\objectdb\web_services_clusterer.odb' is opened by 884@Lab-PC

[2013-03-01 10:16:17 #2 type] 
Type FunctionWord is not enhanced.

[2013-03-01 10:16:17 #3 type] 
Type GeneralComputingWord is not enhanced.

[2013-03-01 10:16:17 #4 type] 
Type WordHits is not enhanced.

[2013-03-01 10:16:17 #5 type] 
Type QualityFactor is not enhanced.

[2013-03-01 10:16:17 #6 type] 
Type WebServicesCluster is not enhanced.

[2013-03-01 10:16:17 #7 type] 
Type WSDLDocument is not enhanced.

[2013-03-01 10:16:17 #8 type] 
Type DecompressedMatrix is not enhanced.

[2013-03-01 10:16:17 #9 type] 
Type DocumentWordVector is not enhanced.

[2013-03-01 10:16:17 #10 type] 
Type WSDLCategory is not enhanced.

[2013-03-01 10:16:17 #11 type] 
Type WebServicesClusters is not enhanced.

------------------------------------------------------------------------------------------------------------------------

[2013-03-01 10:17:14 #1 store] 
Database 'C:\Users\Billly\Dropbox\Thesis\GitHub\Web-Services-Indexing-In-P2P\database\objectdb\web_services_clusterer.odb' is opened by 2028@Lab-PC

[2013-03-01 10:17:15 #2 type] 
Type FunctionWord is not enhanced.

[2013-03-01 10:17:15 #3 type] 
Type GeneralComputingWord is not enhanced.

[2013-03-01 10:17:15 #4 type] 
Type WordHits is not enhanced.

[2013-03-01 10:17:15 #5 type] 
Type QualityFactor is not enhanced.

[2013-03-01 10:17:15 #6 type] 
Type WebServicesCluster is not enhanced.

[2013-03-01 10:17:15 #7 type] 
Type WSDLDocument is not enhanced.

[2013-03-01 10:17:15 #8 type] 
Type DecompressedMatrix is not enhanced.

[2013-03-01 10:17:15 #9 type] 
Type DocumentWordVector is not enhanced.

[2013-03-01 10:17:15 #10 type] 
Type WSDLCategory is not enhanced.

[2013-03-01 10:17:15 #11 type] 
Type WebServicesClusters is not enhanced.

------------------------------------------------------------------------------------------------------------------------

[2013-03-01 10:20:42 #1 store] 
Database 'C:\Users\Billly\Dropbox\Thesis\GitHub\Web-Services-Indexing-In-P2P\database\objectdb\web_services_clusterer.odb' is opened by 5276@Lab-PC

[2013-03-01 10:20:42 #2 type] 
Type FunctionWord is not enhanced.

[2013-03-01 10:20:42 #3 type] 
Type GeneralComputingWord is not enhanced.

[2013-03-01 10:20:42 #4 type] 
Type WordHits is not enhanced.

[2013-03-01 10:20:42 #5 type] 
Type QualityFactor is not enhanced.

[2013-03-01 10:20:42 #6 type] 
Type WebServicesCluster is not enhanced.

[2013-03-01 10:20:42 #7 type] 
Type WSDLDocument is not enhanced.

[2013-03-01 10:20:42 #8 type] 
Type DecompressedMatrix is not enhanced.

[2013-03-01 10:20:42 #9 type] 
Type DocumentWordVector is not enhanced.

[2013-03-01 10:20:42 #10 type] 
Type WSDLCategory is not enhanced.

[2013-03-01 10:20:42 #11 type] 
Type WebServicesClusters is not enhanced.

------------------------------------------------------------------------------------------------------------------------

[2013-03-01 10:21:27 #1 store] 
Database 'C:\Users\Billly\Dropbox\Thesis\GitHub\Web-Services-Indexing-In-P2P\database\objectdb\web_services_clusterer.odb' is opened by 5480@Lab-PC

[2013-03-01 10:21:28 #2 type] 
Type FunctionWord is not enhanced.

[2013-03-01 10:21:28 #3 type] 
Type GeneralComputingWord is not enhanced.

[2013-03-01 10:21:28 #4 type] 
Type WordHits is not enhanced.

[2013-03-01 10:21:28 #5 type] 
Type QualityFactor is not enhanced.

[2013-03-01 10:21:28 #6 type] 
Type WebServicesCluster is not enhanced.

[2013-03-01 10:21:28 #7 type] 
Type WSDLDocument is not enhanced.

[2013-03-01 10:21:28 #8 type] 
Type DecompressedMatrix is not enhanced.

[2013-03-01 10:21:28 #9 type] 
Type DocumentWordVector is not enhanced.

[2013-03-01 10:21:28 #10 type] 
Type WSDLCategory is not enhanced.

[2013-03-01 10:21:28 #11 type] 
Type WebServicesClusters is not enhanced.

------------------------------------------------------------------------------------------------------------------------

[2013-03-01 10:23:46 #1 store] 
Database 'C:\Users\Billly\Dropbox\Thesis\GitHub\Web-Services-Indexing-In-P2P\database\objectdb\web_services_clusterer.odb' is opened by 5856@Lab-PC

[2013-03-01 10:23:46 #2 type] 
Type FunctionWord is not enhanced.

[2013-03-01 10:23:46 #3 type] 
Type GeneralComputingWord is not enhanced.

[2013-03-01 10:23:46 #4 type] 
Type WordHits is not enhanced.

[2013-03-01 10:23:46 #5 type] 
Type QualityFactor is not enhanced.

[2013-03-01 10:23:46 #6 type] 
Type WebServicesCluster is not enhanced.

[2013-03-01 10:23:46 #7 type] 
Type WSDLDocument is not enhanced.

[2013-03-01 10:23:46 #8 type] 
Type DecompressedMatrix is not enhanced.

[2013-03-01 10:23:46 #9 type] 
Type DocumentWordVector is not enhanced.

[2013-03-01 10:23:46 #10 type] 
Type WSDLCategory is not enhanced.

[2013-03-01 10:23:46 #11 type] 
Type WebServicesClusters is not enhanced.

------------------------------------------------------------------------------------------------------------------------

[2013-03-01 10:27:05 #1 store] 
Database 'C:\Users\Billly\Dropbox\Thesis\GitHub\Web-Services-Indexing-In-P2P\database\objectdb\web_services_clusterer.odb' is opened by 4780@Lab-PC

[2013-03-01 10:27:05 #2 type] 
Type FunctionWord is not enhanced.

[2013-03-01 10:27:05 #3 type] 
Type GeneralComputingWord is not enhanced.

[2013-03-01 10:27:05 #4 type] 
Type WordHits is not enhanced.

[2013-03-01 10:27:05 #5 type] 
Type QualityFactor is not enhanced.

[2013-03-01 10:27:05 #6 type] 
Type WebServicesCluster is not enhanced.

[2013-03-01 10:27:05 #7 type] 
Type WSDLDocument is not enhanced.

[2013-03-01 10:27:05 #8 type] 
Type DecompressedMatrix is not enhanced.

[2013-03-01 10:27:05 #9 type] 
Type DocumentWordVector is not enhanced.

[2013-03-01 10:27:05 #10 type] 
Type WSDLCategory is not enhanced.

[2013-03-01 10:27:05 #11 type] 
Type WebServicesClusters is not enhanced.

------------------------------------------------------------------------------------------------------------------------

[2013-03-01 10:27:24 #1 store] 
Database 'C:\Users\Billly\Dropbox\Thesis\GitHub\Web-Services-Indexing-In-P2P\database\objectdb\web_services_clusterer.odb' has been recovered (tr. 99475-99475)

[2013-03-01 10:27:24 #2 store] 
Database 'C:\Users\Billly\Dropbox\Thesis\GitHub\Web-Services-Indexing-In-P2P\database\objectdb\web_services_clusterer.odb' is opened by 5676@Lab-PC

[2013-03-01 10:27:58 #3 store] 
Database 'C:\Users\Billly\Dropbox\Thesis\GitHub\Web-Services-Indexing-In-P2P\database\objectdb\web_services_clusterer.odb' is closed by 5676@Lab-PC

[2013-03-01 10:27:58 #4 store] 
Database 'C:\Users\Billly\Dropbox\Thesis\GitHub\Web-Services-Indexing-In-P2P\database\objectdb\web_services_clusterer_20130301.odb' is opened by 5676@Lab-PC

[2013-03-01 10:28:07 #5 store] 
Database 'C:\Users\Billly\Dropbox\Thesis\GitHub\Web-Services-Indexing-In-P2P\database\objectdb\web_services_clusterer_20130301.odb' is closed by 5676@Lab-PC

------------------------------------------------------------------------------------------------------------------------

[2013-03-01 10:28:57 #1 store] 
Database 'C:\Users\Billly\Dropbox\Thesis\GitHub\Web-Services-Indexing-In-P2P\database\objectdb\web_services_clusterer_20130301.odb' is opened by 6068@Lab-PC

[2013-03-01 10:29:09 #2 store] 
Database 'C:\Users\Billly\Dropbox\Thesis\GitHub\Web-Services-Indexing-In-P2P\database\objectdb\web_services_clusterer_20130301.odb' is closed by 6068@Lab-PC

