------------------------------------------------------------------------------------------------------------------------

[2013-03-07 23:12:42 #1 store] 
Database 'D:\Dropbox\Thesis\GitHub\Web-Services-Indexing-In-P2P\database\objectdb\web_services_clusterer.odb' is opened by 1348@Billakos-PC

[2013-03-07 23:13:37 #2 store] 
Database 'D:\Dropbox\Thesis\GitHub\Web-Services-Indexing-In-P2P\database\objectdb\web_services_clusterer.odb' is closed by 1348@Billakos-PC

[2013-03-08 00:36:18 #3 store] 
Database 'D:\Dropbox\Thesis\GitHub\Web-Services-Indexing-In-P2P\database\objectdb\web_services_clusterer.odb' is opened by 1348@Billakos-PC

[2013-03-08 00:37:22 #4 store] 
Database 'D:\Dropbox\Thesis\GitHub\Web-Services-Indexing-In-P2P\database\objectdb\web_services_clusterer.odb' is closed by 1348@Billakos-PC

[2013-03-08 00:43:15 #5 store] 
Database 'D:\Dropbox\Thesis\GitHub\Web-Services-Indexing-In-P2P\database\objectdb\web_services_clusterer_20130228.odb' is opened by 1348@Billakos-PC

[2013-03-08 00:43:59 #6 store] 
Database 'D:\Dropbox\Thesis\GitHub\Web-Services-Indexing-In-P2P\database\objectdb\web_services_clusterer_20130228.odb' is closed by 1348@Billakos-PC

[2013-03-08 00:44:29 #7 store] 
Database 'D:\Dropbox\Thesis\GitHub\Web-Services-Indexing-In-P2P\libs\objectdb-2.4.6_01\db\points.odb' is opened by 1348@Billakos-PC

[2013-03-08 00:44:31 #8 store] 
Database 'D:\Dropbox\Thesis\GitHub\Web-Services-Indexing-In-P2P\libs\objectdb-2.4.6_01\db\points.odb' is closed by 1348@Billakos-PC

[2013-03-08 00:44:33 #9 store] 
Database 'D:\Dropbox\Thesis\GitHub\Web-Services-Indexing-In-P2P\libs\objectdb-2.4.6_01\db\points.odb' is opened by 1348@Billakos-PC

[2013-03-08 00:44:36 #10 store] 
Database 'D:\Dropbox\Thesis\GitHub\Web-Services-Indexing-In-P2P\libs\objectdb-2.4.6_01\db\points.odb' is closed by 1348@Billakos-PC

[2013-03-08 00:44:38 #11 store] 
Database 'D:\Dropbox\Thesis\GitHub\Web-Services-Indexing-In-P2P\database\objectdb\web_services_clusterer.odb' is opened by 1348@Billakos-PC

[2013-03-08 00:46:50 #12 store] 
Database 'D:\Dropbox\Thesis\GitHub\Web-Services-Indexing-In-P2P\database\objectdb\web_services_clusterer.odb' is closed by 1348@Billakos-PC

[2013-03-08 00:51:55 #13 store] 
Database 'D:\Dropbox\Thesis\GitHub\Web-Services-Indexing-In-P2P\database\objectdb\web_services_clusterer.odb' is opened by 1348@Billakos-PC

[2013-03-08 00:53:24 #14 store] 
Database 'D:\Dropbox\Thesis\GitHub\Web-Services-Indexing-In-P2P\database\objectdb\web_services_clusterer.odb' is closed by 1348@Billakos-PC

[2013-03-08 00:55:06 #15 explorer] 
[ObjectDB 2.4.6_01] javax.persistence.PersistenceException
Attempt to open a database file 'D:\Dropbox\Thesis\GitHub\Web-Services-Indexing-In-P2P\database\objectdb\web_services_clusterer.odb' that is currently in use by another process (error 141)
	at javax.swing.AbstractButton.fireActionPerformed(Unknown Source)
	at javax.swing.AbstractButton$Handler.actionPerformed(Unknown Source)
	at javax.swing.DefaultButtonModel.fireActionPerformed(Unknown Source)
	at javax.swing.DefaultButtonModel.setPressed(Unknown Source)
	at javax.swing.AbstractButton.doClick(Unknown Source)
	at javax.swing.plaf.basic.BasicMenuItemUI.doClick(Unknown Source)
	at javax.swing.plaf.basic.BasicMenuItemUI$Handler.mouseReleased(Unknown Source)
	at java.awt.Component.processMouseEvent(Unknown Source)
	at javax.swing.JComponent.processMouseEvent(Unknown Source)
	at java.awt.Component.processEvent(Unknown Source)
	at java.awt.Container.processEvent(Unknown Source)
	at java.awt.Component.dispatchEventImpl(Unknown Source)
	at java.awt.Container.dispatchEventImpl(Unknown Source)
	at java.awt.Component.dispatchEvent(Unknown Source)
	at java.awt.LightweightDispatcher.retargetMouseEvent(Unknown Source)
	at java.awt.LightweightDispatcher.processMouseEvent(Unknown Source)
	at java.awt.LightweightDispatcher.dispatchEvent(Unknown Source)
	at java.awt.Container.dispatchEventImpl(Unknown Source)
	at java.awt.Window.dispatchEventImpl(Unknown Source)
	at java.awt.Component.dispatchEvent(Unknown Source)
	at java.awt.EventQueue.dispatchEventImpl(Unknown Source)
	at java.awt.EventQueue.access$200(Unknown Source)
	at java.awt.EventQueue$3.run(Unknown Source)
	at java.awt.EventQueue$3.run(Unknown Source)
	at java.security.AccessController.doPrivileged(Native Method)
	at java.security.ProtectionDomain$1.doIntersectionPrivilege(Unknown Source)
	at java.security.ProtectionDomain$1.doIntersectionPrivilege(Unknown Source)
	at java.awt.EventQueue$4.run(Unknown Source)
	at java.awt.EventQueue$4.run(Unknown Source)
	at java.security.AccessController.doPrivileged(Native Method)
	at java.security.ProtectionDomain$1.doIntersectionPrivilege(Unknown Source)
	at java.awt.EventQueue.dispatchEvent(Unknown Source)
	at java.awt.EventDispatchThread.pumpOneEventForFilters(Unknown Source)
	at java.awt.EventDispatchThread.pumpEventsForFilter(Unknown Source)
	at java.awt.EventDispatchThread.pumpEventsForHierarchy(Unknown Source)
	at java.awt.EventDispatchThread.pumpEvents(Unknown Source)
	at java.awt.EventDispatchThread.pumpEvents(Unknown Source)
	at java.awt.EventDispatchThread.run(Unknown Source)
Caused by: com.objectdb.o.UserException: Attempt to open a database file 'D:\Dropbox\Thesis\GitHub\Web-Services-Indexing-In-P2P\database\objectdb\web_services_clusterer.odb' that is currently in use by another process
	at com.objectdb.o.MSG.d(MSG.java:61)
	at com.objectdb.o.LFL.O(LFL.java:913)
	at com.objectdb.o.LFL.I(LFL.java:859)
	at com.objectdb.o.LFL.I(LFL.java:769)
	at com.objectdb.o.SFL.<init>(SFL.java:226)
	at com.objectdb.o.MST.<init>(MST.java:109)
	at com.objectdb.o.MST.aI(MST.java:94)
	at com.objectdb.o.MSF.UK(MSF.java:178)
	at com.objectdb.o.OMF.am(OMF.java:758)
	at com.objectdb.jpa.EMF.am(EMF.java:232)
	at com.objectdb.o.OMF.al(OMF.java:699)
	at com.objectdb.jpa.EMF.createEntityManager(EMF.java:250)
	... 40 more

[2013-03-08 00:55:09 #16 store] 
Database 'D:\Dropbox\Thesis\GitHub\Web-Services-Indexing-In-P2P\database\objectdb\web_services_clusterer.odb' is opened by 1348@Billakos-PC

