------------------------------------------------------------------------------------------------------------------------

[2013-03-09 10:28:43 #1 store] 
Database 'D:\Dropbox\Thesis\GitHub\Web-Services-Indexing-In-P2P\database\objectdb\web_services_clusterer.odb' is opened by 6244@Billakos-PC

[2013-03-09 11:57:56 #2 store] 
Database 'D:\Dropbox\Thesis\GitHub\Web-Services-Indexing-In-P2P\database\objectdb\web_services_clusterer.odb' is closed by 6244@Billakos-PC

------------------------------------------------------------------------------------------------------------------------

[2013-03-09 11:58:01 #1 store] 
Database 'D:\Dropbox\Thesis\GitHub\Web-Services-Indexing-In-P2P\database\objectdb\web_services_clusterer.odb' is opened by 6204@Billakos-PC

[2013-03-09 11:58:02 #2 type] 
Type FunctionWord is not enhanced.

[2013-03-09 11:58:02 #3 type] 
Type GeneralComputingWord is not enhanced.

[2013-03-09 11:58:02 #4 type] 
Type WordHits is not enhanced.

[2013-03-09 11:58:02 #5 type] 
Type QualityFactor is not enhanced.

[2013-03-09 11:58:02 #6 type] 
Type WebServicesCluster is not enhanced.

[2013-03-09 11:58:02 #7 type] 
Type WSDLDocument is not enhanced.

[2013-03-09 11:58:02 #8 type] 
Type DecompressedMatrix is not enhanced.

[2013-03-09 11:58:02 #9 type] 
Type DocumentWordVector is not enhanced.

[2013-03-09 11:58:02 #10 type] 
Type WSDLCategory is not enhanced.

[2013-03-09 11:58:02 #11 type] 
Type WebServicesClusters is not enhanced.

[2013-03-09 11:58:37 #12 store] 
Database 'D:\Dropbox\Thesis\GitHub\Web-Services-Indexing-In-P2P\database\objectdb\web_services_clusterer.odb' is closed by 6204@Billakos-PC

[2013-03-09 11:58:43 #3 store] 
Database 'D:\Dropbox\Thesis\GitHub\Web-Services-Indexing-In-P2P\database\objectdb\web_services_clusterer.odb' is opened by 6244@Billakos-PC

[2013-03-09 12:04:18 #4 store] 
Database 'D:\Dropbox\Thesis\GitHub\Web-Services-Indexing-In-P2P\database\objectdb\web_services_clusterer.odb' is closed by 6244@Billakos-PC

------------------------------------------------------------------------------------------------------------------------

[2013-03-09 12:04:23 #1 store] 
Database 'D:\Dropbox\Thesis\GitHub\Web-Services-Indexing-In-P2P\database\objectdb\web_services_clusterer.odb' is opened by 5400@Billakos-PC

[2013-03-09 12:04:23 #2 type] 
Type FunctionWord is not enhanced.

[2013-03-09 12:04:23 #3 type] 
Type GeneralComputingWord is not enhanced.

[2013-03-09 12:04:23 #4 type] 
Type WordHits is not enhanced.

[2013-03-09 12:04:23 #5 type] 
Type QualityFactor is not enhanced.

[2013-03-09 12:04:23 #6 type] 
Type WebServicesCluster is not enhanced.

[2013-03-09 12:04:23 #7 type] 
Type WSDLDocument is not enhanced.

[2013-03-09 12:04:23 #8 type] 
Type DecompressedMatrix is not enhanced.

[2013-03-09 12:04:23 #9 type] 
Type DocumentWordVector is not enhanced.

[2013-03-09 12:04:23 #10 type] 
Type WSDLCategory is not enhanced.

[2013-03-09 12:04:23 #11 type] 
Type WebServicesClusters is not enhanced.

[2013-03-09 12:04:58 #12 store] 
Database 'D:\Dropbox\Thesis\GitHub\Web-Services-Indexing-In-P2P\database\objectdb\web_services_clusterer.odb' is closed by 5400@Billakos-PC

[2013-03-09 12:05:11 #5 store] 
Database 'D:\Dropbox\Thesis\GitHub\Web-Services-Indexing-In-P2P\database\objectdb\web_services_clusterer.odb' is opened by 6244@Billakos-PC

[2013-03-09 17:30:06 #6 store] 
Database 'D:\Dropbox\Thesis\GitHub\Web-Services-Indexing-In-P2P\database\objectdb\web_services_clusterer.odb' is closed by 6244@Billakos-PC

------------------------------------------------------------------------------------------------------------------------

[2013-03-09 19:34:29 #1 store] 
Database 'D:\Dropbox\Thesis\GitHub\Web-Services-Indexing-In-P2P\database\objectdb\web_services_clusterer.odb' is opened by 6580@Billakos-PC

[2013-03-09 20:40:25 #2 store] 
Database 'D:\Dropbox\Thesis\GitHub\Web-Services-Indexing-In-P2P\database\objectdb\web_services_clusterer.odb' is closed by 6580@Billakos-PC

------------------------------------------------------------------------------------------------------------------------

[2013-03-09 20:40:25 #1 store] 
Database 'D:\Dropbox\Thesis\GitHub\Web-Services-Indexing-In-P2P\database\objectdb\web_services_clusterer.odb' is opened by 3228@Billakos-PC

[2013-03-09 20:40:26 #2 type] 
Type FunctionWord is not enhanced.

[2013-03-09 20:40:26 #3 type] 
Type GeneralComputingWord is not enhanced.

[2013-03-09 20:40:26 #4 type] 
Type WordHits is not enhanced.

[2013-03-09 20:40:26 #5 type] 
Type QualityFactor is not enhanced.

[2013-03-09 20:40:26 #6 type] 
Type WebServicesCluster is not enhanced.

[2013-03-09 20:40:26 #7 type] 
Type WSDLDocument is not enhanced.

[2013-03-09 20:40:26 #8 type] 
Type DecompressedMatrix is not enhanced.

[2013-03-09 20:40:26 #9 type] 
Type DocumentWordVector is not enhanced.

[2013-03-09 20:40:26 #10 type] 
Type WSDLCategory is not enhanced.

[2013-03-09 20:40:26 #11 type] 
Type WebServicesClusters is not enhanced.

[2013-03-09 20:40:26 #12 store] 
Database 'D:\Dropbox\Thesis\GitHub\Web-Services-Indexing-In-P2P\database\objectdb\web_services_clusterer.odb' is closed by 3228@Billakos-PC

------------------------------------------------------------------------------------------------------------------------

[2013-03-09 20:40:31 #1 store] 
Database 'D:\Dropbox\Thesis\GitHub\Web-Services-Indexing-In-P2P\database\objectdb\web_services_clusterer.odb' is opened by 5540@Billakos-PC

[2013-03-09 20:40:31 #2 type] 
Type FunctionWord is not enhanced.

[2013-03-09 20:40:31 #3 type] 
Type GeneralComputingWord is not enhanced.

[2013-03-09 20:40:31 #4 type] 
Type WordHits is not enhanced.

[2013-03-09 20:40:31 #5 type] 
Type QualityFactor is not enhanced.

[2013-03-09 20:40:31 #6 type] 
Type WebServicesCluster is not enhanced.

[2013-03-09 20:40:31 #7 type] 
Type WSDLDocument is not enhanced.

[2013-03-09 20:40:31 #8 type] 
Type DecompressedMatrix is not enhanced.

[2013-03-09 20:40:31 #9 type] 
Type DocumentWordVector is not enhanced.

[2013-03-09 20:40:31 #10 type] 
Type WSDLCategory is not enhanced.

[2013-03-09 20:40:31 #11 type] 
Type WebServicesClusters is not enhanced.

[2013-03-09 20:40:31 #12 store] 
Database 'D:\Dropbox\Thesis\GitHub\Web-Services-Indexing-In-P2P\database\objectdb\web_services_clusterer.odb' is closed by 5540@Billakos-PC

[2013-03-09 20:40:36 #3 store] 
Database 'D:\Dropbox\Thesis\GitHub\Web-Services-Indexing-In-P2P\database\objectdb\web_services_clusterer.odb' is opened by 6580@Billakos-PC

[2013-03-09 20:40:39 #4 store] 
Database 'D:\Dropbox\Thesis\GitHub\Web-Services-Indexing-In-P2P\database\objectdb\web_services_clusterer.odb' is closed by 6580@Billakos-PC

[2013-03-09 20:43:08 #5 store] 
Database 'D:\Dropbox\Thesis\GitHub\Web-Services-Indexing-In-P2P\database\objectdb\web_services_clusterer.odb' is opened by 6580@Billakos-PC

[2013-03-09 21:55:36 #6 store] 
Database 'D:\Dropbox\Thesis\GitHub\Web-Services-Indexing-In-P2P\database\objectdb\web_services_clusterer.odb' is closed by 6580@Billakos-PC

[2013-03-09 21:55:38 #7 store] 
Database 'D:\Dropbox\Thesis\GitHub\Web-Services-Indexing-In-P2P\database\objectdb\web_services_clusterer.odb' is opened by 6580@Billakos-PC

[2013-03-09 21:56:00 #8 store] 
Database 'D:\Dropbox\Thesis\GitHub\Web-Services-Indexing-In-P2P\database\objectdb\web_services_clusterer.odb' is closed by 6580@Billakos-PC

------------------------------------------------------------------------------------------------------------------------

[2013-03-09 22:04:16 #1 store] 
Database 'D:\Dropbox\Thesis\GitHub\Web-Services-Indexing-In-P2P\database\objectdb\web_services_clusterer.odb' is opened by 4456@Billakos-PC

[2013-03-09 22:04:51 #2 store] 
Database 'D:\Dropbox\Thesis\GitHub\Web-Services-Indexing-In-P2P\database\objectdb\web_services_clusterer.odb' is closed by 4456@Billakos-PC

