------------------------------------------------------------------------------------------------------------------------

[2013-02-13 23:19:09 #1 store] 
Database 'D:\Dropbox\Thesis\GitHub\Web-Services-Indexing-In-P2P\database\objectdb\web_services_clusterer.odb' is opened by 2056@Billakos-PC

[2013-02-13 23:19:10 #2 type] 
Type FunctionWord is not enhanced.

[2013-02-13 23:19:10 #3 type] 
Type GeneralComputingWord is not enhanced.

[2013-02-13 23:19:10 #4 type] 
Type WordHits is not enhanced.

[2013-02-13 23:19:10 #5 type] 
Type QualityFactor is not enhanced.

[2013-02-13 23:19:10 #6 type] 
Type WebServicesCluster is not enhanced.

[2013-02-13 23:19:10 #7 type] 
Type DecompressedMatrix is not enhanced.

[2013-02-13 23:19:10 #8 type] 
Type DocumentWordVector is not enhanced.

------------------------------------------------------------------------------------------------------------------------

[2013-02-13 23:21:06 #1 store] 
Database 'D:\Dropbox\Thesis\GitHub\Web-Services-Indexing-In-P2P\database\objectdb\web_services_clusterer.odb' is opened by 5920@Billakos-PC

[2013-02-13 23:21:06 #2 type] 
Type FunctionWord is not enhanced.

[2013-02-13 23:21:06 #3 type] 
Type GeneralComputingWord is not enhanced.

[2013-02-13 23:21:06 #4 type] 
Type WordHits is not enhanced.

[2013-02-13 23:21:06 #5 type] 
Type QualityFactor is not enhanced.

[2013-02-13 23:21:06 #6 type] 
Type WebServicesCluster is not enhanced.

[2013-02-13 23:21:06 #7 type] 
Type DecompressedMatrix is not enhanced.

[2013-02-13 23:21:06 #8 type] 
Type DocumentWordVector is not enhanced.

------------------------------------------------------------------------------------------------------------------------

[2013-02-13 23:21:42 #1 store] 
Database 'D:\Dropbox\Thesis\GitHub\Web-Services-Indexing-In-P2P\database\objectdb\web_services_clusterer.odb' is opened by 8336@Billakos-PC

[2013-02-13 23:21:42 #2 type] 
Type FunctionWord is not enhanced.

[2013-02-13 23:21:42 #3 type] 
Type GeneralComputingWord is not enhanced.

[2013-02-13 23:21:42 #4 type] 
Type WordHits is not enhanced.

[2013-02-13 23:21:42 #5 type] 
Type QualityFactor is not enhanced.

[2013-02-13 23:21:42 #6 type] 
Type WebServicesCluster is not enhanced.

[2013-02-13 23:21:42 #7 type] 
Type DecompressedMatrix is not enhanced.

[2013-02-13 23:21:42 #8 type] 
Type DocumentWordVector is not enhanced.

------------------------------------------------------------------------------------------------------------------------

[2013-02-13 23:22:28 #1 store] 
Database 'D:\Dropbox\Thesis\GitHub\Web-Services-Indexing-In-P2P\database\objectdb\web_services_clusterer.odb' is opened by 8792@Billakos-PC

[2013-02-13 23:22:28 #2 type] 
Type FunctionWord is not enhanced.

[2013-02-13 23:22:28 #3 type] 
Type GeneralComputingWord is not enhanced.

[2013-02-13 23:22:28 #4 type] 
Type WordHits is not enhanced.

[2013-02-13 23:22:28 #5 type] 
Type QualityFactor is not enhanced.

[2013-02-13 23:22:28 #6 type] 
Type WebServicesCluster is not enhanced.

[2013-02-13 23:22:28 #7 type] 
Type DecompressedMatrix is not enhanced.

[2013-02-13 23:22:28 #8 type] 
Type DocumentWordVector is not enhanced.

------------------------------------------------------------------------------------------------------------------------

[2013-02-13 23:27:45 #1 store] 
Database 'D:\Dropbox\Thesis\GitHub\Web-Services-Indexing-In-P2P\database\objectdb\web_services_clusterer.odb' is opened by 8652@Billakos-PC

[2013-02-13 23:27:46 #2 type] 
Type FunctionWord is not enhanced.

[2013-02-13 23:27:46 #3 type] 
Type GeneralComputingWord is not enhanced.

[2013-02-13 23:27:46 #4 type] 
Type WordHits is not enhanced.

[2013-02-13 23:27:46 #5 type] 
Type QualityFactor is not enhanced.

[2013-02-13 23:27:46 #6 type] 
Type WebServicesCluster is not enhanced.

[2013-02-13 23:27:46 #7 type] 
Type DecompressedMatrix is not enhanced.

[2013-02-13 23:27:46 #8 type] 
Type DocumentWordVector is not enhanced.

------------------------------------------------------------------------------------------------------------------------

[2013-02-13 23:35:54 #1 store] 
Database 'D:\Dropbox\Thesis\GitHub\Web-Services-Indexing-In-P2P\database\objectdb\web_services_clusterer.odb' is opened by 8440@Billakos-PC

[2013-02-13 23:35:56 #2 type] 
Type FunctionWord is not enhanced.

[2013-02-13 23:35:56 #3 type] 
Type GeneralComputingWord is not enhanced.

[2013-02-13 23:35:56 #4 type] 
Type WordHits is not enhanced.

[2013-02-13 23:35:56 #5 type] 
Type QualityFactor is not enhanced.

[2013-02-13 23:35:56 #6 type] 
Type WebServicesCluster is not enhanced.

[2013-02-13 23:35:56 #7 type] 
Type DecompressedMatrix is not enhanced.

[2013-02-13 23:35:56 #8 type] 
Type DocumentWordVector is not enhanced.

------------------------------------------------------------------------------------------------------------------------

[2013-02-13 23:38:59 #1 store] 
Database 'D:\Dropbox\Thesis\GitHub\Web-Services-Indexing-In-P2P\database\objectdb\web_services_clusterer.odb' is opened by 3868@Billakos-PC

[2013-02-13 23:38:59 #2 type] 
Type FunctionWord is not enhanced.

[2013-02-13 23:38:59 #3 type] 
Type GeneralComputingWord is not enhanced.

[2013-02-13 23:38:59 #4 type] 
Type WordHits is not enhanced.

[2013-02-13 23:38:59 #5 type] 
Type QualityFactor is not enhanced.

[2013-02-13 23:38:59 #6 type] 
Type WebServicesCluster is not enhanced.

[2013-02-13 23:38:59 #7 type] 
Type DecompressedMatrix is not enhanced.

[2013-02-13 23:38:59 #8 type] 
Type DocumentWordVector is not enhanced.

