------------------------------------------------------------------------------------------------------------------------

[2013-02-24 13:18:54 #1 store] 
Database 'D:\Dropbox\Thesis\GitHub\Web-Services-Indexing-In-P2P\database\objectdb\web_services_clusterer.odb' is opened by 1964@Billakos-PC

[2013-02-24 13:38:41 #2 store] 
Database 'D:\Dropbox\Thesis\GitHub\Web-Services-Indexing-In-P2P\database\objectdb\web_services_clusterer.odb' is closed by 1964@Billakos-PC

------------------------------------------------------------------------------------------------------------------------

[2013-02-24 13:41:23 #1 store] 
Database 'D:\Dropbox\Thesis\GitHub\Web-Services-Indexing-In-P2P\database\objectdb\web_services_clusterer.odb' is opened by 6392@Billakos-PC

[2013-02-24 13:41:23 #2 type] 
Type FunctionWord is not enhanced.

[2013-02-24 13:41:23 #3 type] 
Type GeneralComputingWord is not enhanced.

[2013-02-24 13:41:23 #4 type] 
Type WordHits is not enhanced.

[2013-02-24 13:41:23 #5 type] 
Type QualityFactor is not enhanced.

[2013-02-24 13:41:23 #6 type] 
Type WebServicesCluster is not enhanced.

[2013-02-24 13:41:23 #7 type] 
Type DecompressedMatrix is not enhanced.

[2013-02-24 13:41:23 #8 type] 
Type DocumentWordVector is not enhanced.

[2013-02-24 13:41:23 #9 type] 
Type WSDLCategory is not enhanced.

[2013-02-24 13:41:23 #10 store] 
Database 'D:\Dropbox\Thesis\GitHub\Web-Services-Indexing-In-P2P\database\objectdb\web_services_clusterer.odb' is closed by 6392@Billakos-PC

[2013-02-24 13:41:39 #3 store] 
Database 'D:\Dropbox\Thesis\GitHub\Web-Services-Indexing-In-P2P\database\objectdb\web_services_clusterer.odb' is opened by 1964@Billakos-PC

[2013-02-24 13:45:23 #4 store] 
Database 'D:\Dropbox\Thesis\GitHub\Web-Services-Indexing-In-P2P\database\objectdb\web_services_clusterer.odb' is closed by 1964@Billakos-PC

------------------------------------------------------------------------------------------------------------------------

[2013-02-24 13:48:10 #1 store] 
Database 'D:\Dropbox\Thesis\GitHub\Web-Services-Indexing-In-P2P\database\objectdb\web_services_clusterer.odb' is opened by 5236@Billakos-PC

[2013-02-24 13:48:11 #2 type] 
Type FunctionWord is not enhanced.

[2013-02-24 13:48:11 #3 type] 
Type GeneralComputingWord is not enhanced.

[2013-02-24 13:48:11 #4 type] 
Type WordHits is not enhanced.

[2013-02-24 13:48:11 #5 type] 
Type QualityFactor is not enhanced.

[2013-02-24 13:48:11 #6 type] 
Type WebServicesCluster is not enhanced.

[2013-02-24 13:48:11 #7 type] 
Type DecompressedMatrix is not enhanced.

[2013-02-24 13:48:11 #8 type] 
Type DocumentWordVector is not enhanced.

[2013-02-24 13:48:11 #9 type] 
Type WSDLCategory is not enhanced.

[2013-02-24 13:48:11 #10 store] 
Database 'D:\Dropbox\Thesis\GitHub\Web-Services-Indexing-In-P2P\database\objectdb\web_services_clusterer.odb' is closed by 5236@Billakos-PC

[2013-02-24 13:49:21 #5 store] 
Database 'D:\Dropbox\Thesis\GitHub\Web-Services-Indexing-In-P2P\database\objectdb\web_services_clusterer.odb' is opened by 1964@Billakos-PC

[2013-02-24 13:50:39 #6 store] 
Database 'D:\Dropbox\Thesis\GitHub\Web-Services-Indexing-In-P2P\database\objectdb\web_services_clusterer.odb' is closed by 1964@Billakos-PC

------------------------------------------------------------------------------------------------------------------------

[2013-02-24 13:53:22 #1 store] 
Database 'D:\Dropbox\Thesis\GitHub\Web-Services-Indexing-In-P2P\database\objectdb\web_services_clusterer.odb' is opened by 2104@Billakos-PC

[2013-02-24 13:53:22 #2 type] 
Type FunctionWord is not enhanced.

[2013-02-24 13:53:22 #3 type] 
Type GeneralComputingWord is not enhanced.

[2013-02-24 13:53:22 #4 type] 
Type WordHits is not enhanced.

[2013-02-24 13:53:22 #5 type] 
Type QualityFactor is not enhanced.

[2013-02-24 13:53:22 #6 type] 
Type WebServicesCluster is not enhanced.

[2013-02-24 13:53:22 #7 type] 
Type DecompressedMatrix is not enhanced.

[2013-02-24 13:53:22 #8 type] 
Type DocumentWordVector is not enhanced.

[2013-02-24 13:53:22 #9 type] 
Type WSDLCategory is not enhanced.

[2013-02-24 13:53:22 #10 store] 
Database 'D:\Dropbox\Thesis\GitHub\Web-Services-Indexing-In-P2P\database\objectdb\web_services_clusterer.odb' is closed by 2104@Billakos-PC

------------------------------------------------------------------------------------------------------------------------

[2013-02-24 15:17:20 #1 store] 
Database 'D:\Dropbox\Thesis\GitHub\Web-Services-Indexing-In-P2P\database\objectdb\web_services_clusterer.odb' is opened by 25512@Billakos-PC

[2013-02-24 15:17:42 #2 store] 
Database 'D:\Dropbox\Thesis\GitHub\Web-Services-Indexing-In-P2P\database\objectdb\web_services_clusterer.odb' is closed by 25512@Billakos-PC

------------------------------------------------------------------------------------------------------------------------

[2013-02-24 15:51:52 #1 store] 
Database 'D:\Dropbox\Thesis\GitHub\Web-Services-Indexing-In-P2P\database\objectdb\web_services_clusterer.odb' is opened by 15472@Billakos-PC

[2013-02-24 18:01:48 #2 store] 
Database 'D:\Dropbox\Thesis\GitHub\Web-Services-Indexing-In-P2P\database\objectdb\web_services_clusterer.odb' is closed by 15472@Billakos-PC

[2013-02-24 19:03:58 #3 store] 
Database 'D:\Dropbox\Thesis\GitHub\Web-Services-Indexing-In-P2P\database\objectdb\web_services_clusterer.odb' is opened by 15472@Billakos-PC

[2013-02-24 21:22:13 #4 store] 
Database 'D:\Dropbox\Thesis\GitHub\Web-Services-Indexing-In-P2P\database\objectdb\web_services_clusterer.odb' is closed by 15472@Billakos-PC

------------------------------------------------------------------------------------------------------------------------

[2013-02-24 21:23:49 #1 store] 
Database 'D:\Dropbox\Thesis\GitHub\Web-Services-Indexing-In-P2P\database\objectdb\web_services_clusterer.odb' is opened by 8732@Billakos-PC

[2013-02-24 21:23:49 #2 type] 
Type FunctionWord is not enhanced.

[2013-02-24 21:23:49 #3 type] 
Type GeneralComputingWord is not enhanced.

[2013-02-24 21:23:49 #4 type] 
Type WordHits is not enhanced.

[2013-02-24 21:23:49 #5 type] 
Type QualityFactor is not enhanced.

[2013-02-24 21:23:49 #6 type] 
Type WebServicesCluster is not enhanced.

[2013-02-24 21:23:49 #7 type] 
Type WSDLDocument is not enhanced.

[2013-02-24 21:23:49 #8 type] 
Type DecompressedMatrix is not enhanced.

[2013-02-24 21:23:49 #9 type] 
Type DocumentWordVector is not enhanced.

[2013-02-24 21:23:49 #10 type] 
Type WSDLCategory is not enhanced.

------------------------------------------------------------------------------------------------------------------------

[2013-02-24 21:24:47 #1 store] 
Database 'D:\Dropbox\Thesis\GitHub\Web-Services-Indexing-In-P2P\database\objectdb\web_services_clusterer.odb' has been recovered (tr. 91764-91764)

[2013-02-24 21:24:47 #2 store] 
Database 'D:\Dropbox\Thesis\GitHub\Web-Services-Indexing-In-P2P\database\objectdb\web_services_clusterer.odb' is opened by 9112@Billakos-PC

[2013-02-24 21:24:48 #3 type] 
Type FunctionWord is not enhanced.

[2013-02-24 21:24:48 #4 type] 
Type GeneralComputingWord is not enhanced.

[2013-02-24 21:24:48 #5 type] 
Type WordHits is not enhanced.

[2013-02-24 21:24:48 #6 type] 
Type QualityFactor is not enhanced.

[2013-02-24 21:24:48 #7 type] 
Type WebServicesCluster is not enhanced.

[2013-02-24 21:24:48 #8 type] 
Type WSDLDocument is not enhanced.

[2013-02-24 21:24:48 #9 type] 
Type DecompressedMatrix is not enhanced.

[2013-02-24 21:24:48 #10 type] 
Type DocumentWordVector is not enhanced.

[2013-02-24 21:24:48 #11 type] 
Type WSDLCategory is not enhanced.

------------------------------------------------------------------------------------------------------------------------

[2013-02-24 21:25:21 #1 store] 
Database 'D:\Dropbox\Thesis\GitHub\Web-Services-Indexing-In-P2P\database\objectdb\web_services_clusterer.odb' is opened by 3912@Billakos-PC

[2013-02-24 21:25:21 #2 type] 
Type FunctionWord is not enhanced.

[2013-02-24 21:25:21 #3 type] 
Type GeneralComputingWord is not enhanced.

[2013-02-24 21:25:21 #4 type] 
Type WordHits is not enhanced.

[2013-02-24 21:25:21 #5 type] 
Type QualityFactor is not enhanced.

[2013-02-24 21:25:21 #6 type] 
Type WebServicesCluster is not enhanced.

[2013-02-24 21:25:21 #7 type] 
Type WSDLDocument is not enhanced.

[2013-02-24 21:25:21 #8 type] 
Type DecompressedMatrix is not enhanced.

[2013-02-24 21:25:21 #9 type] 
Type DocumentWordVector is not enhanced.

[2013-02-24 21:25:21 #10 type] 
Type WSDLCategory is not enhanced.

------------------------------------------------------------------------------------------------------------------------

[2013-02-24 21:25:58 #1 store] 
Database 'D:\Dropbox\Thesis\GitHub\Web-Services-Indexing-In-P2P\database\objectdb\web_services_clusterer.odb' is opened by 9080@Billakos-PC

[2013-02-24 21:25:58 #2 type] 
Type FunctionWord is not enhanced.

[2013-02-24 21:25:58 #3 type] 
Type GeneralComputingWord is not enhanced.

[2013-02-24 21:25:58 #4 type] 
Type WordHits is not enhanced.

[2013-02-24 21:25:58 #5 type] 
Type QualityFactor is not enhanced.

[2013-02-24 21:25:58 #6 type] 
Type WebServicesCluster is not enhanced.

[2013-02-24 21:25:58 #7 type] 
Type WSDLDocument is not enhanced.

[2013-02-24 21:25:58 #8 type] 
Type DecompressedMatrix is not enhanced.

[2013-02-24 21:25:58 #9 type] 
Type DocumentWordVector is not enhanced.

[2013-02-24 21:25:58 #10 type] 
Type WSDLCategory is not enhanced.

------------------------------------------------------------------------------------------------------------------------

[2013-02-24 21:26:15 #1 store] 
Database 'D:\Dropbox\Thesis\GitHub\Web-Services-Indexing-In-P2P\database\objectdb\web_services_clusterer.odb' is opened by 9564@Billakos-PC

[2013-02-24 21:26:15 #2 type] 
Type FunctionWord is not enhanced.

[2013-02-24 21:26:15 #3 type] 
Type GeneralComputingWord is not enhanced.

[2013-02-24 21:26:15 #4 type] 
Type WordHits is not enhanced.

[2013-02-24 21:26:15 #5 type] 
Type QualityFactor is not enhanced.

[2013-02-24 21:26:15 #6 type] 
Type WebServicesCluster is not enhanced.

[2013-02-24 21:26:15 #7 type] 
Type WSDLDocument is not enhanced.

[2013-02-24 21:26:15 #8 type] 
Type DecompressedMatrix is not enhanced.

[2013-02-24 21:26:15 #9 type] 
Type DocumentWordVector is not enhanced.

[2013-02-24 21:26:15 #10 type] 
Type WSDLCategory is not enhanced.

[2013-02-24 21:26:37 #11 type] 
Type WebServicesClusters is not enhanced.

------------------------------------------------------------------------------------------------------------------------

[2013-02-24 21:28:12 #1 store] 
Database 'D:\Dropbox\Thesis\GitHub\Web-Services-Indexing-In-P2P\database\objectdb\web_services_clusterer.odb' has been recovered (tr. 91767-91785)

[2013-02-24 21:28:13 #2 store] 
Database 'D:\Dropbox\Thesis\GitHub\Web-Services-Indexing-In-P2P\database\objectdb\web_services_clusterer.odb' is opened by 10024@Billakos-PC

[2013-02-24 21:28:13 #3 type] 
Type FunctionWord is not enhanced.

[2013-02-24 21:28:13 #4 type] 
Type GeneralComputingWord is not enhanced.

[2013-02-24 21:28:13 #5 type] 
Type WordHits is not enhanced.

[2013-02-24 21:28:13 #6 type] 
Type QualityFactor is not enhanced.

[2013-02-24 21:28:13 #7 type] 
Type WebServicesCluster is not enhanced.

[2013-02-24 21:28:13 #8 type] 
Type WSDLDocument is not enhanced.

[2013-02-24 21:28:13 #9 type] 
Type DecompressedMatrix is not enhanced.

[2013-02-24 21:28:13 #10 type] 
Type DocumentWordVector is not enhanced.

[2013-02-24 21:28:13 #11 type] 
Type WSDLCategory is not enhanced.

[2013-02-24 21:28:13 #12 type] 
Type WebServicesClusters is not enhanced.

------------------------------------------------------------------------------------------------------------------------

[2013-02-24 21:28:37 #1 store] 
Database 'D:\Dropbox\Thesis\GitHub\Web-Services-Indexing-In-P2P\database\objectdb\web_services_clusterer.odb' has been recovered (tr. 91787-91787)

[2013-02-24 21:28:37 #2 store] 
Database 'D:\Dropbox\Thesis\GitHub\Web-Services-Indexing-In-P2P\database\objectdb\web_services_clusterer.odb' is opened by 12016@Billakos-PC

[2013-02-24 21:28:37 #3 type] 
Type FunctionWord is not enhanced.

[2013-02-24 21:28:37 #4 type] 
Type GeneralComputingWord is not enhanced.

[2013-02-24 21:28:37 #5 type] 
Type WordHits is not enhanced.

[2013-02-24 21:28:37 #6 type] 
Type QualityFactor is not enhanced.

[2013-02-24 21:28:37 #7 type] 
Type WebServicesCluster is not enhanced.

[2013-02-24 21:28:37 #8 type] 
Type WSDLDocument is not enhanced.

[2013-02-24 21:28:37 #9 type] 
Type DecompressedMatrix is not enhanced.

[2013-02-24 21:28:37 #10 type] 
Type DocumentWordVector is not enhanced.

[2013-02-24 21:28:37 #11 type] 
Type WSDLCategory is not enhanced.

[2013-02-24 21:28:37 #12 type] 
Type WebServicesClusters is not enhanced.

------------------------------------------------------------------------------------------------------------------------

[2013-02-24 21:29:41 #1 store] 
Database 'D:\Dropbox\Thesis\GitHub\Web-Services-Indexing-In-P2P\database\objectdb\web_services_clusterer.odb' is opened by 10328@Billakos-PC

[2013-02-24 21:29:41 #2 type] 
Type FunctionWord is not enhanced.

[2013-02-24 21:29:41 #3 type] 
Type GeneralComputingWord is not enhanced.

[2013-02-24 21:29:41 #4 type] 
Type WordHits is not enhanced.

[2013-02-24 21:29:41 #5 type] 
Type QualityFactor is not enhanced.

[2013-02-24 21:29:41 #6 type] 
Type WebServicesCluster is not enhanced.

[2013-02-24 21:29:41 #7 type] 
Type WSDLDocument is not enhanced.

[2013-02-24 21:29:41 #8 type] 
Type DecompressedMatrix is not enhanced.

[2013-02-24 21:29:41 #9 type] 
Type DocumentWordVector is not enhanced.

[2013-02-24 21:29:41 #10 type] 
Type WSDLCategory is not enhanced.

[2013-02-24 21:29:41 #11 type] 
Type WebServicesClusters is not enhanced.

------------------------------------------------------------------------------------------------------------------------

[2013-02-24 21:30:15 #1 store] 
Database 'D:\Dropbox\Thesis\GitHub\Web-Services-Indexing-In-P2P\database\objectdb\web_services_clusterer.odb' is opened by 9848@Billakos-PC

[2013-02-24 21:30:50 #2 store] 
Database 'D:\Dropbox\Thesis\GitHub\Web-Services-Indexing-In-P2P\database\objectdb\web_services_clusterer.odb' is closed by 9848@Billakos-PC

------------------------------------------------------------------------------------------------------------------------

[2013-02-24 21:30:57 #1 store] 
Database 'D:\Dropbox\Thesis\GitHub\Web-Services-Indexing-In-P2P\database\objectdb\web_services_clusterer.odb' is opened by 11188@Billakos-PC

[2013-02-24 21:30:58 #2 type] 
Type FunctionWord is not enhanced.

[2013-02-24 21:30:58 #3 type] 
Type GeneralComputingWord is not enhanced.

[2013-02-24 21:30:58 #4 type] 
Type WordHits is not enhanced.

[2013-02-24 21:30:58 #5 type] 
Type QualityFactor is not enhanced.

[2013-02-24 21:30:58 #6 type] 
Type WebServicesCluster is not enhanced.

[2013-02-24 21:30:58 #7 type] 
Type WSDLDocument is not enhanced.

[2013-02-24 21:30:58 #8 type] 
Type DecompressedMatrix is not enhanced.

[2013-02-24 21:30:58 #9 type] 
Type DocumentWordVector is not enhanced.

[2013-02-24 21:30:58 #10 type] 
Type WSDLCategory is not enhanced.

[2013-02-24 21:30:58 #11 type] 
Type WebServicesClusters is not enhanced.

------------------------------------------------------------------------------------------------------------------------

[2013-02-24 21:31:43 #1 store] 
Database 'D:\Dropbox\Thesis\GitHub\Web-Services-Indexing-In-P2P\database\objectdb\web_services_clusterer.odb' is opened by 9688@Billakos-PC

[2013-02-24 21:31:43 #2 type] 
Type FunctionWord is not enhanced.

[2013-02-24 21:31:43 #3 type] 
Type GeneralComputingWord is not enhanced.

[2013-02-24 21:31:43 #4 type] 
Type WordHits is not enhanced.

[2013-02-24 21:31:43 #5 type] 
Type QualityFactor is not enhanced.

[2013-02-24 21:31:43 #6 type] 
Type WebServicesCluster is not enhanced.

[2013-02-24 21:31:43 #7 type] 
Type WSDLDocument is not enhanced.

[2013-02-24 21:31:43 #8 type] 
Type DecompressedMatrix is not enhanced.

[2013-02-24 21:31:43 #9 type] 
Type DocumentWordVector is not enhanced.

[2013-02-24 21:31:43 #10 type] 
Type WSDLCategory is not enhanced.

[2013-02-24 21:31:43 #11 type] 
Type WebServicesClusters is not enhanced.

------------------------------------------------------------------------------------------------------------------------

[2013-02-24 21:32:22 #1 store] 
Database 'D:\Dropbox\Thesis\GitHub\Web-Services-Indexing-In-P2P\database\objectdb\web_services_clusterer.odb' is opened by 10596@Billakos-PC

[2013-02-24 21:32:22 #2 type] 
Type FunctionWord is not enhanced.

[2013-02-24 21:32:22 #3 type] 
Type GeneralComputingWord is not enhanced.

[2013-02-24 21:32:22 #4 type] 
Type WordHits is not enhanced.

[2013-02-24 21:32:22 #5 type] 
Type QualityFactor is not enhanced.

[2013-02-24 21:32:22 #6 type] 
Type WebServicesCluster is not enhanced.

[2013-02-24 21:32:22 #7 type] 
Type WSDLDocument is not enhanced.

[2013-02-24 21:32:22 #8 type] 
Type DecompressedMatrix is not enhanced.

[2013-02-24 21:32:22 #9 type] 
Type DocumentWordVector is not enhanced.

[2013-02-24 21:32:22 #10 type] 
Type WSDLCategory is not enhanced.

[2013-02-24 21:32:22 #11 type] 
Type WebServicesClusters is not enhanced.

------------------------------------------------------------------------------------------------------------------------

[2013-02-24 21:32:35 #1 store] 
Database 'D:\Dropbox\Thesis\GitHub\Web-Services-Indexing-In-P2P\database\objectdb\web_services_clusterer.odb' is opened by 9264@Billakos-PC

[2013-02-24 21:32:35 #2 type] 
Type FunctionWord is not enhanced.

[2013-02-24 21:32:35 #3 type] 
Type GeneralComputingWord is not enhanced.

[2013-02-24 21:32:35 #4 type] 
Type WordHits is not enhanced.

[2013-02-24 21:32:35 #5 type] 
Type QualityFactor is not enhanced.

[2013-02-24 21:32:35 #6 type] 
Type WebServicesCluster is not enhanced.

[2013-02-24 21:32:35 #7 type] 
Type WSDLDocument is not enhanced.

[2013-02-24 21:32:35 #8 type] 
Type DecompressedMatrix is not enhanced.

[2013-02-24 21:32:35 #9 type] 
Type DocumentWordVector is not enhanced.

[2013-02-24 21:32:35 #10 type] 
Type WSDLCategory is not enhanced.

[2013-02-24 21:32:35 #11 type] 
Type WebServicesClusters is not enhanced.

------------------------------------------------------------------------------------------------------------------------

[2013-02-24 21:33:22 #1 store] 
Database 'D:\Dropbox\Thesis\GitHub\Web-Services-Indexing-In-P2P\database\objectdb\web_services_clusterer.odb' has been recovered (tr. 91788-91789)

[2013-02-24 21:33:22 #2 store] 
Database 'D:\Dropbox\Thesis\GitHub\Web-Services-Indexing-In-P2P\database\objectdb\web_services_clusterer.odb' is opened by 9280@Billakos-PC

[2013-02-24 21:33:23 #3 type] 
Type FunctionWord is not enhanced.

[2013-02-24 21:33:23 #4 type] 
Type GeneralComputingWord is not enhanced.

[2013-02-24 21:33:23 #5 type] 
Type WordHits is not enhanced.

[2013-02-24 21:33:23 #6 type] 
Type QualityFactor is not enhanced.

[2013-02-24 21:33:23 #7 type] 
Type WebServicesCluster is not enhanced.

[2013-02-24 21:33:23 #8 type] 
Type WSDLDocument is not enhanced.

[2013-02-24 21:33:23 #9 type] 
Type DecompressedMatrix is not enhanced.

[2013-02-24 21:33:23 #10 type] 
Type DocumentWordVector is not enhanced.

[2013-02-24 21:33:23 #11 type] 
Type WSDLCategory is not enhanced.

[2013-02-24 21:33:23 #12 type] 
Type WebServicesClusters is not enhanced.

------------------------------------------------------------------------------------------------------------------------

[2013-02-24 21:34:00 #1 store] 
Database 'D:\Dropbox\Thesis\GitHub\Web-Services-Indexing-In-P2P\database\objectdb\web_services_clusterer.odb' has been recovered (tr. 91791-91793)

[2013-02-24 21:34:00 #2 store] 
Database 'D:\Dropbox\Thesis\GitHub\Web-Services-Indexing-In-P2P\database\objectdb\web_services_clusterer.odb' is opened by 10204@Billakos-PC

[2013-02-24 21:34:00 #3 type] 
Type FunctionWord is not enhanced.

[2013-02-24 21:34:00 #4 type] 
Type GeneralComputingWord is not enhanced.

[2013-02-24 21:34:00 #5 type] 
Type WordHits is not enhanced.

[2013-02-24 21:34:00 #6 type] 
Type QualityFactor is not enhanced.

[2013-02-24 21:34:00 #7 type] 
Type WebServicesCluster is not enhanced.

[2013-02-24 21:34:00 #8 type] 
Type WSDLDocument is not enhanced.

[2013-02-24 21:34:00 #9 type] 
Type DecompressedMatrix is not enhanced.

[2013-02-24 21:34:00 #10 type] 
Type DocumentWordVector is not enhanced.

[2013-02-24 21:34:00 #11 type] 
Type WSDLCategory is not enhanced.

[2013-02-24 21:34:00 #12 type] 
Type WebServicesClusters is not enhanced.

------------------------------------------------------------------------------------------------------------------------

[2013-02-24 21:43:09 #1 store] 
Database 'D:\Dropbox\Thesis\GitHub\Web-Services-Indexing-In-P2P\database\objectdb\web_services_clusterer.odb' has been recovered (tr. 91795-91797)

[2013-02-24 21:43:09 #2 store] 
Database 'D:\Dropbox\Thesis\GitHub\Web-Services-Indexing-In-P2P\database\objectdb\web_services_clusterer.odb' is opened by 15040@Billakos-PC

[2013-02-24 21:43:09 #3 type] 
Type FunctionWord is not enhanced.

[2013-02-24 21:43:09 #4 type] 
Type GeneralComputingWord is not enhanced.

[2013-02-24 21:43:09 #5 type] 
Type WordHits is not enhanced.

[2013-02-24 21:43:09 #6 type] 
Type QualityFactor is not enhanced.

[2013-02-24 21:43:09 #7 type] 
Type WebServicesCluster is not enhanced.

[2013-02-24 21:43:09 #8 type] 
Type WSDLDocument is not enhanced.

[2013-02-24 21:43:09 #9 type] 
Type DecompressedMatrix is not enhanced.

[2013-02-24 21:43:09 #10 type] 
Type DocumentWordVector is not enhanced.

[2013-02-24 21:43:09 #11 type] 
Type WSDLCategory is not enhanced.

[2013-02-24 21:43:09 #12 type] 
Type WebServicesClusters is not enhanced.

[2013-02-24 21:43:10 #13 store] 
Database 'D:\Dropbox\Thesis\GitHub\Web-Services-Indexing-In-P2P\database\objectdb\web_services_clusterer.odb' is closed by 15040@Billakos-PC

------------------------------------------------------------------------------------------------------------------------

[2013-02-24 21:44:27 #1 store] 
Database 'D:\Dropbox\Thesis\GitHub\Web-Services-Indexing-In-P2P\database\objectdb\web_services_clusterer.odb' is opened by 17552@Billakos-PC

[2013-02-24 21:44:28 #2 type] 
Type FunctionWord is not enhanced.

[2013-02-24 21:44:28 #3 type] 
Type GeneralComputingWord is not enhanced.

[2013-02-24 21:44:28 #4 type] 
Type WordHits is not enhanced.

[2013-02-24 21:44:28 #5 type] 
Type QualityFactor is not enhanced.

[2013-02-24 21:44:28 #6 type] 
Type WebServicesCluster is not enhanced.

[2013-02-24 21:44:28 #7 type] 
Type WSDLDocument is not enhanced.

[2013-02-24 21:44:28 #8 type] 
Type DecompressedMatrix is not enhanced.

[2013-02-24 21:44:28 #9 type] 
Type DocumentWordVector is not enhanced.

[2013-02-24 21:44:28 #10 type] 
Type WSDLCategory is not enhanced.

[2013-02-24 21:44:28 #11 type] 
Type WebServicesClusters is not enhanced.

[2013-02-24 21:44:28 #12 store] 
Database 'D:\Dropbox\Thesis\GitHub\Web-Services-Indexing-In-P2P\database\objectdb\web_services_clusterer.odb' is closed by 17552@Billakos-PC

------------------------------------------------------------------------------------------------------------------------

[2013-02-24 21:45:07 #1 store] 
Database 'D:\Dropbox\Thesis\GitHub\Web-Services-Indexing-In-P2P\database\objectdb\web_services_clusterer.odb' is opened by 15776@Billakos-PC

[2013-02-24 21:45:07 #2 type] 
Type FunctionWord is not enhanced.

[2013-02-24 21:45:07 #3 type] 
Type GeneralComputingWord is not enhanced.

[2013-02-24 21:45:07 #4 type] 
Type WordHits is not enhanced.

[2013-02-24 21:45:07 #5 type] 
Type QualityFactor is not enhanced.

[2013-02-24 21:45:07 #6 type] 
Type WebServicesCluster is not enhanced.

[2013-02-24 21:45:07 #7 type] 
Type WSDLDocument is not enhanced.

[2013-02-24 21:45:07 #8 type] 
Type DecompressedMatrix is not enhanced.

[2013-02-24 21:45:07 #9 type] 
Type DocumentWordVector is not enhanced.

[2013-02-24 21:45:07 #10 type] 
Type WSDLCategory is not enhanced.

[2013-02-24 21:45:07 #11 type] 
Type WebServicesClusters is not enhanced.

------------------------------------------------------------------------------------------------------------------------

[2013-02-24 23:14:15 #1 store] 
Database 'D:\Dropbox\Thesis\GitHub\Web-Services-Indexing-In-P2P\database\objectdb\web_services_clusterer.odb' has been recovered (tr. 91811-92751)

[2013-02-24 23:14:17 #2 store] 
Database 'D:\Dropbox\Thesis\GitHub\Web-Services-Indexing-In-P2P\database\objectdb\web_services_clusterer.odb' is opened by 864@Billakos-PC

[2013-02-24 23:18:50 #3 store] 
Database 'D:\Dropbox\Thesis\GitHub\Web-Services-Indexing-In-P2P\database\objectdb\web_services_clusterer.odb' is closed by 864@Billakos-PC

------------------------------------------------------------------------------------------------------------------------

[2013-02-24 23:23:51 #1 store] 
Database 'D:\Dropbox\Thesis\GitHub\Web-Services-Indexing-In-P2P\database\objectdb\web_services_clusterer.odb' is opened by 8596@Billakos-PC

[2013-02-24 23:28:57 #2 store] 
Database 'D:\Dropbox\Thesis\GitHub\Web-Services-Indexing-In-P2P\database\objectdb\web_services_clusterer.odb' is closed by 8596@Billakos-PC

------------------------------------------------------------------------------------------------------------------------

[2013-02-24 23:29:12 #1 store] 
Database 'D:\Dropbox\Thesis\GitHub\Web-Services-Indexing-In-P2P\database\objectdb\web_services_clusterer.odb' is opened by 20044@Billakos-PC

[2013-02-24 23:29:12 #2 type] 
Type FunctionWord is not enhanced.

[2013-02-24 23:29:12 #3 type] 
Type GeneralComputingWord is not enhanced.

[2013-02-24 23:29:12 #4 type] 
Type WordHits is not enhanced.

[2013-02-24 23:29:12 #5 type] 
Type QualityFactor is not enhanced.

[2013-02-24 23:29:12 #6 type] 
Type WebServicesCluster is not enhanced.

[2013-02-24 23:29:12 #7 type] 
Type WSDLDocument is not enhanced.

[2013-02-24 23:29:12 #8 type] 
Type DecompressedMatrix is not enhanced.

[2013-02-24 23:29:12 #9 type] 
Type DocumentWordVector is not enhanced.

[2013-02-24 23:29:12 #10 type] 
Type WSDLCategory is not enhanced.

[2013-02-24 23:29:12 #11 type] 
Type WebServicesClusters is not enhanced.

[2013-02-24 23:29:27 #3 store] 
Database 'D:\Dropbox\Thesis\GitHub\Web-Services-Indexing-In-P2P\database\objectdb\web_services_clusterer.odb' is opened by 8596@Billakos-PC

[2013-02-24 23:29:35 #4 store] 
Database 'D:\Dropbox\Thesis\GitHub\Web-Services-Indexing-In-P2P\database\objectdb\web_services_clusterer.odb' is closed by 8596@Billakos-PC

------------------------------------------------------------------------------------------------------------------------

[2013-02-24 23:33:58 #1 store] 
Database 'D:\Dropbox\Thesis\GitHub\Web-Services-Indexing-In-P2P\database\objectdb\web_services_clusterer.odb' is opened by 4436@Billakos-PC

[2013-02-24 23:33:58 #2 type] 
Type FunctionWord is not enhanced.

[2013-02-24 23:33:58 #3 type] 
Type GeneralComputingWord is not enhanced.

[2013-02-24 23:33:58 #4 type] 
Type WordHits is not enhanced.

[2013-02-24 23:33:58 #5 type] 
Type QualityFactor is not enhanced.

[2013-02-24 23:33:58 #6 type] 
Type WebServicesCluster is not enhanced.

[2013-02-24 23:33:58 #7 type] 
Type WSDLDocument is not enhanced.

[2013-02-24 23:33:58 #8 type] 
Type DecompressedMatrix is not enhanced.

[2013-02-24 23:33:58 #9 type] 
Type DocumentWordVector is not enhanced.

[2013-02-24 23:33:58 #10 type] 
Type WSDLCategory is not enhanced.

[2013-02-24 23:33:58 #11 type] 
Type WebServicesClusters is not enhanced.

