------------------------------------------------------------------------------------------------------------------------

[2013-01-28 00:31:09 #1 store] 
Database 'D:\Dropbox\Thesis\GitHub\Web-Services-Indexing-In-P2P\database\objectdb\web_services_clusterer.odb' is opened by 6696@Billakos-PC

[2013-01-28 00:31:10 #2 type] 
Type FunctionWord is not enhanced.

[2013-01-28 00:31:10 #3 type] 
Type GeneralComputingWord is not enhanced.

[2013-01-28 00:31:10 #4 type] 
Type WordHits is not enhanced.

[2013-01-28 00:31:10 #5 type] 
Type QualityFactor is not enhanced.

[2013-01-28 00:31:10 #6 type] 
Type WebServicesCluster is not enhanced.

------------------------------------------------------------------------------------------------------------------------

[2013-01-28 00:31:14 #1 store] 
Database 'D:\Dropbox\Thesis\GitHub\Web-Services-Indexing-In-P2P\database\objectdb\web_services_clusterer.odb' is opened by 8160@Billakos-PC

[2013-01-28 00:31:15 #2 type] 
Type FunctionWord is not enhanced.

[2013-01-28 00:31:15 #3 type] 
Type GeneralComputingWord is not enhanced.

[2013-01-28 00:31:15 #4 type] 
Type WordHits is not enhanced.

[2013-01-28 00:31:15 #5 type] 
Type QualityFactor is not enhanced.

[2013-01-28 00:31:15 #6 type] 
Type WebServicesCluster is not enhanced.

------------------------------------------------------------------------------------------------------------------------

[2013-01-28 01:30:12 #1 store] 
Database 'D:\Dropbox\Thesis\GitHub\Web-Services-Indexing-In-P2P\database\objectdb\web_services_clusterer.odb' has been recovered (tr. 59-59)

[2013-01-28 01:30:13 #2 store] 
Database 'D:\Dropbox\Thesis\GitHub\Web-Services-Indexing-In-P2P\database\objectdb\web_services_clusterer.odb' is opened by 7340@Billakos-PC

[2013-01-28 01:30:13 #3 type] 
Type FunctionWord is not enhanced.

[2013-01-28 01:30:13 #4 type] 
Type GeneralComputingWord is not enhanced.

[2013-01-28 01:30:13 #5 type] 
Type WordHits is not enhanced.

[2013-01-28 01:30:13 #6 type] 
Type QualityFactor is not enhanced.

[2013-01-28 01:30:13 #7 type] 
Type WebServicesCluster is not enhanced.

------------------------------------------------------------------------------------------------------------------------

[2013-01-28 01:30:58 #1 store] 
Database 'D:\Dropbox\Thesis\GitHub\Web-Services-Indexing-In-P2P\database\objectdb\web_services_clusterer.odb' has been recovered (tr. 60-61)

[2013-01-28 01:30:58 #2 store] 
Database 'D:\Dropbox\Thesis\GitHub\Web-Services-Indexing-In-P2P\database\objectdb\web_services_clusterer.odb' is opened by 6116@Billakos-PC

[2013-01-28 01:31:39 #3 store] 
Database 'D:\Dropbox\Thesis\GitHub\Web-Services-Indexing-In-P2P\database\objectdb\web_services_clusterer.odb' is closed by 6116@Billakos-PC

------------------------------------------------------------------------------------------------------------------------

[2013-01-28 01:35:54 #1 store] 
Database 'D:\Dropbox\Thesis\GitHub\Web-Services-Indexing-In-P2P\database\objectdb\web_services_clusterer.odb' is opened by 260@Billakos-PC

[2013-01-28 01:36:09 #2 store] 
Database 'D:\Dropbox\Thesis\GitHub\Web-Services-Indexing-In-P2P\database\objectdb\web_services_clusterer.odb' is closed by 260@Billakos-PC

------------------------------------------------------------------------------------------------------------------------

[2013-01-28 01:36:36 #1 store] 
Database 'D:\Dropbox\Thesis\GitHub\Web-Services-Indexing-In-P2P\database\objectdb\web_services_clusterer.odb' is opened by 1916@Billakos-PC

[2013-01-28 01:36:37 #2 type] 
Type FunctionWord is not enhanced.

[2013-01-28 01:36:37 #3 type] 
Type GeneralComputingWord is not enhanced.

[2013-01-28 01:36:37 #4 type] 
Type WordHits is not enhanced.

[2013-01-28 01:36:37 #5 type] 
Type QualityFactor is not enhanced.

[2013-01-28 01:36:37 #6 type] 
Type WebServicesCluster is not enhanced.

------------------------------------------------------------------------------------------------------------------------

[2013-01-28 01:39:15 #1 store] 
Database 'D:\Dropbox\Thesis\GitHub\Web-Services-Indexing-In-P2P\database\objectdb\web_services_clusterer.odb' has been recovered (tr. 64-64)

[2013-01-28 01:39:15 #2 store] 
Database 'D:\Dropbox\Thesis\GitHub\Web-Services-Indexing-In-P2P\database\objectdb\web_services_clusterer.odb' is opened by 2296@Billakos-PC

[2013-01-28 01:39:15 #3 type] 
Type FunctionWord is not enhanced.

[2013-01-28 01:39:15 #4 type] 
Type GeneralComputingWord is not enhanced.

[2013-01-28 01:39:15 #5 type] 
Type WordHits is not enhanced.

[2013-01-28 01:39:15 #6 type] 
Type QualityFactor is not enhanced.

[2013-01-28 01:39:15 #7 type] 
Type WebServicesCluster is not enhanced.

------------------------------------------------------------------------------------------------------------------------

[2013-01-28 01:42:11 #1 store] 
Database 'D:\Dropbox\Thesis\GitHub\Web-Services-Indexing-In-P2P\database\objectdb\web_services_clusterer.odb' is opened by 6052@Billakos-PC

[2013-01-28 01:42:11 #2 type] 
Type FunctionWord is not enhanced.

[2013-01-28 01:42:11 #3 type] 
Type GeneralComputingWord is not enhanced.

[2013-01-28 01:42:11 #4 type] 
Type WordHits is not enhanced.

[2013-01-28 01:42:11 #5 type] 
Type QualityFactor is not enhanced.

[2013-01-28 01:42:11 #6 type] 
Type WebServicesCluster is not enhanced.

------------------------------------------------------------------------------------------------------------------------

[2013-01-28 01:43:44 #1 store] 
Database 'D:\Dropbox\Thesis\GitHub\Web-Services-Indexing-In-P2P\database\objectdb\web_services_clusterer.odb' is opened by 3664@Billakos-PC

[2013-01-28 01:43:44 #2 type] 
Type FunctionWord is not enhanced.

[2013-01-28 01:43:44 #3 type] 
Type GeneralComputingWord is not enhanced.

[2013-01-28 01:43:44 #4 type] 
Type WordHits is not enhanced.

[2013-01-28 01:43:44 #5 type] 
Type QualityFactor is not enhanced.

[2013-01-28 01:43:44 #6 type] 
Type WebServicesCluster is not enhanced.

------------------------------------------------------------------------------------------------------------------------

[2013-01-28 01:44:36 #1 store] 
Database 'D:\Dropbox\Thesis\GitHub\Web-Services-Indexing-In-P2P\database\objectdb\web_services_clusterer.odb' is opened by 5640@Billakos-PC

[2013-01-28 01:44:36 #2 type] 
Type FunctionWord is not enhanced.

[2013-01-28 01:44:36 #3 type] 
Type GeneralComputingWord is not enhanced.

[2013-01-28 01:44:36 #4 type] 
Type WordHits is not enhanced.

[2013-01-28 01:44:36 #5 type] 
Type QualityFactor is not enhanced.

[2013-01-28 01:44:36 #6 type] 
Type WebServicesCluster is not enhanced.

------------------------------------------------------------------------------------------------------------------------

[2013-01-28 01:45:08 #1 store] 
Database 'D:\Dropbox\Thesis\GitHub\Web-Services-Indexing-In-P2P\database\objectdb\web_services_clusterer.odb' is opened by 4968@Billakos-PC

[2013-01-28 01:45:08 #2 type] 
Type FunctionWord is not enhanced.

[2013-01-28 01:45:08 #3 type] 
Type GeneralComputingWord is not enhanced.

[2013-01-28 01:45:08 #4 type] 
Type WordHits is not enhanced.

[2013-01-28 01:45:08 #5 type] 
Type QualityFactor is not enhanced.

[2013-01-28 01:45:08 #6 type] 
Type WebServicesCluster is not enhanced.

------------------------------------------------------------------------------------------------------------------------

[2013-01-28 01:45:41 #1 store] 
Database 'D:\Dropbox\Thesis\GitHub\Web-Services-Indexing-In-P2P\database\objectdb\web_services_clusterer.odb' is opened by 7908@Billakos-PC

[2013-01-28 01:45:41 #2 type] 
Type FunctionWord is not enhanced.

[2013-01-28 01:45:41 #3 type] 
Type GeneralComputingWord is not enhanced.

[2013-01-28 01:45:41 #4 type] 
Type WordHits is not enhanced.

[2013-01-28 01:45:41 #5 type] 
Type QualityFactor is not enhanced.

[2013-01-28 01:45:41 #6 type] 
Type WebServicesCluster is not enhanced.

------------------------------------------------------------------------------------------------------------------------

[2013-01-28 01:46:19 #1 store] 
Database 'D:\Dropbox\Thesis\GitHub\Web-Services-Indexing-In-P2P\database\objectdb\web_services_clusterer.odb' has been recovered (tr. 65-65)

[2013-01-28 01:46:19 #2 store] 
Database 'D:\Dropbox\Thesis\GitHub\Web-Services-Indexing-In-P2P\database\objectdb\web_services_clusterer.odb' is opened by 6308@Billakos-PC

[2013-01-28 01:46:19 #3 type] 
Type FunctionWord is not enhanced.

[2013-01-28 01:46:19 #4 type] 
Type GeneralComputingWord is not enhanced.

[2013-01-28 01:46:19 #5 type] 
Type WordHits is not enhanced.

[2013-01-28 01:46:19 #6 type] 
Type QualityFactor is not enhanced.

[2013-01-28 01:46:19 #7 type] 
Type WebServicesCluster is not enhanced.

------------------------------------------------------------------------------------------------------------------------

[2013-01-28 01:47:21 #1 store] 
Database 'D:\Dropbox\Thesis\GitHub\Web-Services-Indexing-In-P2P\database\objectdb\web_services_clusterer.odb' has been recovered (tr. 66-67)

[2013-01-28 01:47:21 #2 store] 
Database 'D:\Dropbox\Thesis\GitHub\Web-Services-Indexing-In-P2P\database\objectdb\web_services_clusterer.odb' is opened by 6456@Billakos-PC

[2013-01-28 01:48:01 #3 store] 
Database 'D:\Dropbox\Thesis\GitHub\Web-Services-Indexing-In-P2P\database\objectdb\web_services_clusterer.odb' is closed by 6456@Billakos-PC

------------------------------------------------------------------------------------------------------------------------

[2013-01-28 01:48:28 #1 store] 
Database 'D:\Dropbox\Thesis\GitHub\Web-Services-Indexing-In-P2P\database\objectdb\web_services_clusterer.odb' is opened by 5320@Billakos-PC

[2013-01-28 01:48:29 #2 type] 
Type FunctionWord is not enhanced.

[2013-01-28 01:48:29 #3 type] 
Type GeneralComputingWord is not enhanced.

[2013-01-28 01:48:29 #4 type] 
Type WordHits is not enhanced.

[2013-01-28 01:48:29 #5 type] 
Type QualityFactor is not enhanced.

[2013-01-28 01:48:29 #6 type] 
Type WebServicesCluster is not enhanced.

------------------------------------------------------------------------------------------------------------------------

[2013-01-28 01:48:49 #1 store] 
Database 'D:\Dropbox\Thesis\GitHub\Web-Services-Indexing-In-P2P\database\objectdb\web_services_clusterer.odb' has been recovered (tr. 70-70)

[2013-01-28 01:48:49 #2 store] 
Database 'D:\Dropbox\Thesis\GitHub\Web-Services-Indexing-In-P2P\database\objectdb\web_services_clusterer.odb' is opened by 6720@Billakos-PC

[2013-01-28 01:48:50 #3 type] 
Type FunctionWord is not enhanced.

[2013-01-28 01:48:50 #4 type] 
Type GeneralComputingWord is not enhanced.

[2013-01-28 01:48:50 #5 type] 
Type WordHits is not enhanced.

[2013-01-28 01:48:50 #6 type] 
Type QualityFactor is not enhanced.

[2013-01-28 01:48:50 #7 type] 
Type WebServicesCluster is not enhanced.

------------------------------------------------------------------------------------------------------------------------

[2013-01-28 01:49:55 #1 store] 
Database 'D:\Dropbox\Thesis\GitHub\Web-Services-Indexing-In-P2P\database\objectdb\web_services_clusterer.odb' is opened by 5784@Billakos-PC

[2013-01-28 01:49:55 #2 type] 
Type FunctionWord is not enhanced.

[2013-01-28 01:49:55 #3 type] 
Type GeneralComputingWord is not enhanced.

[2013-01-28 01:49:55 #4 type] 
Type WordHits is not enhanced.

[2013-01-28 01:49:55 #5 type] 
Type QualityFactor is not enhanced.

[2013-01-28 01:49:55 #6 type] 
Type WebServicesCluster is not enhanced.

------------------------------------------------------------------------------------------------------------------------

[2013-01-28 01:50:45 #1 store] 
Database 'D:\Dropbox\Thesis\GitHub\Web-Services-Indexing-In-P2P\database\objectdb\web_services_clusterer.odb' is opened by 2356@Billakos-PC

[2013-01-28 01:50:45 #2 type] 
Type FunctionWord is not enhanced.

[2013-01-28 01:50:45 #3 type] 
Type GeneralComputingWord is not enhanced.

[2013-01-28 01:50:45 #4 type] 
Type WordHits is not enhanced.

[2013-01-28 01:50:45 #5 type] 
Type QualityFactor is not enhanced.

[2013-01-28 01:50:45 #6 type] 
Type WebServicesCluster is not enhanced.

------------------------------------------------------------------------------------------------------------------------

[2013-01-28 01:51:18 #1 store] 
Database 'D:\Dropbox\Thesis\GitHub\Web-Services-Indexing-In-P2P\database\objectdb\web_services_clusterer.odb' is opened by 5916@Billakos-PC

[2013-01-28 01:51:18 #2 type] 
Type FunctionWord is not enhanced.

[2013-01-28 01:51:18 #3 type] 
Type GeneralComputingWord is not enhanced.

[2013-01-28 01:51:18 #4 type] 
Type WordHits is not enhanced.

[2013-01-28 01:51:18 #5 type] 
Type QualityFactor is not enhanced.

[2013-01-28 01:51:18 #6 type] 
Type WebServicesCluster is not enhanced.

------------------------------------------------------------------------------------------------------------------------

[2013-01-28 01:53:41 #1 store] 
Database 'D:\Dropbox\Thesis\GitHub\Web-Services-Indexing-In-P2P\database\objectdb\web_services_clusterer.odb' is opened by 4556@Billakos-PC

[2013-01-28 01:53:41 #2 type] 
Type FunctionWord is not enhanced.

[2013-01-28 01:53:41 #3 type] 
Type GeneralComputingWord is not enhanced.

[2013-01-28 01:53:41 #4 type] 
Type WordHits is not enhanced.

[2013-01-28 01:53:41 #5 type] 
Type QualityFactor is not enhanced.

[2013-01-28 01:53:41 #6 type] 
Type WebServicesCluster is not enhanced.

------------------------------------------------------------------------------------------------------------------------

[2013-01-28 01:54:44 #1 store] 
Database 'D:\Dropbox\Thesis\GitHub\Web-Services-Indexing-In-P2P\database\objectdb\web_services_clusterer.odb' has been recovered (tr. 71-74)

[2013-01-28 01:54:44 #2 store] 
Database 'D:\Dropbox\Thesis\GitHub\Web-Services-Indexing-In-P2P\database\objectdb\web_services_clusterer.odb' is opened by 7756@Billakos-PC

[2013-01-28 01:54:44 #3 type] 
Type FunctionWord is not enhanced.

[2013-01-28 01:54:44 #4 type] 
Type GeneralComputingWord is not enhanced.

[2013-01-28 01:54:44 #5 type] 
Type WordHits is not enhanced.

[2013-01-28 01:54:44 #6 type] 
Type QualityFactor is not enhanced.

[2013-01-28 01:54:44 #7 type] 
Type WebServicesCluster is not enhanced.

------------------------------------------------------------------------------------------------------------------------

[2013-01-28 20:47:32 #1 store] 
Database 'D:\Dropbox\Thesis\GitHub\Web-Services-Indexing-In-P2P\database\objectdb\web_services_clusterer.odb' has been recovered (tr. 77-79)

[2013-01-28 20:47:32 #2 store] 
Database 'D:\Dropbox\Thesis\GitHub\Web-Services-Indexing-In-P2P\database\objectdb\web_services_clusterer.odb' is opened by 6908@Billakos-PC

[2013-01-28 20:48:32 #3 store] 
Database 'D:\Dropbox\Thesis\GitHub\Web-Services-Indexing-In-P2P\database\objectdb\web_services_clusterer.odb' is closed by 6908@Billakos-PC

------------------------------------------------------------------------------------------------------------------------

[2013-01-28 20:48:36 #1 store] 
Database 'D:\Dropbox\Thesis\GitHub\Web-Services-Indexing-In-P2P\database\objectdb\web_services_clusterer.odb' is opened by 5716@Billakos-PC

[2013-01-28 20:48:37 #2 type] 
Type FunctionWord is not enhanced.

[2013-01-28 20:48:37 #3 type] 
Type GeneralComputingWord is not enhanced.

[2013-01-28 20:48:37 #4 type] 
Type WordHits is not enhanced.

[2013-01-28 20:48:37 #5 type] 
Type QualityFactor is not enhanced.

[2013-01-28 20:48:37 #6 type] 
Type WebServicesCluster is not enhanced.

[2013-01-28 20:49:23 #4 store] 
Database 'D:\Dropbox\Thesis\GitHub\Web-Services-Indexing-In-P2P\database\objectdb\web_services_clusterer.odb' has been recovered (tr. 82-84)

[2013-01-28 20:49:23 #5 store] 
Database 'D:\Dropbox\Thesis\GitHub\Web-Services-Indexing-In-P2P\database\objectdb\web_services_clusterer.odb' is opened by 6908@Billakos-PC

[2013-01-28 22:35:01 #6 store] 
Database 'D:\Dropbox\Thesis\GitHub\Web-Services-Indexing-In-P2P\database\objectdb\web_services_clusterer.odb' is closed by 6908@Billakos-PC

